13:31:14.390 [main                     ] DEBUG Logger               - Configured Logger
13:31:14.404 [main                     ] DEBUG GameApplication      - Logging settings
Title: Infinity Rails
Version: 1.0
Width: 1280
Height: 720
Fullscreen: false
Intro: false
Profiling: false
Single step:false
App Mode: DEVELOPER
Menu Key: ESCAPE
Stage Style: DECORATED
Scene Factory: class Game$1

13:31:14.733 [JavaFX Application Thread] DEBUG FXGLApplication      - Initializing FXGL
13:31:14.735 [JavaFX Application Thread] INFO  Engine               - FXGL-11.14 (01.03.2021 16.59) on WINDOWS (J:15.0.2 FX:15)
13:31:14.735 [JavaFX Application Thread] DEBUG Engine               - JRE Vendor Name: Amazon.com Inc.
13:31:14.735 [JavaFX Application Thread] DEBUG Engine               - Running on OS: Windows 10 version 10.0
13:31:14.736 [JavaFX Application Thread] DEBUG Engine               - Architecture: amd64
13:31:14.736 [JavaFX Application Thread] INFO  Engine               - Source code and latest versions at: https://github.com/AlmasB/FXGL
13:31:14.736 [JavaFX Application Thread] INFO  Engine               -              Join the FXGL chat at: https://gitter.im/AlmasB/FXGL
13:31:14.837 [JavaFX Application Thread] DEBUG PrimaryStageWindow   - Creating a JavaFX scene
13:31:14.907 [JavaFX Application Thread] DEBUG PrimaryStageWindow   - Target settings size: 1280.0 x 720.0
13:31:14.907 [JavaFX Application Thread] DEBUG PrimaryStageWindow   - Scaled scene size:    1280.0 x 720.0
13:31:14.908 [JavaFX Application Thread] DEBUG PrimaryStageWindow   - Scaled ratio: (1.0, 1.0)
13:31:14.909 [JavaFX Application Thread] DEBUG PrimaryStageWindow   - Set initial scene to FXGLStartupScene
13:31:14.918 [JavaFX Application Thread] DEBUG PrimaryStageWindow   - Opening main window
13:31:15.014 [JavaFX Application Thread] DEBUG PrimaryStageWindow   - Window border size: (14.4000244140625, 37.5999755859375)
13:31:15.014 [JavaFX Application Thread] DEBUG PrimaryStageWindow   - Scaled size: 1280.0 x 720.0
13:31:15.015 [JavaFX Application Thread] DEBUG PrimaryStageWindow   - Scaled ratio: (1.0, 1.0)
13:31:15.015 [JavaFX Application Thread] DEBUG PrimaryStageWindow   - Scene size: 1280.0 x 720.0
13:31:15.015 [JavaFX Application Thread] DEBUG PrimaryStageWindow   - Stage size: 1294.4000244140625 x 757.5999755859375
13:31:15.024 [FXGL Background Thread 1 ] DEBUG Engine               - Initializing environment variables
13:31:15.075 [FXGL Background Thread 1 ] DEBUG FXGLAssetLoaderServi - User app class for loading assets: class Game
13:31:15.076 [FXGL Background Thread 1 ] DEBUG GameApplicationServi - Applying CSS: fxgl_dark.css
13:31:15.077 [FXGL Background Thread 1 ] DEBUG FXGLAssetLoaderServi - Loading from file system: jar:file:/C:/Users/Anisha%20Basropansingh/.m2/repository/com/github/almasb/fxgl/11.14/fxgl-11.14.jar!/fxglassets/ui/css/fxgl_dark.css
13:31:15.144 [FXGL Background Thread 1 ] DEBUG GameApplicationServi - Initializing application scenes
13:31:15.186 [FXGL Background Thread 1 ] DEBUG GameWorld            - Game world initialized
13:31:15.262 [FXGL Background Thread 1 ] DEBUG PhysicsWorld         - Physics world initialized: appHeight=720, physics.ppm=50,0
13:31:15.263 [FXGL Background Thread 1 ] DEBUG PhysicsWorld         - Using strategy: BRUTE_FORCE
13:31:15.267 [FXGL Background Thread 1 ] DEBUG GameScene            - Game scene initialized: 1280x720
13:31:15.331 [FXGL Background Thread 1 ] DEBUG FXGLAssetLoaderServi - Loading from file system: jar:file:/C:/Users/Anisha%20Basropansingh/.m2/repository/com/github/almasb/fxgl/11.14/fxgl-11.14.jar!/fxglassets/textures/particles/trace_horizontal.png
13:31:15.390 [FXGL Background Thread 1 ] DEBUG FXGL.DefaultMenu     - createMenuBodyGameMenu()
13:31:15.407 [FXGL Background Thread 1 ] DEBUG FXGL.DefaultMenu     - createOptionsMenu()
13:31:15.413 [FXGL Background Thread 1 ] DEBUG FXGLAssetLoaderServi - Loading from file system: jar:file:/C:/Users/Anisha%20Basropansingh/.m2/repository/com/github/almasb/fxgl/11.14/fxgl-11.14.jar!/fxglassets/textures/particles/smoke.png
13:31:15.473 [FXGL Background Thread 1 ] DEBUG GameApplicationServi - Application scenes initialized
13:31:15.484 [FXGL Background Thread 1 ] DEBUG SystemBundleService  - Loading FXGL system data
13:31:15.488 [FXGL Background Thread 1 ] DEBUG FileSystemAccess     - Reading from: C:\Users\Anisha Basropansingh\IdeaProjects\GameIpose\system\fxgl.bundle
13:31:15.493 [FXGL Background Thread 1 ] DEBUG SystemBundleService  - Bundle FXGL: {}
13:31:15.493 [FXGL Background Thread 1 ] DEBUG UpdaterService       - Checking for updates
13:31:15.498 [FXGL Background Thread 4 ] DEBUG FXGLApplication      - Loading fonts
13:31:15.498 [FXGL Background Thread 1 ] DEBUG FXGLApplication      - Loading default localization
13:31:15.498 [FXGL Background Thread 4 ] DEBUG FXGLAssetLoaderServi - Loading from file system: jar:file:/C:/Users/Anisha%20Basropansingh/.m2/repository/com/github/almasb/fxgl/11.14/fxgl-11.14.jar!/fxglassets/ui/fonts/VarelaRound-Regular.ttf
13:31:15.499 [FXGL Background Thread 1 ] DEBUG FXGLAssetLoaderServi - Loading from file system: jar:file:/C:/Users/Anisha%20Basropansingh/.m2/repository/com/github/almasb/fxgl/11.14/fxgl-11.14.jar!/fxglassets/languages/english.lang
13:31:15.518 [FXGL Background Thread 1 ] INFO  FXGLApplication      - FXGL initialization took: 0,493 sec
13:31:15.520 [JavaFX Application Thread] DEBUG FXGLAssetLoaderServi - Loading from file system: jar:file:/C:/Users/Anisha%20Basropansingh/.m2/repository/com/github/almasb/fxgl/11.14/fxgl-11.14.jar!/fxglassets/textures/fxgl_icon.png
13:31:15.549 [JavaFX Application Thread] DEBUG FXGLAssetLoaderServi - Loading from file system: jar:file:/C:/Users/Anisha%20Basropansingh/.m2/repository/com/github/almasb/fxgl/11.14/fxgl-11.14.jar!/fxglassets/ui/cursors/fxgl_default.png
13:31:15.562 [JavaFX Application Thread] DEBUG Input                - Registered new binding: Screenshot - P
13:31:15.563 [JavaFX Application Thread] DEBUG Input                - Registered new binding: System info dump - CTRL+9
13:31:15.563 [JavaFX Application Thread] DEBUG Input                - Registered new binding: Restart - CTRL+R
13:31:15.564 [JavaFX Application Thread] DEBUG Input                - Registered new binding: Toggle Debug Camera - CTRL+C
13:31:15.566 [JavaFX Application Thread] DEBUG LoopRunner           - Starting loop
13:31:15.568 [JavaFX Application Thread] DEBUG LoopRunner           - Initializing JavaFX AnimationTimerLoop
13:31:15.569 [JavaFX Application Thread] DEBUG Input                - Clearing active input actions
13:31:15.579 [JavaFX Application Thread] DEBUG GameApplicationServi - Removing overlay from FXGLStartupScene and adding to FXGLMainMenuDummyScene
13:31:15.580 [JavaFX Application Thread] DEBUG PrimaryStageWindow   - FXGLStartupScene -> FXGLMainMenuDummyScene
13:31:15.580 [JavaFX Application Thread] DEBUG PrimaryStageWindow   - Push state: GameMainMenu
13:31:15.580 [JavaFX Application Thread] DEBUG Input                - Clearing active input actions
13:31:15.581 [JavaFX Application Thread] DEBUG GameApplicationServi - Removing overlay from FXGLMainMenuDummyScene and adding to GameMainMenu
13:31:15.581 [JavaFX Application Thread] DEBUG PrimaryStageWindow   - FXGLMainMenuDummyScene -> GameMainMenu
13:31:15.582 [FXGL Background Thread 4 ] DEBUG FXGLAssetLoaderServi - Loading from file system: jar:file:/C:/Users/Anisha%20Basropansingh/.m2/repository/com/github/almasb/fxgl/11.14/fxgl-11.14.jar!/fxglassets/ui/fonts/Abel-Regular.ttf
13:31:15.595 [FXGL Background Thread 4 ] DEBUG FXGLAssetLoaderServi - Loading from file system: jar:file:/C:/Users/Anisha%20Basropansingh/.m2/repository/com/github/almasb/fxgl/11.14/fxgl-11.14.jar!/fxglassets/ui/fonts/lucida_console.ttf
13:31:15.611 [FXGL Background Thread 4 ] DEBUG FXGLAssetLoaderServi - Loading from file system: jar:file:/C:/Users/Anisha%20Basropansingh/.m2/repository/com/github/almasb/fxgl/11.14/fxgl-11.14.jar!/fxglassets/ui/fonts/Courier-Prime.ttf
13:31:15.622 [JavaFX Application Thread] DEBUG FXGLApplication      - Registering font factories with UI factory
13:31:15.838 [FXGL Background Thread 2 ] INFO  UpdaterService       - Your current version:  11.14
13:31:15.839 [FXGL Background Thread 2 ] INFO  UpdaterService       - Latest stable version: 17.1
13:31:18.003 [JavaFX Application Thread] DEBUG FXGLApplication      - Exiting FXGL
13:31:18.004 [JavaFX Application Thread] DEBUG LoopRunner           - Stopping loop
13:31:18.005 [JavaFX Application Thread] DEBUG SystemBundleService  - Saving FXGL system data
13:31:18.012 [JavaFX Application Thread] DEBUG FileSystemAccess     - Writing to: C:\Users\Anisha Basropansingh\IdeaProjects\GameIpose\system\fxgl.bundle
13:31:18.018 [JavaFX Application Thread] DEBUG Async                - Shutting down background threads
13:31:18.019 [JavaFX Application Thread] DEBUG PrimaryStageWindow   - Closing main window
13:31:18.069 [JavaFX Application Thread] DEBUG Logger               - Closing Logger
