14:13:44.397 [main                     ] DEBUG Logger               - Configured Logger
14:13:44.412 [main                     ] DEBUG GameApplication      - Logging settings
Title: Infinity Rails
Version: 1.0
Width: 1280
Height: 720
Fullscreen: false
Intro: false
Profiling: false
Single step:false
App Mode: DEVELOPER
Menu Key: ESCAPE
Stage Style: DECORATED
Scene Factory: class Game$1

14:13:44.778 [JavaFX Application Thread] DEBUG FXGLApplication      - Initializing FXGL
14:13:44.779 [JavaFX Application Thread] INFO  Engine               - FXGL-11.14 (01.03.2021 16.59) on WINDOWS (J:15.0.2 FX:15)
14:13:44.780 [JavaFX Application Thread] DEBUG Engine               - JRE Vendor Name: Amazon.com Inc.
14:13:44.780 [JavaFX Application Thread] DEBUG Engine               - Running on OS: Windows 10 version 10.0
14:13:44.780 [JavaFX Application Thread] DEBUG Engine               - Architecture: amd64
14:13:44.780 [JavaFX Application Thread] INFO  Engine               - Source code and latest versions at: https://github.com/AlmasB/FXGL
14:13:44.781 [JavaFX Application Thread] INFO  Engine               -              Join the FXGL chat at: https://gitter.im/AlmasB/FXGL
14:13:44.882 [JavaFX Application Thread] DEBUG PrimaryStageWindow   - Creating a JavaFX scene
14:13:44.932 [JavaFX Application Thread] DEBUG PrimaryStageWindow   - Target settings size: 1280.0 x 720.0
14:13:44.932 [JavaFX Application Thread] DEBUG PrimaryStageWindow   - Scaled scene size:    1280.0 x 720.0
14:13:44.932 [JavaFX Application Thread] DEBUG PrimaryStageWindow   - Scaled ratio: (1.0, 1.0)
14:13:44.933 [JavaFX Application Thread] DEBUG PrimaryStageWindow   - Set initial scene to FXGLStartupScene
14:13:44.941 [JavaFX Application Thread] DEBUG PrimaryStageWindow   - Opening main window
14:13:45.033 [JavaFX Application Thread] DEBUG PrimaryStageWindow   - Window border size: (14.4000244140625, 37.5999755859375)
14:13:45.034 [JavaFX Application Thread] DEBUG PrimaryStageWindow   - Scaled size: 1280.0 x 720.0
14:13:45.034 [JavaFX Application Thread] DEBUG PrimaryStageWindow   - Scaled ratio: (1.0, 1.0)
14:13:45.034 [JavaFX Application Thread] DEBUG PrimaryStageWindow   - Scene size: 1280.0 x 720.0
14:13:45.035 [JavaFX Application Thread] DEBUG PrimaryStageWindow   - Stage size: 1294.4000244140625 x 757.5999755859375
14:13:45.043 [FXGL Background Thread 1 ] DEBUG Engine               - Initializing environment variables
14:13:45.083 [FXGL Background Thread 1 ] DEBUG FXGLAssetLoaderServi - User app class for loading assets: class Game
14:13:45.083 [FXGL Background Thread 1 ] DEBUG GameApplicationServi - Applying CSS: fxgl_dark.css
14:13:45.085 [FXGL Background Thread 1 ] DEBUG FXGLAssetLoaderServi - Loading from file system: jar:file:/C:/Users/Anisha%20Basropansingh/.m2/repository/com/github/almasb/fxgl/11.14/fxgl-11.14.jar!/fxglassets/ui/css/fxgl_dark.css
14:13:45.146 [FXGL Background Thread 1 ] DEBUG GameApplicationServi - Initializing application scenes
14:13:45.191 [FXGL Background Thread 1 ] DEBUG GameWorld            - Game world initialized
14:13:45.252 [FXGL Background Thread 1 ] DEBUG PhysicsWorld         - Physics world initialized: appHeight=720, physics.ppm=50,0
14:13:45.253 [FXGL Background Thread 1 ] DEBUG PhysicsWorld         - Using strategy: BRUTE_FORCE
14:13:45.256 [FXGL Background Thread 1 ] DEBUG GameScene            - Game scene initialized: 1280x720
14:13:45.312 [FXGL Background Thread 1 ] DEBUG FXGLAssetLoaderServi - Loading from file system: jar:file:/C:/Users/Anisha%20Basropansingh/.m2/repository/com/github/almasb/fxgl/11.14/fxgl-11.14.jar!/fxglassets/textures/particles/trace_horizontal.png
14:13:45.360 [FXGL Background Thread 1 ] DEBUG FXGL.DefaultMenu     - createMenuBodyGameMenu()
14:13:45.372 [FXGL Background Thread 1 ] DEBUG FXGL.DefaultMenu     - createOptionsMenu()
14:13:45.376 [FXGL Background Thread 1 ] DEBUG FXGLAssetLoaderServi - Loading from file system: jar:file:/C:/Users/Anisha%20Basropansingh/.m2/repository/com/github/almasb/fxgl/11.14/fxgl-11.14.jar!/fxglassets/textures/particles/smoke.png
14:13:45.425 [FXGL Background Thread 1 ] DEBUG GameApplicationServi - Application scenes initialized
14:13:45.435 [FXGL Background Thread 1 ] DEBUG SystemBundleService  - Loading FXGL system data
14:13:45.439 [FXGL Background Thread 1 ] DEBUG FileSystemAccess     - Reading from: C:\Users\Anisha Basropansingh\IdeaProjects\GameIpose\system\fxgl.bundle
14:13:45.444 [FXGL Background Thread 1 ] DEBUG SystemBundleService  - Bundle FXGL: {}
14:13:45.444 [FXGL Background Thread 1 ] DEBUG UpdaterService       - Checking for updates
14:13:45.448 [FXGL Background Thread 4 ] DEBUG FXGLApplication      - Loading fonts
14:13:45.449 [FXGL Background Thread 1 ] DEBUG FXGLApplication      - Loading default localization
14:13:45.449 [FXGL Background Thread 4 ] DEBUG FXGLAssetLoaderServi - Loading from file system: jar:file:/C:/Users/Anisha%20Basropansingh/.m2/repository/com/github/almasb/fxgl/11.14/fxgl-11.14.jar!/fxglassets/ui/fonts/VarelaRound-Regular.ttf
14:13:45.449 [FXGL Background Thread 1 ] DEBUG FXGLAssetLoaderServi - Loading from file system: jar:file:/C:/Users/Anisha%20Basropansingh/.m2/repository/com/github/almasb/fxgl/11.14/fxgl-11.14.jar!/fxglassets/languages/english.lang
14:13:45.464 [FXGL Background Thread 1 ] INFO  FXGLApplication      - FXGL initialization took: 0,421 sec
14:13:45.465 [JavaFX Application Thread] DEBUG FXGLAssetLoaderServi - Loading from file system: jar:file:/C:/Users/Anisha%20Basropansingh/.m2/repository/com/github/almasb/fxgl/11.14/fxgl-11.14.jar!/fxglassets/textures/fxgl_icon.png
14:13:45.489 [JavaFX Application Thread] DEBUG FXGLAssetLoaderServi - Loading from file system: jar:file:/C:/Users/Anisha%20Basropansingh/.m2/repository/com/github/almasb/fxgl/11.14/fxgl-11.14.jar!/fxglassets/ui/cursors/fxgl_default.png
14:13:45.503 [JavaFX Application Thread] DEBUG Input                - Registered new binding: Screenshot - P
14:13:45.504 [JavaFX Application Thread] DEBUG Input                - Registered new binding: System info dump - CTRL+9
14:13:45.504 [JavaFX Application Thread] DEBUG Input                - Registered new binding: Restart - CTRL+R
14:13:45.505 [JavaFX Application Thread] DEBUG Input                - Registered new binding: Toggle Debug Camera - CTRL+C
14:13:45.507 [JavaFX Application Thread] DEBUG LoopRunner           - Starting loop
14:13:45.508 [JavaFX Application Thread] DEBUG LoopRunner           - Initializing JavaFX AnimationTimerLoop
14:13:45.510 [JavaFX Application Thread] DEBUG Input                - Clearing active input actions
14:13:45.519 [JavaFX Application Thread] DEBUG GameApplicationServi - Removing overlay from FXGLStartupScene and adding to FXGLMainMenuDummyScene
14:13:45.520 [JavaFX Application Thread] DEBUG PrimaryStageWindow   - FXGLStartupScene -> FXGLMainMenuDummyScene
14:13:45.520 [JavaFX Application Thread] DEBUG PrimaryStageWindow   - Push state: GameMainMenu
14:13:45.521 [JavaFX Application Thread] DEBUG Input                - Clearing active input actions
14:13:45.525 [FXGL Background Thread 4 ] DEBUG FXGLAssetLoaderServi - Loading from file system: jar:file:/C:/Users/Anisha%20Basropansingh/.m2/repository/com/github/almasb/fxgl/11.14/fxgl-11.14.jar!/fxglassets/ui/fonts/Abel-Regular.ttf
14:13:45.526 [JavaFX Application Thread] DEBUG GameApplicationServi - Removing overlay from FXGLMainMenuDummyScene and adding to GameMainMenu
14:13:45.527 [JavaFX Application Thread] DEBUG PrimaryStageWindow   - FXGLMainMenuDummyScene -> GameMainMenu
14:13:45.537 [FXGL Background Thread 4 ] DEBUG FXGLAssetLoaderServi - Loading from file system: jar:file:/C:/Users/Anisha%20Basropansingh/.m2/repository/com/github/almasb/fxgl/11.14/fxgl-11.14.jar!/fxglassets/ui/fonts/lucida_console.ttf
14:13:45.550 [FXGL Background Thread 4 ] DEBUG FXGLAssetLoaderServi - Loading from file system: jar:file:/C:/Users/Anisha%20Basropansingh/.m2/repository/com/github/almasb/fxgl/11.14/fxgl-11.14.jar!/fxglassets/ui/fonts/Courier-Prime.ttf
14:13:45.578 [JavaFX Application Thread] DEBUG FXGLApplication      - Registering font factories with UI factory
14:13:45.813 [FXGL Background Thread 2 ] INFO  UpdaterService       - Your current version:  11.14
14:13:45.813 [FXGL Background Thread 2 ] INFO  UpdaterService       - Latest stable version: 17.1
14:13:47.081 [JavaFX Application Thread] DEBUG Menu                 - fireNewGame()
14:13:47.082 [JavaFX Application Thread] DEBUG GameApplicationServi - Starting new game
14:13:47.083 [JavaFX Application Thread] DEBUG PrimaryStageWindow   - Pop state: GameMainMenu
14:13:47.084 [JavaFX Application Thread] DEBUG Input                - Clearing active input actions
14:13:47.087 [JavaFX Application Thread] DEBUG GameApplicationServi - Removing overlay from GameMainMenu and adding to FXGLMainMenuDummyScene
14:13:47.088 [JavaFX Application Thread] DEBUG PrimaryStageWindow   - FXGLMainMenuDummyScene <- GameMainMenu
14:13:47.089 [JavaFX Application Thread] DEBUG Input                - Clearing active input actions
14:13:47.110 [JavaFX Application Thread] DEBUG GameApplicationServi - Removing overlay from FXGLMainMenuDummyScene and adding to FXGLLoadingScene
14:13:47.111 [JavaFX Application Thread] DEBUG PrimaryStageWindow   - FXGLMainMenuDummyScene -> FXGLLoadingScene
14:13:47.112 [JavaFX Application Thread] DEBUG GameApplicationServi - Clearing previous game
14:13:47.112 [JavaFX Application Thread] DEBUG GameScene            - Clearing game scene
14:13:47.112 [JavaFX Application Thread] DEBUG GameWorld            - Clearing game world
14:13:47.113 [JavaFX Application Thread] DEBUG PhysicsWorld         - Clearing physics world
14:13:47.116 [FXGL Background Thread 2 ] DEBUG FXGLApplication      - Initializing game
14:13:47.134 [FXGL Background Thread 2 ] INFO  FXGLApplication      - Game initialization took: 0,018 sec
14:13:47.147 [JavaFX Application Thread] DEBUG Input                - Clearing active input actions
14:13:47.156 [JavaFX Application Thread] DEBUG GameApplicationServi - Removing overlay from FXGLLoadingScene and adding to GameScene
14:13:47.156 [JavaFX Application Thread] DEBUG PrimaryStageWindow   - FXGLLoadingScene -> GameScene
14:13:48.448 [FXGL Background Thread 3 ] DEBUG Engine               - Logging environment variables
14:13:48.449 [FXGL Background Thread 3 ] DEBUG Engine               - achievements: []
14:13:48.450 [FXGL Background Thread 3 ] DEBUG Engine               - actualHeight: 720.0
14:13:48.450 [FXGL Background Thread 3 ] DEBUG Engine               - actualHeightProperty: ReadOnlyDoubleProperty [value: 720.0]
14:13:48.451 [FXGL Background Thread 3 ] DEBUG Engine               - actualWidth: 1280.0
14:13:48.451 [FXGL Background Thread 3 ] DEBUG Engine               - actualWidthProperty: ReadOnlyDoubleProperty [value: 1280.0]
14:13:48.452 [FXGL Background Thread 3 ] DEBUG Engine               - appIcon: fxgl_icon.png
14:13:48.452 [FXGL Background Thread 3 ] DEBUG Engine               - applicationMode: DEVELOPER
14:13:48.452 [FXGL Background Thread 3 ] DEBUG Engine               - cSSList: [fxgl_dark.css]
14:13:48.453 [FXGL Background Thread 3 ] DEBUG Engine               - collisionDetectionStrategy: BRUTE_FORCE
14:13:48.453 [FXGL Background Thread 3 ] DEBUG Engine               - configClass: Optional.empty
14:13:48.453 [FXGL Background Thread 3 ] DEBUG Engine               - credits: []
14:13:48.454 [FXGL Background Thread 3 ] DEBUG Engine               - devBBoxColorProperty: ObjectProperty [value: 0xff0000ff]
14:13:48.454 [FXGL Background Thread 3 ] DEBUG Engine               - devEnableDebugCameraProperty: BooleanProperty [value: false]
14:13:48.455 [FXGL Background Thread 3 ] DEBUG Engine               - devSensorColorProperty: ObjectProperty [value: 0xffff00ff]
14:13:48.456 [FXGL Background Thread 3 ] DEBUG Engine               - devShowBBoxProperty: BooleanProperty [value: false]
14:13:48.456 [FXGL Background Thread 3 ] DEBUG Engine               - devShowPositionProperty: BooleanProperty [value: false]
14:13:48.457 [FXGL Background Thread 3 ] DEBUG Engine               - enabledMenuItems: []
14:13:48.457 [FXGL Background Thread 3 ] DEBUG Engine               - engineServices: [class com.almasb.fxgl.app.services.FXGLAssetLoaderService, class com.almasb.fxgl.app.FXGLApplication$GameApplicationService, class com.almasb.fxgl.app.services.FXGLDialogService, class com.almasb.fxgl.app.services.IOTaskExecutorService, class com.almasb.fxgl.event.EventBusService, class com.almasb.fxgl.io.FileSystemService, class com.almasb.fxgl.localization.LocalizationService, class com.almasb.fxgl.app.services.SystemBundleService, class com.almasb.fxgl.profile.SaveLoadService, class com.almasb.fxgl.ui.FXGLUIFactoryServiceProvider, class com.almasb.fxgl.ui.FXGLDialogFactoryServiceProvider, class com.almasb.fxgl.audio.AudioPlayer, class com.almasb.fxgl.notification.impl.NotificationServiceProvider, class com.almasb.fxgl.achievement.AchievementService, class com.almasb.fxgl.cutscene.CutsceneService, class com.almasb.fxgl.minigames.MiniGameService, class com.almasb.fxgl.net.NetService, class com.almasb.fxgl.app.services.UpdaterService, class com.almasb.fxgl.dev.DevService]
14:13:48.458 [FXGL Background Thread 3 ] DEBUG Engine               - fontGame: Abel-Regular.ttf
14:13:48.458 [FXGL Background Thread 3 ] DEBUG Engine               - fontMono: lucida_console.ttf
14:13:48.458 [FXGL Background Thread 3 ] DEBUG Engine               - fontText: Courier-Prime.ttf
14:13:48.459 [FXGL Background Thread 3 ] DEBUG Engine               - fontUI: VarelaRound-Regular.ttf
14:13:48.460 [FXGL Background Thread 3 ] DEBUG Engine               - fullScreen: BooleanProperty [value: false]
14:13:48.460 [FXGL Background Thread 3 ] DEBUG Engine               - gameDifficulty: MEDIUM
14:13:48.461 [FXGL Background Thread 3 ] DEBUG Engine               - gameDifficultyProperty: ObjectProperty [value: MEDIUM]
14:13:48.462 [FXGL Background Thread 3 ] DEBUG Engine               - globalMusicVolume: 0.5
14:13:48.463 [FXGL Background Thread 3 ] DEBUG Engine               - globalMusicVolumeProperty: DoubleProperty [value: 0.5]
14:13:48.464 [FXGL Background Thread 3 ] DEBUG Engine               - globalSoundVolume: 0.5
14:13:48.464 [FXGL Background Thread 3 ] DEBUG Engine               - globalSoundVolumeProperty: DoubleProperty [value: 0.5]
14:13:48.465 [FXGL Background Thread 3 ] DEBUG Engine               - height: 720
14:13:48.465 [FXGL Background Thread 3 ] DEBUG Engine               - isAndroid: false
14:13:48.465 [FXGL Background Thread 3 ] DEBUG Engine               - isBrowser: false
14:13:48.466 [FXGL Background Thread 3 ] DEBUG Engine               - isClickFeedbackEnabled: false
14:13:48.466 [FXGL Background Thread 3 ] DEBUG Engine               - isCloseConfirmation: false
14:13:48.466 [FXGL Background Thread 3 ] DEBUG Engine               - isDesktop: true
14:13:48.467 [FXGL Background Thread 3 ] DEBUG Engine               - isDeveloperMenuEnabled: false
14:13:48.467 [FXGL Background Thread 3 ] DEBUG Engine               - isEntityPreloadEnabled: true
14:13:48.467 [FXGL Background Thread 3 ] DEBUG Engine               - isExperimental3D: false
14:13:48.467 [FXGL Background Thread 3 ] DEBUG Engine               - isExperimentalNative: false
14:13:48.468 [FXGL Background Thread 3 ] DEBUG Engine               - isExperimentalTiledLargeMap: false
14:13:48.468 [FXGL Background Thread 3 ] DEBUG Engine               - isFileSystemWriteAllowed: true
14:13:48.469 [FXGL Background Thread 3 ] DEBUG Engine               - isFullScreenAllowed: false
14:13:48.469 [FXGL Background Thread 3 ] DEBUG Engine               - isFullScreenFromStart: false
14:13:48.470 [FXGL Background Thread 3 ] DEBUG Engine               - isGameMenuEnabled: true
14:13:48.470 [FXGL Background Thread 3 ] DEBUG Engine               - isIOS: false
14:13:48.471 [FXGL Background Thread 3 ] DEBUG Engine               - isIntroEnabled: false
14:13:48.471 [FXGL Background Thread 3 ] DEBUG Engine               - isLinux: false
14:13:48.471 [FXGL Background Thread 3 ] DEBUG Engine               - isMac: false
14:13:48.471 [FXGL Background Thread 3 ] DEBUG Engine               - isMainMenuEnabled: true
14:13:48.472 [FXGL Background Thread 3 ] DEBUG Engine               - isManualResizeEnabled: false
14:13:48.472 [FXGL Background Thread 3 ] DEBUG Engine               - isMobile: false
14:13:48.472 [FXGL Background Thread 3 ] DEBUG Engine               - isPreserveResizeRatio: false
14:13:48.473 [FXGL Background Thread 3 ] DEBUG Engine               - isProfilingEnabled: false
14:13:48.473 [FXGL Background Thread 3 ] DEBUG Engine               - isScaleAffectedOnResize: true
14:13:48.473 [FXGL Background Thread 3 ] DEBUG Engine               - isSingleStep: false
14:13:48.473 [FXGL Background Thread 3 ] DEBUG Engine               - isUserProfileEnabled: false
14:13:48.474 [FXGL Background Thread 3 ] DEBUG Engine               - isWindows: true
14:13:48.474 [FXGL Background Thread 3 ] DEBUG Engine               - language: ObjectProperty [value: ENGLISH]
14:13:48.475 [FXGL Background Thread 3 ] DEBUG Engine               - menuKey: ESCAPE
14:13:48.475 [FXGL Background Thread 3 ] DEBUG Engine               - notificationViewClass: class com.almasb.fxgl.notification.view.XboxNotificationView
14:13:48.475 [FXGL Background Thread 3 ] DEBUG Engine               - pixelsPerMeter: 50.0
14:13:48.476 [FXGL Background Thread 3 ] DEBUG Engine               - platform: WINDOWS
14:13:48.476 [FXGL Background Thread 3 ] DEBUG Engine               - prefHeightProperty: ReadOnlyDoubleProperty [value: 720.0]
14:13:48.476 [FXGL Background Thread 3 ] DEBUG Engine               - prefWidthProperty: ReadOnlyDoubleProperty [value: 1280.0]
14:13:48.477 [FXGL Background Thread 3 ] DEBUG Engine               - profileDir: profiles/
14:13:48.477 [FXGL Background Thread 3 ] DEBUG Engine               - profileName: StringProperty [value: DEFAULT]
14:13:48.477 [FXGL Background Thread 3 ] DEBUG Engine               - randomSeed: -1
14:13:48.477 [FXGL Background Thread 3 ] DEBUG Engine               - runtimeInfo: RuntimeInfo(platform=WINDOWS, version=11.14, build=01.03.2021 16.59)
14:13:48.478 [FXGL Background Thread 3 ] DEBUG Engine               - saveFileExt: sav
14:13:48.478 [FXGL Background Thread 3 ] DEBUG Engine               - scaledHeightProp$fxgl: DoubleProperty [bound, value: 720.0]
14:13:48.478 [FXGL Background Thread 3 ] DEBUG Engine               - scaledWidthProp$fxgl: DoubleProperty [bound, value: 1280.0]
14:13:48.479 [FXGL Background Thread 3 ] DEBUG Engine               - sceneFactory: Game$1@3dd1ebd0
14:13:48.479 [FXGL Background Thread 3 ] DEBUG Engine               - secondsIn24h: 60
14:13:48.479 [FXGL Background Thread 3 ] DEBUG Engine               - soundMenuBack: menu/back.wav
14:13:48.480 [FXGL Background Thread 3 ] DEBUG Engine               - soundMenuPress: menu/press.wav
14:13:48.480 [FXGL Background Thread 3 ] DEBUG Engine               - soundMenuSelect: menu/select.wav
14:13:48.480 [FXGL Background Thread 3 ] DEBUG Engine               - soundNotification: core/notification.wav
14:13:48.481 [FXGL Background Thread 3 ] DEBUG Engine               - stageStyle: DECORATED
14:13:48.481 [FXGL Background Thread 3 ] DEBUG Engine               - supportedLanguages: [ENGLISH, FRENCH, GERMAN, HUNGARIAN, RUSSIAN]
14:13:48.481 [FXGL Background Thread 3 ] DEBUG Engine               - ticksPerSecond: -1
14:13:48.481 [FXGL Background Thread 3 ] DEBUG Engine               - title: Infinity Rails
14:13:48.481 [FXGL Background Thread 3 ] DEBUG Engine               - urlGithub: https://github.com/AlmasB/FXGL
14:13:48.482 [FXGL Background Thread 3 ] DEBUG Engine               - urlLeaderboard: http://fxgl-top.herokuapp.com/
14:13:48.482 [FXGL Background Thread 3 ] DEBUG Engine               - urlPOM: https://raw.githubusercontent.com/AlmasB/FXGL/release/README.md
14:13:48.482 [FXGL Background Thread 3 ] DEBUG Engine               - userAppClass: class Game
14:13:48.482 [FXGL Background Thread 3 ] DEBUG Engine               - version: 1.0
14:13:48.482 [FXGL Background Thread 3 ] DEBUG Engine               - versionCheckDays: 7
14:13:48.482 [FXGL Background Thread 3 ] DEBUG Engine               - width: 1280
14:13:48.483 [FXGL Background Thread 3 ] DEBUG Engine               - Logging services
14:13:48.483 [FXGL Background Thread 3 ] DEBUG Engine               - class com.almasb.fxgl.app.services.FXGLAssetLoaderService
14:13:48.483 [FXGL Background Thread 3 ] DEBUG Engine               - class com.almasb.fxgl.app.FXGLApplication$GameApplicationService
14:13:48.484 [FXGL Background Thread 3 ] DEBUG Engine               - class com.almasb.fxgl.app.services.FXGLDialogService
14:13:48.484 [FXGL Background Thread 3 ] DEBUG Engine               - class com.almasb.fxgl.app.services.IOTaskExecutorService
14:13:48.484 [FXGL Background Thread 3 ] DEBUG Engine               - class com.almasb.fxgl.event.EventBusService
14:13:48.484 [FXGL Background Thread 3 ] DEBUG Engine               - class com.almasb.fxgl.io.FileSystemService
14:13:48.485 [FXGL Background Thread 3 ] DEBUG Engine               - class com.almasb.fxgl.localization.LocalizationService
14:13:48.485 [FXGL Background Thread 3 ] DEBUG Engine               - class com.almasb.fxgl.app.services.SystemBundleService
14:13:48.485 [FXGL Background Thread 3 ] DEBUG Engine               - class com.almasb.fxgl.profile.SaveLoadService
14:13:48.485 [FXGL Background Thread 3 ] DEBUG Engine               - class com.almasb.fxgl.ui.FXGLUIFactoryServiceProvider
14:13:48.486 [FXGL Background Thread 3 ] DEBUG Engine               - class com.almasb.fxgl.ui.FXGLDialogFactoryServiceProvider
14:13:48.486 [FXGL Background Thread 3 ] DEBUG Engine               - class com.almasb.fxgl.audio.AudioPlayer
14:13:48.486 [FXGL Background Thread 3 ] DEBUG Engine               - class com.almasb.fxgl.notification.impl.NotificationServiceProvider
14:13:48.486 [FXGL Background Thread 3 ] DEBUG Engine               - class com.almasb.fxgl.achievement.AchievementService
14:13:48.487 [FXGL Background Thread 3 ] DEBUG Engine               - class com.almasb.fxgl.cutscene.CutsceneService
14:13:48.487 [FXGL Background Thread 3 ] DEBUG Engine               - class com.almasb.fxgl.minigames.MiniGameService
14:13:48.488 [FXGL Background Thread 3 ] DEBUG Engine               - class com.almasb.fxgl.net.NetService
14:13:48.488 [FXGL Background Thread 3 ] DEBUG Engine               - class com.almasb.fxgl.app.services.UpdaterService
14:13:48.488 [FXGL Background Thread 3 ] DEBUG Engine               - class com.almasb.fxgl.dev.DevService
14:13:50.370 [JavaFX Application Thread] DEBUG FXGLApplication      - Exiting FXGL
14:13:50.370 [JavaFX Application Thread] DEBUG LoopRunner           - Stopping loop
14:13:50.370 [JavaFX Application Thread] DEBUG SystemBundleService  - Saving FXGL system data
14:13:50.372 [JavaFX Application Thread] DEBUG FileSystemAccess     - Writing to: C:\Users\Anisha Basropansingh\IdeaProjects\GameIpose\system\fxgl.bundle
14:13:50.373 [JavaFX Application Thread] DEBUG Async                - Shutting down background threads
14:13:50.374 [JavaFX Application Thread] DEBUG PrimaryStageWindow   - Closing main window
14:13:50.384 [JavaFX Application Thread] DEBUG Logger               - Closing Logger
