13:51:27.117 [main                     ] DEBUG Logger               - Configured Logger
13:51:27.132 [main                     ] DEBUG GameApplication      - Logging settings
Title: Infinity Rails
Version: 1.0
Width: 1280
Height: 720
Fullscreen: false
Intro: false
Profiling: false
Single step:false
App Mode: DEVELOPER
Menu Key: ESCAPE
Stage Style: DECORATED
Scene Factory: class Game$1

13:51:27.474 [JavaFX Application Thread] DEBUG FXGLApplication      - Initializing FXGL
13:51:27.476 [JavaFX Application Thread] INFO  Engine               - FXGL-11.14 (01.03.2021 16.59) on WINDOWS (J:15.0.2 FX:15)
13:51:27.476 [JavaFX Application Thread] DEBUG Engine               - JRE Vendor Name: Amazon.com Inc.
13:51:27.477 [JavaFX Application Thread] DEBUG Engine               - Running on OS: Windows 10 version 10.0
13:51:27.477 [JavaFX Application Thread] DEBUG Engine               - Architecture: amd64
13:51:27.477 [JavaFX Application Thread] INFO  Engine               - Source code and latest versions at: https://github.com/AlmasB/FXGL
13:51:27.477 [JavaFX Application Thread] INFO  Engine               -              Join the FXGL chat at: https://gitter.im/AlmasB/FXGL
13:51:27.586 [JavaFX Application Thread] DEBUG PrimaryStageWindow   - Creating a JavaFX scene
13:51:27.645 [JavaFX Application Thread] DEBUG PrimaryStageWindow   - Target settings size: 1280.0 x 720.0
13:51:27.645 [JavaFX Application Thread] DEBUG PrimaryStageWindow   - Scaled scene size:    1280.0 x 720.0
13:51:27.645 [JavaFX Application Thread] DEBUG PrimaryStageWindow   - Scaled ratio: (1.0, 1.0)
13:51:27.646 [JavaFX Application Thread] DEBUG PrimaryStageWindow   - Set initial scene to FXGLStartupScene
13:51:27.652 [JavaFX Application Thread] DEBUG PrimaryStageWindow   - Opening main window
13:51:27.755 [JavaFX Application Thread] DEBUG PrimaryStageWindow   - Window border size: (14.4000244140625, 37.5999755859375)
13:51:27.756 [JavaFX Application Thread] DEBUG PrimaryStageWindow   - Scaled size: 1280.0 x 720.0
13:51:27.756 [JavaFX Application Thread] DEBUG PrimaryStageWindow   - Scaled ratio: (1.0, 1.0)
13:51:27.756 [JavaFX Application Thread] DEBUG PrimaryStageWindow   - Scene size: 1280.0 x 720.0
13:51:27.757 [JavaFX Application Thread] DEBUG PrimaryStageWindow   - Stage size: 1294.4000244140625 x 757.5999755859375
13:51:27.765 [FXGL Background Thread 1 ] DEBUG Engine               - Initializing environment variables
13:51:27.814 [FXGL Background Thread 1 ] DEBUG FXGLAssetLoaderServi - User app class for loading assets: class Game
13:51:27.814 [FXGL Background Thread 1 ] DEBUG GameApplicationServi - Applying CSS: fxgl_dark.css
13:51:27.816 [FXGL Background Thread 1 ] DEBUG FXGLAssetLoaderServi - Loading from file system: jar:file:/C:/Users/Anisha%20Basropansingh/.m2/repository/com/github/almasb/fxgl/11.14/fxgl-11.14.jar!/fxglassets/ui/css/fxgl_dark.css
13:51:27.887 [FXGL Background Thread 1 ] DEBUG GameApplicationServi - Initializing application scenes
13:51:27.936 [FXGL Background Thread 1 ] DEBUG GameWorld            - Game world initialized
13:51:28.019 [FXGL Background Thread 1 ] DEBUG PhysicsWorld         - Physics world initialized: appHeight=720, physics.ppm=50,0
13:51:28.019 [FXGL Background Thread 1 ] DEBUG PhysicsWorld         - Using strategy: BRUTE_FORCE
13:51:28.023 [FXGL Background Thread 1 ] DEBUG GameScene            - Game scene initialized: 1280x720
13:51:28.073 [FXGL Background Thread 1 ] DEBUG FXGLAssetLoaderServi - Loading from file system: jar:file:/C:/Users/Anisha%20Basropansingh/.m2/repository/com/github/almasb/fxgl/11.14/fxgl-11.14.jar!/fxglassets/textures/particles/trace_horizontal.png
13:51:28.124 [FXGL Background Thread 1 ] DEBUG FXGL.DefaultMenu     - createMenuBodyGameMenu()
13:51:28.134 [FXGL Background Thread 1 ] DEBUG FXGL.DefaultMenu     - createOptionsMenu()
13:51:28.139 [FXGL Background Thread 1 ] DEBUG FXGLAssetLoaderServi - Loading from file system: jar:file:/C:/Users/Anisha%20Basropansingh/.m2/repository/com/github/almasb/fxgl/11.14/fxgl-11.14.jar!/fxglassets/textures/particles/smoke.png
13:51:28.185 [FXGL Background Thread 1 ] DEBUG GameApplicationServi - Application scenes initialized
13:51:28.194 [FXGL Background Thread 1 ] DEBUG SystemBundleService  - Loading FXGL system data
13:51:28.201 [FXGL Background Thread 1 ] DEBUG FileSystemAccess     - Reading from: C:\Users\Anisha Basropansingh\IdeaProjects\GameIpose\system\fxgl.bundle
13:51:28.206 [FXGL Background Thread 1 ] DEBUG SystemBundleService  - Bundle FXGL: {}
13:51:28.206 [FXGL Background Thread 1 ] DEBUG UpdaterService       - Checking for updates
13:51:28.210 [FXGL Background Thread 4 ] DEBUG FXGLApplication      - Loading fonts
13:51:28.210 [FXGL Background Thread 1 ] DEBUG FXGLApplication      - Loading default localization
13:51:28.210 [FXGL Background Thread 4 ] DEBUG FXGLAssetLoaderServi - Loading from file system: jar:file:/C:/Users/Anisha%20Basropansingh/.m2/repository/com/github/almasb/fxgl/11.14/fxgl-11.14.jar!/fxglassets/ui/fonts/VarelaRound-Regular.ttf
13:51:28.211 [FXGL Background Thread 1 ] DEBUG FXGLAssetLoaderServi - Loading from file system: jar:file:/C:/Users/Anisha%20Basropansingh/.m2/repository/com/github/almasb/fxgl/11.14/fxgl-11.14.jar!/fxglassets/languages/english.lang
13:51:28.227 [FXGL Background Thread 1 ] INFO  FXGLApplication      - FXGL initialization took: 0,462 sec
13:51:28.228 [JavaFX Application Thread] DEBUG FXGLAssetLoaderServi - Loading from file system: jar:file:/C:/Users/Anisha%20Basropansingh/.m2/repository/com/github/almasb/fxgl/11.14/fxgl-11.14.jar!/fxglassets/textures/fxgl_icon.png
13:51:28.254 [JavaFX Application Thread] DEBUG FXGLAssetLoaderServi - Loading from file system: jar:file:/C:/Users/Anisha%20Basropansingh/.m2/repository/com/github/almasb/fxgl/11.14/fxgl-11.14.jar!/fxglassets/ui/cursors/fxgl_default.png
13:51:28.268 [JavaFX Application Thread] DEBUG Input                - Registered new binding: Screenshot - P
13:51:28.268 [JavaFX Application Thread] DEBUG Input                - Registered new binding: System info dump - CTRL+9
13:51:28.269 [JavaFX Application Thread] DEBUG Input                - Registered new binding: Restart - CTRL+R
13:51:28.269 [JavaFX Application Thread] DEBUG Input                - Registered new binding: Toggle Debug Camera - CTRL+C
13:51:28.272 [JavaFX Application Thread] DEBUG LoopRunner           - Starting loop
13:51:28.272 [JavaFX Application Thread] DEBUG LoopRunner           - Initializing JavaFX AnimationTimerLoop
13:51:28.275 [JavaFX Application Thread] DEBUG Input                - Clearing active input actions
13:51:28.285 [JavaFX Application Thread] DEBUG GameApplicationServi - Removing overlay from FXGLStartupScene and adding to FXGLMainMenuDummyScene
13:51:28.286 [JavaFX Application Thread] DEBUG PrimaryStageWindow   - FXGLStartupScene -> FXGLMainMenuDummyScene
13:51:28.286 [JavaFX Application Thread] DEBUG PrimaryStageWindow   - Push state: GameMainMenu
13:51:28.286 [JavaFX Application Thread] DEBUG Input                - Clearing active input actions
13:51:28.291 [JavaFX Application Thread] DEBUG GameApplicationServi - Removing overlay from FXGLMainMenuDummyScene and adding to GameMainMenu
13:51:28.292 [JavaFX Application Thread] DEBUG PrimaryStageWindow   - FXGLMainMenuDummyScene -> GameMainMenu
13:51:28.294 [FXGL Background Thread 4 ] DEBUG FXGLAssetLoaderServi - Loading from file system: jar:file:/C:/Users/Anisha%20Basropansingh/.m2/repository/com/github/almasb/fxgl/11.14/fxgl-11.14.jar!/fxglassets/ui/fonts/Abel-Regular.ttf
13:51:28.305 [FXGL Background Thread 4 ] DEBUG FXGLAssetLoaderServi - Loading from file system: jar:file:/C:/Users/Anisha%20Basropansingh/.m2/repository/com/github/almasb/fxgl/11.14/fxgl-11.14.jar!/fxglassets/ui/fonts/lucida_console.ttf
13:51:28.324 [FXGL Background Thread 4 ] DEBUG FXGLAssetLoaderServi - Loading from file system: jar:file:/C:/Users/Anisha%20Basropansingh/.m2/repository/com/github/almasb/fxgl/11.14/fxgl-11.14.jar!/fxglassets/ui/fonts/Courier-Prime.ttf
13:51:28.348 [JavaFX Application Thread] DEBUG FXGLApplication      - Registering font factories with UI factory
13:51:28.655 [FXGL Background Thread 2 ] INFO  UpdaterService       - Your current version:  11.14
13:51:28.656 [FXGL Background Thread 2 ] INFO  UpdaterService       - Latest stable version: 17.1
13:51:31.210 [FXGL Background Thread 3 ] DEBUG Engine               - Logging environment variables
13:51:31.212 [FXGL Background Thread 3 ] DEBUG Engine               - achievements: []
13:51:31.213 [FXGL Background Thread 3 ] DEBUG Engine               - actualHeight: 720.0
13:51:31.213 [FXGL Background Thread 3 ] DEBUG Engine               - actualHeightProperty: ReadOnlyDoubleProperty [value: 720.0]
13:51:31.214 [FXGL Background Thread 3 ] DEBUG Engine               - actualWidth: 1280.0
13:51:31.215 [FXGL Background Thread 3 ] DEBUG Engine               - actualWidthProperty: ReadOnlyDoubleProperty [value: 1280.0]
13:51:31.215 [FXGL Background Thread 3 ] DEBUG Engine               - appIcon: fxgl_icon.png
13:51:31.216 [FXGL Background Thread 3 ] DEBUG Engine               - applicationMode: DEVELOPER
13:51:31.217 [FXGL Background Thread 3 ] DEBUG Engine               - cSSList: [fxgl_dark.css]
13:51:31.217 [FXGL Background Thread 3 ] DEBUG Engine               - collisionDetectionStrategy: BRUTE_FORCE
13:51:31.218 [FXGL Background Thread 3 ] DEBUG Engine               - configClass: Optional.empty
13:51:31.219 [FXGL Background Thread 3 ] DEBUG Engine               - credits: []
13:51:31.220 [FXGL Background Thread 3 ] DEBUG Engine               - devBBoxColorProperty: ObjectProperty [value: 0xff0000ff]
13:51:31.221 [FXGL Background Thread 3 ] DEBUG Engine               - devEnableDebugCameraProperty: BooleanProperty [value: false]
13:51:31.223 [FXGL Background Thread 3 ] DEBUG Engine               - devSensorColorProperty: ObjectProperty [value: 0xffff00ff]
13:51:31.224 [FXGL Background Thread 3 ] DEBUG Engine               - devShowBBoxProperty: BooleanProperty [value: false]
13:51:31.224 [FXGL Background Thread 3 ] DEBUG Engine               - devShowPositionProperty: BooleanProperty [value: false]
13:51:31.226 [FXGL Background Thread 3 ] DEBUG Engine               - enabledMenuItems: []
13:51:31.227 [FXGL Background Thread 3 ] DEBUG Engine               - engineServices: [class com.almasb.fxgl.app.services.FXGLAssetLoaderService, class com.almasb.fxgl.app.FXGLApplication$GameApplicationService, class com.almasb.fxgl.app.services.FXGLDialogService, class com.almasb.fxgl.app.services.IOTaskExecutorService, class com.almasb.fxgl.event.EventBusService, class com.almasb.fxgl.io.FileSystemService, class com.almasb.fxgl.localization.LocalizationService, class com.almasb.fxgl.app.services.SystemBundleService, class com.almasb.fxgl.profile.SaveLoadService, class com.almasb.fxgl.ui.FXGLUIFactoryServiceProvider, class com.almasb.fxgl.ui.FXGLDialogFactoryServiceProvider, class com.almasb.fxgl.audio.AudioPlayer, class com.almasb.fxgl.notification.impl.NotificationServiceProvider, class com.almasb.fxgl.achievement.AchievementService, class com.almasb.fxgl.cutscene.CutsceneService, class com.almasb.fxgl.minigames.MiniGameService, class com.almasb.fxgl.net.NetService, class com.almasb.fxgl.app.services.UpdaterService, class com.almasb.fxgl.dev.DevService]
13:51:31.228 [FXGL Background Thread 3 ] DEBUG Engine               - fontGame: Abel-Regular.ttf
13:51:31.229 [FXGL Background Thread 3 ] DEBUG Engine               - fontMono: lucida_console.ttf
13:51:31.229 [FXGL Background Thread 3 ] DEBUG Engine               - fontText: Courier-Prime.ttf
13:51:31.230 [FXGL Background Thread 3 ] DEBUG Engine               - fontUI: VarelaRound-Regular.ttf
13:51:31.231 [FXGL Background Thread 3 ] DEBUG Engine               - fullScreen: BooleanProperty [value: false]
13:51:31.232 [FXGL Background Thread 3 ] DEBUG Engine               - gameDifficulty: MEDIUM
13:51:31.233 [FXGL Background Thread 3 ] DEBUG Engine               - gameDifficultyProperty: ObjectProperty [value: MEDIUM]
13:51:31.234 [FXGL Background Thread 3 ] DEBUG Engine               - globalMusicVolume: 0.5
13:51:31.234 [FXGL Background Thread 3 ] DEBUG Engine               - globalMusicVolumeProperty: DoubleProperty [value: 0.5]
13:51:31.235 [FXGL Background Thread 3 ] DEBUG Engine               - globalSoundVolume: 0.5
13:51:31.236 [FXGL Background Thread 3 ] DEBUG Engine               - globalSoundVolumeProperty: DoubleProperty [value: 0.5]
13:51:31.237 [FXGL Background Thread 3 ] DEBUG Engine               - height: 720
13:51:31.238 [FXGL Background Thread 3 ] DEBUG Engine               - isAndroid: false
13:51:31.239 [FXGL Background Thread 3 ] DEBUG Engine               - isBrowser: false
13:51:31.239 [FXGL Background Thread 3 ] DEBUG Engine               - isClickFeedbackEnabled: false
13:51:31.240 [FXGL Background Thread 3 ] DEBUG Engine               - isCloseConfirmation: false
13:51:31.240 [FXGL Background Thread 3 ] DEBUG Engine               - isDesktop: true
13:51:31.241 [FXGL Background Thread 3 ] DEBUG Engine               - isDeveloperMenuEnabled: false
13:51:31.242 [FXGL Background Thread 3 ] DEBUG Engine               - isEntityPreloadEnabled: true
13:51:31.243 [FXGL Background Thread 3 ] DEBUG Engine               - isExperimental3D: false
13:51:31.243 [FXGL Background Thread 3 ] DEBUG Engine               - isExperimentalNative: false
13:51:31.244 [FXGL Background Thread 3 ] DEBUG Engine               - isExperimentalTiledLargeMap: false
13:51:31.244 [FXGL Background Thread 3 ] DEBUG Engine               - isFileSystemWriteAllowed: true
13:51:31.245 [FXGL Background Thread 3 ] DEBUG Engine               - isFullScreenAllowed: false
13:51:31.246 [FXGL Background Thread 3 ] DEBUG Engine               - isFullScreenFromStart: false
13:51:31.247 [FXGL Background Thread 3 ] DEBUG Engine               - isGameMenuEnabled: true
13:51:31.248 [FXGL Background Thread 3 ] DEBUG Engine               - isIOS: false
13:51:31.249 [FXGL Background Thread 3 ] DEBUG Engine               - isIntroEnabled: false
13:51:31.250 [FXGL Background Thread 3 ] DEBUG Engine               - isLinux: false
13:51:31.251 [FXGL Background Thread 3 ] DEBUG Engine               - isMac: false
13:51:31.251 [FXGL Background Thread 3 ] DEBUG Engine               - isMainMenuEnabled: true
13:51:31.252 [FXGL Background Thread 3 ] DEBUG Engine               - isManualResizeEnabled: false
13:51:31.254 [FXGL Background Thread 3 ] DEBUG Engine               - isMobile: false
13:51:31.255 [FXGL Background Thread 3 ] DEBUG Engine               - isPreserveResizeRatio: false
13:51:31.256 [FXGL Background Thread 3 ] DEBUG Engine               - isProfilingEnabled: false
13:51:31.257 [FXGL Background Thread 3 ] DEBUG Engine               - isScaleAffectedOnResize: true
13:51:31.258 [FXGL Background Thread 3 ] DEBUG Engine               - isSingleStep: false
13:51:31.258 [FXGL Background Thread 3 ] DEBUG Engine               - isUserProfileEnabled: false
13:51:31.259 [FXGL Background Thread 3 ] DEBUG Engine               - isWindows: true
13:51:31.260 [FXGL Background Thread 3 ] DEBUG Engine               - language: ObjectProperty [value: ENGLISH]
13:51:31.261 [FXGL Background Thread 3 ] DEBUG Engine               - menuKey: ESCAPE
13:51:31.262 [FXGL Background Thread 3 ] DEBUG Engine               - notificationViewClass: class com.almasb.fxgl.notification.view.XboxNotificationView
13:51:31.263 [FXGL Background Thread 3 ] DEBUG Engine               - pixelsPerMeter: 50.0
13:51:31.265 [FXGL Background Thread 3 ] DEBUG Engine               - platform: WINDOWS
13:51:31.266 [FXGL Background Thread 3 ] DEBUG Engine               - prefHeightProperty: ReadOnlyDoubleProperty [value: 720.0]
13:51:31.267 [FXGL Background Thread 3 ] DEBUG Engine               - prefWidthProperty: ReadOnlyDoubleProperty [value: 1280.0]
13:51:31.268 [FXGL Background Thread 3 ] DEBUG Engine               - profileDir: profiles/
13:51:31.269 [FXGL Background Thread 3 ] DEBUG Engine               - profileName: StringProperty [value: DEFAULT]
13:51:31.270 [FXGL Background Thread 3 ] DEBUG Engine               - randomSeed: -1
13:51:31.271 [FXGL Background Thread 3 ] DEBUG Engine               - runtimeInfo: RuntimeInfo(platform=WINDOWS, version=11.14, build=01.03.2021 16.59)
13:51:31.272 [FXGL Background Thread 3 ] DEBUG Engine               - saveFileExt: sav
13:51:31.272 [FXGL Background Thread 3 ] DEBUG Engine               - scaledHeightProp$fxgl: DoubleProperty [bound, value: 720.0]
13:51:31.273 [FXGL Background Thread 3 ] DEBUG Engine               - scaledWidthProp$fxgl: DoubleProperty [bound, value: 1280.0]
13:51:31.274 [FXGL Background Thread 3 ] DEBUG Engine               - sceneFactory: Game$1@7fcbd9cb
13:51:31.275 [FXGL Background Thread 3 ] DEBUG Engine               - secondsIn24h: 60
13:51:31.276 [FXGL Background Thread 3 ] DEBUG Engine               - soundMenuBack: menu/back.wav
13:51:31.278 [FXGL Background Thread 3 ] DEBUG Engine               - soundMenuPress: menu/press.wav
13:51:31.278 [FXGL Background Thread 3 ] DEBUG Engine               - soundMenuSelect: menu/select.wav
13:51:31.279 [FXGL Background Thread 3 ] DEBUG Engine               - soundNotification: core/notification.wav
13:51:31.280 [FXGL Background Thread 3 ] DEBUG Engine               - stageStyle: DECORATED
13:51:31.281 [FXGL Background Thread 3 ] DEBUG Engine               - supportedLanguages: [ENGLISH, FRENCH, GERMAN, HUNGARIAN, RUSSIAN]
13:51:31.282 [FXGL Background Thread 3 ] DEBUG Engine               - ticksPerSecond: -1
13:51:31.282 [FXGL Background Thread 3 ] DEBUG Engine               - title: Infinity Rails
13:51:31.283 [FXGL Background Thread 3 ] DEBUG Engine               - urlGithub: https://github.com/AlmasB/FXGL
13:51:31.284 [FXGL Background Thread 3 ] DEBUG Engine               - urlLeaderboard: http://fxgl-top.herokuapp.com/
13:51:31.285 [FXGL Background Thread 3 ] DEBUG Engine               - urlPOM: https://raw.githubusercontent.com/AlmasB/FXGL/release/README.md
13:51:31.285 [FXGL Background Thread 3 ] DEBUG Engine               - userAppClass: class Game
13:51:31.286 [FXGL Background Thread 3 ] DEBUG Engine               - version: 1.0
13:51:31.287 [FXGL Background Thread 3 ] DEBUG Engine               - versionCheckDays: 7
13:51:31.287 [FXGL Background Thread 3 ] DEBUG Engine               - width: 1280
13:51:31.287 [FXGL Background Thread 3 ] DEBUG Engine               - Logging services
13:51:31.288 [FXGL Background Thread 3 ] DEBUG Engine               - class com.almasb.fxgl.app.services.FXGLAssetLoaderService
13:51:31.288 [FXGL Background Thread 3 ] DEBUG Engine               - class com.almasb.fxgl.app.FXGLApplication$GameApplicationService
13:51:31.289 [FXGL Background Thread 3 ] DEBUG Engine               - class com.almasb.fxgl.app.services.FXGLDialogService
13:51:31.289 [FXGL Background Thread 3 ] DEBUG Engine               - class com.almasb.fxgl.app.services.IOTaskExecutorService
13:51:31.289 [FXGL Background Thread 3 ] DEBUG Engine               - class com.almasb.fxgl.event.EventBusService
13:51:31.290 [FXGL Background Thread 3 ] DEBUG Engine               - class com.almasb.fxgl.io.FileSystemService
13:51:31.290 [FXGL Background Thread 3 ] DEBUG Engine               - class com.almasb.fxgl.localization.LocalizationService
13:51:31.290 [FXGL Background Thread 3 ] DEBUG Engine               - class com.almasb.fxgl.app.services.SystemBundleService
13:51:31.291 [FXGL Background Thread 3 ] DEBUG Engine               - class com.almasb.fxgl.profile.SaveLoadService
13:51:31.291 [FXGL Background Thread 3 ] DEBUG Engine               - class com.almasb.fxgl.ui.FXGLUIFactoryServiceProvider
13:51:31.291 [FXGL Background Thread 3 ] DEBUG Engine               - class com.almasb.fxgl.ui.FXGLDialogFactoryServiceProvider
13:51:31.292 [FXGL Background Thread 3 ] DEBUG Engine               - class com.almasb.fxgl.audio.AudioPlayer
13:51:31.292 [FXGL Background Thread 3 ] DEBUG Engine               - class com.almasb.fxgl.notification.impl.NotificationServiceProvider
13:51:31.292 [FXGL Background Thread 3 ] DEBUG Engine               - class com.almasb.fxgl.achievement.AchievementService
13:51:31.293 [FXGL Background Thread 3 ] DEBUG Engine               - class com.almasb.fxgl.cutscene.CutsceneService
13:51:31.293 [FXGL Background Thread 3 ] DEBUG Engine               - class com.almasb.fxgl.minigames.MiniGameService
13:51:31.293 [FXGL Background Thread 3 ] DEBUG Engine               - class com.almasb.fxgl.net.NetService
13:51:31.294 [FXGL Background Thread 3 ] DEBUG Engine               - class com.almasb.fxgl.app.services.UpdaterService
13:51:31.294 [FXGL Background Thread 3 ] DEBUG Engine               - class com.almasb.fxgl.dev.DevService
13:51:32.778 [JavaFX Application Thread] DEBUG FXGLApplication      - Exiting FXGL
13:51:32.779 [JavaFX Application Thread] DEBUG LoopRunner           - Stopping loop
13:51:32.779 [JavaFX Application Thread] DEBUG SystemBundleService  - Saving FXGL system data
13:51:32.786 [JavaFX Application Thread] DEBUG FileSystemAccess     - Writing to: C:\Users\Anisha Basropansingh\IdeaProjects\GameIpose\system\fxgl.bundle
13:51:32.791 [JavaFX Application Thread] DEBUG Async                - Shutting down background threads
13:51:32.792 [JavaFX Application Thread] DEBUG PrimaryStageWindow   - Closing main window
13:51:32.840 [JavaFX Application Thread] DEBUG Logger               - Closing Logger
