13:44:40.140 [main                     ] DEBUG Logger               - Configured Logger
13:44:40.156 [main                     ] DEBUG GameApplication      - Logging settings
Title: Infinity Rails
Version: 1.0
Width: 1280
Height: 720
Fullscreen: false
Intro: false
Profiling: false
Single step:false
App Mode: DEVELOPER
Menu Key: ESCAPE
Stage Style: DECORATED
Scene Factory: class Game$1

13:44:40.494 [JavaFX Application Thread] DEBUG FXGLApplication      - Initializing FXGL
13:44:40.496 [JavaFX Application Thread] INFO  Engine               - FXGL-11.14 (01.03.2021 16.59) on WINDOWS (J:15.0.2 FX:15)
13:44:40.497 [JavaFX Application Thread] DEBUG Engine               - JRE Vendor Name: Amazon.com Inc.
13:44:40.497 [JavaFX Application Thread] DEBUG Engine               - Running on OS: Windows 10 version 10.0
13:44:40.497 [JavaFX Application Thread] DEBUG Engine               - Architecture: amd64
13:44:40.497 [JavaFX Application Thread] INFO  Engine               - Source code and latest versions at: https://github.com/AlmasB/FXGL
13:44:40.497 [JavaFX Application Thread] INFO  Engine               -              Join the FXGL chat at: https://gitter.im/AlmasB/FXGL
13:44:40.600 [JavaFX Application Thread] DEBUG PrimaryStageWindow   - Creating a JavaFX scene
13:44:40.654 [JavaFX Application Thread] DEBUG PrimaryStageWindow   - Target settings size: 1280.0 x 720.0
13:44:40.655 [JavaFX Application Thread] DEBUG PrimaryStageWindow   - Scaled scene size:    1280.0 x 720.0
13:44:40.655 [JavaFX Application Thread] DEBUG PrimaryStageWindow   - Scaled ratio: (1.0, 1.0)
13:44:40.656 [JavaFX Application Thread] DEBUG PrimaryStageWindow   - Set initial scene to FXGLStartupScene
13:44:40.664 [JavaFX Application Thread] DEBUG PrimaryStageWindow   - Opening main window
13:44:40.765 [JavaFX Application Thread] DEBUG PrimaryStageWindow   - Window border size: (14.4000244140625, 37.5999755859375)
13:44:40.766 [JavaFX Application Thread] DEBUG PrimaryStageWindow   - Scaled size: 1280.0 x 720.0
13:44:40.766 [JavaFX Application Thread] DEBUG PrimaryStageWindow   - Scaled ratio: (1.0, 1.0)
13:44:40.766 [JavaFX Application Thread] DEBUG PrimaryStageWindow   - Scene size: 1280.0 x 720.0
13:44:40.767 [JavaFX Application Thread] DEBUG PrimaryStageWindow   - Stage size: 1294.4000244140625 x 757.5999755859375
13:44:40.782 [FXGL Background Thread 1 ] DEBUG Engine               - Initializing environment variables
13:44:40.836 [FXGL Background Thread 1 ] DEBUG FXGLAssetLoaderServi - User app class for loading assets: class Game
13:44:40.836 [FXGL Background Thread 1 ] DEBUG GameApplicationServi - Applying CSS: fxgl_dark.css
13:44:40.837 [FXGL Background Thread 1 ] DEBUG FXGLAssetLoaderServi - Loading from file system: jar:file:/C:/Users/Anisha%20Basropansingh/.m2/repository/com/github/almasb/fxgl/11.14/fxgl-11.14.jar!/fxglassets/ui/css/fxgl_dark.css
13:44:40.897 [FXGL Background Thread 1 ] DEBUG GameApplicationServi - Initializing application scenes
13:44:40.943 [FXGL Background Thread 1 ] DEBUG GameWorld            - Game world initialized
13:44:41.023 [FXGL Background Thread 1 ] DEBUG PhysicsWorld         - Physics world initialized: appHeight=720, physics.ppm=50,0
13:44:41.024 [FXGL Background Thread 1 ] DEBUG PhysicsWorld         - Using strategy: BRUTE_FORCE
13:44:41.027 [FXGL Background Thread 1 ] DEBUG GameScene            - Game scene initialized: 1280x720
13:44:41.078 [FXGL Background Thread 1 ] DEBUG FXGLAssetLoaderServi - Loading from file system: jar:file:/C:/Users/Anisha%20Basropansingh/.m2/repository/com/github/almasb/fxgl/11.14/fxgl-11.14.jar!/fxglassets/textures/particles/trace_horizontal.png
13:44:41.146 [FXGL Background Thread 1 ] DEBUG FXGL.DefaultMenu     - createMenuBodyGameMenu()
13:44:41.157 [FXGL Background Thread 1 ] DEBUG FXGL.DefaultMenu     - createOptionsMenu()
13:44:41.161 [FXGL Background Thread 1 ] DEBUG FXGLAssetLoaderServi - Loading from file system: jar:file:/C:/Users/Anisha%20Basropansingh/.m2/repository/com/github/almasb/fxgl/11.14/fxgl-11.14.jar!/fxglassets/textures/particles/smoke.png
13:44:41.207 [FXGL Background Thread 1 ] DEBUG GameApplicationServi - Application scenes initialized
13:44:41.216 [FXGL Background Thread 1 ] DEBUG SystemBundleService  - Loading FXGL system data
13:44:41.219 [FXGL Background Thread 1 ] DEBUG FileSystemAccess     - Reading from: C:\Users\Anisha Basropansingh\IdeaProjects\GameIpose\system\fxgl.bundle
13:44:41.224 [FXGL Background Thread 1 ] DEBUG SystemBundleService  - Bundle FXGL: {}
13:44:41.224 [FXGL Background Thread 1 ] DEBUG UpdaterService       - Checking for updates
13:44:41.229 [FXGL Background Thread 4 ] DEBUG FXGLApplication      - Loading fonts
13:44:41.229 [FXGL Background Thread 1 ] DEBUG FXGLApplication      - Loading default localization
13:44:41.229 [FXGL Background Thread 4 ] DEBUG FXGLAssetLoaderServi - Loading from file system: jar:file:/C:/Users/Anisha%20Basropansingh/.m2/repository/com/github/almasb/fxgl/11.14/fxgl-11.14.jar!/fxglassets/ui/fonts/VarelaRound-Regular.ttf
13:44:41.230 [FXGL Background Thread 1 ] DEBUG FXGLAssetLoaderServi - Loading from file system: jar:file:/C:/Users/Anisha%20Basropansingh/.m2/repository/com/github/almasb/fxgl/11.14/fxgl-11.14.jar!/fxglassets/languages/english.lang
13:44:41.247 [FXGL Background Thread 1 ] INFO  FXGLApplication      - FXGL initialization took: 0,464 sec
13:44:41.249 [JavaFX Application Thread] DEBUG FXGLAssetLoaderServi - Loading from file system: jar:file:/C:/Users/Anisha%20Basropansingh/.m2/repository/com/github/almasb/fxgl/11.14/fxgl-11.14.jar!/fxglassets/textures/fxgl_icon.png
13:44:41.272 [JavaFX Application Thread] DEBUG FXGLAssetLoaderServi - Loading from file system: jar:file:/C:/Users/Anisha%20Basropansingh/.m2/repository/com/github/almasb/fxgl/11.14/fxgl-11.14.jar!/fxglassets/ui/cursors/fxgl_default.png
13:44:41.281 [JavaFX Application Thread] DEBUG Input                - Registered new binding: Screenshot - P
13:44:41.281 [JavaFX Application Thread] DEBUG Input                - Registered new binding: System info dump - CTRL+9
13:44:41.282 [JavaFX Application Thread] DEBUG Input                - Registered new binding: Restart - CTRL+R
13:44:41.283 [JavaFX Application Thread] DEBUG Input                - Registered new binding: Toggle Debug Camera - CTRL+C
13:44:41.285 [JavaFX Application Thread] DEBUG LoopRunner           - Starting loop
13:44:41.285 [JavaFX Application Thread] DEBUG LoopRunner           - Initializing JavaFX AnimationTimerLoop
13:44:41.288 [JavaFX Application Thread] DEBUG Input                - Clearing active input actions
13:44:41.295 [JavaFX Application Thread] DEBUG GameApplicationServi - Removing overlay from FXGLStartupScene and adding to FXGLMainMenuDummyScene
13:44:41.295 [JavaFX Application Thread] DEBUG PrimaryStageWindow   - FXGLStartupScene -> FXGLMainMenuDummyScene
13:44:41.296 [JavaFX Application Thread] DEBUG PrimaryStageWindow   - Push state: GameMainMenu
13:44:41.296 [JavaFX Application Thread] DEBUG Input                - Clearing active input actions
13:44:41.301 [JavaFX Application Thread] DEBUG GameApplicationServi - Removing overlay from FXGLMainMenuDummyScene and adding to GameMainMenu
13:44:41.302 [JavaFX Application Thread] DEBUG PrimaryStageWindow   - FXGLMainMenuDummyScene -> GameMainMenu
13:44:41.309 [FXGL Background Thread 4 ] DEBUG FXGLAssetLoaderServi - Loading from file system: jar:file:/C:/Users/Anisha%20Basropansingh/.m2/repository/com/github/almasb/fxgl/11.14/fxgl-11.14.jar!/fxglassets/ui/fonts/Abel-Regular.ttf
13:44:41.324 [FXGL Background Thread 4 ] DEBUG FXGLAssetLoaderServi - Loading from file system: jar:file:/C:/Users/Anisha%20Basropansingh/.m2/repository/com/github/almasb/fxgl/11.14/fxgl-11.14.jar!/fxglassets/ui/fonts/lucida_console.ttf
13:44:41.337 [FXGL Background Thread 4 ] DEBUG FXGLAssetLoaderServi - Loading from file system: jar:file:/C:/Users/Anisha%20Basropansingh/.m2/repository/com/github/almasb/fxgl/11.14/fxgl-11.14.jar!/fxglassets/ui/fonts/Courier-Prime.ttf
13:44:41.356 [JavaFX Application Thread] DEBUG FXGLApplication      - Registering font factories with UI factory
13:44:41.650 [FXGL Background Thread 2 ] INFO  UpdaterService       - Your current version:  11.14
13:44:41.650 [FXGL Background Thread 2 ] INFO  UpdaterService       - Latest stable version: 17.1
13:44:42.975 [JavaFX Application Thread] DEBUG Menu                 - fireNewGame()
13:44:42.976 [JavaFX Application Thread] DEBUG GameApplicationServi - Starting new game
13:44:42.977 [JavaFX Application Thread] DEBUG PrimaryStageWindow   - Pop state: GameMainMenu
13:44:42.977 [JavaFX Application Thread] DEBUG Input                - Clearing active input actions
13:44:42.981 [JavaFX Application Thread] DEBUG GameApplicationServi - Removing overlay from GameMainMenu and adding to FXGLMainMenuDummyScene
13:44:42.982 [JavaFX Application Thread] DEBUG PrimaryStageWindow   - FXGLMainMenuDummyScene <- GameMainMenu
13:44:42.983 [JavaFX Application Thread] DEBUG Input                - Clearing active input actions
13:44:43.006 [JavaFX Application Thread] DEBUG GameApplicationServi - Removing overlay from FXGLMainMenuDummyScene and adding to FXGLLoadingScene
13:44:43.007 [JavaFX Application Thread] DEBUG PrimaryStageWindow   - FXGLMainMenuDummyScene -> FXGLLoadingScene
13:44:43.008 [JavaFX Application Thread] DEBUG GameApplicationServi - Clearing previous game
13:44:43.009 [JavaFX Application Thread] DEBUG GameScene            - Clearing game scene
13:44:43.009 [JavaFX Application Thread] DEBUG GameWorld            - Clearing game world
13:44:43.010 [JavaFX Application Thread] DEBUG PhysicsWorld         - Clearing physics world
13:44:43.013 [FXGL Background Thread 2 ] DEBUG FXGLApplication      - Initializing game
13:44:43.033 [FXGL Background Thread 2 ] INFO  FXGLApplication      - Game initialization took: 0,020 sec
13:44:43.050 [JavaFX Application Thread] DEBUG Input                - Clearing active input actions
13:44:43.059 [JavaFX Application Thread] DEBUG GameApplicationServi - Removing overlay from FXGLLoadingScene and adding to GameScene
13:44:43.059 [JavaFX Application Thread] DEBUG PrimaryStageWindow   - FXGLLoadingScene -> GameScene
13:44:44.228 [FXGL Background Thread 3 ] DEBUG Engine               - Logging environment variables
13:44:44.231 [FXGL Background Thread 3 ] DEBUG Engine               - achievements: []
13:44:44.232 [FXGL Background Thread 3 ] DEBUG Engine               - actualHeight: 720.0
13:44:44.233 [FXGL Background Thread 3 ] DEBUG Engine               - actualHeightProperty: ReadOnlyDoubleProperty [value: 720.0]
13:44:44.233 [FXGL Background Thread 3 ] DEBUG Engine               - actualWidth: 1280.0
13:44:44.234 [FXGL Background Thread 3 ] DEBUG Engine               - actualWidthProperty: ReadOnlyDoubleProperty [value: 1280.0]
13:44:44.235 [FXGL Background Thread 3 ] DEBUG Engine               - appIcon: fxgl_icon.png
13:44:44.235 [FXGL Background Thread 3 ] DEBUG Engine               - applicationMode: DEVELOPER
13:44:44.236 [FXGL Background Thread 3 ] DEBUG Engine               - cSSList: [fxgl_dark.css]
13:44:44.237 [FXGL Background Thread 3 ] DEBUG Engine               - collisionDetectionStrategy: BRUTE_FORCE
13:44:44.237 [FXGL Background Thread 3 ] DEBUG Engine               - configClass: Optional.empty
13:44:44.238 [FXGL Background Thread 3 ] DEBUG Engine               - credits: []
13:44:44.239 [FXGL Background Thread 3 ] DEBUG Engine               - devBBoxColorProperty: ObjectProperty [value: 0xff0000ff]
13:44:44.240 [FXGL Background Thread 3 ] DEBUG Engine               - devEnableDebugCameraProperty: BooleanProperty [value: false]
13:44:44.241 [FXGL Background Thread 3 ] DEBUG Engine               - devSensorColorProperty: ObjectProperty [value: 0xffff00ff]
13:44:44.241 [FXGL Background Thread 3 ] DEBUG Engine               - devShowBBoxProperty: BooleanProperty [value: false]
13:44:44.243 [FXGL Background Thread 3 ] DEBUG Engine               - devShowPositionProperty: BooleanProperty [value: false]
13:44:44.243 [FXGL Background Thread 3 ] DEBUG Engine               - enabledMenuItems: []
13:44:44.244 [FXGL Background Thread 3 ] DEBUG Engine               - engineServices: [class com.almasb.fxgl.app.services.FXGLAssetLoaderService, class com.almasb.fxgl.app.FXGLApplication$GameApplicationService, class com.almasb.fxgl.app.services.FXGLDialogService, class com.almasb.fxgl.app.services.IOTaskExecutorService, class com.almasb.fxgl.event.EventBusService, class com.almasb.fxgl.io.FileSystemService, class com.almasb.fxgl.localization.LocalizationService, class com.almasb.fxgl.app.services.SystemBundleService, class com.almasb.fxgl.profile.SaveLoadService, class com.almasb.fxgl.ui.FXGLUIFactoryServiceProvider, class com.almasb.fxgl.ui.FXGLDialogFactoryServiceProvider, class com.almasb.fxgl.audio.AudioPlayer, class com.almasb.fxgl.notification.impl.NotificationServiceProvider, class com.almasb.fxgl.achievement.AchievementService, class com.almasb.fxgl.cutscene.CutsceneService, class com.almasb.fxgl.minigames.MiniGameService, class com.almasb.fxgl.net.NetService, class com.almasb.fxgl.app.services.UpdaterService, class com.almasb.fxgl.dev.DevService]
13:44:44.245 [FXGL Background Thread 3 ] DEBUG Engine               - fontGame: Abel-Regular.ttf
13:44:44.246 [FXGL Background Thread 3 ] DEBUG Engine               - fontMono: lucida_console.ttf
13:44:44.247 [FXGL Background Thread 3 ] DEBUG Engine               - fontText: Courier-Prime.ttf
13:44:44.247 [FXGL Background Thread 3 ] DEBUG Engine               - fontUI: VarelaRound-Regular.ttf
13:44:44.248 [FXGL Background Thread 3 ] DEBUG Engine               - fullScreen: BooleanProperty [value: false]
13:44:44.248 [FXGL Background Thread 3 ] DEBUG Engine               - gameDifficulty: MEDIUM
13:44:44.249 [FXGL Background Thread 3 ] DEBUG Engine               - gameDifficultyProperty: ObjectProperty [value: MEDIUM]
13:44:44.249 [FXGL Background Thread 3 ] DEBUG Engine               - globalMusicVolume: 0.5
13:44:44.250 [FXGL Background Thread 3 ] DEBUG Engine               - globalMusicVolumeProperty: DoubleProperty [value: 0.5]
13:44:44.251 [FXGL Background Thread 3 ] DEBUG Engine               - globalSoundVolume: 0.5
13:44:44.251 [FXGL Background Thread 3 ] DEBUG Engine               - globalSoundVolumeProperty: DoubleProperty [value: 0.5]
13:44:44.252 [FXGL Background Thread 3 ] DEBUG Engine               - height: 720
13:44:44.253 [FXGL Background Thread 3 ] DEBUG Engine               - isAndroid: false
13:44:44.254 [FXGL Background Thread 3 ] DEBUG Engine               - isBrowser: false
13:44:44.255 [FXGL Background Thread 3 ] DEBUG Engine               - isClickFeedbackEnabled: false
13:44:44.255 [FXGL Background Thread 3 ] DEBUG Engine               - isCloseConfirmation: false
13:44:44.256 [FXGL Background Thread 3 ] DEBUG Engine               - isDesktop: true
13:44:44.256 [FXGL Background Thread 3 ] DEBUG Engine               - isDeveloperMenuEnabled: false
13:44:44.257 [FXGL Background Thread 3 ] DEBUG Engine               - isEntityPreloadEnabled: true
13:44:44.258 [FXGL Background Thread 3 ] DEBUG Engine               - isExperimental3D: false
13:44:44.258 [FXGL Background Thread 3 ] DEBUG Engine               - isExperimentalNative: false
13:44:44.259 [FXGL Background Thread 3 ] DEBUG Engine               - isExperimentalTiledLargeMap: false
13:44:44.260 [FXGL Background Thread 3 ] DEBUG Engine               - isFileSystemWriteAllowed: true
13:44:44.260 [FXGL Background Thread 3 ] DEBUG Engine               - isFullScreenAllowed: false
13:44:44.261 [FXGL Background Thread 3 ] DEBUG Engine               - isFullScreenFromStart: false
13:44:44.261 [FXGL Background Thread 3 ] DEBUG Engine               - isGameMenuEnabled: true
13:44:44.262 [FXGL Background Thread 3 ] DEBUG Engine               - isIOS: false
13:44:44.263 [FXGL Background Thread 3 ] DEBUG Engine               - isIntroEnabled: false
13:44:44.264 [FXGL Background Thread 3 ] DEBUG Engine               - isLinux: false
13:44:44.265 [FXGL Background Thread 3 ] DEBUG Engine               - isMac: false
13:44:44.265 [FXGL Background Thread 3 ] DEBUG Engine               - isMainMenuEnabled: true
13:44:44.266 [FXGL Background Thread 3 ] DEBUG Engine               - isManualResizeEnabled: false
13:44:44.266 [FXGL Background Thread 3 ] DEBUG Engine               - isMobile: false
13:44:44.267 [FXGL Background Thread 3 ] DEBUG Engine               - isPreserveResizeRatio: false
13:44:44.267 [FXGL Background Thread 3 ] DEBUG Engine               - isProfilingEnabled: false
13:44:44.268 [FXGL Background Thread 3 ] DEBUG Engine               - isScaleAffectedOnResize: true
13:44:44.268 [FXGL Background Thread 3 ] DEBUG Engine               - isSingleStep: false
13:44:44.269 [FXGL Background Thread 3 ] DEBUG Engine               - isUserProfileEnabled: false
13:44:44.269 [FXGL Background Thread 3 ] DEBUG Engine               - isWindows: true
13:44:44.270 [FXGL Background Thread 3 ] DEBUG Engine               - language: ObjectProperty [value: ENGLISH]
13:44:44.270 [FXGL Background Thread 3 ] DEBUG Engine               - menuKey: ESCAPE
13:44:44.271 [FXGL Background Thread 3 ] DEBUG Engine               - notificationViewClass: class com.almasb.fxgl.notification.view.XboxNotificationView
13:44:44.271 [FXGL Background Thread 3 ] DEBUG Engine               - pixelsPerMeter: 50.0
13:44:44.272 [FXGL Background Thread 3 ] DEBUG Engine               - platform: WINDOWS
13:44:44.273 [FXGL Background Thread 3 ] DEBUG Engine               - prefHeightProperty: ReadOnlyDoubleProperty [value: 720.0]
13:44:44.273 [FXGL Background Thread 3 ] DEBUG Engine               - prefWidthProperty: ReadOnlyDoubleProperty [value: 1280.0]
13:44:44.274 [FXGL Background Thread 3 ] DEBUG Engine               - profileDir: profiles/
13:44:44.275 [FXGL Background Thread 3 ] DEBUG Engine               - profileName: StringProperty [value: DEFAULT]
13:44:44.275 [FXGL Background Thread 3 ] DEBUG Engine               - randomSeed: -1
13:44:44.276 [FXGL Background Thread 3 ] DEBUG Engine               - runtimeInfo: RuntimeInfo(platform=WINDOWS, version=11.14, build=01.03.2021 16.59)
13:44:44.276 [FXGL Background Thread 3 ] DEBUG Engine               - saveFileExt: sav
13:44:44.277 [FXGL Background Thread 3 ] DEBUG Engine               - scaledHeightProp$fxgl: DoubleProperty [bound, value: 720.0]
13:44:44.278 [FXGL Background Thread 3 ] DEBUG Engine               - scaledWidthProp$fxgl: DoubleProperty [bound, value: 1280.0]
13:44:44.278 [FXGL Background Thread 3 ] DEBUG Engine               - sceneFactory: Game$1@3694c28a
13:44:44.279 [FXGL Background Thread 3 ] DEBUG Engine               - secondsIn24h: 60
13:44:44.279 [FXGL Background Thread 3 ] DEBUG Engine               - soundMenuBack: menu/back.wav
13:44:44.280 [FXGL Background Thread 3 ] DEBUG Engine               - soundMenuPress: menu/press.wav
13:44:44.280 [FXGL Background Thread 3 ] DEBUG Engine               - soundMenuSelect: menu/select.wav
13:44:44.281 [FXGL Background Thread 3 ] DEBUG Engine               - soundNotification: core/notification.wav
13:44:44.282 [FXGL Background Thread 3 ] DEBUG Engine               - stageStyle: DECORATED
13:44:44.282 [FXGL Background Thread 3 ] DEBUG Engine               - supportedLanguages: [ENGLISH, FRENCH, GERMAN, HUNGARIAN, RUSSIAN]
13:44:44.283 [FXGL Background Thread 3 ] DEBUG Engine               - ticksPerSecond: -1
13:44:44.283 [FXGL Background Thread 3 ] DEBUG Engine               - title: Infinity Rails
13:44:44.284 [FXGL Background Thread 3 ] DEBUG Engine               - urlGithub: https://github.com/AlmasB/FXGL
13:44:44.284 [FXGL Background Thread 3 ] DEBUG Engine               - urlLeaderboard: http://fxgl-top.herokuapp.com/
13:44:44.285 [FXGL Background Thread 3 ] DEBUG Engine               - urlPOM: https://raw.githubusercontent.com/AlmasB/FXGL/release/README.md
13:44:44.285 [FXGL Background Thread 3 ] DEBUG Engine               - userAppClass: class Game
13:44:44.286 [FXGL Background Thread 3 ] DEBUG Engine               - version: 1.0
13:44:44.286 [FXGL Background Thread 3 ] DEBUG Engine               - versionCheckDays: 7
13:44:44.287 [FXGL Background Thread 3 ] DEBUG Engine               - width: 1280
13:44:44.288 [FXGL Background Thread 3 ] DEBUG Engine               - Logging services
13:44:44.288 [FXGL Background Thread 3 ] DEBUG Engine               - class com.almasb.fxgl.app.services.FXGLAssetLoaderService
13:44:44.288 [FXGL Background Thread 3 ] DEBUG Engine               - class com.almasb.fxgl.app.FXGLApplication$GameApplicationService
13:44:44.289 [FXGL Background Thread 3 ] DEBUG Engine               - class com.almasb.fxgl.app.services.FXGLDialogService
13:44:44.290 [FXGL Background Thread 3 ] DEBUG Engine               - class com.almasb.fxgl.app.services.IOTaskExecutorService
13:44:44.291 [FXGL Background Thread 3 ] DEBUG Engine               - class com.almasb.fxgl.event.EventBusService
13:44:44.292 [FXGL Background Thread 3 ] DEBUG Engine               - class com.almasb.fxgl.io.FileSystemService
13:44:44.293 [FXGL Background Thread 3 ] DEBUG Engine               - class com.almasb.fxgl.localization.LocalizationService
13:44:44.293 [FXGL Background Thread 3 ] DEBUG Engine               - class com.almasb.fxgl.app.services.SystemBundleService
13:44:44.294 [FXGL Background Thread 3 ] DEBUG Engine               - class com.almasb.fxgl.profile.SaveLoadService
13:44:44.295 [FXGL Background Thread 3 ] DEBUG Engine               - class com.almasb.fxgl.ui.FXGLUIFactoryServiceProvider
13:44:44.295 [FXGL Background Thread 3 ] DEBUG Engine               - class com.almasb.fxgl.ui.FXGLDialogFactoryServiceProvider
13:44:44.296 [FXGL Background Thread 3 ] DEBUG Engine               - class com.almasb.fxgl.audio.AudioPlayer
13:44:44.297 [FXGL Background Thread 3 ] DEBUG Engine               - class com.almasb.fxgl.notification.impl.NotificationServiceProvider
13:44:44.298 [FXGL Background Thread 3 ] DEBUG Engine               - class com.almasb.fxgl.achievement.AchievementService
13:44:44.298 [FXGL Background Thread 3 ] DEBUG Engine               - class com.almasb.fxgl.cutscene.CutsceneService
13:44:44.299 [FXGL Background Thread 3 ] DEBUG Engine               - class com.almasb.fxgl.minigames.MiniGameService
13:44:44.300 [FXGL Background Thread 3 ] DEBUG Engine               - class com.almasb.fxgl.net.NetService
13:44:44.300 [FXGL Background Thread 3 ] DEBUG Engine               - class com.almasb.fxgl.app.services.UpdaterService
13:44:44.301 [FXGL Background Thread 3 ] DEBUG Engine               - class com.almasb.fxgl.dev.DevService
13:44:47.009 [JavaFX Application Thread] DEBUG FXGLApplication      - Exiting FXGL
13:44:47.010 [JavaFX Application Thread] DEBUG LoopRunner           - Stopping loop
13:44:47.010 [JavaFX Application Thread] DEBUG SystemBundleService  - Saving FXGL system data
13:44:47.017 [JavaFX Application Thread] DEBUG FileSystemAccess     - Writing to: C:\Users\Anisha Basropansingh\IdeaProjects\GameIpose\system\fxgl.bundle
13:44:47.022 [JavaFX Application Thread] DEBUG Async                - Shutting down background threads
13:44:47.023 [JavaFX Application Thread] DEBUG PrimaryStageWindow   - Closing main window
13:44:47.084 [JavaFX Application Thread] DEBUG Logger               - Closing Logger
