13:28:51.304 [main                     ] DEBUG Logger               - Configured Logger
13:28:51.321 [main                     ] DEBUG GameApplication      - Logging settings
Title: Infinity Rails
Version: 1.0
Width: 1280
Height: 720
Fullscreen: false
Intro: false
Profiling: false
Single step:false
App Mode: DEVELOPER
Menu Key: ESCAPE
Stage Style: DECORATED
Scene Factory: class Game$1

13:28:51.667 [JavaFX Application Thread] DEBUG FXGLApplication      - Initializing FXGL
13:28:51.670 [JavaFX Application Thread] INFO  Engine               - FXGL-11.14 (01.03.2021 16.59) on WINDOWS (J:15.0.2 FX:15)
13:28:51.671 [JavaFX Application Thread] DEBUG Engine               - JRE Vendor Name: Amazon.com Inc.
13:28:51.671 [JavaFX Application Thread] DEBUG Engine               - Running on OS: Windows 10 version 10.0
13:28:51.671 [JavaFX Application Thread] DEBUG Engine               - Architecture: amd64
13:28:51.671 [JavaFX Application Thread] INFO  Engine               - Source code and latest versions at: https://github.com/AlmasB/FXGL
13:28:51.672 [JavaFX Application Thread] INFO  Engine               -              Join the FXGL chat at: https://gitter.im/AlmasB/FXGL
13:28:51.779 [JavaFX Application Thread] DEBUG PrimaryStageWindow   - Creating a JavaFX scene
13:28:51.831 [JavaFX Application Thread] DEBUG PrimaryStageWindow   - Target settings size: 1280.0 x 720.0
13:28:51.832 [JavaFX Application Thread] DEBUG PrimaryStageWindow   - Scaled scene size:    1280.0 x 720.0
13:28:51.832 [JavaFX Application Thread] DEBUG PrimaryStageWindow   - Scaled ratio: (1.0, 1.0)
13:28:51.833 [JavaFX Application Thread] DEBUG PrimaryStageWindow   - Set initial scene to FXGLStartupScene
13:28:51.842 [JavaFX Application Thread] DEBUG PrimaryStageWindow   - Opening main window
13:28:51.942 [JavaFX Application Thread] DEBUG PrimaryStageWindow   - Window border size: (14.4000244140625, 37.5999755859375)
13:28:51.943 [JavaFX Application Thread] DEBUG PrimaryStageWindow   - Scaled size: 1280.0 x 720.0
13:28:51.943 [JavaFX Application Thread] DEBUG PrimaryStageWindow   - Scaled ratio: (1.0, 1.0)
13:28:51.943 [JavaFX Application Thread] DEBUG PrimaryStageWindow   - Scene size: 1280.0 x 720.0
13:28:51.944 [JavaFX Application Thread] DEBUG PrimaryStageWindow   - Stage size: 1294.4000244140625 x 757.5999755859375
13:28:51.954 [FXGL Background Thread 1 ] DEBUG Engine               - Initializing environment variables
13:28:51.999 [FXGL Background Thread 1 ] DEBUG FXGLAssetLoaderServi - User app class for loading assets: class Game
13:28:52.000 [FXGL Background Thread 1 ] DEBUG GameApplicationServi - Applying CSS: fxgl_dark.css
13:28:52.002 [FXGL Background Thread 1 ] DEBUG FXGLAssetLoaderServi - Loading from file system: jar:file:/C:/Users/Anisha%20Basropansingh/.m2/repository/com/github/almasb/fxgl/11.14/fxgl-11.14.jar!/fxglassets/ui/css/fxgl_dark.css
13:28:52.074 [FXGL Background Thread 1 ] DEBUG GameApplicationServi - Initializing application scenes
13:28:52.113 [FXGL Background Thread 1 ] DEBUG GameWorld            - Game world initialized
13:28:52.185 [FXGL Background Thread 1 ] DEBUG PhysicsWorld         - Physics world initialized: appHeight=720, physics.ppm=50,0
13:28:52.186 [FXGL Background Thread 1 ] DEBUG PhysicsWorld         - Using strategy: BRUTE_FORCE
13:28:52.189 [FXGL Background Thread 1 ] DEBUG GameScene            - Game scene initialized: 1280x720
13:28:52.304 [FXGL Background Thread 1 ] DEBUG FXGLAssetLoaderServi - Loading from file system: jar:file:/C:/Users/Anisha%20Basropansingh/.m2/repository/com/github/almasb/fxgl/11.14/fxgl-11.14.jar!/fxglassets/textures/particles/trace_horizontal.png
13:28:52.365 [FXGL Background Thread 1 ] DEBUG FXGL.DefaultMenu     - createMenuBodyGameMenu()
13:28:52.379 [FXGL Background Thread 1 ] DEBUG FXGL.DefaultMenu     - createOptionsMenu()
13:28:52.385 [FXGL Background Thread 1 ] DEBUG FXGLAssetLoaderServi - Loading from file system: jar:file:/C:/Users/Anisha%20Basropansingh/.m2/repository/com/github/almasb/fxgl/11.14/fxgl-11.14.jar!/fxglassets/textures/particles/smoke.png
13:28:52.443 [FXGL Background Thread 1 ] DEBUG GameApplicationServi - Application scenes initialized
13:28:52.452 [FXGL Background Thread 1 ] DEBUG SystemBundleService  - Loading FXGL system data
13:28:52.456 [FXGL Background Thread 1 ] DEBUG FileSystemAccess     - Reading from: C:\Users\Anisha Basropansingh\IdeaProjects\GameIpose\system\fxgl.bundle
13:28:52.461 [FXGL Background Thread 1 ] DEBUG SystemBundleService  - Bundle FXGL: {}
13:28:52.461 [FXGL Background Thread 1 ] DEBUG UpdaterService       - Checking for updates
13:28:52.465 [FXGL Background Thread 4 ] DEBUG FXGLApplication      - Loading fonts
13:28:52.466 [FXGL Background Thread 1 ] DEBUG FXGLApplication      - Loading default localization
13:28:52.466 [FXGL Background Thread 4 ] DEBUG FXGLAssetLoaderServi - Loading from file system: jar:file:/C:/Users/Anisha%20Basropansingh/.m2/repository/com/github/almasb/fxgl/11.14/fxgl-11.14.jar!/fxglassets/ui/fonts/VarelaRound-Regular.ttf
13:28:52.466 [FXGL Background Thread 1 ] DEBUG FXGLAssetLoaderServi - Loading from file system: jar:file:/C:/Users/Anisha%20Basropansingh/.m2/repository/com/github/almasb/fxgl/11.14/fxgl-11.14.jar!/fxglassets/languages/english.lang
13:28:52.482 [FXGL Background Thread 1 ] INFO  FXGLApplication      - FXGL initialization took: 0,528 sec
13:28:52.483 [JavaFX Application Thread] DEBUG FXGLAssetLoaderServi - Loading from file system: jar:file:/C:/Users/Anisha%20Basropansingh/.m2/repository/com/github/almasb/fxgl/11.14/fxgl-11.14.jar!/fxglassets/textures/fxgl_icon.png
13:28:52.503 [JavaFX Application Thread] DEBUG FXGLAssetLoaderServi - Loading from file system: jar:file:/C:/Users/Anisha%20Basropansingh/.m2/repository/com/github/almasb/fxgl/11.14/fxgl-11.14.jar!/fxglassets/ui/cursors/fxgl_default.png
13:28:52.518 [JavaFX Application Thread] DEBUG Input                - Registered new binding: Screenshot - P
13:28:52.518 [JavaFX Application Thread] DEBUG Input                - Registered new binding: System info dump - CTRL+9
13:28:52.518 [JavaFX Application Thread] DEBUG Input                - Registered new binding: Restart - CTRL+R
13:28:52.519 [JavaFX Application Thread] DEBUG Input                - Registered new binding: Toggle Debug Camera - CTRL+C
13:28:52.521 [JavaFX Application Thread] DEBUG LoopRunner           - Starting loop
13:28:52.521 [JavaFX Application Thread] DEBUG LoopRunner           - Initializing JavaFX AnimationTimerLoop
13:28:52.524 [JavaFX Application Thread] DEBUG Input                - Clearing active input actions
13:28:52.533 [JavaFX Application Thread] DEBUG GameApplicationServi - Removing overlay from FXGLStartupScene and adding to FXGLMainMenuDummyScene
13:28:52.533 [JavaFX Application Thread] DEBUG PrimaryStageWindow   - FXGLStartupScene -> FXGLMainMenuDummyScene
13:28:52.534 [JavaFX Application Thread] DEBUG PrimaryStageWindow   - Push state: GameMainMenu
13:28:52.534 [JavaFX Application Thread] DEBUG Input                - Clearing active input actions
13:28:52.534 [JavaFX Application Thread] DEBUG GameApplicationServi - Removing overlay from FXGLMainMenuDummyScene and adding to GameMainMenu
13:28:52.535 [JavaFX Application Thread] DEBUG PrimaryStageWindow   - FXGLMainMenuDummyScene -> GameMainMenu
13:28:52.549 [FXGL Background Thread 4 ] DEBUG FXGLAssetLoaderServi - Loading from file system: jar:file:/C:/Users/Anisha%20Basropansingh/.m2/repository/com/github/almasb/fxgl/11.14/fxgl-11.14.jar!/fxglassets/ui/fonts/Abel-Regular.ttf
13:28:52.560 [FXGL Background Thread 4 ] DEBUG FXGLAssetLoaderServi - Loading from file system: jar:file:/C:/Users/Anisha%20Basropansingh/.m2/repository/com/github/almasb/fxgl/11.14/fxgl-11.14.jar!/fxglassets/ui/fonts/lucida_console.ttf
13:28:52.575 [FXGL Background Thread 4 ] DEBUG FXGLAssetLoaderServi - Loading from file system: jar:file:/C:/Users/Anisha%20Basropansingh/.m2/repository/com/github/almasb/fxgl/11.14/fxgl-11.14.jar!/fxglassets/ui/fonts/Courier-Prime.ttf
13:28:52.589 [JavaFX Application Thread] DEBUG FXGLApplication      - Registering font factories with UI factory
13:28:52.822 [FXGL Background Thread 2 ] INFO  UpdaterService       - Your current version:  11.14
13:28:52.822 [FXGL Background Thread 2 ] INFO  UpdaterService       - Latest stable version: 17.1
13:28:55.464 [FXGL Background Thread 3 ] DEBUG Engine               - Logging environment variables
13:28:55.466 [FXGL Background Thread 3 ] DEBUG Engine               - achievements: []
13:28:55.466 [FXGL Background Thread 3 ] DEBUG Engine               - actualHeight: 720.0
13:28:55.467 [FXGL Background Thread 3 ] DEBUG Engine               - actualHeightProperty: ReadOnlyDoubleProperty [value: 720.0]
13:28:55.468 [FXGL Background Thread 3 ] DEBUG Engine               - actualWidth: 1280.0
13:28:55.469 [FXGL Background Thread 3 ] DEBUG Engine               - actualWidthProperty: ReadOnlyDoubleProperty [value: 1280.0]
13:28:55.469 [FXGL Background Thread 3 ] DEBUG Engine               - appIcon: fxgl_icon.png
13:28:55.470 [FXGL Background Thread 3 ] DEBUG Engine               - applicationMode: DEVELOPER
13:28:55.471 [FXGL Background Thread 3 ] DEBUG Engine               - cSSList: [fxgl_dark.css]
13:28:55.471 [FXGL Background Thread 3 ] DEBUG Engine               - collisionDetectionStrategy: BRUTE_FORCE
13:28:55.472 [FXGL Background Thread 3 ] DEBUG Engine               - configClass: Optional.empty
13:28:55.473 [FXGL Background Thread 3 ] DEBUG Engine               - credits: []
13:28:55.474 [FXGL Background Thread 3 ] DEBUG Engine               - devBBoxColorProperty: ObjectProperty [value: 0xff0000ff]
13:28:55.475 [FXGL Background Thread 3 ] DEBUG Engine               - devEnableDebugCameraProperty: BooleanProperty [value: false]
13:28:55.476 [FXGL Background Thread 3 ] DEBUG Engine               - devSensorColorProperty: ObjectProperty [value: 0xffff00ff]
13:28:55.478 [FXGL Background Thread 3 ] DEBUG Engine               - devShowBBoxProperty: BooleanProperty [value: false]
13:28:55.479 [FXGL Background Thread 3 ] DEBUG Engine               - devShowPositionProperty: BooleanProperty [value: false]
13:28:55.480 [FXGL Background Thread 3 ] DEBUG Engine               - enabledMenuItems: []
13:28:55.481 [FXGL Background Thread 3 ] DEBUG Engine               - engineServices: [class com.almasb.fxgl.app.services.FXGLAssetLoaderService, class com.almasb.fxgl.app.FXGLApplication$GameApplicationService, class com.almasb.fxgl.app.services.FXGLDialogService, class com.almasb.fxgl.app.services.IOTaskExecutorService, class com.almasb.fxgl.event.EventBusService, class com.almasb.fxgl.io.FileSystemService, class com.almasb.fxgl.localization.LocalizationService, class com.almasb.fxgl.app.services.SystemBundleService, class com.almasb.fxgl.profile.SaveLoadService, class com.almasb.fxgl.ui.FXGLUIFactoryServiceProvider, class com.almasb.fxgl.ui.FXGLDialogFactoryServiceProvider, class com.almasb.fxgl.audio.AudioPlayer, class com.almasb.fxgl.notification.impl.NotificationServiceProvider, class com.almasb.fxgl.achievement.AchievementService, class com.almasb.fxgl.cutscene.CutsceneService, class com.almasb.fxgl.minigames.MiniGameService, class com.almasb.fxgl.net.NetService, class com.almasb.fxgl.app.services.UpdaterService, class com.almasb.fxgl.dev.DevService]
13:28:55.482 [FXGL Background Thread 3 ] DEBUG Engine               - fontGame: Abel-Regular.ttf
13:28:55.483 [FXGL Background Thread 3 ] DEBUG Engine               - fontMono: lucida_console.ttf
13:28:55.484 [FXGL Background Thread 3 ] DEBUG Engine               - fontText: Courier-Prime.ttf
13:28:55.485 [FXGL Background Thread 3 ] DEBUG Engine               - fontUI: VarelaRound-Regular.ttf
13:28:55.486 [FXGL Background Thread 3 ] DEBUG Engine               - fullScreen: BooleanProperty [value: false]
13:28:55.487 [FXGL Background Thread 3 ] DEBUG Engine               - gameDifficulty: MEDIUM
13:28:55.488 [FXGL Background Thread 3 ] DEBUG Engine               - gameDifficultyProperty: ObjectProperty [value: MEDIUM]
13:28:55.489 [FXGL Background Thread 3 ] DEBUG Engine               - globalMusicVolume: 0.5
13:28:55.490 [FXGL Background Thread 3 ] DEBUG Engine               - globalMusicVolumeProperty: DoubleProperty [value: 0.5]
13:28:55.492 [FXGL Background Thread 3 ] DEBUG Engine               - globalSoundVolume: 0.5
13:28:55.493 [FXGL Background Thread 3 ] DEBUG Engine               - globalSoundVolumeProperty: DoubleProperty [value: 0.5]
13:28:55.494 [FXGL Background Thread 3 ] DEBUG Engine               - height: 720
13:28:55.495 [FXGL Background Thread 3 ] DEBUG Engine               - isAndroid: false
13:28:55.496 [FXGL Background Thread 3 ] DEBUG Engine               - isBrowser: false
13:28:55.496 [FXGL Background Thread 3 ] DEBUG Engine               - isClickFeedbackEnabled: false
13:28:55.497 [FXGL Background Thread 3 ] DEBUG Engine               - isCloseConfirmation: false
13:28:55.498 [FXGL Background Thread 3 ] DEBUG Engine               - isDesktop: true
13:28:55.498 [FXGL Background Thread 3 ] DEBUG Engine               - isDeveloperMenuEnabled: false
13:28:55.499 [FXGL Background Thread 3 ] DEBUG Engine               - isEntityPreloadEnabled: true
13:28:55.500 [FXGL Background Thread 3 ] DEBUG Engine               - isExperimental3D: false
13:28:55.501 [FXGL Background Thread 3 ] DEBUG Engine               - isExperimentalNative: false
13:28:55.501 [FXGL Background Thread 3 ] DEBUG Engine               - isExperimentalTiledLargeMap: false
13:28:55.501 [FXGL Background Thread 3 ] DEBUG Engine               - isFileSystemWriteAllowed: true
13:28:55.502 [FXGL Background Thread 3 ] DEBUG Engine               - isFullScreenAllowed: false
13:28:55.502 [FXGL Background Thread 3 ] DEBUG Engine               - isFullScreenFromStart: false
13:28:55.502 [FXGL Background Thread 3 ] DEBUG Engine               - isGameMenuEnabled: true
13:28:55.503 [FXGL Background Thread 3 ] DEBUG Engine               - isIOS: false
13:28:55.503 [FXGL Background Thread 3 ] DEBUG Engine               - isIntroEnabled: false
13:28:55.504 [FXGL Background Thread 3 ] DEBUG Engine               - isLinux: false
13:28:55.504 [FXGL Background Thread 3 ] DEBUG Engine               - isMac: false
13:28:55.504 [FXGL Background Thread 3 ] DEBUG Engine               - isMainMenuEnabled: true
13:28:55.505 [FXGL Background Thread 3 ] DEBUG Engine               - isManualResizeEnabled: false
13:28:55.505 [FXGL Background Thread 3 ] DEBUG Engine               - isMobile: false
13:28:55.505 [FXGL Background Thread 3 ] DEBUG Engine               - isPreserveResizeRatio: false
13:28:55.506 [FXGL Background Thread 3 ] DEBUG Engine               - isProfilingEnabled: false
13:28:55.506 [FXGL Background Thread 3 ] DEBUG Engine               - isScaleAffectedOnResize: true
13:28:55.506 [FXGL Background Thread 3 ] DEBUG Engine               - isSingleStep: false
13:28:55.507 [FXGL Background Thread 3 ] DEBUG Engine               - isUserProfileEnabled: false
13:28:55.507 [FXGL Background Thread 3 ] DEBUG Engine               - isWindows: true
13:28:55.507 [FXGL Background Thread 3 ] DEBUG Engine               - language: ObjectProperty [value: ENGLISH]
13:28:55.508 [FXGL Background Thread 3 ] DEBUG Engine               - menuKey: ESCAPE
13:28:55.508 [FXGL Background Thread 3 ] DEBUG Engine               - notificationViewClass: class com.almasb.fxgl.notification.view.XboxNotificationView
13:28:55.509 [FXGL Background Thread 3 ] DEBUG Engine               - pixelsPerMeter: 50.0
13:28:55.509 [FXGL Background Thread 3 ] DEBUG Engine               - platform: WINDOWS
13:28:55.510 [FXGL Background Thread 3 ] DEBUG Engine               - prefHeightProperty: ReadOnlyDoubleProperty [value: 720.0]
13:28:55.510 [FXGL Background Thread 3 ] DEBUG Engine               - prefWidthProperty: ReadOnlyDoubleProperty [value: 1280.0]
13:28:55.510 [FXGL Background Thread 3 ] DEBUG Engine               - profileDir: profiles/
13:28:55.511 [FXGL Background Thread 3 ] DEBUG Engine               - profileName: StringProperty [value: DEFAULT]
13:28:55.511 [FXGL Background Thread 3 ] DEBUG Engine               - randomSeed: -1
13:28:55.511 [FXGL Background Thread 3 ] DEBUG Engine               - runtimeInfo: RuntimeInfo(platform=WINDOWS, version=11.14, build=01.03.2021 16.59)
13:28:55.512 [FXGL Background Thread 3 ] DEBUG Engine               - saveFileExt: sav
13:28:55.512 [FXGL Background Thread 3 ] DEBUG Engine               - scaledHeightProp$fxgl: DoubleProperty [bound, value: 720.0]
13:28:55.512 [FXGL Background Thread 3 ] DEBUG Engine               - scaledWidthProp$fxgl: DoubleProperty [bound, value: 1280.0]
13:28:55.513 [FXGL Background Thread 3 ] DEBUG Engine               - sceneFactory: Game$1@47f59c7e
13:28:55.513 [FXGL Background Thread 3 ] DEBUG Engine               - secondsIn24h: 60
13:28:55.513 [FXGL Background Thread 3 ] DEBUG Engine               - soundMenuBack: menu/back.wav
13:28:55.514 [FXGL Background Thread 3 ] DEBUG Engine               - soundMenuPress: menu/press.wav
13:28:55.515 [FXGL Background Thread 3 ] DEBUG Engine               - soundMenuSelect: menu/select.wav
13:28:55.515 [FXGL Background Thread 3 ] DEBUG Engine               - soundNotification: core/notification.wav
13:28:55.515 [FXGL Background Thread 3 ] DEBUG Engine               - stageStyle: DECORATED
13:28:55.515 [FXGL Background Thread 3 ] DEBUG Engine               - supportedLanguages: [ENGLISH, FRENCH, GERMAN, HUNGARIAN, RUSSIAN]
13:28:55.516 [FXGL Background Thread 3 ] DEBUG Engine               - ticksPerSecond: -1
13:28:55.516 [FXGL Background Thread 3 ] DEBUG Engine               - title: Infinity Rails
13:28:55.516 [FXGL Background Thread 3 ] DEBUG Engine               - urlGithub: https://github.com/AlmasB/FXGL
13:28:55.517 [FXGL Background Thread 3 ] DEBUG Engine               - urlLeaderboard: http://fxgl-top.herokuapp.com/
13:28:55.517 [FXGL Background Thread 3 ] DEBUG Engine               - urlPOM: https://raw.githubusercontent.com/AlmasB/FXGL/release/README.md
13:28:55.517 [FXGL Background Thread 3 ] DEBUG Engine               - userAppClass: class Game
13:28:55.518 [FXGL Background Thread 3 ] DEBUG Engine               - version: 1.0
13:28:55.518 [FXGL Background Thread 3 ] DEBUG Engine               - versionCheckDays: 7
13:28:55.518 [FXGL Background Thread 3 ] DEBUG Engine               - width: 1280
13:28:55.518 [FXGL Background Thread 3 ] DEBUG Engine               - Logging services
13:28:55.519 [FXGL Background Thread 3 ] DEBUG Engine               - class com.almasb.fxgl.app.services.FXGLAssetLoaderService
13:28:55.519 [FXGL Background Thread 3 ] DEBUG Engine               - class com.almasb.fxgl.app.FXGLApplication$GameApplicationService
13:28:55.520 [FXGL Background Thread 3 ] DEBUG Engine               - class com.almasb.fxgl.app.services.FXGLDialogService
13:28:55.520 [FXGL Background Thread 3 ] DEBUG Engine               - class com.almasb.fxgl.app.services.IOTaskExecutorService
13:28:55.520 [FXGL Background Thread 3 ] DEBUG Engine               - class com.almasb.fxgl.event.EventBusService
13:28:55.521 [FXGL Background Thread 3 ] DEBUG Engine               - class com.almasb.fxgl.io.FileSystemService
13:28:55.521 [FXGL Background Thread 3 ] DEBUG Engine               - class com.almasb.fxgl.localization.LocalizationService
13:28:55.521 [FXGL Background Thread 3 ] DEBUG Engine               - class com.almasb.fxgl.app.services.SystemBundleService
13:28:55.522 [FXGL Background Thread 3 ] DEBUG Engine               - class com.almasb.fxgl.profile.SaveLoadService
13:28:55.522 [FXGL Background Thread 3 ] DEBUG Engine               - class com.almasb.fxgl.ui.FXGLUIFactoryServiceProvider
13:28:55.522 [FXGL Background Thread 3 ] DEBUG Engine               - class com.almasb.fxgl.ui.FXGLDialogFactoryServiceProvider
13:28:55.523 [FXGL Background Thread 3 ] DEBUG Engine               - class com.almasb.fxgl.audio.AudioPlayer
13:28:55.523 [FXGL Background Thread 3 ] DEBUG Engine               - class com.almasb.fxgl.notification.impl.NotificationServiceProvider
13:28:55.523 [FXGL Background Thread 3 ] DEBUG Engine               - class com.almasb.fxgl.achievement.AchievementService
13:28:55.524 [FXGL Background Thread 3 ] DEBUG Engine               - class com.almasb.fxgl.cutscene.CutsceneService
13:28:55.524 [FXGL Background Thread 3 ] DEBUG Engine               - class com.almasb.fxgl.minigames.MiniGameService
13:28:55.524 [FXGL Background Thread 3 ] DEBUG Engine               - class com.almasb.fxgl.net.NetService
13:28:55.525 [FXGL Background Thread 3 ] DEBUG Engine               - class com.almasb.fxgl.app.services.UpdaterService
13:28:55.525 [FXGL Background Thread 3 ] DEBUG Engine               - class com.almasb.fxgl.dev.DevService
13:28:59.238 [JavaFX Application Thread] DEBUG FXGLApplication      - Exiting FXGL
13:28:59.239 [JavaFX Application Thread] DEBUG LoopRunner           - Stopping loop
13:28:59.240 [JavaFX Application Thread] DEBUG SystemBundleService  - Saving FXGL system data
13:28:59.248 [JavaFX Application Thread] DEBUG FileSystemAccess     - Writing to: C:\Users\Anisha Basropansingh\IdeaProjects\GameIpose\system\fxgl.bundle
13:28:59.254 [JavaFX Application Thread] DEBUG Async                - Shutting down background threads
13:28:59.255 [JavaFX Application Thread] DEBUG PrimaryStageWindow   - Closing main window
13:28:59.314 [JavaFX Application Thread] DEBUG Logger               - Closing Logger
