15:48:38.018 [main                     ] DEBUG Logger               - Configured Logger
15:48:38.041 [main                     ] DEBUG GameApplication      - Logging settings
Title: Infinity Rails
Version: 1.0
Width: 1280
Height: 720
Fullscreen: false
Intro: false
Profiling: false
Single step:false
App Mode: DEVELOPER
Menu Key: ESCAPE
Stage Style: DECORATED
Scene Factory: class Game$1

15:48:38.486 [JavaFX Application Thread] DEBUG FXGLApplication      - Initializing FXGL
15:48:38.489 [JavaFX Application Thread] INFO  Engine               - FXGL-11.14 (01.03.2021 16.59) on MAC (J:15.0.2 FX:15)
15:48:38.489 [JavaFX Application Thread] DEBUG Engine               - JRE Vendor Name: Amazon.com Inc.
15:48:38.489 [JavaFX Application Thread] DEBUG Engine               - Running on OS: Mac OS X version 12.2
15:48:38.489 [JavaFX Application Thread] DEBUG Engine               - Architecture: x86_64
15:48:38.490 [JavaFX Application Thread] INFO  Engine               - Source code and latest versions at: https://github.com/AlmasB/FXGL
15:48:38.490 [JavaFX Application Thread] INFO  Engine               -              Join the FXGL chat at: https://gitter.im/AlmasB/FXGL
15:48:38.608 [JavaFX Application Thread] DEBUG PrimaryStageWindow   - Creating a JavaFX scene
15:48:38.667 [JavaFX Application Thread] DEBUG PrimaryStageWindow   - Target settings size: 1280.0 x 720.0
15:48:38.668 [JavaFX Application Thread] DEBUG PrimaryStageWindow   - Scaled scene size:    1280.0 x 720.0
15:48:38.669 [JavaFX Application Thread] DEBUG PrimaryStageWindow   - Scaled ratio: (1.0, 1.0)
15:48:38.671 [JavaFX Application Thread] DEBUG PrimaryStageWindow   - Set initial scene to FXGLStartupScene
15:48:38.677 [JavaFX Application Thread] DEBUG PrimaryStageWindow   - Opening main window
15:48:38.798 [JavaFX Application Thread] DEBUG PrimaryStageWindow   - Window border size: (0.0, 28.0)
15:48:38.798 [JavaFX Application Thread] DEBUG PrimaryStageWindow   - Scaled size: 1280.0 x 720.0
15:48:38.798 [JavaFX Application Thread] DEBUG PrimaryStageWindow   - Scaled ratio: (1.0, 1.0)
15:48:38.799 [JavaFX Application Thread] DEBUG PrimaryStageWindow   - Scene size: 1280.0 x 720.0
15:48:38.799 [JavaFX Application Thread] DEBUG PrimaryStageWindow   - Stage size: 1280.0 x 748.0
15:48:38.812 [FXGL Background Thread 1 ] DEBUG Engine               - Initializing environment variables
15:48:38.876 [FXGL Background Thread 1 ] DEBUG FXGLAssetLoaderServi - User app class for loading assets: class Game
15:48:38.880 [FXGL Background Thread 1 ] DEBUG GameApplicationServi - Applying CSS: fxgl_dark.css
15:48:38.892 [FXGL Background Thread 1 ] DEBUG FXGLAssetLoaderServi - Loading from file system: jar:file:/Users/matthew/.m2/repository/com/github/almasb/fxgl/11.14/fxgl-11.14.jar!/fxglassets/ui/css/fxgl_dark.css
15:48:39.012 [FXGL Background Thread 1 ] DEBUG GameApplicationServi - Initializing application scenes
15:48:39.169 [FXGL Background Thread 1 ] DEBUG GameWorld            - Game world initialized
15:48:39.205 [FXGL Background Thread 1 ] DEBUG PhysicsWorld         - Physics world initialized: appHeight=720, physics.ppm=50,0
15:48:39.207 [FXGL Background Thread 1 ] DEBUG PhysicsWorld         - Using strategy: BRUTE_FORCE
15:48:39.220 [FXGL Background Thread 1 ] DEBUG GameScene            - Game scene initialized: 1280x720
15:48:39.276 [FXGL Background Thread 1 ] DEBUG FXGLAssetLoaderServi - Loading from file system: jar:file:/Users/matthew/.m2/repository/com/github/almasb/fxgl/11.14/fxgl-11.14.jar!/fxglassets/textures/particles/trace_horizontal.png
15:48:39.324 [FXGL Background Thread 1 ] DEBUG FXGL.DefaultMenu     - createMenuBodyGameMenu()
15:48:39.335 [FXGL Background Thread 1 ] DEBUG FXGL.DefaultMenu     - createOptionsMenu()
15:48:39.345 [FXGL Background Thread 1 ] DEBUG FXGLAssetLoaderServi - Loading from file system: jar:file:/Users/matthew/.m2/repository/com/github/almasb/fxgl/11.14/fxgl-11.14.jar!/fxglassets/textures/particles/smoke.png
15:48:39.444 [FXGL Background Thread 1 ] DEBUG GameApplicationServi - Application scenes initialized
15:48:39.456 [FXGL Background Thread 1 ] DEBUG SystemBundleService  - Loading FXGL system data
15:48:39.463 [FXGL Background Thread 1 ] DEBUG FileSystemAccess     - Reading from: /Users/matthew/Documents/GitHub/seChallangeWeek/system/fxgl.bundle
15:48:39.471 [FXGL Background Thread 1 ] DEBUG SystemBundleService  - Bundle FXGL: {}
15:48:39.473 [FXGL Background Thread 1 ] DEBUG UpdaterService       - Checking for updates
15:48:39.479 [FXGL Background Thread 4 ] DEBUG FXGLApplication      - Loading fonts
15:48:39.481 [FXGL Background Thread 1 ] DEBUG FXGLApplication      - Loading default localization
15:48:39.491 [FXGL Background Thread 4 ] DEBUG FXGLAssetLoaderServi - Loading from file system: jar:file:/Users/matthew/.m2/repository/com/github/almasb/fxgl/11.14/fxgl-11.14.jar!/fxglassets/ui/fonts/VarelaRound-Regular.ttf
15:48:39.491 [FXGL Background Thread 1 ] DEBUG FXGLAssetLoaderServi - Loading from file system: jar:file:/Users/matthew/.m2/repository/com/github/almasb/fxgl/11.14/fxgl-11.14.jar!/fxglassets/languages/english.lang
15:48:39.529 [FXGL Background Thread 1 ] INFO  FXGLApplication      - FXGL initialization took: 0,713 sec
15:48:39.533 [FXGL Background Thread 4 ] DEBUG FXGLAssetLoaderServi - Loading from file system: jar:file:/Users/matthew/.m2/repository/com/github/almasb/fxgl/11.14/fxgl-11.14.jar!/fxglassets/ui/fonts/Abel-Regular.ttf
15:48:39.536 [JavaFX Application Thread] DEBUG FXGLAssetLoaderServi - Loading from file system: jar:file:/Users/matthew/.m2/repository/com/github/almasb/fxgl/11.14/fxgl-11.14.jar!/fxglassets/textures/fxgl_icon.png
15:48:39.542 [FXGL Background Thread 4 ] DEBUG FXGLAssetLoaderServi - Loading from file system: jar:file:/Users/matthew/.m2/repository/com/github/almasb/fxgl/11.14/fxgl-11.14.jar!/fxglassets/ui/fonts/lucida_console.ttf
15:48:39.550 [FXGL Background Thread 4 ] DEBUG FXGLAssetLoaderServi - Loading from file system: jar:file:/Users/matthew/.m2/repository/com/github/almasb/fxgl/11.14/fxgl-11.14.jar!/fxglassets/ui/fonts/Courier-Prime.ttf
15:48:39.583 [JavaFX Application Thread] DEBUG FXGLAssetLoaderServi - Loading from file system: jar:file:/Users/matthew/.m2/repository/com/github/almasb/fxgl/11.14/fxgl-11.14.jar!/fxglassets/ui/cursors/fxgl_default.png
15:48:39.600 [JavaFX Application Thread] DEBUG Input                - Registered new binding: Screenshot - P
15:48:39.604 [JavaFX Application Thread] DEBUG Input                - Registered new binding: System info dump - CTRL+9
15:48:39.607 [JavaFX Application Thread] DEBUG Input                - Registered new binding: Restart - CTRL+R
15:48:39.610 [JavaFX Application Thread] DEBUG Input                - Registered new binding: Toggle Debug Camera - CTRL+C
15:48:39.618 [JavaFX Application Thread] DEBUG LoopRunner           - Starting loop
15:48:39.621 [JavaFX Application Thread] DEBUG LoopRunner           - Initializing JavaFX AnimationTimerLoop
15:48:39.628 [JavaFX Application Thread] DEBUG Input                - Clearing active input actions
15:48:39.683 [JavaFX Application Thread] DEBUG GameApplicationServi - Removing overlay from FXGLStartupScene and adding to FXGLMainMenuDummyScene
15:48:39.687 [JavaFX Application Thread] DEBUG PrimaryStageWindow   - FXGLStartupScene -> FXGLMainMenuDummyScene
15:48:39.690 [JavaFX Application Thread] DEBUG PrimaryStageWindow   - Push state: GameMainMenu
15:48:39.692 [JavaFX Application Thread] DEBUG Input                - Clearing active input actions
15:48:39.700 [JavaFX Application Thread] DEBUG GameApplicationServi - Removing overlay from FXGLMainMenuDummyScene and adding to GameMainMenu
15:48:39.704 [JavaFX Application Thread] DEBUG PrimaryStageWindow   - FXGLMainMenuDummyScene -> GameMainMenu
15:48:39.754 [JavaFX Application Thread] DEBUG FXGLApplication      - Registering font factories with UI factory
15:48:40.246 [FXGL Background Thread 2 ] INFO  UpdaterService       - Your current version:  11.14
15:48:40.254 [FXGL Background Thread 2 ] INFO  UpdaterService       - Latest stable version: 17.1
15:48:42.485 [FXGL Background Thread 3 ] DEBUG Engine               - Logging environment variables
15:48:42.496 [FXGL Background Thread 3 ] DEBUG Engine               - achievements: []
15:48:42.499 [FXGL Background Thread 3 ] DEBUG Engine               - actualHeight: 720.0
15:48:42.502 [FXGL Background Thread 3 ] DEBUG Engine               - actualHeightProperty: ReadOnlyDoubleProperty [value: 720.0]
15:48:42.509 [FXGL Background Thread 3 ] DEBUG Engine               - actualWidth: 1280.0
15:48:42.511 [FXGL Background Thread 3 ] DEBUG Engine               - actualWidthProperty: ReadOnlyDoubleProperty [value: 1280.0]
15:48:42.515 [FXGL Background Thread 3 ] DEBUG Engine               - appIcon: fxgl_icon.png
15:48:42.517 [FXGL Background Thread 3 ] DEBUG Engine               - applicationMode: DEVELOPER
15:48:42.518 [FXGL Background Thread 3 ] DEBUG Engine               - cSSList: [fxgl_dark.css]
15:48:42.520 [FXGL Background Thread 3 ] DEBUG Engine               - collisionDetectionStrategy: BRUTE_FORCE
15:48:42.522 [FXGL Background Thread 3 ] DEBUG Engine               - configClass: Optional.empty
15:48:42.524 [FXGL Background Thread 3 ] DEBUG Engine               - credits: []
15:48:42.531 [FXGL Background Thread 3 ] DEBUG Engine               - devBBoxColorProperty: ObjectProperty [value: 0xff0000ff]
15:48:42.534 [FXGL Background Thread 3 ] DEBUG Engine               - devEnableDebugCameraProperty: BooleanProperty [value: false]
15:48:42.541 [FXGL Background Thread 3 ] DEBUG Engine               - devSensorColorProperty: ObjectProperty [value: 0xffff00ff]
15:48:42.542 [FXGL Background Thread 3 ] DEBUG Engine               - devShowBBoxProperty: BooleanProperty [value: false]
15:48:42.544 [FXGL Background Thread 3 ] DEBUG Engine               - devShowPositionProperty: BooleanProperty [value: false]
15:48:42.546 [FXGL Background Thread 3 ] DEBUG Engine               - enabledMenuItems: []
15:48:42.547 [FXGL Background Thread 3 ] DEBUG Engine               - engineServices: [class com.almasb.fxgl.app.services.FXGLAssetLoaderService, class com.almasb.fxgl.app.FXGLApplication$GameApplicationService, class com.almasb.fxgl.app.services.FXGLDialogService, class com.almasb.fxgl.app.services.IOTaskExecutorService, class com.almasb.fxgl.event.EventBusService, class com.almasb.fxgl.io.FileSystemService, class com.almasb.fxgl.localization.LocalizationService, class com.almasb.fxgl.app.services.SystemBundleService, class com.almasb.fxgl.profile.SaveLoadService, class com.almasb.fxgl.ui.FXGLUIFactoryServiceProvider, class com.almasb.fxgl.ui.FXGLDialogFactoryServiceProvider, class com.almasb.fxgl.audio.AudioPlayer, class com.almasb.fxgl.notification.impl.NotificationServiceProvider, class com.almasb.fxgl.achievement.AchievementService, class com.almasb.fxgl.cutscene.CutsceneService, class com.almasb.fxgl.minigames.MiniGameService, class com.almasb.fxgl.net.NetService, class com.almasb.fxgl.app.services.UpdaterService, class com.almasb.fxgl.dev.DevService]
15:48:42.548 [FXGL Background Thread 3 ] DEBUG Engine               - fontGame: Abel-Regular.ttf
15:48:42.549 [FXGL Background Thread 3 ] DEBUG Engine               - fontMono: lucida_console.ttf
15:48:42.550 [FXGL Background Thread 3 ] DEBUG Engine               - fontText: Courier-Prime.ttf
15:48:42.551 [FXGL Background Thread 3 ] DEBUG Engine               - fontUI: VarelaRound-Regular.ttf
15:48:42.552 [FXGL Background Thread 3 ] DEBUG Engine               - fullScreen: BooleanProperty [value: false]
15:48:42.554 [FXGL Background Thread 3 ] DEBUG Engine               - gameDifficulty: MEDIUM
15:48:42.555 [FXGL Background Thread 3 ] DEBUG Engine               - gameDifficultyProperty: ObjectProperty [value: MEDIUM]
15:48:42.557 [FXGL Background Thread 3 ] DEBUG Engine               - globalMusicVolume: 0.5
15:48:42.558 [FXGL Background Thread 3 ] DEBUG Engine               - globalMusicVolumeProperty: DoubleProperty [value: 0.5]
15:48:42.559 [FXGL Background Thread 3 ] DEBUG Engine               - globalSoundVolume: 0.5
15:48:42.561 [FXGL Background Thread 3 ] DEBUG Engine               - globalSoundVolumeProperty: DoubleProperty [value: 0.5]
15:48:42.562 [FXGL Background Thread 3 ] DEBUG Engine               - height: 720
15:48:42.563 [FXGL Background Thread 3 ] DEBUG Engine               - isAndroid: false
15:48:42.564 [FXGL Background Thread 3 ] DEBUG Engine               - isBrowser: false
15:48:42.566 [FXGL Background Thread 3 ] DEBUG Engine               - isClickFeedbackEnabled: false
15:48:42.567 [FXGL Background Thread 3 ] DEBUG Engine               - isCloseConfirmation: false
15:48:42.568 [FXGL Background Thread 3 ] DEBUG Engine               - isDesktop: true
15:48:42.569 [FXGL Background Thread 3 ] DEBUG Engine               - isDeveloperMenuEnabled: false
15:48:42.571 [FXGL Background Thread 3 ] DEBUG Engine               - isEntityPreloadEnabled: true
15:48:42.572 [FXGL Background Thread 3 ] DEBUG Engine               - isExperimental3D: false
15:48:42.573 [FXGL Background Thread 3 ] DEBUG Engine               - isExperimentalNative: false
15:48:42.574 [FXGL Background Thread 3 ] DEBUG Engine               - isExperimentalTiledLargeMap: false
15:48:42.575 [FXGL Background Thread 3 ] DEBUG Engine               - isFileSystemWriteAllowed: true
15:48:42.576 [FXGL Background Thread 3 ] DEBUG Engine               - isFullScreenAllowed: false
15:48:42.577 [FXGL Background Thread 3 ] DEBUG Engine               - isFullScreenFromStart: false
15:48:42.579 [FXGL Background Thread 3 ] DEBUG Engine               - isGameMenuEnabled: true
15:48:42.580 [FXGL Background Thread 3 ] DEBUG Engine               - isIOS: false
15:48:42.582 [FXGL Background Thread 3 ] DEBUG Engine               - isIntroEnabled: false
15:48:42.583 [FXGL Background Thread 3 ] DEBUG Engine               - isLinux: false
15:48:42.584 [FXGL Background Thread 3 ] DEBUG Engine               - isMac: true
15:48:42.585 [FXGL Background Thread 3 ] DEBUG Engine               - isMainMenuEnabled: true
15:48:42.586 [FXGL Background Thread 3 ] DEBUG Engine               - isManualResizeEnabled: false
15:48:42.587 [FXGL Background Thread 3 ] DEBUG Engine               - isMobile: false
15:48:42.588 [FXGL Background Thread 3 ] DEBUG Engine               - isPreserveResizeRatio: false
15:48:42.589 [FXGL Background Thread 3 ] DEBUG Engine               - isProfilingEnabled: false
15:48:42.590 [FXGL Background Thread 3 ] DEBUG Engine               - isScaleAffectedOnResize: true
15:48:42.591 [FXGL Background Thread 3 ] DEBUG Engine               - isSingleStep: false
15:48:42.592 [FXGL Background Thread 3 ] DEBUG Engine               - isUserProfileEnabled: false
15:48:42.593 [FXGL Background Thread 3 ] DEBUG Engine               - isWindows: false
15:48:42.595 [FXGL Background Thread 3 ] DEBUG Engine               - language: ObjectProperty [value: ENGLISH]
15:48:42.596 [FXGL Background Thread 3 ] DEBUG Engine               - menuKey: ESCAPE
15:48:42.598 [FXGL Background Thread 3 ] DEBUG Engine               - notificationViewClass: class com.almasb.fxgl.notification.view.XboxNotificationView
15:48:42.600 [FXGL Background Thread 3 ] DEBUG Engine               - pixelsPerMeter: 50.0
15:48:42.601 [FXGL Background Thread 3 ] DEBUG Engine               - platform: MAC
15:48:42.602 [FXGL Background Thread 3 ] DEBUG Engine               - prefHeightProperty: ReadOnlyDoubleProperty [value: 720.0]
15:48:42.603 [FXGL Background Thread 3 ] DEBUG Engine               - prefWidthProperty: ReadOnlyDoubleProperty [value: 1280.0]
15:48:42.604 [FXGL Background Thread 3 ] DEBUG Engine               - profileDir: profiles/
15:48:42.606 [FXGL Background Thread 3 ] DEBUG Engine               - profileName: StringProperty [value: DEFAULT]
15:48:42.607 [FXGL Background Thread 3 ] DEBUG Engine               - randomSeed: -1
15:48:42.608 [FXGL Background Thread 3 ] DEBUG Engine               - runtimeInfo: RuntimeInfo(platform=MAC, version=11.14, build=01.03.2021 16.59)
15:48:42.609 [FXGL Background Thread 3 ] DEBUG Engine               - saveFileExt: sav
15:48:42.610 [FXGL Background Thread 3 ] DEBUG Engine               - scaledHeightProp$fxgl: DoubleProperty [bound, value: 720.0]
15:48:42.611 [FXGL Background Thread 3 ] DEBUG Engine               - scaledWidthProp$fxgl: DoubleProperty [bound, value: 1280.0]
15:48:42.612 [FXGL Background Thread 3 ] DEBUG Engine               - sceneFactory: Game$1@5313040
15:48:42.613 [FXGL Background Thread 3 ] DEBUG Engine               - secondsIn24h: 60
15:48:42.614 [FXGL Background Thread 3 ] DEBUG Engine               - soundMenuBack: menu/back.wav
15:48:42.615 [FXGL Background Thread 3 ] DEBUG Engine               - soundMenuPress: menu/press.wav
15:48:42.618 [FXGL Background Thread 3 ] DEBUG Engine               - soundMenuSelect: menu/select.wav
15:48:42.619 [FXGL Background Thread 3 ] DEBUG Engine               - soundNotification: core/notification.wav
15:48:42.620 [FXGL Background Thread 3 ] DEBUG Engine               - stageStyle: DECORATED
15:48:42.621 [FXGL Background Thread 3 ] DEBUG Engine               - supportedLanguages: [ENGLISH, FRENCH, GERMAN, HUNGARIAN, RUSSIAN]
15:48:42.622 [FXGL Background Thread 3 ] DEBUG Engine               - ticksPerSecond: -1
15:48:42.624 [FXGL Background Thread 3 ] DEBUG Engine               - title: Infinity Rails
15:48:42.625 [FXGL Background Thread 3 ] DEBUG Engine               - urlGithub: https://github.com/AlmasB/FXGL
15:48:42.626 [FXGL Background Thread 3 ] DEBUG Engine               - urlLeaderboard: http://fxgl-top.herokuapp.com/
15:48:42.627 [FXGL Background Thread 3 ] DEBUG Engine               - urlPOM: https://raw.githubusercontent.com/AlmasB/FXGL/release/README.md
15:48:42.628 [FXGL Background Thread 3 ] DEBUG Engine               - userAppClass: class Game
15:48:42.629 [FXGL Background Thread 3 ] DEBUG Engine               - version: 1.0
15:48:42.630 [FXGL Background Thread 3 ] DEBUG Engine               - versionCheckDays: 7
15:48:42.631 [FXGL Background Thread 3 ] DEBUG Engine               - width: 1280
15:48:42.631 [FXGL Background Thread 3 ] DEBUG Engine               - Logging services
15:48:42.632 [FXGL Background Thread 3 ] DEBUG Engine               - class com.almasb.fxgl.app.services.FXGLAssetLoaderService
15:48:42.633 [FXGL Background Thread 3 ] DEBUG Engine               - class com.almasb.fxgl.app.FXGLApplication$GameApplicationService
15:48:42.635 [FXGL Background Thread 3 ] DEBUG Engine               - class com.almasb.fxgl.app.services.FXGLDialogService
15:48:42.637 [FXGL Background Thread 3 ] DEBUG Engine               - class com.almasb.fxgl.app.services.IOTaskExecutorService
15:48:42.638 [FXGL Background Thread 3 ] DEBUG Engine               - class com.almasb.fxgl.event.EventBusService
15:48:42.639 [FXGL Background Thread 3 ] DEBUG Engine               - class com.almasb.fxgl.io.FileSystemService
15:48:42.639 [FXGL Background Thread 3 ] DEBUG Engine               - class com.almasb.fxgl.localization.LocalizationService
15:48:42.640 [FXGL Background Thread 3 ] DEBUG Engine               - class com.almasb.fxgl.app.services.SystemBundleService
15:48:42.641 [FXGL Background Thread 3 ] DEBUG Engine               - class com.almasb.fxgl.profile.SaveLoadService
15:48:42.642 [FXGL Background Thread 3 ] DEBUG Engine               - class com.almasb.fxgl.ui.FXGLUIFactoryServiceProvider
15:48:42.643 [FXGL Background Thread 3 ] DEBUG Engine               - class com.almasb.fxgl.ui.FXGLDialogFactoryServiceProvider
15:48:42.644 [FXGL Background Thread 3 ] DEBUG Engine               - class com.almasb.fxgl.audio.AudioPlayer
15:48:42.646 [FXGL Background Thread 3 ] DEBUG Engine               - class com.almasb.fxgl.notification.impl.NotificationServiceProvider
15:48:42.647 [FXGL Background Thread 3 ] DEBUG Engine               - class com.almasb.fxgl.achievement.AchievementService
15:48:42.648 [FXGL Background Thread 3 ] DEBUG Engine               - class com.almasb.fxgl.cutscene.CutsceneService
15:48:42.649 [FXGL Background Thread 3 ] DEBUG Engine               - class com.almasb.fxgl.minigames.MiniGameService
15:48:42.650 [FXGL Background Thread 3 ] DEBUG Engine               - class com.almasb.fxgl.net.NetService
15:48:42.651 [FXGL Background Thread 3 ] DEBUG Engine               - class com.almasb.fxgl.app.services.UpdaterService
15:48:42.654 [FXGL Background Thread 3 ] DEBUG Engine               - class com.almasb.fxgl.dev.DevService
15:48:47.759 [JavaFX Application Thread] DEBUG Menu                 - fireNewGame()
15:48:47.762 [JavaFX Application Thread] DEBUG GameApplicationServi - Starting new game
15:48:47.764 [JavaFX Application Thread] DEBUG PrimaryStageWindow   - Pop state: GameMainMenu
15:48:47.765 [JavaFX Application Thread] DEBUG Input                - Clearing active input actions
15:48:47.773 [JavaFX Application Thread] DEBUG GameApplicationServi - Removing overlay from GameMainMenu and adding to FXGLMainMenuDummyScene
15:48:47.780 [JavaFX Application Thread] DEBUG PrimaryStageWindow   - FXGLMainMenuDummyScene <- GameMainMenu
15:48:47.783 [JavaFX Application Thread] DEBUG Input                - Clearing active input actions
15:48:47.825 [JavaFX Application Thread] DEBUG GameApplicationServi - Removing overlay from FXGLMainMenuDummyScene and adding to FXGLLoadingScene
15:48:47.827 [JavaFX Application Thread] DEBUG PrimaryStageWindow   - FXGLMainMenuDummyScene -> FXGLLoadingScene
15:48:47.831 [JavaFX Application Thread] DEBUG GameApplicationServi - Clearing previous game
15:48:47.832 [JavaFX Application Thread] DEBUG GameScene            - Clearing game scene
15:48:47.834 [JavaFX Application Thread] DEBUG GameWorld            - Clearing game world
15:48:47.835 [JavaFX Application Thread] DEBUG PhysicsWorld         - Clearing physics world
15:48:47.840 [FXGL Background Thread 2 ] DEBUG FXGLApplication      - Initializing game
15:48:47.885 [FXGL Background Thread 2 ] INFO  FXGLApplication      - Game initialization took: 0,044 sec
15:48:47.906 [JavaFX Application Thread] DEBUG Input                - Clearing active input actions
15:48:47.936 [JavaFX Application Thread] DEBUG GameApplicationServi - Removing overlay from FXGLLoadingScene and adding to GameScene
15:48:47.938 [JavaFX Application Thread] DEBUG PrimaryStageWindow   - FXGLLoadingScene -> GameScene
15:48:58.767 [JavaFX Application Thread] DEBUG FXGLApplication      - Exiting FXGL
15:48:58.768 [JavaFX Application Thread] DEBUG LoopRunner           - Stopping loop
15:48:58.770 [JavaFX Application Thread] DEBUG SystemBundleService  - Saving FXGL system data
15:48:58.774 [JavaFX Application Thread] DEBUG FileSystemAccess     - Writing to: /Users/matthew/Documents/GitHub/seChallangeWeek/system/fxgl.bundle
15:48:58.777 [JavaFX Application Thread] DEBUG Async                - Shutting down background threads
15:48:58.778 [JavaFX Application Thread] DEBUG PrimaryStageWindow   - Closing main window
15:48:58.803 [JavaFX Application Thread] DEBUG Logger               - Closing Logger
