14:16:59.643 [main                     ] DEBUG Logger               - Configured Logger
14:16:59.669 [main                     ] DEBUG GameApplication      - Logging settings
Title: TestApp
Version: 5.0
Width: 2100
Height: 1400
Fullscreen: false
Intro: false
Profiling: false
Single step:false
App Mode: DEVELOPER
Menu Key: ESCAPE
Stage Style: DECORATED
Scene Factory: class com.almasb.fxgl.app.scene.SceneFactory

14:17:00.090 [JavaFX Application Thread] DEBUG FXGLApplication      - Initializing FXGL
14:17:00.093 [JavaFX Application Thread] INFO  Engine               - FXGL-11.14 (01.03.2021 16.59) on MAC (J:15.0.2 FX:15)
14:17:00.094 [JavaFX Application Thread] DEBUG Engine               - JRE Vendor Name: Oracle Corporation
14:17:00.094 [JavaFX Application Thread] DEBUG Engine               - Running on OS: Mac OS X version 10.16
14:17:00.094 [JavaFX Application Thread] DEBUG Engine               - Architecture: x86_64
14:17:00.094 [JavaFX Application Thread] INFO  Engine               - Source code and latest versions at: https://github.com/AlmasB/FXGL
14:17:00.095 [JavaFX Application Thread] INFO  Engine               -              Join the FXGL chat at: https://gitter.im/AlmasB/FXGL
14:17:00.234 [JavaFX Application Thread] DEBUG PrimaryStageWindow   - Creating a JavaFX scene
14:17:00.235 [JavaFX Application Thread] DEBUG PrimaryStageWindow   - Target size > screen size
14:17:00.296 [JavaFX Application Thread] DEBUG PrimaryStageWindow   - Target settings size: 2100.0 x 1400.0
14:17:00.297 [JavaFX Application Thread] DEBUG PrimaryStageWindow   - Scaled scene size:    1271.0 x 864.0
14:17:00.297 [JavaFX Application Thread] DEBUG PrimaryStageWindow   - Scaled ratio: (0.6052380952380952, 0.6171428571428571)
14:17:00.299 [JavaFX Application Thread] DEBUG PrimaryStageWindow   - Set initial scene to FXGLStartupScene
14:17:00.308 [JavaFX Application Thread] DEBUG PrimaryStageWindow   - Opening main window
14:17:00.465 [JavaFX Application Thread] DEBUG PrimaryStageWindow   - Window border size: (0.0, 28.0)
14:17:00.465 [JavaFX Application Thread] DEBUG PrimaryStageWindow   - Scaled size: 1271.0 x 864.0
14:17:00.465 [JavaFX Application Thread] DEBUG PrimaryStageWindow   - Scaled ratio: (0.6052380952380952, 0.6171428571428571)
14:17:00.465 [JavaFX Application Thread] DEBUG PrimaryStageWindow   - Scene size: 1271.0 x 864.0
14:17:00.466 [JavaFX Application Thread] DEBUG PrimaryStageWindow   - Stage size: 1271.0 x 892.0
14:17:00.476 [FXGL Background Thread 1 ] DEBUG Engine               - Initializing environment variables
14:17:00.541 [FXGL Background Thread 1 ] DEBUG FXGLAssetLoaderServi - User app class for loading assets: class Game
14:17:00.542 [FXGL Background Thread 1 ] DEBUG GameApplicationServi - Applying CSS: fxgl_dark.css
14:17:00.543 [FXGL Background Thread 1 ] DEBUG FXGLAssetLoaderServi - Loading from file system: jar:file:/Users/matthew/.m2/repository/com/github/almasb/fxgl/11.14/fxgl-11.14.jar!/fxglassets/ui/css/fxgl_dark.css
14:17:00.656 [FXGL Background Thread 1 ] DEBUG GameApplicationServi - Initializing application scenes
14:17:00.820 [FXGL Background Thread 1 ] DEBUG GameWorld            - Game world initialized
14:17:00.859 [FXGL Background Thread 1 ] DEBUG PhysicsWorld         - Physics world initialized: appHeight=1400, physics.ppm=50,0
14:17:00.864 [FXGL Background Thread 1 ] DEBUG PhysicsWorld         - Using strategy: BRUTE_FORCE
14:17:00.873 [FXGL Background Thread 1 ] DEBUG GameScene            - Game scene initialized: 2100x1400
14:17:00.922 [FXGL Background Thread 1 ] DEBUG FXGLAssetLoaderServi - Loading from file system: jar:file:/Users/matthew/.m2/repository/com/github/almasb/fxgl/11.14/fxgl-11.14.jar!/fxglassets/textures/particles/trace_horizontal.png
14:17:00.974 [FXGL Background Thread 1 ] DEBUG FXGL.DefaultMenu     - createMenuBodyGameMenu()
14:17:00.991 [FXGL Background Thread 1 ] DEBUG FXGL.DefaultMenu     - createOptionsMenu()
14:17:01.000 [FXGL Background Thread 1 ] DEBUG FXGLAssetLoaderServi - Loading from file system: jar:file:/Users/matthew/.m2/repository/com/github/almasb/fxgl/11.14/fxgl-11.14.jar!/fxglassets/textures/particles/smoke.png
14:17:01.102 [FXGL Background Thread 1 ] DEBUG GameApplicationServi - Application scenes initialized
14:17:01.113 [FXGL Background Thread 1 ] DEBUG SystemBundleService  - Loading FXGL system data
14:17:01.120 [FXGL Background Thread 1 ] DEBUG FileSystemAccess     - Reading from: /Users/matthew/IdeaProjects/ipose_game/system/fxgl.bundle
14:17:01.130 [FXGL Background Thread 1 ] DEBUG SystemBundleService  - Bundle FXGL: {}
14:17:01.131 [FXGL Background Thread 1 ] DEBUG UpdaterService       - Checking for updates
14:17:01.138 [FXGL Background Thread 4 ] DEBUG FXGLApplication      - Loading fonts
14:17:01.139 [FXGL Background Thread 1 ] DEBUG FXGLApplication      - Loading default localization
14:17:01.149 [FXGL Background Thread 4 ] DEBUG FXGLAssetLoaderServi - Loading from file system: jar:file:/Users/matthew/.m2/repository/com/github/almasb/fxgl/11.14/fxgl-11.14.jar!/fxglassets/ui/fonts/VarelaRound-Regular.ttf
14:17:01.148 [FXGL Background Thread 1 ] DEBUG FXGLAssetLoaderServi - Loading from file system: jar:file:/Users/matthew/.m2/repository/com/github/almasb/fxgl/11.14/fxgl-11.14.jar!/fxglassets/languages/english.lang
14:17:01.180 [FXGL Background Thread 4 ] DEBUG FXGLAssetLoaderServi - Loading from file system: jar:file:/Users/matthew/.m2/repository/com/github/almasb/fxgl/11.14/fxgl-11.14.jar!/fxglassets/ui/fonts/Abel-Regular.ttf
14:17:01.186 [FXGL Background Thread 1 ] INFO  FXGLApplication      - FXGL initialization took: 0,709 sec
14:17:01.192 [FXGL Background Thread 4 ] DEBUG FXGLAssetLoaderServi - Loading from file system: jar:file:/Users/matthew/.m2/repository/com/github/almasb/fxgl/11.14/fxgl-11.14.jar!/fxglassets/ui/fonts/lucida_console.ttf
14:17:01.198 [FXGL Background Thread 4 ] DEBUG FXGLAssetLoaderServi - Loading from file system: jar:file:/Users/matthew/.m2/repository/com/github/almasb/fxgl/11.14/fxgl-11.14.jar!/fxglassets/ui/fonts/Courier-Prime.ttf
14:17:01.204 [JavaFX Application Thread] DEBUG Input                - Registered new binding: Move up - W
14:17:01.209 [JavaFX Application Thread] DEBUG FXGLAssetLoaderServi - Loading from file system: jar:file:/Users/matthew/.m2/repository/com/github/almasb/fxgl/11.14/fxgl-11.14.jar!/fxglassets/textures/fxgl_icon.png
14:17:01.261 [JavaFX Application Thread] DEBUG FXGLAssetLoaderServi - Loading from file system: jar:file:/Users/matthew/.m2/repository/com/github/almasb/fxgl/11.14/fxgl-11.14.jar!/fxglassets/ui/cursors/fxgl_default.png
14:17:01.276 [JavaFX Application Thread] DEBUG Input                - Registered new binding: Screenshot - P
14:17:01.283 [JavaFX Application Thread] DEBUG Input                - Registered new binding: System info dump - CTRL+9
14:17:01.295 [JavaFX Application Thread] DEBUG Input                - Registered new binding: Restart - CTRL+R
14:17:01.300 [JavaFX Application Thread] DEBUG Input                - Registered new binding: Toggle Debug Camera - CTRL+C
14:17:01.307 [JavaFX Application Thread] DEBUG LoopRunner           - Starting loop
14:17:01.311 [JavaFX Application Thread] DEBUG LoopRunner           - Initializing JavaFX AnimationTimerLoop
14:17:01.314 [JavaFX Application Thread] DEBUG GameApplicationServi - Starting new game
14:17:01.317 [JavaFX Application Thread] DEBUG Input                - Clearing active input actions
14:17:01.379 [JavaFX Application Thread] DEBUG GameApplicationServi - Removing overlay from FXGLStartupScene and adding to FXGLLoadingScene
14:17:01.384 [JavaFX Application Thread] DEBUG PrimaryStageWindow   - FXGLStartupScene -> FXGLLoadingScene
14:17:01.386 [JavaFX Application Thread] DEBUG GameApplicationServi - Clearing previous game
14:17:01.389 [JavaFX Application Thread] DEBUG GameScene            - Clearing game scene
14:17:01.392 [JavaFX Application Thread] DEBUG GameWorld            - Clearing game world
14:17:01.395 [JavaFX Application Thread] DEBUG PhysicsWorld         - Clearing physics world
14:17:01.401 [FXGL Background Thread 4 ] DEBUG FXGLApplication      - Initializing game
14:17:01.439 [JavaFX Application Thread] DEBUG FXGLApplication      - Registering font factories with UI factory
14:17:01.456 [FXGL Background Thread 4 ] WARN  TMXLevelLoader       - TiledMap generated from 1.8.4. Supported version: 1.2.3. Some features may not be parsed fully.
14:17:01.487 [FXGL Background Thread 4 ] DEBUG TMXLevelLoader       - Parsed raw map: TiledMap(width=105, height=28, tilewidth=70, tileheight=70, orientation=orthogonal, layers=[Layer(width=105, height=28, name=Tile Layer 1, type=tilelayer, visible=false, x=0, y=0, data=[0, 0, 0, 0, 0, 0, 0, 0, 0, 0, 0, 0, 0, 0, 0, 0, 0, 0, 0, 0, 0, 0, 0, 0, 0, 0, 0, 0, 0, 0, 0, 0, 0, 0, 0, 0, 0, 0, 0, 0, 0, 0, 0, 0, 0, 0, 0, 0, 0, 0, 0, 0, 0, 0, 0, 0, 0, 0, 0, 0, 0, 0, 0, 180, 180, 180, 180, 180, 180, 180, 180, 180, 180, 180, 180, 180, 180, 0, 0, 0, 0, 0, 0, 0, 0, 0, 0, 0, 0, 0, 0, 0, 0, 0, 0, 0, 0, 0, 0, 0, 0, 0, 0, 0, 0, 0, 0, 0, 0, 0, 0, 0, 0, 0, 0, 0, 0, 0, 0, 0, 0, 0, 0, 0, 0, 0, 0, 0, 0, 0, 0, 0, 0, 0, 0, 0, 0, 0, 0, 0, 0, 0, 0, 0, 0, 0, 0, 0, 0, 0, 0, 0, 0, 0, 0, 0, 0, 0, 0, 0, 0, 0, 0, 0, 0, 0, 0, 0, 0, 0, 0, 0, 0, 0, 0, 0, 0, 0, 0, 0, 0, 0, 0, 0, 0, 0, 0, 0, 0, 0, 180, 180, 180, 180, 180, 180, 180, 0, 0, 0, 0, 0, 0, 0, 0, 0, 0, 0, 0, 0, 0, 0, 0, 0, 0, 0, 0, 0, 0, 0, 0, 0, 0, 0, 0, 0, 0, 0, 0, 0, 0, 0, 0, 180, 180, 180, 180, 180, 180, 180, 0, 0, 0, 0, 0, 0, 0, 0, 0, 0, 0, 0, 0, 0, 0, 0, 0, 0, 0, 0, 0, 0, 0, 0, 0, 0, 0, 0, 0, 0, 0, 0, 0, 0, 0, 0, 0, 0, 0, 0, 0, 0, 0, 0, 0, 0, 0, 0, 0, 0, 0, 0, 0, 0, 0, 0, 0, 0, 0, 0, 0, 0, 0, 0, 0, 0, 0, 0, 0, 0, 0, 0, 0, 0, 0, 0, 0, 0, 0, 0, 0, 0, 0, 0, 0, 0, 0, 0, 0, 0, 0, 0, 0, 0, 0, 0, 0, 0, 0, 0, 0, 0, 0, 0, 0, 0, 0, 0, 0, 0, 0, 0, 0, 0, 0, 0, 0, 0, 0, 0, 0, 0, 0, 0, 0, 0, 0, 0, 0, 0, 0, 0, 0, 0, 0, 0, 0, 0, 0, 0, 0, 0, 0, 0, 0, 0, 0, 0, 0, 0, 0, 0, 0, 0, 0, 0, 0, 0, 0, 0, 0, 0, 0, 0, 0, 0, 0, 0, 0, 0, 0, 0, 0, 0, 0, 0, 0, 0, 0, 0, 0, 0, 0, 0, 0, 0, 0, 0, 0, 0, 0, 0, 0, 0, 0, 0, 0, 0, 0, 0, 0, 0, 0, 0, 0, 0, 0, 0, 0, 0, 0, 0, 0, 0, 0, 0, 0, 0, 0, 0, 0, 0, 0, 0, 0, 0, 0, 0, 0, 0, 0, 0, 0, 0, 0, 0, 180, 180, 180, 180, 180, 180, 0, 0, 0, 0, 0, 0, 0, 0, 0, 0, 0, 0, 0, 0, 0, 0, 0, 0, 0, 0, 0, 0, 0, 0, 0, 0, 0, 0, 0, 0, 0, 0, 0, 0, 0, 0, 0, 0, 0, 0, 0, 0, 0, 0, 0, 0, 0, 0, 0, 0, 0, 0, 0, 0, 0, 0, 0, 0, 180, 180, 180, 180, 180, 180, 180, 0, 0, 0, 0, 0, 0, 0, 0, 0, 0, 0, 0, 0, 0, 0, 0, 0, 0, 0, 0, 0, 0, 0, 0, 0, 0, 0, 0, 0, 0, 0, 0, 0, 0, 0, 0, 0, 0, 0, 0, 0, 0, 0, 0, 0, 0, 0, 0, 0, 0, 0, 0, 0, 0, 0, 180, 180, 180, 180, 180, 180, 180, 0, 0, 0, 0, 0, 0, 0, 0, 0, 0, 0, 0, 0, 0, 0, 0, 0, 0, 0, 0, 0, 0, 0, 0, 0, 0, 0, 0, 0, 0, 0, 0, 0, 0, 0, 0, 0, 0, 0, 0, 0, 0, 0, 0, 0, 0, 0, 0, 0, 0, 0, 0, 0, 180, 180, 180, 180, 180, 180, 180, 0, 0, 0, 0, 0, 0, 0, 0, 0, 0, 0, 0, 0, 0, 0, 0, 0, 0, 0, 0, 0, 0, 0, 0, 0, 0, 0, 0, 0, 0, 0, 0, 0, 0, 0, 0, 0, 0, 0, 0, 0, 0, 0, 0, 0, 0, 0, 0, 0, 0, 0, 0, 0, 0, 0, 0, 0, 0, 0, 0, 0, 0, 0, 0, 0, 0, 0, 0, 0, 0, 0, 0, 0, 0, 0, 0, 0, 0, 0, 0, 0, 0, 0, 0, 0, 0, 0, 0, 0, 0, 0, 0, 0, 0, 0, 0, 0, 0, 0, 0, 0, 0, 0, 0, 0, 0, 0, 0, 0, 0, 0, 0, 0, 0, 0, 180, 180, 180, 180, 180, 180, 0, 0, 0, 0, 0, 0, 0, 0, 0, 0, 0, 0, 0, 0, 0, 0, 0, 0, 0, 0, 0, 0, 0, 0, 0, 0, 0, 0, 0, 0, 0, 0, 0, 0, 0, 0, 0, 0, 0, 0, 0, 0, 0, 0, 0, 0, 0, 0, 0, 0, 36, 36, 36, 36, 36, 36, 36, 36, 36, 36, 36, 36, 0, 0, 0, 0, 0, 0, 0, 0, 0, 0, 0, 0, 0, 0, 0, 0, 0, 0, 0, 0, 0, 0, 0, 0, 0, 0, 0, 0, 0, 0, 0, 0, 0, 0, 0, 0, 0, 0, 0, 0, 0, 0, 0, 0, 0, 0, 0, 0, 0, 0, 0, 180, 180, 180, 180, 180, 180, 0, 0, 0, 0, 0, 0, 0, 0, 0, 0, 0, 0, 0, 0, 0, 0, 0, 0, 0, 0, 0, 0, 0, 0, 0, 0, 0, 0, 0, 0, 0, 0, 0, 0, 0, 0, 0, 0, 0, 0, 0, 0, 0, 0, 0, 0, 0, 0, 0, 0, 0, 0, 0, 0, 0, 0, 0, 0, 0, 180, 180, 180, 180, 180, 180, 180, 0, 0, 0, 0, 0, 0, 0, 0, 0, 0, 0, 0, 0, 0, 0, 0, 0, 0, 0, 0, 0, 0, 0, 0, 0, 0, 0, 0, 0, 0, 0, 0, 0, 0, 0, 0, 0, 0, 0, 0, 0, 0, 0, 0, 0, 0, 0, 0, 0, 0, 0, 0, 0, 0, 0, 0, 0, 0, 0, 0, 0, 0, 0, 0, 0, 0, 0, 0, 0, 0, 0, 0, 0, 0, 0, 0, 0, 0, 0, 0, 0, 0, 0, 0, 0, 0, 0, 0, 0, 0, 0, 0, 0, 0, 0, 0, 0, 0, 0, 0, 0, 0, 0, 0, 0, 0, 0, 0, 0, 0, 0, 0, 0, 0, 0, 180, 180, 180, 180, 180, 180, 180, 0, 0, 0, 0, 0, 0, 0, 0, 0, 0, 0, 0, 0, 0, 0, 0, 0, 0, 0, 0, 0, 0, 0, 0, 0, 0, 0, 0, 0, 0, 0, 0, 0, 0, 0, 0, 0, 0, 180, 180, 180, 180, 180, 180, 180, 0, 0, 0, 0, 0, 0, 180, 180, 180, 180, 180, 180, 180, 0, 0, 0, 0, 0, 0, 0, 0, 0, 0, 0, 0, 0, 0, 0, 0, 0, 0, 0, 0, 0, 0, 0, 0, 0, 0, 0, 0, 0, 0, 0, 0, 0, 0, 0, 0, 0, 0, 0, 0, 0, 0, 0, 0, 0, 0, 0, 0, 0, 0, 0, 0, 0, 0, 0, 0, 0, 0, 0, 0, 0, 0, 0, 0, 0, 0, 0, 0, 0, 0, 0, 0, 0, 0, 0, 0, 0, 0, 0, 0, 0, 0, 0, 0, 0, 0, 0, 0, 0, 0, 0, 0, 0, 0, 0, 0, 0, 0, 0, 0, 0, 0, 0, 0, 0, 0, 0, 0, 0, 0, 0, 0, 0, 0, 0, 0, 0, 0, 0, 0, 0, 0, 0, 0, 0, 0, 0, 0, 0, 0, 0, 0, 0, 0, 0, 0, 0, 0, 0, 0, 0, 0, 0, 0, 0, 0, 0, 0, 0, 0, 0, 0, 0, 0, 0, 0, 0, 0, 0, 0, 0, 0, 0, 0, 0, 0, 0, 0, 0, 0, 0, 0, 0, 0, 0, 0, 0, 0, 0, 0, 0, 0, 0, 0, 0, 0, 0, 0, 0, 0, 0, 0, 0, 0, 0, 0, 0, 0, 0, 0, 0, 0, 0, 0, 0, 0, 0, 0, 0, 0, 0, 0, 0, 0, 0, 0, 0, 0, 0, 0, 0, 0, 0, 0, 0, 0, 0, 0, 0, 0, 0, 0, 0, 0, 0, 0, 0, 0, 0, 0, 0, 0, 0, 0, 0, 0, 0, 0, 0, 0, 0, 0, 0, 0, 0, 0, 0, 0, 0, 0, 0, 0, 0, 0, 0, 0, 0, 0, 0, 0, 0, 0, 0, 0, 0, 0, 0, 0, 0, 0, 0, 0, 0, 0, 0, 0, 0, 0, 0, 0, 0, 0, 0, 0, 0, 0, 0, 0, 0, 0, 0, 0, 0, 0, 0, 0, 0, 0, 0, 0, 0, 0, 0, 0, 0, 0, 0, 0, 0, 0, 0, 0, 0, 0, 0, 0, 0, 0, 0, 0, 0, 0, 0, 0, 0, 0, 0, 0, 0, 0, 0, 0, 0, 0, 0, 0, 0, 0, 0, 0, 0, 0, 0, 0, 0, 0, 0, 0, 0, 0, 0, 0, 0, 0, 0, 0, 0, 0, 0, 0, 0, 0, 0, 0, 0, 0, 0, 0, 0, 0, 0, 0, 0, 0, 0, 0, 0, 0, 0, 0, 0, 0, 0, 0, 0, 0, 0, 0, 0, 0, 0, 0, 0, 0, 0, 0, 0, 0, 0, 0, 0, 0, 0, 0, 0, 0, 0, 0, 0, 0, 0, 0, 0, 0, 0, 0, 0, 0, 0, 0, 0, 0, 0, 0, 0, 0, 0, 0, 0, 0, 0, 0, 0, 0, 0, 0, 0, 0, 0, 0, 0, 0, 0, 0, 0, 0, 0, 0, 0, 0, 0, 0, 0, 0, 0, 0, 0, 0, 0, 0, 0, 0, 0, 0, 0, 0, 0, 0, 0, 0, 0, 0, 0, 0, 0, 0, 0, 0, 0, 0, 0, 0, 0, 0, 0, 0, 0, 0, 0, 0, 0, 0, 0, 0, 0, 0, 0, 0, 0, 0, 0, 0, 0, 0, 0, 0, 0, 0, 0, 0, 0, 0, 0, 0, 0, 0, 0, 0, 0, 0, 0, 0, 0, 0, 0, 0, 0, 0, 0, 0, 0, 0, 0, 0, 0, 0, 0, 0, 0, 0, 0, 0, 0, 0, 0, 0, 0, 0, 0, 0, 0, 0, 0, 0, 0, 0, 0, 0, 0, 0, 0, 0, 0, 0, 0, 0, 0, 0, 0, 0, 0, 0, 0, 0, 0, 0, 0, 0, 0, 0, 0, 0, 0, 0, 0, 0, 0, 0, 0, 0, 0, 0, 0, 0, 0, 0, 0, 0, 0, 0, 0, 0, 0, 0, 0, 0, 0, 0, 0, 0, 0, 0, 0, 0, 0, 0, 0, 0, 0, 0, 0, 0, 0, 0, 0, 0, 0, 0, 0, 0, 0, 0, 0, 0, 0, 0, 0, 0, 0, 0, 0, 0, 0, 0, 0, 0, 0, 0, 0, 0, 0, 0, 0, 0, 0, 0, 0, 0, 0, 0, 0, 0, 0, 0, 0, 0, 0, 0, 0, 0, 0, 0, 0, 0, 0, 0, 0, 0, 0, 0, 0, 0, 0, 0, 0, 0, 0, 0, 0, 0, 0, 0, 0, 0, 0, 0, 0, 0, 0, 0, 0, 0, 0, 0, 0, 0, 0, 0, 0, 0, 0, 0, 0, 0, 0, 0, 0, 0, 0, 0, 0, 0, 0, 0, 0, 0, 0, 0, 0, 0, 0, 0, 0, 0, 0, 0, 0, 0, 0, 0, 0, 0, 0, 0, 0, 0, 0, 0, 0, 0, 0, 0, 0, 0, 0, 0, 0, 0, 0, 0, 0, 0, 0, 0, 0, 0, 0, 0, 0, 0, 0, 0, 0, 0, 0, 0, 0, 0, 0, 0, 0, 0, 0, 0, 0, 0, 0, 0, 0, 0, 0, 0, 0, 0, 0, 0, 0, 0, 0, 0, 0, 0, 0, 0, 0, 0, 0, 0, 0, 0, 0, 0, 0, 0, 0, 0, 0, 0, 0, 0, 0, 0, 0, 0, 0, 0, 0, 0, 0, 0, 0, 0, 0, 0, 0, 0, 0, 0, 0, 0, 0, 0, 0, 0, 0, 0, 0, 0, 0, 0, 0, 0, 0, 0, 0, 0, 0, 0, 0, 0, 0, 0, 0, 0, 0, 0, 0, 0, 0, 0, 0, 0, 0, 0, 0, 0, 0, 0, 0, 0, 0, 0, 0, 0, 0, 0, 0, 0, 0, 0, 0, 0, 0, 0, 0, 0, 0, 0, 0, 0, 0, 0, 0, 0, 0, 0, 0, 0, 0, 0, 0, 0, 0, 0, 0, 0, 0, 0, 0, 0, 0, 0, 0, 0, 0, 0, 0, 0, 0, 0, 0, 0, 0, 0, 0, 0, 0, 0, 0, 0, 0, 0, 0, 0, 0, 0, 0, 0, 0, 0, 0, 0, 0, 0, 0, 0, 0, 0, 0, 0, 0, 0, 0, 0, 0, 0, 0, 0, 0, 0, 0, 0, 0, 0, 0, 0, 0, 0, 0, 0, 0, 0, 0, 0, 0, 0, 0, 0, 0, 0, 0, 0, 0, 0, 0, 0, 0, 0, 0, 0, 0, 0, 0, 0, 0, 0, 0, 0, 0, 0, 0, 0, 0, 0, 0, 0, 0, 0, 0, 0, 0, 0, 0, 0, 0, 0, 0, 0, 0, 0, 0, 0, 0, 0, 0, 0, 0, 0, 0, 0, 0, 0, 0, 0, 0, 0, 0, 0, 0, 0, 0, 0, 0, 0, 0, 0, 0, 0, 0, 0, 0, 0, 0, 0, 0, 0, 0, 0, 0, 0, 0, 0, 0, 0, 0, 0, 0, 0, 0, 0, 0, 0, 0, 0, 0, 0, 0, 0, 0, 0, 0, 0, 0, 0, 0, 0, 0, 0, 0, 0, 0, 0, 0, 0, 0, 0, 0, 0, 0, 0, 0, 0, 0, 0, 0, 0, 0, 0, 0, 0, 0, 0, 0, 0, 0, 0, 0, 0, 0, 0, 0, 0, 0, 0, 0, 0, 0, 0, 0, 0, 0, 0, 0, 0, 0, 0, 0, 0, 0, 0, 0, 0, 0, 0, 0, 0, 0, 0, 0, 0, 0, 0, 0, 0, 0, 0, 0, 0, 0, 0, 0, 0, 0, 0, 0, 0, 0, 0, 0, 0, 0, 0, 0, 0, 0, 0, 0, 0, 0, 0, 0, 0, 0, 0, 0, 0, 0, 0, 0, 0, 0, 0, 0, 0, 0, 0, 0, 0, 0, 0, 0, 0, 0, 0, 0, 0, 0, 0, 0, 0, 0, 0, 0, 0, 0, 0, 0, 0, 0, 0, 0, 0, 0, 0, 0, 0, 0, 0, 0, 0, 0, 0, 0, 0, 0, 0, 0, 0, 0, 0, 0, 0, 0, 0, 0, 0, 0, 0, 0, 0, 0, 0, 0, 0, 0, 0, 0, 0, 0, 0, 0, 0, 0, 0, 0, 0, 0, 0, 0, 0, 0, 0, 0, 0, 0, 0, 0, 0, 0, 0, 0, 0, 0, 0, 0, 0, 0, 0, 0, 0, 0, 0, 0, 0, 0, 0, 0, 0, 0, 0, 0, 0, 0, 0, 0, 0, 0, 0, 0, 0, 0, 0, 0, 0, 0, 0, 0, 0, 0, 0, 0, 0, 0, 0, 0, 0, 0, 0, 0, 0, 0, 0, 0, 0, 0, 0, 0, 0, 0, 0, 0, 0, 0, 0, 0, 0, 0, 0, 0, 0, 0, 0, 0, 0, 0, 0, 0, 0, 0, 0, 0, 0, 0, 0, 0, 0, 0, 0, 0, 0, 0, 0, 0, 0, 0, 0, 0, 0, 0, 0, 0, 0, 0, 0, 0, 0, 0, 0, 0, 0, 0, 0, 0, 0, 0, 0, 0, 0, 0, 0, 0, 0, 0, 0, 0, 0, 0, 0, 0, 0, 0, 0, 0, 0, 0, 0, 0, 0, 0, 0, 0, 0, 0, 0, 0, 0, 0, 0, 0, 0, 0, 0, 0, 0, 0, 0, 0, 0, 0, 0, 0, 0, 0, 0, 0, 0, 0, 0, 0, 0, 0, 0, 0, 0, 0, 0, 0, 0, 0, 0, 0, 0, 0, 0, 0, 0, 0, 0, 0, 0, 0, 0, 0, 0, 0, 0, 0, 0, 0, 0, 0, 0, 0, 0, 0, 0, 0, 0, 0, 0, 0, 0, 0, 0, 0, 0, 0, 0, 0, 0, 0, 0, 0, 0, 0, 0, 0, 0, 0, 0, 0, 0, 0, 0, 0, 0, 0, 0, 0, 0, 0, 0, 0, 0, 0, 0, 0, 0, 0, 0, 0, 0, 0, 0, 0, 0, 0, 0, 0, 0, 0, 0, 0, 0, 0, 0, 0, 0, 0, 0, 0, 0, 0, 0, 0, 0, 0, 0, 0, 0, 0, 0, 0, 0, 0, 0, 0, 0, 0, 0, 0, 0, 0, 0, 0, 0, 0, 0, 0, 0, 0, 0, 0, 0, 0, 0, 0, 0, 0, 0, 0, 0, 0, 0, 0, 0, 0, 0, 0, 0, 0, 0, 0, 0, 0, 0, 0, 0, 0, 0, 0, 0, 0, 0, 0, 0, 0, 0, 0, 0, 0, 0, 0, 0, 0, 0, 0, 0, 0, 0, 0, 0, 0, 0, 0, 0, 0, 0, 0, 0, 0, 0, 0, 0, 0, 0, 0, 0, 0, 0, 0, 0, 0, 0, 0, 0, 0, 0, 0, 0, 0, 0, 0, 0, 0, 0, 0, 0, 0, 0, 0, 0, 0, 0, 0, 0, 0, 0, 0, 0, 0, 0, 0, 0, 0, 0, 0, 0, 0, 0, 0, 0, 0, 0, 0, 0, 0, 0, 0, 0, 0, 0, 0, 0, 0, 0, 0, 0, 0, 0, 0, 0, 0, 0, 0, 0, 0, 0, 0, 0, 0, 0, 0, 0, 0, 0, 0, 0, 0, 0, 0, 0, 0, 0, 0, 0, 0, 0, 0, 0, 0, 0, 0, 0, 0, 0, 0, 0, 0, 0, 0, 0, 0, 0, 0, 0, 0, 0, 0, 0, 0, 0, 0, 0, 0], objects=[], opacity=0.0, draworder=), Layer(width=0, height=0, name=Object Layer 1, type=objectgroup, visible=false, x=0, y=0, data=[], objects=[com.almasb.fxgl.entity.level.tiled.TiledObject@2f46beda, com.almasb.fxgl.entity.level.tiled.TiledObject@5c86a273, com.almasb.fxgl.entity.level.tiled.TiledObject@77adcf23, com.almasb.fxgl.entity.level.tiled.TiledObject@25ac3756, com.almasb.fxgl.entity.level.tiled.TiledObject@3f86fd57, com.almasb.fxgl.entity.level.tiled.TiledObject@567a55ee, com.almasb.fxgl.entity.level.tiled.TiledObject@4f375cd5, com.almasb.fxgl.entity.level.tiled.TiledObject@be5d4e2, com.almasb.fxgl.entity.level.tiled.TiledObject@381fc8c, com.almasb.fxgl.entity.level.tiled.TiledObject@7d00c37, com.almasb.fxgl.entity.level.tiled.TiledObject@727439ec, com.almasb.fxgl.entity.level.tiled.TiledObject@5713a184, com.almasb.fxgl.entity.level.tiled.TiledObject@5b7a4276, com.almasb.fxgl.entity.level.tiled.TiledObject@5ccc5c9a, com.almasb.fxgl.entity.level.tiled.TiledObject@f24a5b6], opacity=0.0, draworder=)], tilesets=[Tileset(firstgid=1, image=tiles_spritesheet.png, name=tiles_spreadsheet, tilewidth=70, tileheight=70, imagewidth=914, imageheight=936, margin=0, spacing=2, columns=12, tilecount=156, transparentcolor=, tiles=[]), Tileset(firstgid=157, image=tiles_spritesheet.png, name=tiles, tilewidth=70, tileheight=70, imagewidth=914, imageheight=936, margin=0, spacing=2, columns=12, tilecount=156, transparentcolor=, tiles=[])], backgroundcolor=, renderorder=right-down, nextobjectid=21, version=1, tiledversion=1.8.4, type=map, infinite=false, hexsidelength=0, staggeraxis=, staggerindex=, properties={}, propertytypes={})
14:17:01.500 [FXGL Background Thread 4 ] DEBUG TMXLevelLoader       - Creating tile layer entities
14:17:01.507 [FXGL Background Thread 4 ] DEBUG TilesetLoader        - Loading view for layer Tile Layer 1
14:17:01.540 [FXGL Background Thread 4 ] DEBUG TilesetLoader        - Created buffer with size 7350.0x1960.0
14:17:01.618 [FXGL Background Thread 4 ] DEBUG TilesetLoader        - Writing to buffer: dst=4410,0, w=70,h=70, src=792,72
14:17:01.629 [FXGL Background Thread 4 ] DEBUG TilesetLoader        - Writing to buffer: dst=4480,0, w=70,h=70, src=792,72
14:17:01.639 [FXGL Background Thread 4 ] DEBUG TilesetLoader        - Writing to buffer: dst=4550,0, w=70,h=70, src=792,72
14:17:01.646 [FXGL Background Thread 4 ] DEBUG TilesetLoader        - Writing to buffer: dst=4620,0, w=70,h=70, src=792,72
14:17:01.652 [FXGL Background Thread 4 ] DEBUG TilesetLoader        - Writing to buffer: dst=4690,0, w=70,h=70, src=792,72
14:17:01.655 [FXGL Background Thread 4 ] DEBUG TilesetLoader        - Writing to buffer: dst=4760,0, w=70,h=70, src=792,72
14:17:01.659 [FXGL Background Thread 4 ] DEBUG TilesetLoader        - Writing to buffer: dst=4830,0, w=70,h=70, src=792,72
14:17:01.667 [FXGL Background Thread 4 ] DEBUG TilesetLoader        - Writing to buffer: dst=4900,0, w=70,h=70, src=792,72
14:17:01.673 [FXGL Background Thread 4 ] DEBUG TilesetLoader        - Writing to buffer: dst=4970,0, w=70,h=70, src=792,72
14:17:01.677 [FXGL Background Thread 4 ] DEBUG TilesetLoader        - Writing to buffer: dst=5040,0, w=70,h=70, src=792,72
14:17:01.686 [FXGL Background Thread 4 ] DEBUG TilesetLoader        - Writing to buffer: dst=5110,0, w=70,h=70, src=792,72
14:17:01.696 [FXGL Background Thread 4 ] DEBUG TilesetLoader        - Writing to buffer: dst=5180,0, w=70,h=70, src=792,72
14:17:01.705 [FXGL Background Thread 4 ] DEBUG TilesetLoader        - Writing to buffer: dst=5250,0, w=70,h=70, src=792,72
14:17:01.713 [FXGL Background Thread 4 ] DEBUG TilesetLoader        - Writing to buffer: dst=5320,0, w=70,h=70, src=792,72
14:17:01.716 [FXGL Background Thread 4 ] DEBUG TilesetLoader        - Writing to buffer: dst=5950,70, w=70,h=70, src=792,72
14:17:01.720 [FXGL Background Thread 4 ] DEBUG TilesetLoader        - Writing to buffer: dst=6020,70, w=70,h=70, src=792,72
14:17:01.728 [FXGL Background Thread 4 ] DEBUG TilesetLoader        - Writing to buffer: dst=6090,70, w=70,h=70, src=792,72
14:17:01.732 [FXGL Background Thread 4 ] DEBUG TilesetLoader        - Writing to buffer: dst=6160,70, w=70,h=70, src=792,72
14:17:01.734 [FXGL Background Thread 4 ] DEBUG TilesetLoader        - Writing to buffer: dst=6230,70, w=70,h=70, src=792,72
14:17:01.738 [FXGL Background Thread 4 ] DEBUG TilesetLoader        - Writing to buffer: dst=6300,70, w=70,h=70, src=792,72
14:17:01.743 [FXGL Background Thread 4 ] DEBUG TilesetLoader        - Writing to buffer: dst=6370,70, w=70,h=70, src=792,72
14:17:01.747 [FXGL Background Thread 4 ] DEBUG TilesetLoader        - Writing to buffer: dst=1610,140, w=70,h=70, src=792,72
14:17:01.751 [FXGL Background Thread 4 ] DEBUG TilesetLoader        - Writing to buffer: dst=1680,140, w=70,h=70, src=792,72
14:17:01.755 [FXGL Background Thread 4 ] DEBUG TilesetLoader        - Writing to buffer: dst=1750,140, w=70,h=70, src=792,72
14:17:01.760 [FXGL Background Thread 4 ] DEBUG TilesetLoader        - Writing to buffer: dst=1820,140, w=70,h=70, src=792,72
14:17:01.764 [FXGL Background Thread 4 ] DEBUG TilesetLoader        - Writing to buffer: dst=1890,140, w=70,h=70, src=792,72
14:17:01.766 [FXGL Background Thread 4 ] DEBUG TilesetLoader        - Writing to buffer: dst=1960,140, w=70,h=70, src=792,72
14:17:01.769 [FXGL Background Thread 4 ] DEBUG TilesetLoader        - Writing to buffer: dst=2030,140, w=70,h=70, src=792,72
14:17:01.770 [FXGL Background Thread 4 ] DEBUG TilesetLoader        - Writing to buffer: dst=3920,280, w=70,h=70, src=792,72
14:17:01.773 [FXGL Background Thread 4 ] DEBUG TilesetLoader        - Writing to buffer: dst=3990,280, w=70,h=70, src=792,72
14:17:01.782 [FXGL Background Thread 4 ] DEBUG TilesetLoader        - Writing to buffer: dst=4060,280, w=70,h=70, src=792,72
14:17:01.790 [FXGL Background Thread 4 ] DEBUG TilesetLoader        - Writing to buffer: dst=4130,280, w=70,h=70, src=792,72
14:17:01.801 [FXGL Background Thread 4 ] DEBUG TilesetLoader        - Writing to buffer: dst=4200,280, w=70,h=70, src=792,72
14:17:01.806 [FXGL Background Thread 4 ] DEBUG TilesetLoader        - Writing to buffer: dst=4270,280, w=70,h=70, src=792,72
14:17:01.811 [FXGL Background Thread 4 ] DEBUG TilesetLoader        - Writing to buffer: dst=1050,350, w=70,h=70, src=792,72
14:17:01.816 [FXGL Background Thread 4 ] DEBUG TilesetLoader        - Writing to buffer: dst=1120,350, w=70,h=70, src=792,72
14:17:01.819 [FXGL Background Thread 4 ] DEBUG TilesetLoader        - Writing to buffer: dst=1190,350, w=70,h=70, src=792,72
14:17:01.820 [FXGL Background Thread 4 ] DEBUG TilesetLoader        - Writing to buffer: dst=1260,350, w=70,h=70, src=792,72
14:17:01.823 [FXGL Background Thread 4 ] DEBUG TilesetLoader        - Writing to buffer: dst=1330,350, w=70,h=70, src=792,72
14:17:01.829 [FXGL Background Thread 4 ] DEBUG TilesetLoader        - Writing to buffer: dst=1400,350, w=70,h=70, src=792,72
14:17:01.835 [FXGL Background Thread 4 ] DEBUG TilesetLoader        - Writing to buffer: dst=1470,350, w=70,h=70, src=792,72
14:17:01.841 [FXGL Background Thread 4 ] DEBUG TilesetLoader        - Writing to buffer: dst=5390,350, w=70,h=70, src=792,72
14:17:01.849 [FXGL Background Thread 4 ] DEBUG TilesetLoader        - Writing to buffer: dst=5460,350, w=70,h=70, src=792,72
14:17:01.855 [FXGL Background Thread 4 ] DEBUG TilesetLoader        - Writing to buffer: dst=5530,350, w=70,h=70, src=792,72
14:17:01.860 [FXGL Background Thread 4 ] DEBUG TilesetLoader        - Writing to buffer: dst=5600,350, w=70,h=70, src=792,72
14:17:01.866 [FXGL Background Thread 4 ] DEBUG TilesetLoader        - Writing to buffer: dst=5670,350, w=70,h=70, src=792,72
14:17:01.872 [FXGL Background Thread 4 ] DEBUG TilesetLoader        - Writing to buffer: dst=5740,350, w=70,h=70, src=792,72
14:17:01.877 [FXGL Background Thread 4 ] DEBUG TilesetLoader        - Writing to buffer: dst=5810,350, w=70,h=70, src=792,72
14:17:01.881 [FXGL Background Thread 4 ] DEBUG TilesetLoader        - Writing to buffer: dst=2240,420, w=70,h=70, src=792,72
14:17:01.886 [FXGL Background Thread 4 ] DEBUG TilesetLoader        - Writing to buffer: dst=2310,420, w=70,h=70, src=792,72
14:17:01.889 [FXGL Background Thread 4 ] DEBUG TilesetLoader        - Writing to buffer: dst=2380,420, w=70,h=70, src=792,72
14:17:01.894 [FXGL Background Thread 4 ] DEBUG TilesetLoader        - Writing to buffer: dst=2450,420, w=70,h=70, src=792,72
14:17:01.900 [FXGL Background Thread 4 ] DEBUG TilesetLoader        - Writing to buffer: dst=2520,420, w=70,h=70, src=792,72
14:17:01.903 [FXGL Background Thread 4 ] DEBUG TilesetLoader        - Writing to buffer: dst=2590,420, w=70,h=70, src=792,72
14:17:01.911 [FXGL Background Thread 4 ] DEBUG TilesetLoader        - Writing to buffer: dst=2660,420, w=70,h=70, src=792,72
14:17:01.916 [FXGL Background Thread 4 ] DEBUG TilesetLoader        - Writing to buffer: dst=3430,490, w=70,h=70, src=792,72
14:17:01.920 [FXGL Background Thread 4 ] DEBUG TilesetLoader        - Writing to buffer: dst=3500,490, w=70,h=70, src=792,72
14:17:01.926 [FXGL Background Thread 4 ] DEBUG TilesetLoader        - Writing to buffer: dst=3570,490, w=70,h=70, src=792,72
14:17:01.933 [FXGL Background Thread 4 ] DEBUG TilesetLoader        - Writing to buffer: dst=3640,490, w=70,h=70, src=792,72
14:17:01.938 [FXGL Background Thread 4 ] DEBUG TilesetLoader        - Writing to buffer: dst=3710,490, w=70,h=70, src=792,72
14:17:01.941 [FXGL Background Thread 4 ] DEBUG TilesetLoader        - Writing to buffer: dst=3780,490, w=70,h=70, src=792,72
14:17:01.948 [FXGL Background Thread 4 ] DEBUG TilesetLoader        - Writing to buffer: dst=0,560, w=70,h=70, src=792,144
14:17:01.955 [FXGL Background Thread 4 ] DEBUG TilesetLoader        - Writing to buffer: dst=70,560, w=70,h=70, src=792,144
14:17:01.957 [FXGL Background Thread 4 ] DEBUG TilesetLoader        - Writing to buffer: dst=140,560, w=70,h=70, src=792,144
14:17:01.961 [FXGL Background Thread 4 ] DEBUG TilesetLoader        - Writing to buffer: dst=210,560, w=70,h=70, src=792,144
14:17:01.966 [FXGL Background Thread 4 ] DEBUG TilesetLoader        - Writing to buffer: dst=280,560, w=70,h=70, src=792,144
14:17:01.970 [FXGL Background Thread 4 ] DEBUG TilesetLoader        - Writing to buffer: dst=350,560, w=70,h=70, src=792,144
14:17:01.974 [FXGL Background Thread 4 ] DEBUG TilesetLoader        - Writing to buffer: dst=420,560, w=70,h=70, src=792,144
14:17:01.978 [FXGL Background Thread 4 ] DEBUG TilesetLoader        - Writing to buffer: dst=490,560, w=70,h=70, src=792,144
14:17:01.980 [FXGL Background Thread 4 ] DEBUG TilesetLoader        - Writing to buffer: dst=560,560, w=70,h=70, src=792,144
14:17:01.984 [FXGL Background Thread 4 ] DEBUG TilesetLoader        - Writing to buffer: dst=630,560, w=70,h=70, src=792,144
14:17:01.988 [FXGL Background Thread 4 ] DEBUG TilesetLoader        - Writing to buffer: dst=700,560, w=70,h=70, src=792,144
14:17:01.990 [FXGL Background Thread 4 ] DEBUG TilesetLoader        - Writing to buffer: dst=770,560, w=70,h=70, src=792,144
14:17:01.993 [FXGL Background Thread 4 ] DEBUG TilesetLoader        - Writing to buffer: dst=4410,560, w=70,h=70, src=792,72
14:17:01.998 [FXGL Background Thread 4 ] DEBUG TilesetLoader        - Writing to buffer: dst=4480,560, w=70,h=70, src=792,72
14:17:02.001 [FXGL Background Thread 4 ] DEBUG TilesetLoader        - Writing to buffer: dst=4550,560, w=70,h=70, src=792,72
14:17:02.003 [FXGL Background Thread 4 ] DEBUG TilesetLoader        - Writing to buffer: dst=4620,560, w=70,h=70, src=792,72
14:17:02.005 [FXGL Background Thread 4 ] DEBUG TilesetLoader        - Writing to buffer: dst=4690,560, w=70,h=70, src=792,72
14:17:02.010 [FXGL Background Thread 4 ] DEBUG TilesetLoader        - Writing to buffer: dst=4760,560, w=70,h=70, src=792,72
14:17:02.012 [FXGL Background Thread 4 ] DEBUG TilesetLoader        - Writing to buffer: dst=1610,630, w=70,h=70, src=792,72
14:17:02.016 [FXGL Background Thread 4 ] DEBUG TilesetLoader        - Writing to buffer: dst=1680,630, w=70,h=70, src=792,72
14:17:02.018 [FXGL Background Thread 4 ] DEBUG TilesetLoader        - Writing to buffer: dst=1750,630, w=70,h=70, src=792,72
14:17:02.020 [FXGL Background Thread 4 ] DEBUG TilesetLoader        - Writing to buffer: dst=1820,630, w=70,h=70, src=792,72
14:17:02.022 [FXGL Background Thread 4 ] DEBUG TilesetLoader        - Writing to buffer: dst=1890,630, w=70,h=70, src=792,72
14:17:02.024 [FXGL Background Thread 4 ] DEBUG TilesetLoader        - Writing to buffer: dst=1960,630, w=70,h=70, src=792,72
14:17:02.029 [FXGL Background Thread 4 ] DEBUG TilesetLoader        - Writing to buffer: dst=2030,630, w=70,h=70, src=792,72
14:17:02.033 [FXGL Background Thread 4 ] DEBUG TilesetLoader        - Writing to buffer: dst=2800,700, w=70,h=70, src=792,72
14:17:02.037 [FXGL Background Thread 4 ] DEBUG TilesetLoader        - Writing to buffer: dst=2870,700, w=70,h=70, src=792,72
14:17:02.041 [FXGL Background Thread 2 ] INFO  UpdaterService       - Your current version:  11.14
14:17:02.041 [FXGL Background Thread 4 ] DEBUG TilesetLoader        - Writing to buffer: dst=2940,700, w=70,h=70, src=792,72
14:17:02.046 [FXGL Background Thread 2 ] INFO  UpdaterService       - Latest stable version: 17.1
14:17:02.046 [FXGL Background Thread 4 ] DEBUG TilesetLoader        - Writing to buffer: dst=3010,700, w=70,h=70, src=792,72
14:17:02.050 [FXGL Background Thread 4 ] DEBUG TilesetLoader        - Writing to buffer: dst=3080,700, w=70,h=70, src=792,72
14:17:02.052 [FXGL Background Thread 4 ] DEBUG TilesetLoader        - Writing to buffer: dst=3150,700, w=70,h=70, src=792,72
14:17:02.054 [FXGL Background Thread 4 ] DEBUG TilesetLoader        - Writing to buffer: dst=3220,700, w=70,h=70, src=792,72
14:17:02.055 [FXGL Background Thread 4 ] DEBUG TilesetLoader        - Writing to buffer: dst=5950,700, w=70,h=70, src=792,72
14:17:02.057 [FXGL Background Thread 4 ] DEBUG TilesetLoader        - Writing to buffer: dst=6020,700, w=70,h=70, src=792,72
14:17:02.060 [FXGL Background Thread 4 ] DEBUG TilesetLoader        - Writing to buffer: dst=6090,700, w=70,h=70, src=792,72
14:17:02.062 [FXGL Background Thread 4 ] DEBUG TilesetLoader        - Writing to buffer: dst=6160,700, w=70,h=70, src=792,72
14:17:02.064 [FXGL Background Thread 4 ] DEBUG TilesetLoader        - Writing to buffer: dst=6230,700, w=70,h=70, src=792,72
14:17:02.066 [FXGL Background Thread 4 ] DEBUG TilesetLoader        - Writing to buffer: dst=6300,700, w=70,h=70, src=792,72
14:17:02.068 [FXGL Background Thread 4 ] DEBUG TilesetLoader        - Writing to buffer: dst=6370,700, w=70,h=70, src=792,72
14:17:02.069 [FXGL Background Thread 4 ] DEBUG TilesetLoader        - Writing to buffer: dst=6860,700, w=70,h=70, src=792,72
14:17:02.070 [FXGL Background Thread 4 ] DEBUG TilesetLoader        - Writing to buffer: dst=6930,700, w=70,h=70, src=792,72
14:17:02.071 [FXGL Background Thread 4 ] DEBUG TilesetLoader        - Writing to buffer: dst=7000,700, w=70,h=70, src=792,72
14:17:02.073 [FXGL Background Thread 4 ] DEBUG TilesetLoader        - Writing to buffer: dst=7070,700, w=70,h=70, src=792,72
14:17:02.074 [FXGL Background Thread 4 ] DEBUG TilesetLoader        - Writing to buffer: dst=7140,700, w=70,h=70, src=792,72
14:17:02.077 [FXGL Background Thread 4 ] DEBUG TilesetLoader        - Writing to buffer: dst=7210,700, w=70,h=70, src=792,72
14:17:02.079 [FXGL Background Thread 4 ] DEBUG TilesetLoader        - Writing to buffer: dst=7280,700, w=70,h=70, src=792,72
14:17:02.084 [FXGL Background Thread 4 ] DEBUG TMXLevelLoader       - Creating object layer entities
14:17:02.131 [FXGL Background Thread 4 ] DEBUG GameWorld            - Clearing removable entities
14:17:02.134 [FXGL Background Thread 4 ] DEBUG GameWorld            - Setting level: com.almasb.fxgl.entity.level.Level@cfbfa9
14:17:02.146 [FXGL Background Thread 4 ] INFO  FXGLApplication      - Game initialization took: 0,743 sec
14:17:02.148 [JavaFX Application Thread] DEBUG Input                - Clearing active input actions
14:17:02.177 [JavaFX Application Thread] DEBUG GameApplicationServi - Removing overlay from FXGLLoadingScene and adding to GameScene
14:17:02.183 [JavaFX Application Thread] DEBUG PrimaryStageWindow   - FXGLLoadingScene -> GameScene
14:17:04.141 [FXGL Background Thread 3 ] DEBUG Engine               - Logging environment variables
14:17:04.143 [FXGL Background Thread 3 ] DEBUG Engine               - achievements: []
14:17:04.146 [FXGL Background Thread 3 ] DEBUG Engine               - actualHeight: 864.0
14:17:04.148 [FXGL Background Thread 3 ] DEBUG Engine               - actualHeightProperty: ReadOnlyDoubleProperty [value: 864.0]
14:17:04.149 [FXGL Background Thread 3 ] DEBUG Engine               - actualWidth: 1271.0
14:17:04.150 [FXGL Background Thread 3 ] DEBUG Engine               - actualWidthProperty: ReadOnlyDoubleProperty [value: 1271.0]
14:17:04.152 [FXGL Background Thread 3 ] DEBUG Engine               - appIcon: fxgl_icon.png
14:17:04.156 [FXGL Background Thread 3 ] DEBUG Engine               - applicationMode: DEVELOPER
14:17:04.157 [FXGL Background Thread 3 ] DEBUG Engine               - cSSList: [fxgl_dark.css]
14:17:04.158 [FXGL Background Thread 3 ] DEBUG Engine               - collisionDetectionStrategy: BRUTE_FORCE
14:17:04.159 [FXGL Background Thread 3 ] DEBUG Engine               - configClass: Optional.empty
14:17:04.161 [FXGL Background Thread 3 ] DEBUG Engine               - credits: []
14:17:04.169 [FXGL Background Thread 3 ] DEBUG Engine               - devBBoxColorProperty: ObjectProperty [value: 0xff0000ff]
14:17:04.171 [FXGL Background Thread 3 ] DEBUG Engine               - devEnableDebugCameraProperty: BooleanProperty [value: false]
14:17:04.173 [FXGL Background Thread 3 ] DEBUG Engine               - devSensorColorProperty: ObjectProperty [value: 0xffff00ff]
14:17:04.175 [FXGL Background Thread 3 ] DEBUG Engine               - devShowBBoxProperty: BooleanProperty [value: false]
14:17:04.176 [FXGL Background Thread 3 ] DEBUG Engine               - devShowPositionProperty: BooleanProperty [value: false]
14:17:04.180 [FXGL Background Thread 3 ] DEBUG Engine               - enabledMenuItems: []
14:17:04.182 [FXGL Background Thread 3 ] DEBUG Engine               - engineServices: [class com.almasb.fxgl.app.services.FXGLAssetLoaderService, class com.almasb.fxgl.app.FXGLApplication$GameApplicationService, class com.almasb.fxgl.app.services.FXGLDialogService, class com.almasb.fxgl.app.services.IOTaskExecutorService, class com.almasb.fxgl.event.EventBusService, class com.almasb.fxgl.io.FileSystemService, class com.almasb.fxgl.localization.LocalizationService, class com.almasb.fxgl.app.services.SystemBundleService, class com.almasb.fxgl.profile.SaveLoadService, class com.almasb.fxgl.ui.FXGLUIFactoryServiceProvider, class com.almasb.fxgl.ui.FXGLDialogFactoryServiceProvider, class com.almasb.fxgl.audio.AudioPlayer, class com.almasb.fxgl.notification.impl.NotificationServiceProvider, class com.almasb.fxgl.achievement.AchievementService, class com.almasb.fxgl.cutscene.CutsceneService, class com.almasb.fxgl.minigames.MiniGameService, class com.almasb.fxgl.net.NetService, class com.almasb.fxgl.app.services.UpdaterService, class com.almasb.fxgl.dev.DevService]
14:17:04.183 [FXGL Background Thread 3 ] DEBUG Engine               - fontGame: Abel-Regular.ttf
14:17:04.184 [FXGL Background Thread 3 ] DEBUG Engine               - fontMono: lucida_console.ttf
14:17:04.186 [FXGL Background Thread 3 ] DEBUG Engine               - fontText: Courier-Prime.ttf
14:17:04.188 [FXGL Background Thread 3 ] DEBUG Engine               - fontUI: VarelaRound-Regular.ttf
14:17:04.189 [FXGL Background Thread 3 ] DEBUG Engine               - fullScreen: BooleanProperty [value: false]
14:17:04.190 [FXGL Background Thread 3 ] DEBUG Engine               - gameDifficulty: MEDIUM
14:17:04.191 [FXGL Background Thread 3 ] DEBUG Engine               - gameDifficultyProperty: ObjectProperty [value: MEDIUM]
14:17:04.193 [FXGL Background Thread 3 ] DEBUG Engine               - globalMusicVolume: 0.5
14:17:04.197 [FXGL Background Thread 3 ] DEBUG Engine               - globalMusicVolumeProperty: DoubleProperty [value: 0.5]
14:17:04.199 [FXGL Background Thread 3 ] DEBUG Engine               - globalSoundVolume: 0.5
14:17:04.200 [FXGL Background Thread 3 ] DEBUG Engine               - globalSoundVolumeProperty: DoubleProperty [value: 0.5]
14:17:04.201 [FXGL Background Thread 3 ] DEBUG Engine               - height: 1400
14:17:04.202 [FXGL Background Thread 3 ] DEBUG Engine               - isAndroid: false
14:17:04.203 [FXGL Background Thread 3 ] DEBUG Engine               - isBrowser: false
14:17:04.204 [FXGL Background Thread 3 ] DEBUG Engine               - isClickFeedbackEnabled: false
14:17:04.205 [FXGL Background Thread 3 ] DEBUG Engine               - isCloseConfirmation: false
14:17:04.206 [FXGL Background Thread 3 ] DEBUG Engine               - isDesktop: true
14:17:04.208 [FXGL Background Thread 3 ] DEBUG Engine               - isDeveloperMenuEnabled: false
14:17:04.210 [FXGL Background Thread 3 ] DEBUG Engine               - isEntityPreloadEnabled: true
14:17:04.212 [FXGL Background Thread 3 ] DEBUG Engine               - isExperimental3D: false
14:17:04.216 [FXGL Background Thread 3 ] DEBUG Engine               - isExperimentalNative: false
14:17:04.220 [FXGL Background Thread 3 ] DEBUG Engine               - isExperimentalTiledLargeMap: false
14:17:04.225 [FXGL Background Thread 3 ] DEBUG Engine               - isFileSystemWriteAllowed: true
14:17:04.227 [FXGL Background Thread 3 ] DEBUG Engine               - isFullScreenAllowed: false
14:17:04.229 [FXGL Background Thread 3 ] DEBUG Engine               - isFullScreenFromStart: false
14:17:04.231 [FXGL Background Thread 3 ] DEBUG Engine               - isGameMenuEnabled: true
14:17:04.233 [FXGL Background Thread 3 ] DEBUG Engine               - isIOS: false
14:17:04.234 [FXGL Background Thread 3 ] DEBUG Engine               - isIntroEnabled: false
14:17:04.235 [FXGL Background Thread 3 ] DEBUG Engine               - isLinux: false
14:17:04.237 [FXGL Background Thread 3 ] DEBUG Engine               - isMac: true
14:17:04.238 [FXGL Background Thread 3 ] DEBUG Engine               - isMainMenuEnabled: false
14:17:04.239 [FXGL Background Thread 3 ] DEBUG Engine               - isManualResizeEnabled: false
14:17:04.239 [FXGL Background Thread 3 ] DEBUG Engine               - isMobile: false
14:17:04.241 [FXGL Background Thread 3 ] DEBUG Engine               - isPreserveResizeRatio: false
14:17:04.243 [FXGL Background Thread 3 ] DEBUG Engine               - isProfilingEnabled: false
14:17:04.246 [FXGL Background Thread 3 ] DEBUG Engine               - isScaleAffectedOnResize: true
14:17:04.248 [FXGL Background Thread 3 ] DEBUG Engine               - isSingleStep: false
14:17:04.249 [FXGL Background Thread 3 ] DEBUG Engine               - isUserProfileEnabled: false
14:17:04.250 [FXGL Background Thread 3 ] DEBUG Engine               - isWindows: false
14:17:04.251 [FXGL Background Thread 3 ] DEBUG Engine               - language: ObjectProperty [value: ENGLISH]
14:17:04.252 [FXGL Background Thread 3 ] DEBUG Engine               - menuKey: ESCAPE
14:17:04.253 [FXGL Background Thread 3 ] DEBUG Engine               - notificationViewClass: class com.almasb.fxgl.notification.view.XboxNotificationView
14:17:04.254 [FXGL Background Thread 3 ] DEBUG Engine               - pixelsPerMeter: 50.0
14:17:04.256 [FXGL Background Thread 3 ] DEBUG Engine               - platform: MAC
14:17:04.257 [FXGL Background Thread 3 ] DEBUG Engine               - prefHeightProperty: ReadOnlyDoubleProperty [value: 1400.0]
14:17:04.258 [FXGL Background Thread 3 ] DEBUG Engine               - prefWidthProperty: ReadOnlyDoubleProperty [value: 2100.0]
14:17:04.261 [FXGL Background Thread 3 ] DEBUG Engine               - profileDir: profiles/
14:17:04.263 [FXGL Background Thread 3 ] DEBUG Engine               - profileName: StringProperty [value: DEFAULT]
14:17:04.264 [FXGL Background Thread 3 ] DEBUG Engine               - randomSeed: -1
14:17:04.267 [FXGL Background Thread 3 ] DEBUG Engine               - runtimeInfo: RuntimeInfo(platform=MAC, version=11.14, build=01.03.2021 16.59)
14:17:04.269 [FXGL Background Thread 3 ] DEBUG Engine               - saveFileExt: sav
14:17:04.271 [FXGL Background Thread 3 ] DEBUG Engine               - scaledHeightProp$fxgl: DoubleProperty [bound, value: 864.0]
14:17:04.273 [FXGL Background Thread 3 ] DEBUG Engine               - scaledWidthProp$fxgl: DoubleProperty [bound, value: 1271.0]
14:17:04.274 [FXGL Background Thread 3 ] DEBUG Engine               - sceneFactory: com.almasb.fxgl.app.scene.SceneFactory@18d7a79f
14:17:04.275 [FXGL Background Thread 3 ] DEBUG Engine               - secondsIn24h: 60
14:17:04.276 [FXGL Background Thread 3 ] DEBUG Engine               - soundMenuBack: menu/back.wav
14:17:04.277 [FXGL Background Thread 3 ] DEBUG Engine               - soundMenuPress: menu/press.wav
14:17:04.278 [FXGL Background Thread 3 ] DEBUG Engine               - soundMenuSelect: menu/select.wav
14:17:04.280 [FXGL Background Thread 3 ] DEBUG Engine               - soundNotification: core/notification.wav
14:17:04.281 [FXGL Background Thread 3 ] DEBUG Engine               - stageStyle: DECORATED
14:17:04.282 [FXGL Background Thread 3 ] DEBUG Engine               - supportedLanguages: [ENGLISH, FRENCH, GERMAN, HUNGARIAN, RUSSIAN]
14:17:04.283 [FXGL Background Thread 3 ] DEBUG Engine               - ticksPerSecond: -1
14:17:04.284 [FXGL Background Thread 3 ] DEBUG Engine               - title: TestApp
14:17:04.287 [FXGL Background Thread 3 ] DEBUG Engine               - urlGithub: https://github.com/AlmasB/FXGL
14:17:04.288 [FXGL Background Thread 3 ] DEBUG Engine               - urlLeaderboard: http://fxgl-top.herokuapp.com/
14:17:04.291 [FXGL Background Thread 3 ] DEBUG Engine               - urlPOM: https://raw.githubusercontent.com/AlmasB/FXGL/release/README.md
14:17:04.292 [FXGL Background Thread 3 ] DEBUG Engine               - userAppClass: class Game
14:17:04.293 [FXGL Background Thread 3 ] DEBUG Engine               - version: 5.0
14:17:04.294 [FXGL Background Thread 3 ] DEBUG Engine               - versionCheckDays: 7
14:17:04.295 [FXGL Background Thread 3 ] DEBUG Engine               - width: 2100
14:17:04.297 [FXGL Background Thread 3 ] DEBUG Engine               - Logging services
14:17:04.298 [FXGL Background Thread 3 ] DEBUG Engine               - class com.almasb.fxgl.app.services.FXGLAssetLoaderService
14:17:04.300 [FXGL Background Thread 3 ] DEBUG Engine               - class com.almasb.fxgl.app.FXGLApplication$GameApplicationService
14:17:04.301 [FXGL Background Thread 3 ] DEBUG Engine               - class com.almasb.fxgl.app.services.FXGLDialogService
14:17:04.302 [FXGL Background Thread 3 ] DEBUG Engine               - class com.almasb.fxgl.app.services.IOTaskExecutorService
14:17:04.303 [FXGL Background Thread 3 ] DEBUG Engine               - class com.almasb.fxgl.event.EventBusService
14:17:04.304 [FXGL Background Thread 3 ] DEBUG Engine               - class com.almasb.fxgl.io.FileSystemService
14:17:04.305 [FXGL Background Thread 3 ] DEBUG Engine               - class com.almasb.fxgl.localization.LocalizationService
14:17:04.306 [FXGL Background Thread 3 ] DEBUG Engine               - class com.almasb.fxgl.app.services.SystemBundleService
14:17:04.307 [FXGL Background Thread 3 ] DEBUG Engine               - class com.almasb.fxgl.profile.SaveLoadService
14:17:04.309 [FXGL Background Thread 3 ] DEBUG Engine               - class com.almasb.fxgl.ui.FXGLUIFactoryServiceProvider
14:17:04.314 [FXGL Background Thread 3 ] DEBUG Engine               - class com.almasb.fxgl.ui.FXGLDialogFactoryServiceProvider
14:17:04.318 [FXGL Background Thread 3 ] DEBUG Engine               - class com.almasb.fxgl.audio.AudioPlayer
14:17:04.320 [FXGL Background Thread 3 ] DEBUG Engine               - class com.almasb.fxgl.notification.impl.NotificationServiceProvider
14:17:04.321 [FXGL Background Thread 3 ] DEBUG Engine               - class com.almasb.fxgl.achievement.AchievementService
14:17:04.322 [FXGL Background Thread 3 ] DEBUG Engine               - class com.almasb.fxgl.cutscene.CutsceneService
14:17:04.323 [FXGL Background Thread 3 ] DEBUG Engine               - class com.almasb.fxgl.minigames.MiniGameService
14:17:04.325 [FXGL Background Thread 3 ] DEBUG Engine               - class com.almasb.fxgl.net.NetService
14:17:04.326 [FXGL Background Thread 3 ] DEBUG Engine               - class com.almasb.fxgl.app.services.UpdaterService
14:17:04.328 [FXGL Background Thread 3 ] DEBUG Engine               - class com.almasb.fxgl.dev.DevService
14:17:11.577 [JavaFX Application Thread] DEBUG FXGLApplication      - Exiting FXGL
14:17:11.580 [JavaFX Application Thread] DEBUG LoopRunner           - Stopping loop
14:17:11.582 [JavaFX Application Thread] DEBUG SystemBundleService  - Saving FXGL system data
14:17:11.588 [JavaFX Application Thread] DEBUG FileSystemAccess     - Writing to: /Users/matthew/IdeaProjects/ipose_game/system/fxgl.bundle
14:17:11.594 [JavaFX Application Thread] DEBUG Async                - Shutting down background threads
14:17:11.599 [JavaFX Application Thread] DEBUG PrimaryStageWindow   - Closing main window
14:17:11.611 [JavaFX Application Thread] DEBUG Logger               - Closing Logger
