14:20:30.633 [main                     ] DEBUG Logger               - Configured Logger
14:20:30.666 [main                     ] DEBUG GameApplication      - Logging settings
Title: TestApp
Version: 5.0
Width: 2100
Height: 1400
Fullscreen: false
Intro: false
Profiling: false
Single step:false
App Mode: DEVELOPER
Menu Key: ESCAPE
Stage Style: DECORATED
Scene Factory: class com.almasb.fxgl.app.scene.SceneFactory

14:20:31.027 [JavaFX Application Thread] DEBUG FXGLApplication      - Initializing FXGL
14:20:31.030 [JavaFX Application Thread] INFO  Engine               - FXGL-11.14 (01.03.2021 16.59) on MAC (J:15.0.2 FX:15)
14:20:31.031 [JavaFX Application Thread] DEBUG Engine               - JRE Vendor Name: Oracle Corporation
14:20:31.031 [JavaFX Application Thread] DEBUG Engine               - Running on OS: Mac OS X version 10.16
14:20:31.031 [JavaFX Application Thread] DEBUG Engine               - Architecture: x86_64
14:20:31.031 [JavaFX Application Thread] INFO  Engine               - Source code and latest versions at: https://github.com/AlmasB/FXGL
14:20:31.031 [JavaFX Application Thread] INFO  Engine               -              Join the FXGL chat at: https://gitter.im/AlmasB/FXGL
14:20:31.153 [JavaFX Application Thread] DEBUG PrimaryStageWindow   - Creating a JavaFX scene
14:20:31.153 [JavaFX Application Thread] DEBUG PrimaryStageWindow   - Target size > screen size
14:20:31.212 [JavaFX Application Thread] DEBUG PrimaryStageWindow   - Target settings size: 2100.0 x 1400.0
14:20:31.213 [JavaFX Application Thread] DEBUG PrimaryStageWindow   - Scaled scene size:    1271.0 x 864.0
14:20:31.213 [JavaFX Application Thread] DEBUG PrimaryStageWindow   - Scaled ratio: (0.6052380952380952, 0.6171428571428571)
14:20:31.214 [JavaFX Application Thread] DEBUG PrimaryStageWindow   - Set initial scene to FXGLStartupScene
14:20:31.220 [JavaFX Application Thread] DEBUG PrimaryStageWindow   - Opening main window
14:20:31.371 [JavaFX Application Thread] DEBUG PrimaryStageWindow   - Window border size: (0.0, 28.0)
14:20:31.371 [JavaFX Application Thread] DEBUG PrimaryStageWindow   - Scaled size: 1271.0 x 864.0
14:20:31.371 [JavaFX Application Thread] DEBUG PrimaryStageWindow   - Scaled ratio: (0.6052380952380952, 0.6171428571428571)
14:20:31.371 [JavaFX Application Thread] DEBUG PrimaryStageWindow   - Scene size: 1271.0 x 864.0
14:20:31.372 [JavaFX Application Thread] DEBUG PrimaryStageWindow   - Stage size: 1271.0 x 892.0
14:20:31.381 [FXGL Background Thread 1 ] DEBUG Engine               - Initializing environment variables
14:20:31.467 [FXGL Background Thread 1 ] DEBUG FXGLAssetLoaderServi - User app class for loading assets: class Game
14:20:31.468 [FXGL Background Thread 1 ] DEBUG GameApplicationServi - Applying CSS: fxgl_dark.css
14:20:31.469 [FXGL Background Thread 1 ] DEBUG FXGLAssetLoaderServi - Loading from file system: jar:file:/Users/matthew/.m2/repository/com/github/almasb/fxgl/11.14/fxgl-11.14.jar!/fxglassets/ui/css/fxgl_dark.css
14:20:31.574 [FXGL Background Thread 1 ] DEBUG GameApplicationServi - Initializing application scenes
14:20:31.715 [FXGL Background Thread 1 ] DEBUG GameWorld            - Game world initialized
14:20:31.752 [FXGL Background Thread 1 ] DEBUG PhysicsWorld         - Physics world initialized: appHeight=1400, physics.ppm=50,0
14:20:31.754 [FXGL Background Thread 1 ] DEBUG PhysicsWorld         - Using strategy: BRUTE_FORCE
14:20:31.762 [FXGL Background Thread 1 ] DEBUG GameScene            - Game scene initialized: 2100x1400
14:20:31.803 [FXGL Background Thread 1 ] DEBUG FXGLAssetLoaderServi - Loading from file system: jar:file:/Users/matthew/.m2/repository/com/github/almasb/fxgl/11.14/fxgl-11.14.jar!/fxglassets/textures/particles/trace_horizontal.png
14:20:31.851 [FXGL Background Thread 1 ] DEBUG FXGL.DefaultMenu     - createMenuBodyGameMenu()
14:20:31.868 [FXGL Background Thread 1 ] DEBUG FXGL.DefaultMenu     - createOptionsMenu()
14:20:31.879 [FXGL Background Thread 1 ] DEBUG FXGLAssetLoaderServi - Loading from file system: jar:file:/Users/matthew/.m2/repository/com/github/almasb/fxgl/11.14/fxgl-11.14.jar!/fxglassets/textures/particles/smoke.png
14:20:31.963 [FXGL Background Thread 1 ] DEBUG GameApplicationServi - Application scenes initialized
14:20:31.974 [FXGL Background Thread 1 ] DEBUG SystemBundleService  - Loading FXGL system data
14:20:31.981 [FXGL Background Thread 1 ] DEBUG FileSystemAccess     - Reading from: /Users/matthew/IdeaProjects/ipose_game/system/fxgl.bundle
14:20:31.991 [FXGL Background Thread 1 ] DEBUG SystemBundleService  - Bundle FXGL: {}
14:20:31.993 [FXGL Background Thread 1 ] DEBUG UpdaterService       - Checking for updates
14:20:32.001 [FXGL Background Thread 4 ] DEBUG FXGLApplication      - Loading fonts
14:20:32.001 [FXGL Background Thread 1 ] DEBUG FXGLApplication      - Loading default localization
14:20:32.009 [FXGL Background Thread 1 ] DEBUG FXGLAssetLoaderServi - Loading from file system: jar:file:/Users/matthew/.m2/repository/com/github/almasb/fxgl/11.14/fxgl-11.14.jar!/fxglassets/languages/english.lang
14:20:32.009 [FXGL Background Thread 4 ] DEBUG FXGLAssetLoaderServi - Loading from file system: jar:file:/Users/matthew/.m2/repository/com/github/almasb/fxgl/11.14/fxgl-11.14.jar!/fxglassets/ui/fonts/VarelaRound-Regular.ttf
14:20:32.050 [FXGL Background Thread 1 ] INFO  FXGLApplication      - FXGL initialization took: 0,664 sec
14:20:32.053 [FXGL Background Thread 4 ] DEBUG FXGLAssetLoaderServi - Loading from file system: jar:file:/Users/matthew/.m2/repository/com/github/almasb/fxgl/11.14/fxgl-11.14.jar!/fxglassets/ui/fonts/Abel-Regular.ttf
14:20:32.062 [FXGL Background Thread 4 ] DEBUG FXGLAssetLoaderServi - Loading from file system: jar:file:/Users/matthew/.m2/repository/com/github/almasb/fxgl/11.14/fxgl-11.14.jar!/fxglassets/ui/fonts/lucida_console.ttf
14:20:32.064 [JavaFX Application Thread] DEBUG Input                - Registered new binding: Move up - W
14:20:32.068 [JavaFX Application Thread] DEBUG LoopRunner           - Stopping loop
14:20:32.071 [JavaFX Application Thread] DEBUG LoopRunner           - Initializing JavaFX AnimationTimerLoop
14:20:32.072 [FXGL Background Thread 4 ] DEBUG FXGLAssetLoaderServi - Loading from file system: jar:file:/Users/matthew/.m2/repository/com/github/almasb/fxgl/11.14/fxgl-11.14.jar!/fxglassets/ui/fonts/Courier-Prime.ttf
14:20:32.077 [JavaFX Application Thread] FATAL FXGLApplication      - Uncaught Exception:
java.util.NoSuchElementException: No entity found satisfying the predicate
	at com.almasb.fxgl.entity.GameWorld.getSingleton(GameWorld.kt:418)
	at com.almasb.fxgl.entity.GameWorld.getSingleton(GameWorld.kt:414)
	at Game.getPlayer(Game.java:14)
	at Game.initInput(Game.java:29)
	at com.almasb.fxgl.app.FXGLApplication$GameApplicationService.onMainLoopStarting(FXGLApplication.kt:547)
	at com.almasb.fxgl.app.Engine.startLoop(Engine.kt:149)
	at com.almasb.fxgl.app.FXGLApplication$start$task$2.accept(FXGLApplication.kt:178)
	at com.almasb.fxgl.app.FXGLApplication$start$task$2.accept(FXGLApplication.kt:69)
	at com.almasb.fxgl.core.concurrent.IOTask.succeed(IOTask.java:123)
	at com.almasb.fxgl.core.concurrent.IOTask$1.succeeded(IOTask.java:112)
	at javafx.concurrent.Task.setState(Task.java:726)
	at javafx.concurrent.Task$TaskCallable.lambda$call$1(Task.java:1436)
	at com.sun.javafx.application.PlatformImpl.lambda$runLater$10(PlatformImpl.java:428)
	at java.base/java.security.AccessController.doPrivileged(AccessController.java:391)
	at com.sun.javafx.application.PlatformImpl.lambda$runLater$11(PlatformImpl.java:427)
	at com.sun.glass.ui.InvokeLaterDispatcher$Future.run(InvokeLaterDispatcher.java:96)

14:20:32.082 [JavaFX Application Thread] FATAL FXGLApplication      - Application will now exit
14:20:32.106 [JavaFX Application Thread] DEBUG PrimaryStageWindow   - Push state: ErrorSubScene
14:20:32.110 [JavaFX Application Thread] DEBUG Input                - Clearing active input actions
14:20:32.126 [JavaFX Application Thread] DEBUG GameApplicationServi - Removing overlay from FXGLStartupScene and adding to ErrorSubScene
14:20:32.129 [JavaFX Application Thread] DEBUG PrimaryStageWindow   - FXGLStartupScene -> ErrorSubScene
14:20:32.133 [JavaFX Application Thread] DEBUG FXGLApplication      - Registering font factories with UI factory
14:20:32.762 [FXGL Background Thread 2 ] INFO  UpdaterService       - Your current version:  11.14
14:20:32.772 [FXGL Background Thread 2 ] INFO  UpdaterService       - Latest stable version: 17.1
14:20:35.002 [FXGL Background Thread 3 ] DEBUG Engine               - Logging environment variables
14:20:35.013 [FXGL Background Thread 3 ] DEBUG Engine               - achievements: []
14:20:35.015 [FXGL Background Thread 3 ] DEBUG Engine               - actualHeight: 864.0
14:20:35.017 [FXGL Background Thread 3 ] DEBUG Engine               - actualHeightProperty: ReadOnlyDoubleProperty [value: 864.0]
14:20:35.019 [FXGL Background Thread 3 ] DEBUG Engine               - actualWidth: 1271.0
14:20:35.022 [FXGL Background Thread 3 ] DEBUG Engine               - actualWidthProperty: ReadOnlyDoubleProperty [value: 1271.0]
14:20:35.023 [FXGL Background Thread 3 ] DEBUG Engine               - appIcon: fxgl_icon.png
14:20:35.025 [FXGL Background Thread 3 ] DEBUG Engine               - applicationMode: DEVELOPER
14:20:35.027 [FXGL Background Thread 3 ] DEBUG Engine               - cSSList: [fxgl_dark.css]
14:20:35.028 [FXGL Background Thread 3 ] DEBUG Engine               - collisionDetectionStrategy: BRUTE_FORCE
14:20:35.031 [FXGL Background Thread 3 ] DEBUG Engine               - configClass: Optional.empty
14:20:35.033 [FXGL Background Thread 3 ] DEBUG Engine               - credits: []
14:20:35.037 [FXGL Background Thread 3 ] DEBUG Engine               - devBBoxColorProperty: ObjectProperty [value: 0xff0000ff]
14:20:35.039 [FXGL Background Thread 3 ] DEBUG Engine               - devEnableDebugCameraProperty: BooleanProperty [value: false]
14:20:35.043 [FXGL Background Thread 3 ] DEBUG Engine               - devSensorColorProperty: ObjectProperty [value: 0xffff00ff]
14:20:35.044 [FXGL Background Thread 3 ] DEBUG Engine               - devShowBBoxProperty: BooleanProperty [value: false]
14:20:35.045 [FXGL Background Thread 3 ] DEBUG Engine               - devShowPositionProperty: BooleanProperty [value: false]
14:20:35.049 [FXGL Background Thread 3 ] DEBUG Engine               - enabledMenuItems: []
14:20:35.051 [FXGL Background Thread 3 ] DEBUG Engine               - engineServices: [class com.almasb.fxgl.app.services.FXGLAssetLoaderService, class com.almasb.fxgl.app.FXGLApplication$GameApplicationService, class com.almasb.fxgl.app.services.FXGLDialogService, class com.almasb.fxgl.app.services.IOTaskExecutorService, class com.almasb.fxgl.event.EventBusService, class com.almasb.fxgl.io.FileSystemService, class com.almasb.fxgl.localization.LocalizationService, class com.almasb.fxgl.app.services.SystemBundleService, class com.almasb.fxgl.profile.SaveLoadService, class com.almasb.fxgl.ui.FXGLUIFactoryServiceProvider, class com.almasb.fxgl.ui.FXGLDialogFactoryServiceProvider, class com.almasb.fxgl.audio.AudioPlayer, class com.almasb.fxgl.notification.impl.NotificationServiceProvider, class com.almasb.fxgl.achievement.AchievementService, class com.almasb.fxgl.cutscene.CutsceneService, class com.almasb.fxgl.minigames.MiniGameService, class com.almasb.fxgl.net.NetService, class com.almasb.fxgl.app.services.UpdaterService, class com.almasb.fxgl.dev.DevService]
14:20:35.053 [FXGL Background Thread 3 ] DEBUG Engine               - fontGame: Abel-Regular.ttf
14:20:35.054 [FXGL Background Thread 3 ] DEBUG Engine               - fontMono: lucida_console.ttf
14:20:35.055 [FXGL Background Thread 3 ] DEBUG Engine               - fontText: Courier-Prime.ttf
14:20:35.057 [FXGL Background Thread 3 ] DEBUG Engine               - fontUI: VarelaRound-Regular.ttf
14:20:35.058 [FXGL Background Thread 3 ] DEBUG Engine               - fullScreen: BooleanProperty [value: false]
14:20:35.059 [FXGL Background Thread 3 ] DEBUG Engine               - gameDifficulty: MEDIUM
14:20:35.061 [FXGL Background Thread 3 ] DEBUG Engine               - gameDifficultyProperty: ObjectProperty [value: MEDIUM]
14:20:35.062 [FXGL Background Thread 3 ] DEBUG Engine               - globalMusicVolume: 0.5
14:20:35.064 [FXGL Background Thread 3 ] DEBUG Engine               - globalMusicVolumeProperty: DoubleProperty [value: 0.5]
14:20:35.065 [FXGL Background Thread 3 ] DEBUG Engine               - globalSoundVolume: 0.5
14:20:35.068 [FXGL Background Thread 3 ] DEBUG Engine               - globalSoundVolumeProperty: DoubleProperty [value: 0.5]
14:20:35.069 [FXGL Background Thread 3 ] DEBUG Engine               - height: 1400
14:20:35.070 [FXGL Background Thread 3 ] DEBUG Engine               - isAndroid: false
14:20:35.071 [FXGL Background Thread 3 ] DEBUG Engine               - isBrowser: false
14:20:35.072 [FXGL Background Thread 3 ] DEBUG Engine               - isClickFeedbackEnabled: false
14:20:35.073 [FXGL Background Thread 3 ] DEBUG Engine               - isCloseConfirmation: false
14:20:35.074 [FXGL Background Thread 3 ] DEBUG Engine               - isDesktop: true
14:20:35.075 [FXGL Background Thread 3 ] DEBUG Engine               - isDeveloperMenuEnabled: false
14:20:35.077 [FXGL Background Thread 3 ] DEBUG Engine               - isEntityPreloadEnabled: true
14:20:35.078 [FXGL Background Thread 3 ] DEBUG Engine               - isExperimental3D: false
14:20:35.079 [FXGL Background Thread 3 ] DEBUG Engine               - isExperimentalNative: false
14:20:35.080 [FXGL Background Thread 3 ] DEBUG Engine               - isExperimentalTiledLargeMap: false
14:20:35.081 [FXGL Background Thread 3 ] DEBUG Engine               - isFileSystemWriteAllowed: true
14:20:35.083 [FXGL Background Thread 3 ] DEBUG Engine               - isFullScreenAllowed: false
14:20:35.085 [FXGL Background Thread 3 ] DEBUG Engine               - isFullScreenFromStart: false
14:20:35.087 [FXGL Background Thread 3 ] DEBUG Engine               - isGameMenuEnabled: true
14:20:35.088 [FXGL Background Thread 3 ] DEBUG Engine               - isIOS: false
14:20:35.090 [FXGL Background Thread 3 ] DEBUG Engine               - isIntroEnabled: false
14:20:35.091 [FXGL Background Thread 3 ] DEBUG Engine               - isLinux: false
14:20:35.092 [FXGL Background Thread 3 ] DEBUG Engine               - isMac: true
14:20:35.093 [FXGL Background Thread 3 ] DEBUG Engine               - isMainMenuEnabled: false
14:20:35.094 [FXGL Background Thread 3 ] DEBUG Engine               - isManualResizeEnabled: false
14:20:35.095 [FXGL Background Thread 3 ] DEBUG Engine               - isMobile: false
14:20:35.096 [FXGL Background Thread 3 ] DEBUG Engine               - isPreserveResizeRatio: false
14:20:35.098 [FXGL Background Thread 3 ] DEBUG Engine               - isProfilingEnabled: false
14:20:35.099 [FXGL Background Thread 3 ] DEBUG Engine               - isScaleAffectedOnResize: true
14:20:35.100 [FXGL Background Thread 3 ] DEBUG Engine               - isSingleStep: false
14:20:35.101 [FXGL Background Thread 3 ] DEBUG Engine               - isUserProfileEnabled: false
14:20:35.102 [FXGL Background Thread 3 ] DEBUG Engine               - isWindows: false
14:20:35.103 [FXGL Background Thread 3 ] DEBUG Engine               - language: ObjectProperty [value: ENGLISH]
14:20:35.105 [FXGL Background Thread 3 ] DEBUG Engine               - menuKey: ESCAPE
14:20:35.107 [FXGL Background Thread 3 ] DEBUG Engine               - notificationViewClass: class com.almasb.fxgl.notification.view.XboxNotificationView
14:20:35.109 [FXGL Background Thread 3 ] DEBUG Engine               - pixelsPerMeter: 50.0
14:20:35.110 [FXGL Background Thread 3 ] DEBUG Engine               - platform: MAC
14:20:35.111 [FXGL Background Thread 3 ] DEBUG Engine               - prefHeightProperty: ReadOnlyDoubleProperty [value: 1400.0]
14:20:35.113 [FXGL Background Thread 3 ] DEBUG Engine               - prefWidthProperty: ReadOnlyDoubleProperty [value: 2100.0]
14:20:35.115 [FXGL Background Thread 3 ] DEBUG Engine               - profileDir: profiles/
14:20:35.116 [FXGL Background Thread 3 ] DEBUG Engine               - profileName: StringProperty [value: DEFAULT]
14:20:35.117 [FXGL Background Thread 3 ] DEBUG Engine               - randomSeed: -1
14:20:35.119 [FXGL Background Thread 3 ] DEBUG Engine               - runtimeInfo: RuntimeInfo(platform=MAC, version=11.14, build=01.03.2021 16.59)
14:20:35.120 [FXGL Background Thread 3 ] DEBUG Engine               - saveFileExt: sav
14:20:35.121 [FXGL Background Thread 3 ] DEBUG Engine               - scaledHeightProp$fxgl: DoubleProperty [bound, value: 864.0]
14:20:35.123 [FXGL Background Thread 3 ] DEBUG Engine               - scaledWidthProp$fxgl: DoubleProperty [bound, value: 1271.0]
14:20:35.124 [FXGL Background Thread 3 ] DEBUG Engine               - sceneFactory: com.almasb.fxgl.app.scene.SceneFactory@1bddca14
14:20:35.125 [FXGL Background Thread 3 ] DEBUG Engine               - secondsIn24h: 60
14:20:35.126 [FXGL Background Thread 3 ] DEBUG Engine               - soundMenuBack: menu/back.wav
14:20:35.127 [FXGL Background Thread 3 ] DEBUG Engine               - soundMenuPress: menu/press.wav
14:20:35.129 [FXGL Background Thread 3 ] DEBUG Engine               - soundMenuSelect: menu/select.wav
14:20:35.130 [FXGL Background Thread 3 ] DEBUG Engine               - soundNotification: core/notification.wav
14:20:35.131 [FXGL Background Thread 3 ] DEBUG Engine               - stageStyle: DECORATED
14:20:35.132 [FXGL Background Thread 3 ] DEBUG Engine               - supportedLanguages: [ENGLISH, FRENCH, GERMAN, HUNGARIAN, RUSSIAN]
14:20:35.133 [FXGL Background Thread 3 ] DEBUG Engine               - ticksPerSecond: -1
14:20:35.134 [FXGL Background Thread 3 ] DEBUG Engine               - title: TestApp
14:20:35.135 [FXGL Background Thread 3 ] DEBUG Engine               - urlGithub: https://github.com/AlmasB/FXGL
14:20:35.136 [FXGL Background Thread 3 ] DEBUG Engine               - urlLeaderboard: http://fxgl-top.herokuapp.com/
14:20:35.137 [FXGL Background Thread 3 ] DEBUG Engine               - urlPOM: https://raw.githubusercontent.com/AlmasB/FXGL/release/README.md
14:20:35.138 [FXGL Background Thread 3 ] DEBUG Engine               - userAppClass: class Game
14:20:35.139 [FXGL Background Thread 3 ] DEBUG Engine               - version: 5.0
14:20:35.140 [FXGL Background Thread 3 ] DEBUG Engine               - versionCheckDays: 7
14:20:35.141 [FXGL Background Thread 3 ] DEBUG Engine               - width: 2100
14:20:35.142 [FXGL Background Thread 3 ] DEBUG Engine               - Logging services
14:20:35.143 [FXGL Background Thread 3 ] DEBUG Engine               - class com.almasb.fxgl.app.services.FXGLAssetLoaderService
14:20:35.144 [FXGL Background Thread 3 ] DEBUG Engine               - class com.almasb.fxgl.app.FXGLApplication$GameApplicationService
14:20:35.146 [FXGL Background Thread 3 ] DEBUG Engine               - class com.almasb.fxgl.app.services.FXGLDialogService
14:20:35.147 [FXGL Background Thread 3 ] DEBUG Engine               - class com.almasb.fxgl.app.services.IOTaskExecutorService
14:20:35.148 [FXGL Background Thread 3 ] DEBUG Engine               - class com.almasb.fxgl.event.EventBusService
14:20:35.149 [FXGL Background Thread 3 ] DEBUG Engine               - class com.almasb.fxgl.io.FileSystemService
14:20:35.150 [FXGL Background Thread 3 ] DEBUG Engine               - class com.almasb.fxgl.localization.LocalizationService
14:20:35.151 [FXGL Background Thread 3 ] DEBUG Engine               - class com.almasb.fxgl.app.services.SystemBundleService
14:20:35.152 [FXGL Background Thread 3 ] DEBUG Engine               - class com.almasb.fxgl.profile.SaveLoadService
14:20:35.153 [FXGL Background Thread 3 ] DEBUG Engine               - class com.almasb.fxgl.ui.FXGLUIFactoryServiceProvider
14:20:35.154 [FXGL Background Thread 3 ] DEBUG Engine               - class com.almasb.fxgl.ui.FXGLDialogFactoryServiceProvider
14:20:35.155 [FXGL Background Thread 3 ] DEBUG Engine               - class com.almasb.fxgl.audio.AudioPlayer
14:20:35.156 [FXGL Background Thread 3 ] DEBUG Engine               - class com.almasb.fxgl.notification.impl.NotificationServiceProvider
14:20:35.157 [FXGL Background Thread 3 ] DEBUG Engine               - class com.almasb.fxgl.achievement.AchievementService
14:20:35.158 [FXGL Background Thread 3 ] DEBUG Engine               - class com.almasb.fxgl.cutscene.CutsceneService
14:20:35.159 [FXGL Background Thread 3 ] DEBUG Engine               - class com.almasb.fxgl.minigames.MiniGameService
14:20:35.160 [FXGL Background Thread 3 ] DEBUG Engine               - class com.almasb.fxgl.net.NetService
14:20:35.164 [FXGL Background Thread 3 ] DEBUG Engine               - class com.almasb.fxgl.app.services.UpdaterService
14:20:35.165 [FXGL Background Thread 3 ] DEBUG Engine               - class com.almasb.fxgl.dev.DevService
14:20:36.108 [JavaFX Application Thread] DEBUG FXGLApplication      - Exiting FXGL
14:20:36.110 [JavaFX Application Thread] DEBUG Async                - Shutting down background threads
14:20:36.112 [JavaFX Application Thread] DEBUG PrimaryStageWindow   - Closing main window
14:20:36.126 [JavaFX Application Thread] DEBUG Logger               - Closing Logger
