14:31:57.278 [main                     ] DEBUG Logger               - Configured Logger
14:31:57.304 [main                     ] DEBUG GameApplication      - Logging settings
Title: TestApp
Version: 5.0
Width: 2100
Height: 1400
Fullscreen: false
Intro: false
Profiling: false
Single step:false
App Mode: DEVELOPER
Menu Key: ESCAPE
Stage Style: DECORATED
Scene Factory: class com.almasb.fxgl.app.scene.SceneFactory

14:31:57.667 [JavaFX Application Thread] DEBUG FXGLApplication      - Initializing FXGL
14:31:57.671 [JavaFX Application Thread] INFO  Engine               - FXGL-11.14 (01.03.2021 16.59) on MAC (J:15.0.2 FX:15)
14:31:57.672 [JavaFX Application Thread] DEBUG Engine               - JRE Vendor Name: Oracle Corporation
14:31:57.672 [JavaFX Application Thread] DEBUG Engine               - Running on OS: Mac OS X version 10.16
14:31:57.672 [JavaFX Application Thread] DEBUG Engine               - Architecture: x86_64
14:31:57.672 [JavaFX Application Thread] INFO  Engine               - Source code and latest versions at: https://github.com/AlmasB/FXGL
14:31:57.673 [JavaFX Application Thread] INFO  Engine               -              Join the FXGL chat at: https://gitter.im/AlmasB/FXGL
14:31:57.795 [JavaFX Application Thread] DEBUG PrimaryStageWindow   - Creating a JavaFX scene
14:31:57.796 [JavaFX Application Thread] DEBUG PrimaryStageWindow   - Target size > screen size
14:31:57.848 [JavaFX Application Thread] DEBUG PrimaryStageWindow   - Target settings size: 2100.0 x 1400.0
14:31:57.849 [JavaFX Application Thread] DEBUG PrimaryStageWindow   - Scaled scene size:    1271.0 x 864.0
14:31:57.849 [JavaFX Application Thread] DEBUG PrimaryStageWindow   - Scaled ratio: (0.6052380952380952, 0.6171428571428571)
14:31:57.851 [JavaFX Application Thread] DEBUG PrimaryStageWindow   - Set initial scene to FXGLStartupScene
14:31:57.856 [JavaFX Application Thread] DEBUG PrimaryStageWindow   - Opening main window
14:31:58.012 [JavaFX Application Thread] DEBUG PrimaryStageWindow   - Window border size: (0.0, 28.0)
14:31:58.012 [JavaFX Application Thread] DEBUG PrimaryStageWindow   - Scaled size: 1271.0 x 864.0
14:31:58.012 [JavaFX Application Thread] DEBUG PrimaryStageWindow   - Scaled ratio: (0.6052380952380952, 0.6171428571428571)
14:31:58.013 [JavaFX Application Thread] DEBUG PrimaryStageWindow   - Scene size: 1271.0 x 864.0
14:31:58.013 [JavaFX Application Thread] DEBUG PrimaryStageWindow   - Stage size: 1271.0 x 892.0
14:31:58.021 [FXGL Background Thread 1 ] DEBUG Engine               - Initializing environment variables
14:31:58.118 [FXGL Background Thread 1 ] DEBUG FXGLAssetLoaderServi - User app class for loading assets: class Game
14:31:58.120 [FXGL Background Thread 1 ] DEBUG GameApplicationServi - Applying CSS: fxgl_dark.css
14:31:58.121 [FXGL Background Thread 1 ] DEBUG FXGLAssetLoaderServi - Loading from file system: jar:file:/Users/matthew/.m2/repository/com/github/almasb/fxgl/11.14/fxgl-11.14.jar!/fxglassets/ui/css/fxgl_dark.css
14:31:58.213 [FXGL Background Thread 1 ] DEBUG GameApplicationServi - Initializing application scenes
14:31:58.377 [FXGL Background Thread 1 ] DEBUG GameWorld            - Game world initialized
14:31:58.412 [FXGL Background Thread 1 ] DEBUG PhysicsWorld         - Physics world initialized: appHeight=1400, physics.ppm=50,0
14:31:58.418 [FXGL Background Thread 1 ] DEBUG PhysicsWorld         - Using strategy: BRUTE_FORCE
14:31:58.426 [FXGL Background Thread 1 ] DEBUG GameScene            - Game scene initialized: 2100x1400
14:31:58.459 [FXGL Background Thread 1 ] DEBUG FXGLAssetLoaderServi - Loading from file system: jar:file:/Users/matthew/.m2/repository/com/github/almasb/fxgl/11.14/fxgl-11.14.jar!/fxglassets/textures/particles/trace_horizontal.png
14:31:58.507 [FXGL Background Thread 1 ] DEBUG FXGL.DefaultMenu     - createMenuBodyGameMenu()
14:31:58.542 [FXGL Background Thread 1 ] DEBUG FXGL.DefaultMenu     - createOptionsMenu()
14:31:58.552 [FXGL Background Thread 1 ] DEBUG FXGLAssetLoaderServi - Loading from file system: jar:file:/Users/matthew/.m2/repository/com/github/almasb/fxgl/11.14/fxgl-11.14.jar!/fxglassets/textures/particles/smoke.png
14:31:58.631 [FXGL Background Thread 1 ] DEBUG GameApplicationServi - Application scenes initialized
14:31:58.642 [FXGL Background Thread 1 ] DEBUG SystemBundleService  - Loading FXGL system data
14:31:58.649 [FXGL Background Thread 1 ] DEBUG FileSystemAccess     - Reading from: /Users/matthew/IdeaProjects/ipose_game/system/fxgl.bundle
14:31:58.659 [FXGL Background Thread 1 ] DEBUG SystemBundleService  - Bundle FXGL: {}
14:31:58.661 [FXGL Background Thread 1 ] DEBUG UpdaterService       - Checking for updates
14:31:58.668 [FXGL Background Thread 1 ] DEBUG FXGLApplication      - Loading default localization
14:31:58.667 [FXGL Background Thread 4 ] DEBUG FXGLApplication      - Loading fonts
14:31:58.677 [FXGL Background Thread 1 ] DEBUG FXGLAssetLoaderServi - Loading from file system: jar:file:/Users/matthew/.m2/repository/com/github/almasb/fxgl/11.14/fxgl-11.14.jar!/fxglassets/languages/english.lang
14:31:58.677 [FXGL Background Thread 4 ] DEBUG FXGLAssetLoaderServi - Loading from file system: jar:file:/Users/matthew/.m2/repository/com/github/almasb/fxgl/11.14/fxgl-11.14.jar!/fxglassets/ui/fonts/VarelaRound-Regular.ttf
14:31:58.707 [FXGL Background Thread 4 ] DEBUG FXGLAssetLoaderServi - Loading from file system: jar:file:/Users/matthew/.m2/repository/com/github/almasb/fxgl/11.14/fxgl-11.14.jar!/fxglassets/ui/fonts/Abel-Regular.ttf
14:31:58.715 [FXGL Background Thread 1 ] INFO  FXGLApplication      - FXGL initialization took: 0,690 sec
14:31:58.721 [FXGL Background Thread 4 ] DEBUG FXGLAssetLoaderServi - Loading from file system: jar:file:/Users/matthew/.m2/repository/com/github/almasb/fxgl/11.14/fxgl-11.14.jar!/fxglassets/ui/fonts/lucida_console.ttf
14:31:58.726 [JavaFX Application Thread] DEBUG Input                - Registered new binding: Move up - W
14:31:58.727 [FXGL Background Thread 4 ] DEBUG FXGLAssetLoaderServi - Loading from file system: jar:file:/Users/matthew/.m2/repository/com/github/almasb/fxgl/11.14/fxgl-11.14.jar!/fxglassets/ui/fonts/Courier-Prime.ttf
14:31:58.733 [JavaFX Application Thread] DEBUG FXGLAssetLoaderServi - Loading from file system: jar:file:/Users/matthew/.m2/repository/com/github/almasb/fxgl/11.14/fxgl-11.14.jar!/fxglassets/textures/fxgl_icon.png
14:31:58.778 [JavaFX Application Thread] DEBUG FXGLAssetLoaderServi - Loading from file system: jar:file:/Users/matthew/.m2/repository/com/github/almasb/fxgl/11.14/fxgl-11.14.jar!/fxglassets/ui/cursors/fxgl_default.png
14:31:58.794 [JavaFX Application Thread] DEBUG Input                - Registered new binding: Screenshot - P
14:31:58.800 [JavaFX Application Thread] DEBUG Input                - Registered new binding: System info dump - CTRL+9
14:31:58.810 [JavaFX Application Thread] DEBUG Input                - Registered new binding: Restart - CTRL+R
14:31:58.815 [JavaFX Application Thread] DEBUG Input                - Registered new binding: Toggle Debug Camera - CTRL+C
14:31:58.823 [JavaFX Application Thread] DEBUG LoopRunner           - Starting loop
14:31:58.827 [JavaFX Application Thread] DEBUG LoopRunner           - Initializing JavaFX AnimationTimerLoop
14:31:58.836 [JavaFX Application Thread] DEBUG GameApplicationServi - Starting new game
14:31:58.843 [JavaFX Application Thread] DEBUG Input                - Clearing active input actions
14:31:58.894 [JavaFX Application Thread] DEBUG GameApplicationServi - Removing overlay from FXGLStartupScene and adding to FXGLLoadingScene
14:31:58.898 [JavaFX Application Thread] DEBUG PrimaryStageWindow   - FXGLStartupScene -> FXGLLoadingScene
14:31:58.903 [JavaFX Application Thread] DEBUG GameApplicationServi - Clearing previous game
14:31:58.906 [JavaFX Application Thread] DEBUG GameScene            - Clearing game scene
14:31:58.909 [JavaFX Application Thread] DEBUG GameWorld            - Clearing game world
14:31:58.911 [JavaFX Application Thread] DEBUG PhysicsWorld         - Clearing physics world
14:31:58.917 [FXGL Background Thread 4 ] DEBUG FXGLApplication      - Initializing game
14:31:58.955 [JavaFX Application Thread] DEBUG FXGLApplication      - Registering font factories with UI factory
14:31:58.977 [FXGL Background Thread 4 ] WARN  TMXLevelLoader       - TiledMap generated from 1.8.4. Supported version: 1.2.3. Some features may not be parsed fully.
14:31:59.004 [FXGL Background Thread 4 ] DEBUG TMXLevelLoader       - Parsed raw map: TiledMap(width=105, height=28, tilewidth=70, tileheight=70, orientation=orthogonal, layers=[Layer(width=105, height=28, name=Tile Layer 1, type=tilelayer, visible=false, x=0, y=0, data=[0, 0, 0, 0, 0, 0, 0, 0, 0, 0, 0, 0, 0, 0, 0, 0, 0, 0, 0, 0, 0, 0, 0, 0, 0, 0, 0, 0, 0, 0, 0, 0, 0, 0, 0, 0, 0, 0, 0, 0, 0, 0, 0, 0, 0, 0, 0, 0, 0, 0, 0, 0, 0, 0, 0, 0, 0, 0, 0, 0, 0, 0, 0, 180, 180, 180, 180, 180, 180, 180, 180, 180, 180, 180, 180, 180, 180, 0, 0, 0, 0, 0, 0, 0, 0, 0, 0, 0, 0, 0, 0, 0, 0, 0, 0, 0, 0, 0, 0, 0, 0, 0, 0, 0, 0, 0, 0, 0, 0, 0, 0, 0, 0, 0, 0, 0, 0, 0, 0, 0, 0, 0, 0, 0, 0, 0, 0, 0, 0, 0, 0, 0, 0, 0, 0, 0, 0, 0, 0, 0, 0, 0, 0, 0, 0, 0, 0, 0, 0, 0, 0, 0, 0, 0, 0, 0, 0, 0, 0, 0, 0, 0, 0, 0, 0, 0, 0, 0, 0, 0, 0, 0, 0, 0, 0, 0, 0, 0, 0, 0, 0, 0, 0, 0, 0, 0, 0, 0, 0, 0, 180, 180, 180, 180, 180, 180, 180, 0, 0, 0, 0, 0, 0, 0, 0, 0, 0, 0, 0, 0, 0, 0, 0, 0, 0, 0, 0, 0, 0, 0, 0, 0, 0, 0, 0, 0, 0, 0, 0, 0, 0, 0, 0, 180, 180, 180, 180, 180, 180, 180, 0, 0, 0, 0, 0, 0, 0, 0, 0, 0, 0, 0, 0, 0, 0, 0, 0, 0, 0, 0, 0, 0, 0, 0, 0, 0, 0, 0, 0, 0, 0, 0, 0, 0, 0, 0, 0, 0, 0, 0, 0, 0, 0, 0, 0, 0, 0, 0, 0, 0, 0, 0, 0, 0, 0, 0, 0, 0, 0, 0, 0, 0, 0, 0, 0, 0, 0, 0, 0, 0, 0, 0, 0, 0, 0, 0, 0, 0, 0, 0, 0, 0, 0, 0, 0, 0, 0, 0, 0, 0, 0, 0, 0, 0, 0, 0, 0, 0, 0, 0, 0, 0, 0, 0, 0, 0, 0, 0, 0, 0, 0, 0, 0, 0, 0, 0, 0, 0, 0, 0, 0, 0, 0, 0, 0, 0, 0, 0, 0, 0, 0, 0, 0, 0, 0, 0, 0, 0, 0, 0, 0, 0, 0, 0, 0, 0, 0, 0, 0, 0, 0, 0, 0, 0, 0, 0, 0, 0, 0, 0, 0, 0, 0, 0, 0, 0, 0, 0, 0, 0, 0, 0, 0, 0, 0, 0, 0, 0, 0, 0, 0, 0, 0, 0, 0, 0, 0, 0, 0, 0, 0, 0, 0, 0, 0, 0, 0, 0, 0, 0, 0, 0, 0, 0, 0, 0, 0, 0, 0, 0, 0, 0, 0, 0, 0, 0, 0, 0, 0, 0, 0, 0, 0, 0, 0, 0, 0, 0, 0, 0, 0, 0, 0, 0, 0, 0, 180, 180, 180, 180, 180, 180, 0, 0, 0, 0, 0, 0, 0, 0, 0, 0, 0, 0, 0, 0, 0, 0, 0, 0, 0, 0, 0, 0, 0, 0, 0, 0, 0, 0, 0, 0, 0, 0, 0, 0, 0, 0, 0, 0, 0, 0, 0, 0, 0, 0, 0, 0, 0, 0, 0, 0, 0, 0, 0, 0, 0, 0, 0, 0, 180, 180, 180, 180, 180, 180, 180, 0, 0, 0, 0, 0, 0, 0, 0, 0, 0, 0, 0, 0, 0, 0, 0, 0, 0, 0, 0, 0, 0, 0, 0, 0, 0, 0, 0, 0, 0, 0, 0, 0, 0, 0, 0, 0, 0, 0, 0, 0, 0, 0, 0, 0, 0, 0, 0, 0, 0, 0, 0, 0, 0, 0, 180, 180, 180, 180, 180, 180, 180, 0, 0, 0, 0, 0, 0, 0, 0, 0, 0, 0, 0, 0, 0, 0, 0, 0, 0, 0, 0, 0, 0, 0, 0, 0, 0, 0, 0, 0, 0, 0, 0, 0, 0, 0, 0, 0, 0, 0, 0, 0, 0, 0, 0, 0, 0, 0, 0, 0, 0, 0, 0, 0, 180, 180, 180, 180, 180, 180, 180, 0, 0, 0, 0, 0, 0, 0, 0, 0, 0, 0, 0, 0, 0, 0, 0, 0, 0, 0, 0, 0, 0, 0, 0, 0, 0, 0, 0, 0, 0, 0, 0, 0, 0, 0, 0, 0, 0, 0, 0, 0, 0, 0, 0, 0, 0, 0, 0, 0, 0, 0, 0, 0, 0, 0, 0, 0, 0, 0, 0, 0, 0, 0, 0, 0, 0, 0, 0, 0, 0, 0, 0, 0, 0, 0, 0, 0, 0, 0, 0, 0, 0, 0, 0, 0, 0, 0, 0, 0, 0, 0, 0, 0, 0, 0, 0, 0, 0, 0, 0, 0, 0, 0, 0, 0, 0, 0, 0, 0, 0, 0, 0, 0, 0, 0, 180, 180, 180, 180, 180, 180, 0, 0, 0, 0, 0, 0, 0, 0, 0, 0, 0, 0, 0, 0, 0, 0, 0, 0, 0, 0, 0, 0, 0, 0, 0, 0, 0, 0, 0, 0, 0, 0, 0, 0, 0, 0, 0, 0, 0, 0, 0, 0, 0, 0, 0, 0, 0, 0, 0, 0, 36, 36, 36, 36, 36, 36, 36, 36, 36, 36, 36, 36, 0, 0, 0, 0, 0, 0, 0, 0, 0, 0, 0, 0, 0, 0, 0, 0, 0, 0, 0, 0, 0, 0, 0, 0, 0, 0, 0, 0, 0, 0, 0, 0, 0, 0, 0, 0, 0, 0, 0, 0, 0, 0, 0, 0, 0, 0, 0, 0, 0, 0, 0, 180, 180, 180, 180, 180, 180, 0, 0, 0, 0, 0, 0, 0, 0, 0, 0, 0, 0, 0, 0, 0, 0, 0, 0, 0, 0, 0, 0, 0, 0, 0, 0, 0, 0, 0, 0, 0, 0, 0, 0, 0, 0, 0, 0, 0, 0, 0, 0, 0, 0, 0, 0, 0, 0, 0, 0, 0, 0, 0, 0, 0, 0, 0, 0, 0, 180, 180, 180, 180, 180, 180, 180, 0, 0, 0, 0, 0, 0, 0, 0, 0, 0, 0, 0, 0, 0, 0, 0, 0, 0, 0, 0, 0, 0, 0, 0, 0, 0, 0, 0, 0, 0, 0, 0, 0, 0, 0, 0, 0, 0, 0, 0, 0, 0, 0, 0, 0, 0, 0, 0, 0, 0, 0, 0, 0, 0, 0, 0, 0, 0, 0, 0, 0, 0, 0, 0, 0, 0, 0, 0, 0, 0, 0, 0, 0, 0, 0, 0, 0, 0, 0, 0, 0, 0, 0, 0, 0, 0, 0, 0, 0, 0, 0, 0, 0, 0, 0, 0, 0, 0, 0, 0, 0, 0, 0, 0, 0, 0, 0, 0, 0, 0, 0, 0, 0, 0, 0, 180, 180, 180, 180, 180, 180, 180, 0, 0, 0, 0, 0, 0, 0, 0, 0, 0, 0, 0, 0, 0, 0, 0, 0, 0, 0, 0, 0, 0, 0, 0, 0, 0, 0, 0, 0, 0, 0, 0, 0, 0, 0, 0, 0, 0, 180, 180, 180, 180, 180, 180, 180, 0, 0, 0, 0, 0, 0, 180, 180, 180, 180, 180, 180, 180, 0, 0, 0, 0, 0, 0, 0, 0, 0, 0, 0, 0, 0, 0, 0, 0, 0, 0, 0, 0, 0, 0, 0, 0, 0, 0, 0, 0, 0, 0, 0, 0, 0, 0, 0, 0, 0, 0, 0, 0, 0, 0, 0, 0, 0, 0, 0, 0, 0, 0, 0, 0, 0, 0, 0, 0, 0, 0, 0, 0, 0, 0, 0, 0, 0, 0, 0, 0, 0, 0, 0, 0, 0, 0, 0, 0, 0, 0, 0, 0, 0, 0, 0, 0, 0, 0, 0, 0, 0, 0, 0, 0, 0, 0, 0, 0, 0, 0, 0, 0, 0, 0, 0, 0, 0, 0, 0, 0, 0, 0, 0, 0, 0, 0, 0, 0, 0, 0, 0, 0, 0, 0, 0, 0, 0, 0, 0, 0, 0, 0, 0, 0, 0, 0, 0, 0, 0, 0, 0, 0, 0, 0, 0, 0, 0, 0, 0, 0, 0, 0, 0, 0, 0, 0, 0, 0, 0, 0, 0, 0, 0, 0, 0, 0, 0, 0, 0, 0, 0, 0, 0, 0, 0, 0, 0, 0, 0, 0, 0, 0, 0, 0, 0, 0, 0, 0, 0, 0, 0, 0, 0, 0, 0, 0, 0, 0, 0, 0, 0, 0, 0, 0, 0, 0, 0, 0, 0, 0, 0, 0, 0, 0, 0, 0, 0, 0, 0, 0, 0, 0, 0, 0, 0, 0, 0, 0, 0, 0, 0, 0, 0, 0, 0, 0, 0, 0, 0, 0, 0, 0, 0, 0, 0, 0, 0, 0, 0, 0, 0, 0, 0, 0, 0, 0, 0, 0, 0, 0, 0, 0, 0, 0, 0, 0, 0, 0, 0, 0, 0, 0, 0, 0, 0, 0, 0, 0, 0, 0, 0, 0, 0, 0, 0, 0, 0, 0, 0, 0, 0, 0, 0, 0, 0, 0, 0, 0, 0, 0, 0, 0, 0, 0, 0, 0, 0, 0, 0, 0, 0, 0, 0, 0, 0, 0, 0, 0, 0, 0, 0, 0, 0, 0, 0, 0, 0, 0, 0, 0, 0, 0, 0, 0, 0, 0, 0, 0, 0, 0, 0, 0, 0, 0, 0, 0, 0, 0, 0, 0, 0, 0, 0, 0, 0, 0, 0, 0, 0, 0, 0, 0, 0, 0, 0, 0, 0, 0, 0, 0, 0, 0, 0, 0, 0, 0, 0, 0, 0, 0, 0, 0, 0, 0, 0, 0, 0, 0, 0, 0, 0, 0, 0, 0, 0, 0, 0, 0, 0, 0, 0, 0, 0, 0, 0, 0, 0, 0, 0, 0, 0, 0, 0, 0, 0, 0, 0, 0, 0, 0, 0, 0, 0, 0, 0, 0, 0, 0, 0, 0, 0, 0, 0, 0, 0, 0, 0, 0, 0, 0, 0, 0, 0, 0, 0, 0, 0, 0, 0, 0, 0, 0, 0, 0, 0, 0, 0, 0, 0, 0, 0, 0, 0, 0, 0, 0, 0, 0, 0, 0, 0, 0, 0, 0, 0, 0, 0, 0, 0, 0, 0, 0, 0, 0, 0, 0, 0, 0, 0, 0, 0, 0, 0, 0, 0, 0, 0, 0, 0, 0, 0, 0, 0, 0, 0, 0, 0, 0, 0, 0, 0, 0, 0, 0, 0, 0, 0, 0, 0, 0, 0, 0, 0, 0, 0, 0, 0, 0, 0, 0, 0, 0, 0, 0, 0, 0, 0, 0, 0, 0, 0, 0, 0, 0, 0, 0, 0, 0, 0, 0, 0, 0, 0, 0, 0, 0, 0, 0, 0, 0, 0, 0, 0, 0, 0, 0, 0, 0, 0, 0, 0, 0, 0, 0, 0, 0, 0, 0, 0, 0, 0, 0, 0, 0, 0, 0, 0, 0, 0, 0, 0, 0, 0, 0, 0, 0, 0, 0, 0, 0, 0, 0, 0, 0, 0, 0, 0, 0, 0, 0, 0, 0, 0, 0, 0, 0, 0, 0, 0, 0, 0, 0, 0, 0, 0, 0, 0, 0, 0, 0, 0, 0, 0, 0, 0, 0, 0, 0, 0, 0, 0, 0, 0, 0, 0, 0, 0, 0, 0, 0, 0, 0, 0, 0, 0, 0, 0, 0, 0, 0, 0, 0, 0, 0, 0, 0, 0, 0, 0, 0, 0, 0, 0, 0, 0, 0, 0, 0, 0, 0, 0, 0, 0, 0, 0, 0, 0, 0, 0, 0, 0, 0, 0, 0, 0, 0, 0, 0, 0, 0, 0, 0, 0, 0, 0, 0, 0, 0, 0, 0, 0, 0, 0, 0, 0, 0, 0, 0, 0, 0, 0, 0, 0, 0, 0, 0, 0, 0, 0, 0, 0, 0, 0, 0, 0, 0, 0, 0, 0, 0, 0, 0, 0, 0, 0, 0, 0, 0, 0, 0, 0, 0, 0, 0, 0, 0, 0, 0, 0, 0, 0, 0, 0, 0, 0, 0, 0, 0, 0, 0, 0, 0, 0, 0, 0, 0, 0, 0, 0, 0, 0, 0, 0, 0, 0, 0, 0, 0, 0, 0, 0, 0, 0, 0, 0, 0, 0, 0, 0, 0, 0, 0, 0, 0, 0, 0, 0, 0, 0, 0, 0, 0, 0, 0, 0, 0, 0, 0, 0, 0, 0, 0, 0, 0, 0, 0, 0, 0, 0, 0, 0, 0, 0, 0, 0, 0, 0, 0, 0, 0, 0, 0, 0, 0, 0, 0, 0, 0, 0, 0, 0, 0, 0, 0, 0, 0, 0, 0, 0, 0, 0, 0, 0, 0, 0, 0, 0, 0, 0, 0, 0, 0, 0, 0, 0, 0, 0, 0, 0, 0, 0, 0, 0, 0, 0, 0, 0, 0, 0, 0, 0, 0, 0, 0, 0, 0, 0, 0, 0, 0, 0, 0, 0, 0, 0, 0, 0, 0, 0, 0, 0, 0, 0, 0, 0, 0, 0, 0, 0, 0, 0, 0, 0, 0, 0, 0, 0, 0, 0, 0, 0, 0, 0, 0, 0, 0, 0, 0, 0, 0, 0, 0, 0, 0, 0, 0, 0, 0, 0, 0, 0, 0, 0, 0, 0, 0, 0, 0, 0, 0, 0, 0, 0, 0, 0, 0, 0, 0, 0, 0, 0, 0, 0, 0, 0, 0, 0, 0, 0, 0, 0, 0, 0, 0, 0, 0, 0, 0, 0, 0, 0, 0, 0, 0, 0, 0, 0, 0, 0, 0, 0, 0, 0, 0, 0, 0, 0, 0, 0, 0, 0, 0, 0, 0, 0, 0, 0, 0, 0, 0, 0, 0, 0, 0, 0, 0, 0, 0, 0, 0, 0, 0, 0, 0, 0, 0, 0, 0, 0, 0, 0, 0, 0, 0, 0, 0, 0, 0, 0, 0, 0, 0, 0, 0, 0, 0, 0, 0, 0, 0, 0, 0, 0, 0, 0, 0, 0, 0, 0, 0, 0, 0, 0, 0, 0, 0, 0, 0, 0, 0, 0, 0, 0, 0, 0, 0, 0, 0, 0, 0, 0, 0, 0, 0, 0, 0, 0, 0, 0, 0, 0, 0, 0, 0, 0, 0, 0, 0, 0, 0, 0, 0, 0, 0, 0, 0, 0, 0, 0, 0, 0, 0, 0, 0, 0, 0, 0, 0, 0, 0, 0, 0, 0, 0, 0, 0, 0, 0, 0, 0, 0, 0, 0, 0, 0, 0, 0, 0, 0, 0, 0, 0, 0, 0, 0, 0, 0, 0, 0, 0, 0, 0, 0, 0, 0, 0, 0, 0, 0, 0, 0, 0, 0, 0, 0, 0, 0, 0, 0, 0, 0, 0, 0, 0, 0, 0, 0, 0, 0, 0, 0, 0, 0, 0, 0, 0, 0, 0, 0, 0, 0, 0, 0, 0, 0, 0, 0, 0, 0, 0, 0, 0, 0, 0, 0, 0, 0, 0, 0, 0, 0, 0, 0, 0, 0, 0, 0, 0, 0, 0, 0, 0, 0, 0, 0, 0, 0, 0, 0, 0, 0, 0, 0, 0, 0, 0, 0, 0, 0, 0, 0, 0, 0, 0, 0, 0, 0, 0, 0, 0, 0, 0, 0, 0, 0, 0, 0, 0, 0, 0, 0, 0, 0, 0, 0, 0, 0, 0, 0, 0, 0, 0, 0, 0, 0, 0, 0, 0, 0, 0, 0, 0, 0, 0, 0, 0, 0, 0, 0, 0, 0, 0, 0, 0, 0, 0, 0, 0, 0, 0, 0, 0, 0, 0, 0, 0, 0, 0, 0, 0, 0, 0, 0, 0, 0, 0, 0, 0, 0, 0, 0, 0, 0, 0, 0, 0, 0, 0, 0, 0, 0, 0, 0, 0, 0, 0, 0, 0, 0, 0, 0, 0, 0, 0, 0, 0, 0, 0, 0, 0, 0, 0, 0, 0, 0, 0, 0, 0, 0, 0, 0, 0, 0, 0, 0, 0, 0, 0, 0, 0, 0, 0, 0, 0, 0, 0, 0, 0, 0, 0, 0, 0, 0, 0, 0, 0, 0, 0, 0, 0, 0, 0, 0, 0, 0, 0, 0, 0, 0, 0, 0, 0, 0, 0, 0, 0, 0, 0, 0, 0, 0, 0, 0, 0, 0, 0, 0, 0, 0, 0, 0, 0, 0, 0, 0, 0, 0, 0, 0, 0, 0, 0, 0, 0, 0, 0, 0, 0, 0, 0, 0, 0, 0, 0, 0, 0, 0, 0, 0, 0, 0, 0, 0, 0, 0, 0, 0, 0, 0, 0, 0, 0, 0, 0, 0, 0, 0, 0, 0, 0, 0, 0, 0, 0, 0, 0, 0, 0, 0, 0, 0, 0, 0, 0, 0, 0, 0, 0, 0, 0, 0, 0, 0, 0, 0, 0, 0, 0, 0, 0, 0, 0, 0, 0, 0, 0, 0, 0, 0, 0, 0, 0, 0, 0, 0, 0, 0, 0, 0, 0, 0, 0, 0, 0, 0, 0, 0, 0, 0, 0, 0, 0, 0, 0, 0, 0, 0, 0, 0, 0, 0, 0, 0, 0, 0, 0, 0, 0, 0, 0, 0, 0, 0, 0, 0, 0, 0, 0, 0, 0, 0, 0, 0, 0, 0, 0, 0, 0, 0, 0, 0, 0, 0, 0, 0, 0, 0, 0, 0, 0, 0, 0, 0, 0, 0, 0, 0, 0, 0, 0, 0, 0, 0, 0, 0, 0, 0, 0, 0, 0, 0, 0, 0, 0, 0, 0, 0, 0, 0, 0, 0, 0, 0, 0, 0, 0, 0, 0, 0, 0, 0, 0, 0, 0, 0, 0, 0, 0, 0, 0, 0, 0, 0, 0, 0, 0, 0, 0, 0, 0, 0, 0, 0, 0, 0, 0, 0, 0, 0, 0, 0, 0, 0, 0, 0, 0, 0, 0, 0, 0, 0, 0, 0, 0, 0, 0, 0, 0, 0, 0, 0, 0, 0, 0, 0, 0, 0, 0, 0, 0, 0, 0, 0, 0, 0, 0, 0, 0, 0, 0, 0, 0, 0, 0, 0, 0, 0, 0, 0, 0, 0, 0, 0, 0, 0, 0, 0, 0, 0, 0, 0, 0, 0, 0, 0, 0, 0, 0, 0, 0, 0, 0, 0, 0, 0, 0, 0, 0, 0, 0, 0, 0, 0, 0, 0, 0, 0, 0, 0, 0, 0, 0, 0, 0, 0, 0, 0, 0, 0, 0, 0, 0, 0, 0, 0, 0, 0, 0, 0, 0, 0, 0, 0, 0, 0, 0, 0, 0, 0, 0, 0, 0, 0, 0, 0, 0, 0], objects=[], opacity=0.0, draworder=), Layer(width=0, height=0, name=Object Layer 1, type=objectgroup, visible=false, x=0, y=0, data=[], objects=[com.almasb.fxgl.entity.level.tiled.TiledObject@2f46beda, com.almasb.fxgl.entity.level.tiled.TiledObject@5c86a273, com.almasb.fxgl.entity.level.tiled.TiledObject@77adcf23, com.almasb.fxgl.entity.level.tiled.TiledObject@25ac3756, com.almasb.fxgl.entity.level.tiled.TiledObject@3f86fd57, com.almasb.fxgl.entity.level.tiled.TiledObject@567a55ee, com.almasb.fxgl.entity.level.tiled.TiledObject@4f375cd5, com.almasb.fxgl.entity.level.tiled.TiledObject@be5d4e2, com.almasb.fxgl.entity.level.tiled.TiledObject@381fc8c, com.almasb.fxgl.entity.level.tiled.TiledObject@7d00c37, com.almasb.fxgl.entity.level.tiled.TiledObject@727439ec, com.almasb.fxgl.entity.level.tiled.TiledObject@5713a184, com.almasb.fxgl.entity.level.tiled.TiledObject@5b7a4276, com.almasb.fxgl.entity.level.tiled.TiledObject@5ccc5c9a, com.almasb.fxgl.entity.level.tiled.TiledObject@f24a5b6], opacity=0.0, draworder=)], tilesets=[Tileset(firstgid=1, image=tiles_spritesheet.png, name=tiles_spreadsheet, tilewidth=70, tileheight=70, imagewidth=914, imageheight=936, margin=0, spacing=2, columns=12, tilecount=156, transparentcolor=, tiles=[]), Tileset(firstgid=157, image=tiles_spritesheet.png, name=tiles, tilewidth=70, tileheight=70, imagewidth=914, imageheight=936, margin=0, spacing=2, columns=12, tilecount=156, transparentcolor=, tiles=[])], backgroundcolor=, renderorder=right-down, nextobjectid=21, version=1, tiledversion=1.8.4, type=map, infinite=false, hexsidelength=0, staggeraxis=, staggerindex=, properties={}, propertytypes={})
14:31:59.011 [FXGL Background Thread 4 ] DEBUG TMXLevelLoader       - Creating tile layer entities
14:31:59.022 [FXGL Background Thread 4 ] DEBUG TilesetLoader        - Loading view for layer Tile Layer 1
14:31:59.048 [FXGL Background Thread 4 ] DEBUG TilesetLoader        - Created buffer with size 7350.0x1960.0
14:31:59.140 [FXGL Background Thread 4 ] DEBUG TilesetLoader        - Writing to buffer: dst=4410,0, w=70,h=70, src=792,72
14:31:59.159 [FXGL Background Thread 4 ] DEBUG TilesetLoader        - Writing to buffer: dst=4480,0, w=70,h=70, src=792,72
14:31:59.167 [FXGL Background Thread 4 ] DEBUG TilesetLoader        - Writing to buffer: dst=4550,0, w=70,h=70, src=792,72
14:31:59.171 [FXGL Background Thread 4 ] DEBUG TilesetLoader        - Writing to buffer: dst=4620,0, w=70,h=70, src=792,72
14:31:59.174 [FXGL Background Thread 4 ] DEBUG TilesetLoader        - Writing to buffer: dst=4690,0, w=70,h=70, src=792,72
14:31:59.179 [FXGL Background Thread 4 ] DEBUG TilesetLoader        - Writing to buffer: dst=4760,0, w=70,h=70, src=792,72
14:31:59.192 [FXGL Background Thread 4 ] DEBUG TilesetLoader        - Writing to buffer: dst=4830,0, w=70,h=70, src=792,72
14:31:59.199 [FXGL Background Thread 4 ] DEBUG TilesetLoader        - Writing to buffer: dst=4900,0, w=70,h=70, src=792,72
14:31:59.205 [FXGL Background Thread 4 ] DEBUG TilesetLoader        - Writing to buffer: dst=4970,0, w=70,h=70, src=792,72
14:31:59.209 [FXGL Background Thread 4 ] DEBUG TilesetLoader        - Writing to buffer: dst=5040,0, w=70,h=70, src=792,72
14:31:59.213 [FXGL Background Thread 4 ] DEBUG TilesetLoader        - Writing to buffer: dst=5110,0, w=70,h=70, src=792,72
14:31:59.217 [FXGL Background Thread 4 ] DEBUG TilesetLoader        - Writing to buffer: dst=5180,0, w=70,h=70, src=792,72
14:31:59.228 [FXGL Background Thread 4 ] DEBUG TilesetLoader        - Writing to buffer: dst=5250,0, w=70,h=70, src=792,72
14:31:59.234 [FXGL Background Thread 4 ] DEBUG TilesetLoader        - Writing to buffer: dst=5320,0, w=70,h=70, src=792,72
14:31:59.239 [FXGL Background Thread 4 ] DEBUG TilesetLoader        - Writing to buffer: dst=5950,70, w=70,h=70, src=792,72
14:31:59.245 [FXGL Background Thread 4 ] DEBUG TilesetLoader        - Writing to buffer: dst=6020,70, w=70,h=70, src=792,72
14:31:59.253 [FXGL Background Thread 4 ] DEBUG TilesetLoader        - Writing to buffer: dst=6090,70, w=70,h=70, src=792,72
14:31:59.258 [FXGL Background Thread 4 ] DEBUG TilesetLoader        - Writing to buffer: dst=6160,70, w=70,h=70, src=792,72
14:31:59.264 [FXGL Background Thread 4 ] DEBUG TilesetLoader        - Writing to buffer: dst=6230,70, w=70,h=70, src=792,72
14:31:59.273 [FXGL Background Thread 4 ] DEBUG TilesetLoader        - Writing to buffer: dst=6300,70, w=70,h=70, src=792,72
14:31:59.278 [FXGL Background Thread 4 ] DEBUG TilesetLoader        - Writing to buffer: dst=6370,70, w=70,h=70, src=792,72
14:31:59.284 [FXGL Background Thread 4 ] DEBUG TilesetLoader        - Writing to buffer: dst=1610,140, w=70,h=70, src=792,72
14:31:59.288 [FXGL Background Thread 4 ] DEBUG TilesetLoader        - Writing to buffer: dst=1680,140, w=70,h=70, src=792,72
14:31:59.291 [FXGL Background Thread 4 ] DEBUG TilesetLoader        - Writing to buffer: dst=1750,140, w=70,h=70, src=792,72
14:31:59.293 [FXGL Background Thread 4 ] DEBUG TilesetLoader        - Writing to buffer: dst=1820,140, w=70,h=70, src=792,72
14:31:59.300 [FXGL Background Thread 4 ] DEBUG TilesetLoader        - Writing to buffer: dst=1890,140, w=70,h=70, src=792,72
14:31:59.316 [FXGL Background Thread 4 ] DEBUG TilesetLoader        - Writing to buffer: dst=1960,140, w=70,h=70, src=792,72
14:31:59.321 [FXGL Background Thread 4 ] DEBUG TilesetLoader        - Writing to buffer: dst=2030,140, w=70,h=70, src=792,72
14:31:59.325 [FXGL Background Thread 4 ] DEBUG TilesetLoader        - Writing to buffer: dst=3920,280, w=70,h=70, src=792,72
14:31:59.331 [FXGL Background Thread 4 ] DEBUG TilesetLoader        - Writing to buffer: dst=3990,280, w=70,h=70, src=792,72
14:31:59.335 [FXGL Background Thread 4 ] DEBUG TilesetLoader        - Writing to buffer: dst=4060,280, w=70,h=70, src=792,72
14:31:59.343 [FXGL Background Thread 4 ] DEBUG TilesetLoader        - Writing to buffer: dst=4130,280, w=70,h=70, src=792,72
14:31:59.351 [FXGL Background Thread 4 ] DEBUG TilesetLoader        - Writing to buffer: dst=4200,280, w=70,h=70, src=792,72
14:31:59.355 [FXGL Background Thread 4 ] DEBUG TilesetLoader        - Writing to buffer: dst=4270,280, w=70,h=70, src=792,72
14:31:59.358 [FXGL Background Thread 4 ] DEBUG TilesetLoader        - Writing to buffer: dst=1050,350, w=70,h=70, src=792,72
14:31:59.360 [FXGL Background Thread 4 ] DEBUG TilesetLoader        - Writing to buffer: dst=1120,350, w=70,h=70, src=792,72
14:31:59.363 [FXGL Background Thread 4 ] DEBUG TilesetLoader        - Writing to buffer: dst=1190,350, w=70,h=70, src=792,72
14:31:59.369 [FXGL Background Thread 4 ] DEBUG TilesetLoader        - Writing to buffer: dst=1260,350, w=70,h=70, src=792,72
14:31:59.372 [FXGL Background Thread 4 ] DEBUG TilesetLoader        - Writing to buffer: dst=1330,350, w=70,h=70, src=792,72
14:31:59.375 [FXGL Background Thread 4 ] DEBUG TilesetLoader        - Writing to buffer: dst=1400,350, w=70,h=70, src=792,72
14:31:59.379 [FXGL Background Thread 4 ] DEBUG TilesetLoader        - Writing to buffer: dst=1470,350, w=70,h=70, src=792,72
14:31:59.383 [FXGL Background Thread 4 ] DEBUG TilesetLoader        - Writing to buffer: dst=5390,350, w=70,h=70, src=792,72
14:31:59.391 [FXGL Background Thread 4 ] DEBUG TilesetLoader        - Writing to buffer: dst=5460,350, w=70,h=70, src=792,72
14:31:59.397 [FXGL Background Thread 4 ] DEBUG TilesetLoader        - Writing to buffer: dst=5530,350, w=70,h=70, src=792,72
14:31:59.401 [FXGL Background Thread 4 ] DEBUG TilesetLoader        - Writing to buffer: dst=5600,350, w=70,h=70, src=792,72
14:31:59.405 [FXGL Background Thread 4 ] DEBUG TilesetLoader        - Writing to buffer: dst=5670,350, w=70,h=70, src=792,72
14:31:59.408 [FXGL Background Thread 4 ] DEBUG TilesetLoader        - Writing to buffer: dst=5740,350, w=70,h=70, src=792,72
14:31:59.411 [FXGL Background Thread 4 ] DEBUG TilesetLoader        - Writing to buffer: dst=5810,350, w=70,h=70, src=792,72
14:31:59.415 [FXGL Background Thread 4 ] DEBUG TilesetLoader        - Writing to buffer: dst=2240,420, w=70,h=70, src=792,72
14:31:59.419 [FXGL Background Thread 4 ] DEBUG TilesetLoader        - Writing to buffer: dst=2310,420, w=70,h=70, src=792,72
14:31:59.421 [FXGL Background Thread 4 ] DEBUG TilesetLoader        - Writing to buffer: dst=2380,420, w=70,h=70, src=792,72
14:31:59.423 [FXGL Background Thread 4 ] DEBUG TilesetLoader        - Writing to buffer: dst=2450,420, w=70,h=70, src=792,72
14:31:59.427 [FXGL Background Thread 4 ] DEBUG TilesetLoader        - Writing to buffer: dst=2520,420, w=70,h=70, src=792,72
14:31:59.434 [FXGL Background Thread 4 ] DEBUG TilesetLoader        - Writing to buffer: dst=2590,420, w=70,h=70, src=792,72
14:31:59.441 [FXGL Background Thread 4 ] DEBUG TilesetLoader        - Writing to buffer: dst=2660,420, w=70,h=70, src=792,72
14:31:59.445 [FXGL Background Thread 4 ] DEBUG TilesetLoader        - Writing to buffer: dst=3430,490, w=70,h=70, src=792,72
14:31:59.448 [FXGL Background Thread 4 ] DEBUG TilesetLoader        - Writing to buffer: dst=3500,490, w=70,h=70, src=792,72
14:31:59.452 [FXGL Background Thread 4 ] DEBUG TilesetLoader        - Writing to buffer: dst=3570,490, w=70,h=70, src=792,72
14:31:59.456 [FXGL Background Thread 4 ] DEBUG TilesetLoader        - Writing to buffer: dst=3640,490, w=70,h=70, src=792,72
14:31:59.461 [FXGL Background Thread 4 ] DEBUG TilesetLoader        - Writing to buffer: dst=3710,490, w=70,h=70, src=792,72
14:31:59.465 [FXGL Background Thread 4 ] DEBUG TilesetLoader        - Writing to buffer: dst=3780,490, w=70,h=70, src=792,72
14:31:59.472 [FXGL Background Thread 4 ] DEBUG TilesetLoader        - Writing to buffer: dst=0,560, w=70,h=70, src=792,144
14:31:59.477 [FXGL Background Thread 4 ] DEBUG TilesetLoader        - Writing to buffer: dst=70,560, w=70,h=70, src=792,144
14:31:59.481 [FXGL Background Thread 4 ] DEBUG TilesetLoader        - Writing to buffer: dst=140,560, w=70,h=70, src=792,144
14:31:59.484 [FXGL Background Thread 4 ] DEBUG TilesetLoader        - Writing to buffer: dst=210,560, w=70,h=70, src=792,144
14:31:59.487 [FXGL Background Thread 4 ] DEBUG TilesetLoader        - Writing to buffer: dst=280,560, w=70,h=70, src=792,144
14:31:59.496 [FXGL Background Thread 4 ] DEBUG TilesetLoader        - Writing to buffer: dst=350,560, w=70,h=70, src=792,144
14:31:59.501 [FXGL Background Thread 4 ] DEBUG TilesetLoader        - Writing to buffer: dst=420,560, w=70,h=70, src=792,144
14:31:59.505 [FXGL Background Thread 4 ] DEBUG TilesetLoader        - Writing to buffer: dst=490,560, w=70,h=70, src=792,144
14:31:59.509 [FXGL Background Thread 4 ] DEBUG TilesetLoader        - Writing to buffer: dst=560,560, w=70,h=70, src=792,144
14:31:59.513 [FXGL Background Thread 4 ] DEBUG TilesetLoader        - Writing to buffer: dst=630,560, w=70,h=70, src=792,144
14:31:59.519 [FXGL Background Thread 4 ] DEBUG TilesetLoader        - Writing to buffer: dst=700,560, w=70,h=70, src=792,144
14:31:59.521 [FXGL Background Thread 4 ] DEBUG TilesetLoader        - Writing to buffer: dst=770,560, w=70,h=70, src=792,144
14:31:59.525 [FXGL Background Thread 4 ] DEBUG TilesetLoader        - Writing to buffer: dst=4410,560, w=70,h=70, src=792,72
14:31:59.528 [FXGL Background Thread 4 ] DEBUG TilesetLoader        - Writing to buffer: dst=4480,560, w=70,h=70, src=792,72
14:31:59.533 [FXGL Background Thread 4 ] DEBUG TilesetLoader        - Writing to buffer: dst=4550,560, w=70,h=70, src=792,72
14:31:59.537 [FXGL Background Thread 4 ] DEBUG TilesetLoader        - Writing to buffer: dst=4620,560, w=70,h=70, src=792,72
14:31:59.542 [FXGL Background Thread 4 ] DEBUG TilesetLoader        - Writing to buffer: dst=4690,560, w=70,h=70, src=792,72
14:31:59.545 [FXGL Background Thread 4 ] DEBUG TilesetLoader        - Writing to buffer: dst=4760,560, w=70,h=70, src=792,72
14:31:59.550 [FXGL Background Thread 4 ] DEBUG TilesetLoader        - Writing to buffer: dst=1610,630, w=70,h=70, src=792,72
14:31:59.553 [FXGL Background Thread 4 ] DEBUG TilesetLoader        - Writing to buffer: dst=1680,630, w=70,h=70, src=792,72
14:31:59.556 [FXGL Background Thread 4 ] DEBUG TilesetLoader        - Writing to buffer: dst=1750,630, w=70,h=70, src=792,72
14:31:59.558 [FXGL Background Thread 4 ] DEBUG TilesetLoader        - Writing to buffer: dst=1820,630, w=70,h=70, src=792,72
14:31:59.561 [FXGL Background Thread 4 ] DEBUG TilesetLoader        - Writing to buffer: dst=1890,630, w=70,h=70, src=792,72
14:31:59.563 [FXGL Background Thread 4 ] DEBUG TilesetLoader        - Writing to buffer: dst=1960,630, w=70,h=70, src=792,72
14:31:59.568 [FXGL Background Thread 4 ] DEBUG TilesetLoader        - Writing to buffer: dst=2030,630, w=70,h=70, src=792,72
14:31:59.572 [FXGL Background Thread 4 ] DEBUG TilesetLoader        - Writing to buffer: dst=2800,700, w=70,h=70, src=792,72
14:31:59.577 [FXGL Background Thread 4 ] DEBUG TilesetLoader        - Writing to buffer: dst=2870,700, w=70,h=70, src=792,72
14:31:59.582 [FXGL Background Thread 4 ] DEBUG TilesetLoader        - Writing to buffer: dst=2940,700, w=70,h=70, src=792,72
14:31:59.586 [FXGL Background Thread 4 ] DEBUG TilesetLoader        - Writing to buffer: dst=3010,700, w=70,h=70, src=792,72
14:31:59.589 [FXGL Background Thread 4 ] DEBUG TilesetLoader        - Writing to buffer: dst=3080,700, w=70,h=70, src=792,72
14:31:59.594 [FXGL Background Thread 4 ] DEBUG TilesetLoader        - Writing to buffer: dst=3150,700, w=70,h=70, src=792,72
14:31:59.597 [FXGL Background Thread 4 ] DEBUG TilesetLoader        - Writing to buffer: dst=3220,700, w=70,h=70, src=792,72
14:31:59.600 [FXGL Background Thread 4 ] DEBUG TilesetLoader        - Writing to buffer: dst=5950,700, w=70,h=70, src=792,72
14:31:59.604 [FXGL Background Thread 4 ] DEBUG TilesetLoader        - Writing to buffer: dst=6020,700, w=70,h=70, src=792,72
14:31:59.606 [FXGL Background Thread 4 ] DEBUG TilesetLoader        - Writing to buffer: dst=6090,700, w=70,h=70, src=792,72
14:31:59.608 [FXGL Background Thread 4 ] DEBUG TilesetLoader        - Writing to buffer: dst=6160,700, w=70,h=70, src=792,72
14:31:59.610 [FXGL Background Thread 4 ] DEBUG TilesetLoader        - Writing to buffer: dst=6230,700, w=70,h=70, src=792,72
14:31:59.613 [FXGL Background Thread 4 ] DEBUG TilesetLoader        - Writing to buffer: dst=6300,700, w=70,h=70, src=792,72
14:31:59.617 [FXGL Background Thread 4 ] DEBUG TilesetLoader        - Writing to buffer: dst=6370,700, w=70,h=70, src=792,72
14:31:59.620 [FXGL Background Thread 4 ] DEBUG TilesetLoader        - Writing to buffer: dst=6860,700, w=70,h=70, src=792,72
14:31:59.624 [FXGL Background Thread 4 ] DEBUG TilesetLoader        - Writing to buffer: dst=6930,700, w=70,h=70, src=792,72
14:31:59.627 [FXGL Background Thread 4 ] DEBUG TilesetLoader        - Writing to buffer: dst=7000,700, w=70,h=70, src=792,72
14:31:59.629 [FXGL Background Thread 4 ] DEBUG TilesetLoader        - Writing to buffer: dst=7070,700, w=70,h=70, src=792,72
14:31:59.633 [FXGL Background Thread 4 ] DEBUG TilesetLoader        - Writing to buffer: dst=7140,700, w=70,h=70, src=792,72
14:31:59.643 [FXGL Background Thread 4 ] DEBUG TilesetLoader        - Writing to buffer: dst=7210,700, w=70,h=70, src=792,72
14:31:59.649 [FXGL Background Thread 4 ] DEBUG TilesetLoader        - Writing to buffer: dst=7280,700, w=70,h=70, src=792,72
14:31:59.651 [FXGL Background Thread 2 ] INFO  UpdaterService       - Your current version:  11.14
14:31:59.658 [FXGL Background Thread 2 ] INFO  UpdaterService       - Latest stable version: 17.1
14:31:59.659 [FXGL Background Thread 4 ] DEBUG TMXLevelLoader       - Creating object layer entities
14:31:59.710 [FXGL Background Thread 4 ] DEBUG GameWorld            - Clearing removable entities
14:31:59.712 [FXGL Background Thread 4 ] DEBUG GameWorld            - Setting level: com.almasb.fxgl.entity.level.Level@cfbfa9
14:31:59.729 [FXGL Background Thread 4 ] INFO  FXGLApplication      - Game initialization took: 0,811 sec
14:31:59.735 [JavaFX Application Thread] DEBUG Input                - Clearing active input actions
14:31:59.771 [JavaFX Application Thread] DEBUG GameApplicationServi - Removing overlay from FXGLLoadingScene and adding to GameScene
14:31:59.773 [JavaFX Application Thread] DEBUG PrimaryStageWindow   - FXGLLoadingScene -> GameScene
14:32:01.677 [FXGL Background Thread 3 ] DEBUG Engine               - Logging environment variables
14:32:01.711 [FXGL Background Thread 3 ] DEBUG Engine               - achievements: []
14:32:01.716 [FXGL Background Thread 3 ] DEBUG Engine               - actualHeight: 864.0
14:32:01.727 [FXGL Background Thread 3 ] DEBUG Engine               - actualHeightProperty: ReadOnlyDoubleProperty [value: 864.0]
14:32:01.745 [FXGL Background Thread 3 ] DEBUG Engine               - actualWidth: 1271.0
14:32:01.748 [FXGL Background Thread 3 ] DEBUG Engine               - actualWidthProperty: ReadOnlyDoubleProperty [value: 1271.0]
14:32:01.763 [FXGL Background Thread 3 ] DEBUG Engine               - appIcon: fxgl_icon.png
14:32:01.773 [FXGL Background Thread 3 ] DEBUG Engine               - applicationMode: DEVELOPER
14:32:01.801 [FXGL Background Thread 3 ] DEBUG Engine               - cSSList: [fxgl_dark.css]
14:32:01.812 [FXGL Background Thread 3 ] DEBUG Engine               - collisionDetectionStrategy: BRUTE_FORCE
14:32:01.817 [FXGL Background Thread 3 ] DEBUG Engine               - configClass: Optional.empty
14:32:01.831 [FXGL Background Thread 3 ] DEBUG Engine               - credits: []
14:32:01.845 [FXGL Background Thread 3 ] DEBUG Engine               - devBBoxColorProperty: ObjectProperty [value: 0xff0000ff]
14:32:01.854 [FXGL Background Thread 3 ] DEBUG Engine               - devEnableDebugCameraProperty: BooleanProperty [value: false]
14:32:01.862 [FXGL Background Thread 3 ] DEBUG Engine               - devSensorColorProperty: ObjectProperty [value: 0xffff00ff]
14:32:01.869 [FXGL Background Thread 3 ] DEBUG Engine               - devShowBBoxProperty: BooleanProperty [value: false]
14:32:01.880 [FXGL Background Thread 3 ] DEBUG Engine               - devShowPositionProperty: BooleanProperty [value: false]
14:32:01.911 [FXGL Background Thread 3 ] DEBUG Engine               - enabledMenuItems: []
14:32:01.926 [FXGL Background Thread 3 ] DEBUG Engine               - engineServices: [class com.almasb.fxgl.app.services.FXGLAssetLoaderService, class com.almasb.fxgl.app.FXGLApplication$GameApplicationService, class com.almasb.fxgl.app.services.FXGLDialogService, class com.almasb.fxgl.app.services.IOTaskExecutorService, class com.almasb.fxgl.event.EventBusService, class com.almasb.fxgl.io.FileSystemService, class com.almasb.fxgl.localization.LocalizationService, class com.almasb.fxgl.app.services.SystemBundleService, class com.almasb.fxgl.profile.SaveLoadService, class com.almasb.fxgl.ui.FXGLUIFactoryServiceProvider, class com.almasb.fxgl.ui.FXGLDialogFactoryServiceProvider, class com.almasb.fxgl.audio.AudioPlayer, class com.almasb.fxgl.notification.impl.NotificationServiceProvider, class com.almasb.fxgl.achievement.AchievementService, class com.almasb.fxgl.cutscene.CutsceneService, class com.almasb.fxgl.minigames.MiniGameService, class com.almasb.fxgl.net.NetService, class com.almasb.fxgl.app.services.UpdaterService, class com.almasb.fxgl.dev.DevService]
14:32:01.931 [FXGL Background Thread 3 ] DEBUG Engine               - fontGame: Abel-Regular.ttf
14:32:01.957 [FXGL Background Thread 3 ] DEBUG Engine               - fontMono: lucida_console.ttf
14:32:01.963 [FXGL Background Thread 3 ] DEBUG Engine               - fontText: Courier-Prime.ttf
14:32:01.966 [FXGL Background Thread 3 ] DEBUG Engine               - fontUI: VarelaRound-Regular.ttf
14:32:01.971 [FXGL Background Thread 3 ] DEBUG Engine               - fullScreen: BooleanProperty [value: false]
14:32:01.978 [FXGL Background Thread 3 ] DEBUG Engine               - gameDifficulty: MEDIUM
14:32:01.979 [FXGL Background Thread 3 ] DEBUG Engine               - gameDifficultyProperty: ObjectProperty [value: MEDIUM]
14:32:01.981 [FXGL Background Thread 3 ] DEBUG Engine               - globalMusicVolume: 0.5
14:32:01.988 [FXGL Background Thread 3 ] DEBUG Engine               - globalMusicVolumeProperty: DoubleProperty [value: 0.5]
14:32:01.997 [FXGL Background Thread 3 ] DEBUG Engine               - globalSoundVolume: 0.5
14:32:01.998 [FXGL Background Thread 3 ] DEBUG Engine               - globalSoundVolumeProperty: DoubleProperty [value: 0.5]
14:32:02.009 [FXGL Background Thread 3 ] DEBUG Engine               - height: 1400
14:32:02.014 [FXGL Background Thread 3 ] DEBUG Engine               - isAndroid: false
14:32:02.016 [FXGL Background Thread 3 ] DEBUG Engine               - isBrowser: false
14:32:02.024 [FXGL Background Thread 3 ] DEBUG Engine               - isClickFeedbackEnabled: false
14:32:02.026 [FXGL Background Thread 3 ] DEBUG Engine               - isCloseConfirmation: false
14:32:02.030 [FXGL Background Thread 3 ] DEBUG Engine               - isDesktop: true
14:32:02.044 [FXGL Background Thread 3 ] DEBUG Engine               - isDeveloperMenuEnabled: false
14:32:02.056 [FXGL Background Thread 3 ] DEBUG Engine               - isEntityPreloadEnabled: true
14:32:02.063 [FXGL Background Thread 3 ] DEBUG Engine               - isExperimental3D: false
14:32:02.070 [FXGL Background Thread 3 ] DEBUG Engine               - isExperimentalNative: false
14:32:02.076 [FXGL Background Thread 3 ] DEBUG Engine               - isExperimentalTiledLargeMap: false
14:32:02.087 [FXGL Background Thread 3 ] DEBUG Engine               - isFileSystemWriteAllowed: true
14:32:02.094 [FXGL Background Thread 3 ] DEBUG Engine               - isFullScreenAllowed: false
14:32:02.095 [FXGL Background Thread 3 ] DEBUG Engine               - isFullScreenFromStart: false
14:32:02.097 [FXGL Background Thread 3 ] DEBUG Engine               - isGameMenuEnabled: true
14:32:02.105 [FXGL Background Thread 3 ] DEBUG Engine               - isIOS: false
14:32:02.111 [FXGL Background Thread 3 ] DEBUG Engine               - isIntroEnabled: false
14:32:02.112 [FXGL Background Thread 3 ] DEBUG Engine               - isLinux: false
14:32:02.116 [FXGL Background Thread 3 ] DEBUG Engine               - isMac: true
14:32:02.134 [FXGL Background Thread 3 ] DEBUG Engine               - isMainMenuEnabled: false
14:32:02.145 [FXGL Background Thread 3 ] DEBUG Engine               - isManualResizeEnabled: false
14:32:02.153 [FXGL Background Thread 3 ] DEBUG Engine               - isMobile: false
14:32:02.172 [FXGL Background Thread 3 ] DEBUG Engine               - isPreserveResizeRatio: false
14:32:02.180 [FXGL Background Thread 3 ] DEBUG Engine               - isProfilingEnabled: false
14:32:02.189 [FXGL Background Thread 3 ] DEBUG Engine               - isScaleAffectedOnResize: true
14:32:02.191 [FXGL Background Thread 3 ] DEBUG Engine               - isSingleStep: false
14:32:02.193 [FXGL Background Thread 3 ] DEBUG Engine               - isUserProfileEnabled: false
14:32:02.200 [FXGL Background Thread 3 ] DEBUG Engine               - isWindows: false
14:32:02.208 [FXGL Background Thread 3 ] DEBUG Engine               - language: ObjectProperty [value: ENGLISH]
14:32:02.210 [FXGL Background Thread 3 ] DEBUG Engine               - menuKey: ESCAPE
14:32:02.213 [FXGL Background Thread 3 ] DEBUG Engine               - notificationViewClass: class com.almasb.fxgl.notification.view.XboxNotificationView
14:32:02.223 [FXGL Background Thread 3 ] DEBUG Engine               - pixelsPerMeter: 50.0
14:32:02.229 [FXGL Background Thread 3 ] DEBUG Engine               - platform: MAC
14:32:02.231 [FXGL Background Thread 3 ] DEBUG Engine               - prefHeightProperty: ReadOnlyDoubleProperty [value: 1400.0]
14:32:02.243 [FXGL Background Thread 3 ] DEBUG Engine               - prefWidthProperty: ReadOnlyDoubleProperty [value: 2100.0]
14:32:02.247 [FXGL Background Thread 3 ] DEBUG Engine               - profileDir: profiles/
14:32:02.251 [FXGL Background Thread 3 ] DEBUG Engine               - profileName: StringProperty [value: DEFAULT]
14:32:02.266 [FXGL Background Thread 3 ] DEBUG Engine               - randomSeed: -1
14:32:02.273 [FXGL Background Thread 3 ] DEBUG Engine               - runtimeInfo: RuntimeInfo(platform=MAC, version=11.14, build=01.03.2021 16.59)
14:32:02.287 [FXGL Background Thread 3 ] DEBUG Engine               - saveFileExt: sav
14:32:02.293 [FXGL Background Thread 3 ] DEBUG Engine               - scaledHeightProp$fxgl: DoubleProperty [bound, value: 864.0]
14:32:02.298 [FXGL Background Thread 3 ] DEBUG Engine               - scaledWidthProp$fxgl: DoubleProperty [bound, value: 1271.0]
14:32:02.305 [FXGL Background Thread 3 ] DEBUG Engine               - sceneFactory: com.almasb.fxgl.app.scene.SceneFactory@1b24e543
14:32:02.307 [FXGL Background Thread 3 ] DEBUG Engine               - secondsIn24h: 60
14:32:02.308 [FXGL Background Thread 3 ] DEBUG Engine               - soundMenuBack: menu/back.wav
14:32:02.312 [FXGL Background Thread 3 ] DEBUG Engine               - soundMenuPress: menu/press.wav
14:32:02.316 [FXGL Background Thread 3 ] DEBUG Engine               - soundMenuSelect: menu/select.wav
14:32:02.322 [FXGL Background Thread 3 ] DEBUG Engine               - soundNotification: core/notification.wav
14:32:02.324 [FXGL Background Thread 3 ] DEBUG Engine               - stageStyle: DECORATED
14:32:02.326 [FXGL Background Thread 3 ] DEBUG Engine               - supportedLanguages: [ENGLISH, FRENCH, GERMAN, HUNGARIAN, RUSSIAN]
14:32:02.328 [FXGL Background Thread 3 ] DEBUG Engine               - ticksPerSecond: -1
14:32:02.342 [FXGL Background Thread 3 ] DEBUG Engine               - title: TestApp
14:32:02.344 [FXGL Background Thread 3 ] DEBUG Engine               - urlGithub: https://github.com/AlmasB/FXGL
14:32:02.348 [FXGL Background Thread 3 ] DEBUG Engine               - urlLeaderboard: http://fxgl-top.herokuapp.com/
14:32:02.361 [FXGL Background Thread 3 ] DEBUG Engine               - urlPOM: https://raw.githubusercontent.com/AlmasB/FXGL/release/README.md
14:32:02.366 [FXGL Background Thread 3 ] DEBUG Engine               - userAppClass: class Game
14:32:02.372 [FXGL Background Thread 3 ] DEBUG Engine               - version: 5.0
14:32:02.377 [FXGL Background Thread 3 ] DEBUG Engine               - versionCheckDays: 7
14:32:02.381 [FXGL Background Thread 3 ] DEBUG Engine               - width: 2100
14:32:02.385 [FXGL Background Thread 3 ] DEBUG Engine               - Logging services
14:32:02.390 [FXGL Background Thread 3 ] DEBUG Engine               - class com.almasb.fxgl.app.services.FXGLAssetLoaderService
14:32:02.394 [FXGL Background Thread 3 ] DEBUG Engine               - class com.almasb.fxgl.app.FXGLApplication$GameApplicationService
14:32:02.398 [FXGL Background Thread 3 ] DEBUG Engine               - class com.almasb.fxgl.app.services.FXGLDialogService
14:32:02.402 [FXGL Background Thread 3 ] DEBUG Engine               - class com.almasb.fxgl.app.services.IOTaskExecutorService
14:32:02.403 [FXGL Background Thread 3 ] DEBUG Engine               - class com.almasb.fxgl.event.EventBusService
14:32:02.406 [FXGL Background Thread 3 ] DEBUG Engine               - class com.almasb.fxgl.io.FileSystemService
14:32:02.410 [FXGL Background Thread 3 ] DEBUG Engine               - class com.almasb.fxgl.localization.LocalizationService
14:32:02.413 [FXGL Background Thread 3 ] DEBUG Engine               - class com.almasb.fxgl.app.services.SystemBundleService
14:32:02.417 [FXGL Background Thread 3 ] DEBUG Engine               - class com.almasb.fxgl.profile.SaveLoadService
14:32:02.432 [FXGL Background Thread 3 ] DEBUG Engine               - class com.almasb.fxgl.ui.FXGLUIFactoryServiceProvider
14:32:02.440 [FXGL Background Thread 3 ] DEBUG Engine               - class com.almasb.fxgl.ui.FXGLDialogFactoryServiceProvider
14:32:02.446 [FXGL Background Thread 3 ] DEBUG Engine               - class com.almasb.fxgl.audio.AudioPlayer
14:32:02.453 [FXGL Background Thread 3 ] DEBUG Engine               - class com.almasb.fxgl.notification.impl.NotificationServiceProvider
14:32:02.456 [FXGL Background Thread 3 ] DEBUG Engine               - class com.almasb.fxgl.achievement.AchievementService
14:32:02.457 [FXGL Background Thread 3 ] DEBUG Engine               - class com.almasb.fxgl.cutscene.CutsceneService
14:32:02.459 [FXGL Background Thread 3 ] DEBUG Engine               - class com.almasb.fxgl.minigames.MiniGameService
14:32:02.463 [FXGL Background Thread 3 ] DEBUG Engine               - class com.almasb.fxgl.net.NetService
14:32:02.471 [FXGL Background Thread 3 ] DEBUG Engine               - class com.almasb.fxgl.app.services.UpdaterService
14:32:02.479 [FXGL Background Thread 3 ] DEBUG Engine               - class com.almasb.fxgl.dev.DevService
14:32:09.946 [JavaFX Application Thread] DEBUG FXGLApplication      - Exiting FXGL
14:32:09.952 [JavaFX Application Thread] DEBUG LoopRunner           - Stopping loop
14:32:09.955 [JavaFX Application Thread] DEBUG SystemBundleService  - Saving FXGL system data
14:32:09.964 [JavaFX Application Thread] DEBUG FileSystemAccess     - Writing to: /Users/matthew/IdeaProjects/ipose_game/system/fxgl.bundle
14:32:09.971 [JavaFX Application Thread] DEBUG Async                - Shutting down background threads
14:32:09.976 [JavaFX Application Thread] DEBUG PrimaryStageWindow   - Closing main window
14:32:09.991 [JavaFX Application Thread] DEBUG Logger               - Closing Logger
