14:20:54.791 [main                     ] DEBUG Logger               - Configured Logger
14:20:54.816 [main                     ] DEBUG GameApplication      - Logging settings
Title: TestApp
Version: 5.0
Width: 2100
Height: 1400
Fullscreen: false
Intro: false
Profiling: false
Single step:false
App Mode: DEVELOPER
Menu Key: ESCAPE
Stage Style: DECORATED
Scene Factory: class com.almasb.fxgl.app.scene.SceneFactory

14:20:55.182 [JavaFX Application Thread] DEBUG FXGLApplication      - Initializing FXGL
14:20:55.186 [JavaFX Application Thread] INFO  Engine               - FXGL-11.14 (01.03.2021 16.59) on MAC (J:15.0.2 FX:15)
14:20:55.187 [JavaFX Application Thread] DEBUG Engine               - JRE Vendor Name: Oracle Corporation
14:20:55.187 [JavaFX Application Thread] DEBUG Engine               - Running on OS: Mac OS X version 10.16
14:20:55.187 [JavaFX Application Thread] DEBUG Engine               - Architecture: x86_64
14:20:55.187 [JavaFX Application Thread] INFO  Engine               - Source code and latest versions at: https://github.com/AlmasB/FXGL
14:20:55.188 [JavaFX Application Thread] INFO  Engine               -              Join the FXGL chat at: https://gitter.im/AlmasB/FXGL
14:20:55.301 [JavaFX Application Thread] DEBUG PrimaryStageWindow   - Creating a JavaFX scene
14:20:55.302 [JavaFX Application Thread] DEBUG PrimaryStageWindow   - Target size > screen size
14:20:55.355 [JavaFX Application Thread] DEBUG PrimaryStageWindow   - Target settings size: 2100.0 x 1400.0
14:20:55.356 [JavaFX Application Thread] DEBUG PrimaryStageWindow   - Scaled scene size:    1271.0 x 864.0
14:20:55.356 [JavaFX Application Thread] DEBUG PrimaryStageWindow   - Scaled ratio: (0.6052380952380952, 0.6171428571428571)
14:20:55.357 [JavaFX Application Thread] DEBUG PrimaryStageWindow   - Set initial scene to FXGLStartupScene
14:20:55.363 [JavaFX Application Thread] DEBUG PrimaryStageWindow   - Opening main window
14:20:55.519 [JavaFX Application Thread] DEBUG PrimaryStageWindow   - Window border size: (0.0, 28.0)
14:20:55.520 [JavaFX Application Thread] DEBUG PrimaryStageWindow   - Scaled size: 1271.0 x 864.0
14:20:55.520 [JavaFX Application Thread] DEBUG PrimaryStageWindow   - Scaled ratio: (0.6052380952380952, 0.6171428571428571)
14:20:55.520 [JavaFX Application Thread] DEBUG PrimaryStageWindow   - Scene size: 1271.0 x 864.0
14:20:55.521 [JavaFX Application Thread] DEBUG PrimaryStageWindow   - Stage size: 1271.0 x 892.0
14:20:55.530 [FXGL Background Thread 1 ] DEBUG Engine               - Initializing environment variables
14:20:55.611 [FXGL Background Thread 1 ] DEBUG FXGLAssetLoaderServi - User app class for loading assets: class Game
14:20:55.611 [FXGL Background Thread 1 ] DEBUG GameApplicationServi - Applying CSS: fxgl_dark.css
14:20:55.613 [FXGL Background Thread 1 ] DEBUG FXGLAssetLoaderServi - Loading from file system: jar:file:/Users/matthew/.m2/repository/com/github/almasb/fxgl/11.14/fxgl-11.14.jar!/fxglassets/ui/css/fxgl_dark.css
14:20:55.723 [FXGL Background Thread 1 ] DEBUG GameApplicationServi - Initializing application scenes
14:20:55.869 [FXGL Background Thread 1 ] DEBUG GameWorld            - Game world initialized
14:20:55.904 [FXGL Background Thread 1 ] DEBUG PhysicsWorld         - Physics world initialized: appHeight=1400, physics.ppm=50,0
14:20:55.906 [FXGL Background Thread 1 ] DEBUG PhysicsWorld         - Using strategy: BRUTE_FORCE
14:20:55.917 [FXGL Background Thread 1 ] DEBUG GameScene            - Game scene initialized: 2100x1400
14:20:55.953 [FXGL Background Thread 1 ] DEBUG FXGLAssetLoaderServi - Loading from file system: jar:file:/Users/matthew/.m2/repository/com/github/almasb/fxgl/11.14/fxgl-11.14.jar!/fxglassets/textures/particles/trace_horizontal.png
14:20:56.004 [FXGL Background Thread 1 ] DEBUG FXGL.DefaultMenu     - createMenuBodyGameMenu()
14:20:56.034 [FXGL Background Thread 1 ] DEBUG FXGL.DefaultMenu     - createOptionsMenu()
14:20:56.043 [FXGL Background Thread 1 ] DEBUG FXGLAssetLoaderServi - Loading from file system: jar:file:/Users/matthew/.m2/repository/com/github/almasb/fxgl/11.14/fxgl-11.14.jar!/fxglassets/textures/particles/smoke.png
14:20:56.118 [FXGL Background Thread 1 ] DEBUG GameApplicationServi - Application scenes initialized
14:20:56.128 [FXGL Background Thread 1 ] DEBUG SystemBundleService  - Loading FXGL system data
14:20:56.135 [FXGL Background Thread 1 ] DEBUG FileSystemAccess     - Reading from: /Users/matthew/IdeaProjects/ipose_game/system/fxgl.bundle
14:20:56.144 [FXGL Background Thread 1 ] DEBUG SystemBundleService  - Bundle FXGL: {}
14:20:56.146 [FXGL Background Thread 1 ] DEBUG UpdaterService       - Checking for updates
14:20:56.153 [FXGL Background Thread 1 ] DEBUG FXGLApplication      - Loading default localization
14:20:56.153 [FXGL Background Thread 4 ] DEBUG FXGLApplication      - Loading fonts
14:20:56.161 [FXGL Background Thread 1 ] DEBUG FXGLAssetLoaderServi - Loading from file system: jar:file:/Users/matthew/.m2/repository/com/github/almasb/fxgl/11.14/fxgl-11.14.jar!/fxglassets/languages/english.lang
14:20:56.161 [FXGL Background Thread 4 ] DEBUG FXGLAssetLoaderServi - Loading from file system: jar:file:/Users/matthew/.m2/repository/com/github/almasb/fxgl/11.14/fxgl-11.14.jar!/fxglassets/ui/fonts/VarelaRound-Regular.ttf
14:20:56.198 [FXGL Background Thread 1 ] INFO  FXGLApplication      - FXGL initialization took: 0,662 sec
14:20:56.201 [FXGL Background Thread 4 ] DEBUG FXGLAssetLoaderServi - Loading from file system: jar:file:/Users/matthew/.m2/repository/com/github/almasb/fxgl/11.14/fxgl-11.14.jar!/fxglassets/ui/fonts/Abel-Regular.ttf
14:20:56.206 [FXGL Background Thread 4 ] DEBUG FXGLAssetLoaderServi - Loading from file system: jar:file:/Users/matthew/.m2/repository/com/github/almasb/fxgl/11.14/fxgl-11.14.jar!/fxglassets/ui/fonts/lucida_console.ttf
14:20:56.211 [JavaFX Application Thread] DEBUG Input                - Registered new binding: Move up - W
14:20:56.214 [JavaFX Application Thread] DEBUG FXGLAssetLoaderServi - Loading from file system: jar:file:/Users/matthew/.m2/repository/com/github/almasb/fxgl/11.14/fxgl-11.14.jar!/fxglassets/textures/fxgl_icon.png
14:20:56.217 [FXGL Background Thread 4 ] DEBUG FXGLAssetLoaderServi - Loading from file system: jar:file:/Users/matthew/.m2/repository/com/github/almasb/fxgl/11.14/fxgl-11.14.jar!/fxglassets/ui/fonts/Courier-Prime.ttf
14:20:56.255 [JavaFX Application Thread] DEBUG FXGLAssetLoaderServi - Loading from file system: jar:file:/Users/matthew/.m2/repository/com/github/almasb/fxgl/11.14/fxgl-11.14.jar!/fxglassets/ui/cursors/fxgl_default.png
14:20:56.262 [JavaFX Application Thread] DEBUG Input                - Registered new binding: Screenshot - P
14:20:56.265 [JavaFX Application Thread] DEBUG Input                - Registered new binding: System info dump - CTRL+9
14:20:56.274 [JavaFX Application Thread] DEBUG Input                - Registered new binding: Restart - CTRL+R
14:20:56.281 [JavaFX Application Thread] DEBUG Input                - Registered new binding: Toggle Debug Camera - CTRL+C
14:20:56.290 [JavaFX Application Thread] DEBUG LoopRunner           - Starting loop
14:20:56.293 [JavaFX Application Thread] DEBUG LoopRunner           - Initializing JavaFX AnimationTimerLoop
14:20:56.298 [JavaFX Application Thread] DEBUG GameApplicationServi - Starting new game
14:20:56.303 [JavaFX Application Thread] DEBUG Input                - Clearing active input actions
14:20:56.352 [JavaFX Application Thread] DEBUG GameApplicationServi - Removing overlay from FXGLStartupScene and adding to FXGLLoadingScene
14:20:56.356 [JavaFX Application Thread] DEBUG PrimaryStageWindow   - FXGLStartupScene -> FXGLLoadingScene
14:20:56.360 [JavaFX Application Thread] DEBUG GameApplicationServi - Clearing previous game
14:20:56.362 [JavaFX Application Thread] DEBUG GameScene            - Clearing game scene
14:20:56.365 [JavaFX Application Thread] DEBUG GameWorld            - Clearing game world
14:20:56.367 [JavaFX Application Thread] DEBUG PhysicsWorld         - Clearing physics world
14:20:56.370 [FXGL Background Thread 4 ] DEBUG FXGLApplication      - Initializing game
14:20:56.412 [JavaFX Application Thread] DEBUG FXGLApplication      - Registering font factories with UI factory
14:20:56.425 [FXGL Background Thread 4 ] WARN  TMXLevelLoader       - TiledMap generated from 1.8.4. Supported version: 1.2.3. Some features may not be parsed fully.
14:20:56.458 [FXGL Background Thread 4 ] DEBUG TMXLevelLoader       - Parsed raw map: TiledMap(width=105, height=28, tilewidth=70, tileheight=70, orientation=orthogonal, layers=[Layer(width=105, height=28, name=Tile Layer 1, type=tilelayer, visible=false, x=0, y=0, data=[0, 0, 0, 0, 0, 0, 0, 0, 0, 0, 0, 0, 0, 0, 0, 0, 0, 0, 0, 0, 0, 0, 0, 0, 0, 0, 0, 0, 0, 0, 0, 0, 0, 0, 0, 0, 0, 0, 0, 0, 0, 0, 0, 0, 0, 0, 0, 0, 0, 0, 0, 0, 0, 0, 0, 0, 0, 0, 0, 0, 0, 0, 0, 180, 180, 180, 180, 180, 180, 180, 180, 180, 180, 180, 180, 180, 180, 0, 0, 0, 0, 0, 0, 0, 0, 0, 0, 0, 0, 0, 0, 0, 0, 0, 0, 0, 0, 0, 0, 0, 0, 0, 0, 0, 0, 0, 0, 0, 0, 0, 0, 0, 0, 0, 0, 0, 0, 0, 0, 0, 0, 0, 0, 0, 0, 0, 0, 0, 0, 0, 0, 0, 0, 0, 0, 0, 0, 0, 0, 0, 0, 0, 0, 0, 0, 0, 0, 0, 0, 0, 0, 0, 0, 0, 0, 0, 0, 0, 0, 0, 0, 0, 0, 0, 0, 0, 0, 0, 0, 0, 0, 0, 0, 0, 0, 0, 0, 0, 0, 0, 0, 0, 0, 0, 0, 0, 0, 0, 0, 0, 180, 180, 180, 180, 180, 180, 180, 0, 0, 0, 0, 0, 0, 0, 0, 0, 0, 0, 0, 0, 0, 0, 0, 0, 0, 0, 0, 0, 0, 0, 0, 0, 0, 0, 0, 0, 0, 0, 0, 0, 0, 0, 0, 180, 180, 180, 180, 180, 180, 180, 0, 0, 0, 0, 0, 0, 0, 0, 0, 0, 0, 0, 0, 0, 0, 0, 0, 0, 0, 0, 0, 0, 0, 0, 0, 0, 0, 0, 0, 0, 0, 0, 0, 0, 0, 0, 0, 0, 0, 0, 0, 0, 0, 0, 0, 0, 0, 0, 0, 0, 0, 0, 0, 0, 0, 0, 0, 0, 0, 0, 0, 0, 0, 0, 0, 0, 0, 0, 0, 0, 0, 0, 0, 0, 0, 0, 0, 0, 0, 0, 0, 0, 0, 0, 0, 0, 0, 0, 0, 0, 0, 0, 0, 0, 0, 0, 0, 0, 0, 0, 0, 0, 0, 0, 0, 0, 0, 0, 0, 0, 0, 0, 0, 0, 0, 0, 0, 0, 0, 0, 0, 0, 0, 0, 0, 0, 0, 0, 0, 0, 0, 0, 0, 0, 0, 0, 0, 0, 0, 0, 0, 0, 0, 0, 0, 0, 0, 0, 0, 0, 0, 0, 0, 0, 0, 0, 0, 0, 0, 0, 0, 0, 0, 0, 0, 0, 0, 0, 0, 0, 0, 0, 0, 0, 0, 0, 0, 0, 0, 0, 0, 0, 0, 0, 0, 0, 0, 0, 0, 0, 0, 0, 0, 0, 0, 0, 0, 0, 0, 0, 0, 0, 0, 0, 0, 0, 0, 0, 0, 0, 0, 0, 0, 0, 0, 0, 0, 0, 0, 0, 0, 0, 0, 0, 0, 0, 0, 0, 0, 0, 0, 0, 0, 0, 0, 0, 180, 180, 180, 180, 180, 180, 0, 0, 0, 0, 0, 0, 0, 0, 0, 0, 0, 0, 0, 0, 0, 0, 0, 0, 0, 0, 0, 0, 0, 0, 0, 0, 0, 0, 0, 0, 0, 0, 0, 0, 0, 0, 0, 0, 0, 0, 0, 0, 0, 0, 0, 0, 0, 0, 0, 0, 0, 0, 0, 0, 0, 0, 0, 0, 180, 180, 180, 180, 180, 180, 180, 0, 0, 0, 0, 0, 0, 0, 0, 0, 0, 0, 0, 0, 0, 0, 0, 0, 0, 0, 0, 0, 0, 0, 0, 0, 0, 0, 0, 0, 0, 0, 0, 0, 0, 0, 0, 0, 0, 0, 0, 0, 0, 0, 0, 0, 0, 0, 0, 0, 0, 0, 0, 0, 0, 0, 180, 180, 180, 180, 180, 180, 180, 0, 0, 0, 0, 0, 0, 0, 0, 0, 0, 0, 0, 0, 0, 0, 0, 0, 0, 0, 0, 0, 0, 0, 0, 0, 0, 0, 0, 0, 0, 0, 0, 0, 0, 0, 0, 0, 0, 0, 0, 0, 0, 0, 0, 0, 0, 0, 0, 0, 0, 0, 0, 0, 180, 180, 180, 180, 180, 180, 180, 0, 0, 0, 0, 0, 0, 0, 0, 0, 0, 0, 0, 0, 0, 0, 0, 0, 0, 0, 0, 0, 0, 0, 0, 0, 0, 0, 0, 0, 0, 0, 0, 0, 0, 0, 0, 0, 0, 0, 0, 0, 0, 0, 0, 0, 0, 0, 0, 0, 0, 0, 0, 0, 0, 0, 0, 0, 0, 0, 0, 0, 0, 0, 0, 0, 0, 0, 0, 0, 0, 0, 0, 0, 0, 0, 0, 0, 0, 0, 0, 0, 0, 0, 0, 0, 0, 0, 0, 0, 0, 0, 0, 0, 0, 0, 0, 0, 0, 0, 0, 0, 0, 0, 0, 0, 0, 0, 0, 0, 0, 0, 0, 0, 0, 0, 180, 180, 180, 180, 180, 180, 0, 0, 0, 0, 0, 0, 0, 0, 0, 0, 0, 0, 0, 0, 0, 0, 0, 0, 0, 0, 0, 0, 0, 0, 0, 0, 0, 0, 0, 0, 0, 0, 0, 0, 0, 0, 0, 0, 0, 0, 0, 0, 0, 0, 0, 0, 0, 0, 0, 0, 36, 36, 36, 36, 36, 36, 36, 36, 36, 36, 36, 36, 0, 0, 0, 0, 0, 0, 0, 0, 0, 0, 0, 0, 0, 0, 0, 0, 0, 0, 0, 0, 0, 0, 0, 0, 0, 0, 0, 0, 0, 0, 0, 0, 0, 0, 0, 0, 0, 0, 0, 0, 0, 0, 0, 0, 0, 0, 0, 0, 0, 0, 0, 180, 180, 180, 180, 180, 180, 0, 0, 0, 0, 0, 0, 0, 0, 0, 0, 0, 0, 0, 0, 0, 0, 0, 0, 0, 0, 0, 0, 0, 0, 0, 0, 0, 0, 0, 0, 0, 0, 0, 0, 0, 0, 0, 0, 0, 0, 0, 0, 0, 0, 0, 0, 0, 0, 0, 0, 0, 0, 0, 0, 0, 0, 0, 0, 0, 180, 180, 180, 180, 180, 180, 180, 0, 0, 0, 0, 0, 0, 0, 0, 0, 0, 0, 0, 0, 0, 0, 0, 0, 0, 0, 0, 0, 0, 0, 0, 0, 0, 0, 0, 0, 0, 0, 0, 0, 0, 0, 0, 0, 0, 0, 0, 0, 0, 0, 0, 0, 0, 0, 0, 0, 0, 0, 0, 0, 0, 0, 0, 0, 0, 0, 0, 0, 0, 0, 0, 0, 0, 0, 0, 0, 0, 0, 0, 0, 0, 0, 0, 0, 0, 0, 0, 0, 0, 0, 0, 0, 0, 0, 0, 0, 0, 0, 0, 0, 0, 0, 0, 0, 0, 0, 0, 0, 0, 0, 0, 0, 0, 0, 0, 0, 0, 0, 0, 0, 0, 0, 180, 180, 180, 180, 180, 180, 180, 0, 0, 0, 0, 0, 0, 0, 0, 0, 0, 0, 0, 0, 0, 0, 0, 0, 0, 0, 0, 0, 0, 0, 0, 0, 0, 0, 0, 0, 0, 0, 0, 0, 0, 0, 0, 0, 0, 180, 180, 180, 180, 180, 180, 180, 0, 0, 0, 0, 0, 0, 180, 180, 180, 180, 180, 180, 180, 0, 0, 0, 0, 0, 0, 0, 0, 0, 0, 0, 0, 0, 0, 0, 0, 0, 0, 0, 0, 0, 0, 0, 0, 0, 0, 0, 0, 0, 0, 0, 0, 0, 0, 0, 0, 0, 0, 0, 0, 0, 0, 0, 0, 0, 0, 0, 0, 0, 0, 0, 0, 0, 0, 0, 0, 0, 0, 0, 0, 0, 0, 0, 0, 0, 0, 0, 0, 0, 0, 0, 0, 0, 0, 0, 0, 0, 0, 0, 0, 0, 0, 0, 0, 0, 0, 0, 0, 0, 0, 0, 0, 0, 0, 0, 0, 0, 0, 0, 0, 0, 0, 0, 0, 0, 0, 0, 0, 0, 0, 0, 0, 0, 0, 0, 0, 0, 0, 0, 0, 0, 0, 0, 0, 0, 0, 0, 0, 0, 0, 0, 0, 0, 0, 0, 0, 0, 0, 0, 0, 0, 0, 0, 0, 0, 0, 0, 0, 0, 0, 0, 0, 0, 0, 0, 0, 0, 0, 0, 0, 0, 0, 0, 0, 0, 0, 0, 0, 0, 0, 0, 0, 0, 0, 0, 0, 0, 0, 0, 0, 0, 0, 0, 0, 0, 0, 0, 0, 0, 0, 0, 0, 0, 0, 0, 0, 0, 0, 0, 0, 0, 0, 0, 0, 0, 0, 0, 0, 0, 0, 0, 0, 0, 0, 0, 0, 0, 0, 0, 0, 0, 0, 0, 0, 0, 0, 0, 0, 0, 0, 0, 0, 0, 0, 0, 0, 0, 0, 0, 0, 0, 0, 0, 0, 0, 0, 0, 0, 0, 0, 0, 0, 0, 0, 0, 0, 0, 0, 0, 0, 0, 0, 0, 0, 0, 0, 0, 0, 0, 0, 0, 0, 0, 0, 0, 0, 0, 0, 0, 0, 0, 0, 0, 0, 0, 0, 0, 0, 0, 0, 0, 0, 0, 0, 0, 0, 0, 0, 0, 0, 0, 0, 0, 0, 0, 0, 0, 0, 0, 0, 0, 0, 0, 0, 0, 0, 0, 0, 0, 0, 0, 0, 0, 0, 0, 0, 0, 0, 0, 0, 0, 0, 0, 0, 0, 0, 0, 0, 0, 0, 0, 0, 0, 0, 0, 0, 0, 0, 0, 0, 0, 0, 0, 0, 0, 0, 0, 0, 0, 0, 0, 0, 0, 0, 0, 0, 0, 0, 0, 0, 0, 0, 0, 0, 0, 0, 0, 0, 0, 0, 0, 0, 0, 0, 0, 0, 0, 0, 0, 0, 0, 0, 0, 0, 0, 0, 0, 0, 0, 0, 0, 0, 0, 0, 0, 0, 0, 0, 0, 0, 0, 0, 0, 0, 0, 0, 0, 0, 0, 0, 0, 0, 0, 0, 0, 0, 0, 0, 0, 0, 0, 0, 0, 0, 0, 0, 0, 0, 0, 0, 0, 0, 0, 0, 0, 0, 0, 0, 0, 0, 0, 0, 0, 0, 0, 0, 0, 0, 0, 0, 0, 0, 0, 0, 0, 0, 0, 0, 0, 0, 0, 0, 0, 0, 0, 0, 0, 0, 0, 0, 0, 0, 0, 0, 0, 0, 0, 0, 0, 0, 0, 0, 0, 0, 0, 0, 0, 0, 0, 0, 0, 0, 0, 0, 0, 0, 0, 0, 0, 0, 0, 0, 0, 0, 0, 0, 0, 0, 0, 0, 0, 0, 0, 0, 0, 0, 0, 0, 0, 0, 0, 0, 0, 0, 0, 0, 0, 0, 0, 0, 0, 0, 0, 0, 0, 0, 0, 0, 0, 0, 0, 0, 0, 0, 0, 0, 0, 0, 0, 0, 0, 0, 0, 0, 0, 0, 0, 0, 0, 0, 0, 0, 0, 0, 0, 0, 0, 0, 0, 0, 0, 0, 0, 0, 0, 0, 0, 0, 0, 0, 0, 0, 0, 0, 0, 0, 0, 0, 0, 0, 0, 0, 0, 0, 0, 0, 0, 0, 0, 0, 0, 0, 0, 0, 0, 0, 0, 0, 0, 0, 0, 0, 0, 0, 0, 0, 0, 0, 0, 0, 0, 0, 0, 0, 0, 0, 0, 0, 0, 0, 0, 0, 0, 0, 0, 0, 0, 0, 0, 0, 0, 0, 0, 0, 0, 0, 0, 0, 0, 0, 0, 0, 0, 0, 0, 0, 0, 0, 0, 0, 0, 0, 0, 0, 0, 0, 0, 0, 0, 0, 0, 0, 0, 0, 0, 0, 0, 0, 0, 0, 0, 0, 0, 0, 0, 0, 0, 0, 0, 0, 0, 0, 0, 0, 0, 0, 0, 0, 0, 0, 0, 0, 0, 0, 0, 0, 0, 0, 0, 0, 0, 0, 0, 0, 0, 0, 0, 0, 0, 0, 0, 0, 0, 0, 0, 0, 0, 0, 0, 0, 0, 0, 0, 0, 0, 0, 0, 0, 0, 0, 0, 0, 0, 0, 0, 0, 0, 0, 0, 0, 0, 0, 0, 0, 0, 0, 0, 0, 0, 0, 0, 0, 0, 0, 0, 0, 0, 0, 0, 0, 0, 0, 0, 0, 0, 0, 0, 0, 0, 0, 0, 0, 0, 0, 0, 0, 0, 0, 0, 0, 0, 0, 0, 0, 0, 0, 0, 0, 0, 0, 0, 0, 0, 0, 0, 0, 0, 0, 0, 0, 0, 0, 0, 0, 0, 0, 0, 0, 0, 0, 0, 0, 0, 0, 0, 0, 0, 0, 0, 0, 0, 0, 0, 0, 0, 0, 0, 0, 0, 0, 0, 0, 0, 0, 0, 0, 0, 0, 0, 0, 0, 0, 0, 0, 0, 0, 0, 0, 0, 0, 0, 0, 0, 0, 0, 0, 0, 0, 0, 0, 0, 0, 0, 0, 0, 0, 0, 0, 0, 0, 0, 0, 0, 0, 0, 0, 0, 0, 0, 0, 0, 0, 0, 0, 0, 0, 0, 0, 0, 0, 0, 0, 0, 0, 0, 0, 0, 0, 0, 0, 0, 0, 0, 0, 0, 0, 0, 0, 0, 0, 0, 0, 0, 0, 0, 0, 0, 0, 0, 0, 0, 0, 0, 0, 0, 0, 0, 0, 0, 0, 0, 0, 0, 0, 0, 0, 0, 0, 0, 0, 0, 0, 0, 0, 0, 0, 0, 0, 0, 0, 0, 0, 0, 0, 0, 0, 0, 0, 0, 0, 0, 0, 0, 0, 0, 0, 0, 0, 0, 0, 0, 0, 0, 0, 0, 0, 0, 0, 0, 0, 0, 0, 0, 0, 0, 0, 0, 0, 0, 0, 0, 0, 0, 0, 0, 0, 0, 0, 0, 0, 0, 0, 0, 0, 0, 0, 0, 0, 0, 0, 0, 0, 0, 0, 0, 0, 0, 0, 0, 0, 0, 0, 0, 0, 0, 0, 0, 0, 0, 0, 0, 0, 0, 0, 0, 0, 0, 0, 0, 0, 0, 0, 0, 0, 0, 0, 0, 0, 0, 0, 0, 0, 0, 0, 0, 0, 0, 0, 0, 0, 0, 0, 0, 0, 0, 0, 0, 0, 0, 0, 0, 0, 0, 0, 0, 0, 0, 0, 0, 0, 0, 0, 0, 0, 0, 0, 0, 0, 0, 0, 0, 0, 0, 0, 0, 0, 0, 0, 0, 0, 0, 0, 0, 0, 0, 0, 0, 0, 0, 0, 0, 0, 0, 0, 0, 0, 0, 0, 0, 0, 0, 0, 0, 0, 0, 0, 0, 0, 0, 0, 0, 0, 0, 0, 0, 0, 0, 0, 0, 0, 0, 0, 0, 0, 0, 0, 0, 0, 0, 0, 0, 0, 0, 0, 0, 0, 0, 0, 0, 0, 0, 0, 0, 0, 0, 0, 0, 0, 0, 0, 0, 0, 0, 0, 0, 0, 0, 0, 0, 0, 0, 0, 0, 0, 0, 0, 0, 0, 0, 0, 0, 0, 0, 0, 0, 0, 0, 0, 0, 0, 0, 0, 0, 0, 0, 0, 0, 0, 0, 0, 0, 0, 0, 0, 0, 0, 0, 0, 0, 0, 0, 0, 0, 0, 0, 0, 0, 0, 0, 0, 0, 0, 0, 0, 0, 0, 0, 0, 0, 0, 0, 0, 0, 0, 0, 0, 0, 0, 0, 0, 0, 0, 0, 0, 0, 0, 0, 0, 0, 0, 0, 0, 0, 0, 0, 0, 0, 0, 0, 0, 0, 0, 0, 0, 0, 0, 0, 0, 0, 0, 0, 0, 0, 0, 0, 0, 0, 0, 0, 0, 0, 0, 0, 0, 0, 0, 0, 0, 0, 0, 0, 0, 0, 0, 0, 0, 0, 0, 0, 0, 0, 0, 0, 0, 0, 0, 0, 0, 0, 0, 0, 0, 0, 0, 0, 0, 0, 0, 0, 0, 0, 0, 0, 0, 0, 0, 0, 0, 0, 0, 0, 0, 0, 0, 0, 0, 0, 0, 0, 0, 0, 0, 0, 0, 0, 0, 0, 0, 0, 0, 0, 0, 0, 0, 0, 0, 0, 0, 0, 0, 0, 0, 0, 0, 0, 0, 0, 0, 0, 0, 0, 0, 0, 0, 0, 0, 0, 0, 0, 0, 0, 0, 0, 0, 0, 0, 0, 0, 0, 0, 0, 0, 0, 0, 0, 0, 0, 0, 0, 0, 0, 0, 0, 0, 0, 0, 0, 0, 0, 0, 0, 0, 0, 0, 0, 0, 0, 0, 0, 0, 0, 0, 0, 0, 0, 0, 0, 0, 0, 0, 0, 0, 0, 0, 0, 0, 0, 0, 0, 0, 0, 0, 0, 0, 0, 0, 0, 0, 0, 0, 0, 0, 0, 0, 0, 0, 0, 0, 0, 0, 0, 0, 0, 0, 0, 0, 0, 0, 0, 0, 0, 0, 0, 0, 0, 0, 0, 0, 0, 0, 0, 0, 0, 0, 0, 0, 0, 0, 0, 0, 0, 0, 0, 0, 0, 0, 0, 0, 0, 0, 0, 0, 0, 0, 0, 0, 0, 0, 0, 0, 0, 0, 0, 0, 0, 0, 0, 0, 0, 0, 0, 0, 0, 0, 0, 0, 0, 0, 0, 0, 0, 0, 0, 0, 0, 0, 0, 0, 0, 0, 0, 0, 0, 0, 0, 0, 0, 0, 0, 0, 0, 0, 0, 0, 0, 0, 0, 0, 0, 0, 0, 0, 0, 0, 0, 0, 0, 0, 0, 0, 0, 0, 0, 0, 0, 0, 0, 0, 0, 0, 0, 0, 0, 0, 0, 0, 0, 0, 0, 0, 0, 0, 0, 0, 0, 0, 0, 0, 0, 0, 0, 0, 0, 0, 0, 0, 0, 0, 0, 0, 0, 0, 0, 0, 0, 0, 0, 0, 0, 0, 0, 0, 0, 0, 0, 0, 0, 0, 0, 0, 0, 0, 0, 0, 0, 0, 0, 0, 0, 0, 0, 0, 0, 0, 0, 0, 0, 0, 0, 0, 0, 0, 0, 0, 0, 0, 0, 0, 0, 0, 0, 0, 0, 0, 0, 0, 0, 0, 0, 0, 0, 0, 0, 0, 0, 0, 0, 0, 0, 0, 0, 0, 0, 0, 0, 0, 0, 0, 0, 0, 0, 0, 0, 0, 0, 0, 0, 0, 0, 0, 0, 0, 0, 0, 0, 0, 0, 0, 0, 0, 0, 0, 0, 0, 0, 0, 0, 0, 0, 0, 0, 0, 0, 0, 0, 0, 0, 0, 0, 0, 0, 0, 0, 0, 0, 0, 0, 0, 0, 0, 0, 0, 0, 0, 0, 0, 0, 0, 0, 0, 0, 0, 0, 0, 0], objects=[], opacity=0.0, draworder=), Layer(width=0, height=0, name=Object Layer 1, type=objectgroup, visible=false, x=0, y=0, data=[], objects=[com.almasb.fxgl.entity.level.tiled.TiledObject@25e36a54, com.almasb.fxgl.entity.level.tiled.TiledObject@70a8ab63, com.almasb.fxgl.entity.level.tiled.TiledObject@38935b25, com.almasb.fxgl.entity.level.tiled.TiledObject@44fd4be0, com.almasb.fxgl.entity.level.tiled.TiledObject@7af238e1, com.almasb.fxgl.entity.level.tiled.TiledObject@4fb4676f, com.almasb.fxgl.entity.level.tiled.TiledObject@6ddc57cf, com.almasb.fxgl.entity.level.tiled.TiledObject@43d0b3df, com.almasb.fxgl.entity.level.tiled.TiledObject@288eae74, com.almasb.fxgl.entity.level.tiled.TiledObject@44ed2b15, com.almasb.fxgl.entity.level.tiled.TiledObject@4b006e68, com.almasb.fxgl.entity.level.tiled.TiledObject@d08729c, com.almasb.fxgl.entity.level.tiled.TiledObject@50289047, com.almasb.fxgl.entity.level.tiled.TiledObject@7db0acd4, com.almasb.fxgl.entity.level.tiled.TiledObject@350bfe24], opacity=0.0, draworder=)], tilesets=[Tileset(firstgid=1, image=tiles_spritesheet.png, name=tiles_spreadsheet, tilewidth=70, tileheight=70, imagewidth=914, imageheight=936, margin=0, spacing=2, columns=12, tilecount=156, transparentcolor=, tiles=[]), Tileset(firstgid=157, image=tiles_spritesheet.png, name=tiles, tilewidth=70, tileheight=70, imagewidth=914, imageheight=936, margin=0, spacing=2, columns=12, tilecount=156, transparentcolor=, tiles=[])], backgroundcolor=, renderorder=right-down, nextobjectid=21, version=1, tiledversion=1.8.4, type=map, infinite=false, hexsidelength=0, staggeraxis=, staggerindex=, properties={}, propertytypes={})
14:20:56.468 [FXGL Background Thread 4 ] DEBUG TMXLevelLoader       - Creating tile layer entities
14:20:56.476 [FXGL Background Thread 4 ] DEBUG TilesetLoader        - Loading view for layer Tile Layer 1
14:20:56.498 [FXGL Background Thread 4 ] DEBUG TilesetLoader        - Created buffer with size 7350.0x1960.0
14:20:56.559 [FXGL Background Thread 4 ] DEBUG TilesetLoader        - Writing to buffer: dst=4410,0, w=70,h=70, src=792,72
14:20:56.583 [FXGL Background Thread 4 ] DEBUG TilesetLoader        - Writing to buffer: dst=4480,0, w=70,h=70, src=792,72
14:20:56.596 [FXGL Background Thread 4 ] DEBUG TilesetLoader        - Writing to buffer: dst=4550,0, w=70,h=70, src=792,72
14:20:56.604 [FXGL Background Thread 4 ] DEBUG TilesetLoader        - Writing to buffer: dst=4620,0, w=70,h=70, src=792,72
14:20:56.611 [FXGL Background Thread 4 ] DEBUG TilesetLoader        - Writing to buffer: dst=4690,0, w=70,h=70, src=792,72
14:20:56.617 [FXGL Background Thread 4 ] DEBUG TilesetLoader        - Writing to buffer: dst=4760,0, w=70,h=70, src=792,72
14:20:56.628 [FXGL Background Thread 4 ] DEBUG TilesetLoader        - Writing to buffer: dst=4830,0, w=70,h=70, src=792,72
14:20:56.635 [FXGL Background Thread 4 ] DEBUG TilesetLoader        - Writing to buffer: dst=4900,0, w=70,h=70, src=792,72
14:20:56.642 [FXGL Background Thread 4 ] DEBUG TilesetLoader        - Writing to buffer: dst=4970,0, w=70,h=70, src=792,72
14:20:56.648 [FXGL Background Thread 4 ] DEBUG TilesetLoader        - Writing to buffer: dst=5040,0, w=70,h=70, src=792,72
14:20:56.653 [FXGL Background Thread 4 ] DEBUG TilesetLoader        - Writing to buffer: dst=5110,0, w=70,h=70, src=792,72
14:20:56.657 [FXGL Background Thread 4 ] DEBUG TilesetLoader        - Writing to buffer: dst=5180,0, w=70,h=70, src=792,72
14:20:56.665 [FXGL Background Thread 4 ] DEBUG TilesetLoader        - Writing to buffer: dst=5250,0, w=70,h=70, src=792,72
14:20:56.667 [FXGL Background Thread 4 ] DEBUG TilesetLoader        - Writing to buffer: dst=5320,0, w=70,h=70, src=792,72
14:20:56.669 [FXGL Background Thread 4 ] DEBUG TilesetLoader        - Writing to buffer: dst=5950,70, w=70,h=70, src=792,72
14:20:56.670 [FXGL Background Thread 4 ] DEBUG TilesetLoader        - Writing to buffer: dst=6020,70, w=70,h=70, src=792,72
14:20:56.674 [FXGL Background Thread 4 ] DEBUG TilesetLoader        - Writing to buffer: dst=6090,70, w=70,h=70, src=792,72
14:20:56.682 [FXGL Background Thread 4 ] DEBUG TilesetLoader        - Writing to buffer: dst=6160,70, w=70,h=70, src=792,72
14:20:56.684 [FXGL Background Thread 4 ] DEBUG TilesetLoader        - Writing to buffer: dst=6230,70, w=70,h=70, src=792,72
14:20:56.686 [FXGL Background Thread 4 ] DEBUG TilesetLoader        - Writing to buffer: dst=6300,70, w=70,h=70, src=792,72
14:20:56.689 [FXGL Background Thread 4 ] DEBUG TilesetLoader        - Writing to buffer: dst=6370,70, w=70,h=70, src=792,72
14:20:56.695 [FXGL Background Thread 4 ] DEBUG TilesetLoader        - Writing to buffer: dst=1610,140, w=70,h=70, src=792,72
14:20:56.703 [FXGL Background Thread 4 ] DEBUG TilesetLoader        - Writing to buffer: dst=1680,140, w=70,h=70, src=792,72
14:20:56.707 [FXGL Background Thread 4 ] DEBUG TilesetLoader        - Writing to buffer: dst=1750,140, w=70,h=70, src=792,72
14:20:56.712 [FXGL Background Thread 4 ] DEBUG TilesetLoader        - Writing to buffer: dst=1820,140, w=70,h=70, src=792,72
14:20:56.718 [FXGL Background Thread 4 ] DEBUG TilesetLoader        - Writing to buffer: dst=1890,140, w=70,h=70, src=792,72
14:20:56.723 [FXGL Background Thread 4 ] DEBUG TilesetLoader        - Writing to buffer: dst=1960,140, w=70,h=70, src=792,72
14:20:56.730 [FXGL Background Thread 4 ] DEBUG TilesetLoader        - Writing to buffer: dst=2030,140, w=70,h=70, src=792,72
14:20:56.736 [FXGL Background Thread 4 ] DEBUG TilesetLoader        - Writing to buffer: dst=3920,280, w=70,h=70, src=792,72
14:20:56.739 [FXGL Background Thread 4 ] DEBUG TilesetLoader        - Writing to buffer: dst=3990,280, w=70,h=70, src=792,72
14:20:56.741 [FXGL Background Thread 4 ] DEBUG TilesetLoader        - Writing to buffer: dst=4060,280, w=70,h=70, src=792,72
14:20:56.743 [FXGL Background Thread 4 ] DEBUG TilesetLoader        - Writing to buffer: dst=4130,280, w=70,h=70, src=792,72
14:20:56.748 [FXGL Background Thread 4 ] DEBUG TilesetLoader        - Writing to buffer: dst=4200,280, w=70,h=70, src=792,72
14:20:56.751 [FXGL Background Thread 4 ] DEBUG TilesetLoader        - Writing to buffer: dst=4270,280, w=70,h=70, src=792,72
14:20:56.761 [FXGL Background Thread 4 ] DEBUG TilesetLoader        - Writing to buffer: dst=1050,350, w=70,h=70, src=792,72
14:20:56.767 [FXGL Background Thread 4 ] DEBUG TilesetLoader        - Writing to buffer: dst=1120,350, w=70,h=70, src=792,72
14:20:56.773 [FXGL Background Thread 4 ] DEBUG TilesetLoader        - Writing to buffer: dst=1190,350, w=70,h=70, src=792,72
14:20:56.777 [FXGL Background Thread 4 ] DEBUG TilesetLoader        - Writing to buffer: dst=1260,350, w=70,h=70, src=792,72
14:20:56.781 [FXGL Background Thread 4 ] DEBUG TilesetLoader        - Writing to buffer: dst=1330,350, w=70,h=70, src=792,72
14:20:56.784 [FXGL Background Thread 4 ] DEBUG TilesetLoader        - Writing to buffer: dst=1400,350, w=70,h=70, src=792,72
14:20:56.788 [FXGL Background Thread 4 ] DEBUG TilesetLoader        - Writing to buffer: dst=1470,350, w=70,h=70, src=792,72
14:20:56.794 [FXGL Background Thread 4 ] DEBUG TilesetLoader        - Writing to buffer: dst=5390,350, w=70,h=70, src=792,72
14:20:56.800 [FXGL Background Thread 4 ] DEBUG TilesetLoader        - Writing to buffer: dst=5460,350, w=70,h=70, src=792,72
14:20:56.803 [FXGL Background Thread 4 ] DEBUG TilesetLoader        - Writing to buffer: dst=5530,350, w=70,h=70, src=792,72
14:20:56.805 [FXGL Background Thread 4 ] DEBUG TilesetLoader        - Writing to buffer: dst=5600,350, w=70,h=70, src=792,72
14:20:56.806 [FXGL Background Thread 4 ] DEBUG TilesetLoader        - Writing to buffer: dst=5670,350, w=70,h=70, src=792,72
14:20:56.807 [FXGL Background Thread 4 ] DEBUG TilesetLoader        - Writing to buffer: dst=5740,350, w=70,h=70, src=792,72
14:20:56.809 [FXGL Background Thread 4 ] DEBUG TilesetLoader        - Writing to buffer: dst=5810,350, w=70,h=70, src=792,72
14:20:56.812 [FXGL Background Thread 4 ] DEBUG TilesetLoader        - Writing to buffer: dst=2240,420, w=70,h=70, src=792,72
14:20:56.813 [FXGL Background Thread 4 ] DEBUG TilesetLoader        - Writing to buffer: dst=2310,420, w=70,h=70, src=792,72
14:20:56.815 [FXGL Background Thread 4 ] DEBUG TilesetLoader        - Writing to buffer: dst=2380,420, w=70,h=70, src=792,72
14:20:56.816 [FXGL Background Thread 4 ] DEBUG TilesetLoader        - Writing to buffer: dst=2450,420, w=70,h=70, src=792,72
14:20:56.817 [FXGL Background Thread 4 ] DEBUG TilesetLoader        - Writing to buffer: dst=2520,420, w=70,h=70, src=792,72
14:20:56.818 [FXGL Background Thread 4 ] DEBUG TilesetLoader        - Writing to buffer: dst=2590,420, w=70,h=70, src=792,72
14:20:56.820 [FXGL Background Thread 4 ] DEBUG TilesetLoader        - Writing to buffer: dst=2660,420, w=70,h=70, src=792,72
14:20:56.822 [FXGL Background Thread 4 ] DEBUG TilesetLoader        - Writing to buffer: dst=3430,490, w=70,h=70, src=792,72
14:20:56.824 [FXGL Background Thread 4 ] DEBUG TilesetLoader        - Writing to buffer: dst=3500,490, w=70,h=70, src=792,72
14:20:56.827 [FXGL Background Thread 4 ] DEBUG TilesetLoader        - Writing to buffer: dst=3570,490, w=70,h=70, src=792,72
14:20:56.834 [FXGL Background Thread 4 ] DEBUG TilesetLoader        - Writing to buffer: dst=3640,490, w=70,h=70, src=792,72
14:20:56.838 [FXGL Background Thread 4 ] DEBUG TilesetLoader        - Writing to buffer: dst=3710,490, w=70,h=70, src=792,72
14:20:56.842 [FXGL Background Thread 4 ] DEBUG TilesetLoader        - Writing to buffer: dst=3780,490, w=70,h=70, src=792,72
14:20:56.847 [FXGL Background Thread 4 ] DEBUG TilesetLoader        - Writing to buffer: dst=0,560, w=70,h=70, src=792,144
14:20:56.849 [FXGL Background Thread 4 ] DEBUG TilesetLoader        - Writing to buffer: dst=70,560, w=70,h=70, src=792,144
14:20:56.853 [FXGL Background Thread 4 ] DEBUG TilesetLoader        - Writing to buffer: dst=140,560, w=70,h=70, src=792,144
14:20:56.856 [FXGL Background Thread 4 ] DEBUG TilesetLoader        - Writing to buffer: dst=210,560, w=70,h=70, src=792,144
14:20:56.857 [FXGL Background Thread 4 ] DEBUG TilesetLoader        - Writing to buffer: dst=280,560, w=70,h=70, src=792,144
14:20:56.862 [FXGL Background Thread 4 ] DEBUG TilesetLoader        - Writing to buffer: dst=350,560, w=70,h=70, src=792,144
14:20:56.867 [FXGL Background Thread 4 ] DEBUG TilesetLoader        - Writing to buffer: dst=420,560, w=70,h=70, src=792,144
14:20:56.872 [FXGL Background Thread 4 ] DEBUG TilesetLoader        - Writing to buffer: dst=490,560, w=70,h=70, src=792,144
14:20:56.874 [FXGL Background Thread 4 ] DEBUG TilesetLoader        - Writing to buffer: dst=560,560, w=70,h=70, src=792,144
14:20:56.881 [FXGL Background Thread 4 ] DEBUG TilesetLoader        - Writing to buffer: dst=630,560, w=70,h=70, src=792,144
14:20:56.883 [FXGL Background Thread 4 ] DEBUG TilesetLoader        - Writing to buffer: dst=700,560, w=70,h=70, src=792,144
14:20:56.886 [FXGL Background Thread 4 ] DEBUG TilesetLoader        - Writing to buffer: dst=770,560, w=70,h=70, src=792,144
14:20:56.889 [FXGL Background Thread 4 ] DEBUG TilesetLoader        - Writing to buffer: dst=4410,560, w=70,h=70, src=792,72
14:20:56.893 [FXGL Background Thread 4 ] DEBUG TilesetLoader        - Writing to buffer: dst=4480,560, w=70,h=70, src=792,72
14:20:56.900 [FXGL Background Thread 4 ] DEBUG TilesetLoader        - Writing to buffer: dst=4550,560, w=70,h=70, src=792,72
14:20:56.903 [FXGL Background Thread 4 ] DEBUG TilesetLoader        - Writing to buffer: dst=4620,560, w=70,h=70, src=792,72
14:20:56.906 [FXGL Background Thread 4 ] DEBUG TilesetLoader        - Writing to buffer: dst=4690,560, w=70,h=70, src=792,72
14:20:56.909 [FXGL Background Thread 4 ] DEBUG TilesetLoader        - Writing to buffer: dst=4760,560, w=70,h=70, src=792,72
14:20:56.912 [FXGL Background Thread 4 ] DEBUG TilesetLoader        - Writing to buffer: dst=1610,630, w=70,h=70, src=792,72
14:20:56.916 [FXGL Background Thread 4 ] DEBUG TilesetLoader        - Writing to buffer: dst=1680,630, w=70,h=70, src=792,72
14:20:56.922 [FXGL Background Thread 4 ] DEBUG TilesetLoader        - Writing to buffer: dst=1750,630, w=70,h=70, src=792,72
14:20:56.926 [FXGL Background Thread 4 ] DEBUG TilesetLoader        - Writing to buffer: dst=1820,630, w=70,h=70, src=792,72
14:20:56.932 [FXGL Background Thread 4 ] DEBUG TilesetLoader        - Writing to buffer: dst=1890,630, w=70,h=70, src=792,72
14:20:56.935 [FXGL Background Thread 4 ] DEBUG TilesetLoader        - Writing to buffer: dst=1960,630, w=70,h=70, src=792,72
14:20:56.938 [FXGL Background Thread 4 ] DEBUG TilesetLoader        - Writing to buffer: dst=2030,630, w=70,h=70, src=792,72
14:20:56.941 [FXGL Background Thread 4 ] DEBUG TilesetLoader        - Writing to buffer: dst=2800,700, w=70,h=70, src=792,72
14:20:56.946 [FXGL Background Thread 4 ] DEBUG TilesetLoader        - Writing to buffer: dst=2870,700, w=70,h=70, src=792,72
14:20:56.950 [FXGL Background Thread 4 ] DEBUG TilesetLoader        - Writing to buffer: dst=2940,700, w=70,h=70, src=792,72
14:20:56.953 [FXGL Background Thread 4 ] DEBUG TilesetLoader        - Writing to buffer: dst=3010,700, w=70,h=70, src=792,72
14:20:56.955 [FXGL Background Thread 4 ] DEBUG TilesetLoader        - Writing to buffer: dst=3080,700, w=70,h=70, src=792,72
14:20:56.957 [FXGL Background Thread 4 ] DEBUG TilesetLoader        - Writing to buffer: dst=3150,700, w=70,h=70, src=792,72
14:20:56.961 [FXGL Background Thread 4 ] DEBUG TilesetLoader        - Writing to buffer: dst=3220,700, w=70,h=70, src=792,72
14:20:56.965 [FXGL Background Thread 4 ] DEBUG TilesetLoader        - Writing to buffer: dst=5950,700, w=70,h=70, src=792,72
14:20:56.969 [FXGL Background Thread 4 ] DEBUG TilesetLoader        - Writing to buffer: dst=6020,700, w=70,h=70, src=792,72
14:20:56.974 [FXGL Background Thread 4 ] DEBUG TilesetLoader        - Writing to buffer: dst=6090,700, w=70,h=70, src=792,72
14:20:56.983 [FXGL Background Thread 4 ] DEBUG TilesetLoader        - Writing to buffer: dst=6160,700, w=70,h=70, src=792,72
14:20:56.994 [FXGL Background Thread 4 ] DEBUG TilesetLoader        - Writing to buffer: dst=6230,700, w=70,h=70, src=792,72
14:20:56.998 [FXGL Background Thread 4 ] DEBUG TilesetLoader        - Writing to buffer: dst=6300,700, w=70,h=70, src=792,72
14:20:57.002 [FXGL Background Thread 4 ] DEBUG TilesetLoader        - Writing to buffer: dst=6370,700, w=70,h=70, src=792,72
14:20:57.007 [FXGL Background Thread 4 ] DEBUG TilesetLoader        - Writing to buffer: dst=6860,700, w=70,h=70, src=792,72
14:20:57.012 [FXGL Background Thread 4 ] DEBUG TilesetLoader        - Writing to buffer: dst=6930,700, w=70,h=70, src=792,72
14:20:57.015 [FXGL Background Thread 4 ] DEBUG TilesetLoader        - Writing to buffer: dst=7000,700, w=70,h=70, src=792,72
14:20:57.020 [FXGL Background Thread 4 ] DEBUG TilesetLoader        - Writing to buffer: dst=7070,700, w=70,h=70, src=792,72
14:20:57.023 [FXGL Background Thread 4 ] DEBUG TilesetLoader        - Writing to buffer: dst=7140,700, w=70,h=70, src=792,72
14:20:57.026 [FXGL Background Thread 4 ] DEBUG TilesetLoader        - Writing to buffer: dst=7210,700, w=70,h=70, src=792,72
14:20:57.030 [FXGL Background Thread 4 ] DEBUG TilesetLoader        - Writing to buffer: dst=7280,700, w=70,h=70, src=792,72
14:20:57.036 [FXGL Background Thread 4 ] DEBUG TMXLevelLoader       - Creating object layer entities
14:20:57.092 [FXGL Background Thread 2 ] INFO  UpdaterService       - Your current version:  11.14
14:20:57.099 [FXGL Background Thread 2 ] INFO  UpdaterService       - Latest stable version: 17.1
14:20:57.114 [FXGL Background Thread 4 ] WARN  TMXLevelLoader       - Parse error Error: java.lang.IllegalStateException: Physics not initialized yet! Use setOnPhysicsInitialized() instead
14:20:57.119 [JavaFX Application Thread] DEBUG LoopRunner           - Stopping loop
14:20:57.121 [JavaFX Application Thread] FATAL FXGLApplication      - Uncaught Exception:
java.lang.RuntimeException: Initialization failed
	at com.almasb.fxgl.app.FXGLApplication$InitAppTask.failed(FXGLApplication.kt:376)
	at javafx.concurrent.Task.setState(Task.java:710)
	at javafx.concurrent.Task$TaskCallable.lambda$call$2(Task.java:1455)
	at com.sun.javafx.application.PlatformImpl.lambda$runLater$10(PlatformImpl.java:428)
	at java.base/java.security.AccessController.doPrivileged(AccessController.java:391)
	at com.sun.javafx.application.PlatformImpl.lambda$runLater$11(PlatformImpl.java:427)
	at com.sun.glass.ui.InvokeLaterDispatcher$Future.run(InvokeLaterDispatcher.java:96)
Caused by: com.almasb.fxgl.entity.level.LevelLoadingException: Physics not initialized yet! Use setOnPhysicsInitialized() instead
	at com.almasb.fxgl.entity.level.tiled.TMXLevelLoader.load(TMXLevelLoader.kt:71)
	at com.almasb.fxgl.app.services.FXGLAssetLoaderService.loadLevel(FXGLAssetLoaderService.kt:442)
	at com.almasb.fxgl.dsl.FXGL$Companion.setLevelFromMap(FXGL.kt:532)
	at com.almasb.fxgl.dsl.FXGL.setLevelFromMap(FXGL.kt)
	at Game.initGame(Game.java:41)
	at com.almasb.fxgl.app.FXGLApplication$InitAppTask.initGame(FXGLApplication.kt:372)
	at com.almasb.fxgl.app.FXGLApplication$InitAppTask.call(FXGLApplication.kt:352)
	at com.almasb.fxgl.app.FXGLApplication$InitAppTask.call(FXGLApplication.kt:344)
	at javafx.concurrent.Task$TaskCallable.call(Task.java:1425)
	at java.base/java.util.concurrent.FutureTask.run(FutureTask.java:264)
	at java.base/java.util.concurrent.Executors$RunnableAdapter.call(Executors.java:515)
	at java.base/java.util.concurrent.FutureTask.run(FutureTask.java:264)
	at java.base/java.util.concurrent.ThreadPoolExecutor.runWorker(ThreadPoolExecutor.java:1130)
	at java.base/java.util.concurrent.ThreadPoolExecutor$Worker.run(ThreadPoolExecutor.java:630)
	at java.base/java.lang.Thread.run(Thread.java:832)
Caused by: java.lang.IllegalStateException: Physics not initialized yet! Use setOnPhysicsInitialized() instead
	at com.almasb.fxgl.physics.PhysicsComponent.getPhysicsWorld(PhysicsComponent.java:59)
	at com.almasb.fxgl.physics.PhysicsComponent.getLinearVelocity(PhysicsComponent.java:239)
	at com.almasb.fxgl.physics.PhysicsComponent.getVelocityY(PhysicsComponent.java:220)
	at com.almasb.fxgl.physics.PhysicsComponent.setVelocityX(PhysicsComponent.java:208)
	at PlayerComponent.move(PlayerComponent.java:20)
	at PlayerComponent.onAdded(PlayerComponent.java:17)
	at com.almasb.fxgl.entity.Entity.addComponentNoChecks(Entity.java:370)
	at com.almasb.fxgl.entity.Entity.addComponent(Entity.java:364)
	at com.almasb.fxgl.dsl.EntityBuilder.with(EntityBuilder.kt:191)
	at GameFactory.spawnPlayer(GameFactory.java:38)
	at java.base/jdk.internal.reflect.NativeMethodAccessorImpl.invoke0(Native Method)
	at java.base/jdk.internal.reflect.NativeMethodAccessorImpl.invoke(NativeMethodAccessorImpl.java:64)
	at java.base/jdk.internal.reflect.DelegatingMethodAccessorImpl.invoke(DelegatingMethodAccessorImpl.java:43)
	at java.base/java.lang.reflect.Method.invoke(Method.java:564)
	at com.almasb.fxgl.core.reflect.ReflectionUtils.call(ReflectionUtils.java:104)
	at com.almasb.fxgl.core.reflect.ReflectionUtils.lambda$mapToFunction$3(ReflectionUtils.java:111)
	at com.almasb.fxgl.entity.GameWorld$create$2.invoke(GameWorld.kt:408)
	at com.almasb.fxgl.entity.GameWorld$create$2.invoke(GameWorld.kt:35)
	at com.almasb.fxgl.core.util.DSLKt.tryCatchRoot(DSL.kt:34)
	at com.almasb.fxgl.entity.GameWorld.create(GameWorld.kt:408)
	at com.almasb.fxgl.entity.level.tiled.TMXLevelLoader.createObjectLayerEntities(TMXLevelLoader.kt:135)
	at com.almasb.fxgl.entity.level.tiled.TMXLevelLoader.load(TMXLevelLoader.kt:53)
	... 14 more

14:20:57.123 [JavaFX Application Thread] FATAL FXGLApplication      - Application will now exit
14:20:57.141 [JavaFX Application Thread] DEBUG PrimaryStageWindow   - Push state: ErrorSubScene
14:20:57.142 [JavaFX Application Thread] DEBUG Input                - Clearing active input actions
14:20:57.148 [JavaFX Application Thread] DEBUG GameApplicationServi - Removing overlay from FXGLLoadingScene and adding to ErrorSubScene
14:20:57.150 [JavaFX Application Thread] DEBUG PrimaryStageWindow   - FXGLLoadingScene -> ErrorSubScene
14:20:59.155 [FXGL Background Thread 3 ] DEBUG Engine               - Logging environment variables
14:20:59.158 [FXGL Background Thread 3 ] DEBUG Engine               - achievements: []
14:20:59.160 [FXGL Background Thread 3 ] DEBUG Engine               - actualHeight: 864.0
14:20:59.163 [FXGL Background Thread 3 ] DEBUG Engine               - actualHeightProperty: ReadOnlyDoubleProperty [value: 864.0]
14:20:59.167 [FXGL Background Thread 3 ] DEBUG Engine               - actualWidth: 1271.0
14:20:59.168 [FXGL Background Thread 3 ] DEBUG Engine               - actualWidthProperty: ReadOnlyDoubleProperty [value: 1271.0]
14:20:59.170 [FXGL Background Thread 3 ] DEBUG Engine               - appIcon: fxgl_icon.png
14:20:59.177 [FXGL Background Thread 3 ] DEBUG Engine               - applicationMode: DEVELOPER
14:20:59.182 [FXGL Background Thread 3 ] DEBUG Engine               - cSSList: [fxgl_dark.css]
14:20:59.184 [FXGL Background Thread 3 ] DEBUG Engine               - collisionDetectionStrategy: BRUTE_FORCE
14:20:59.185 [FXGL Background Thread 3 ] DEBUG Engine               - configClass: Optional.empty
14:20:59.186 [FXGL Background Thread 3 ] DEBUG Engine               - credits: []
14:20:59.189 [FXGL Background Thread 3 ] DEBUG Engine               - devBBoxColorProperty: ObjectProperty [value: 0xff0000ff]
14:20:59.191 [FXGL Background Thread 3 ] DEBUG Engine               - devEnableDebugCameraProperty: BooleanProperty [value: false]
14:20:59.192 [FXGL Background Thread 3 ] DEBUG Engine               - devSensorColorProperty: ObjectProperty [value: 0xffff00ff]
14:20:59.193 [FXGL Background Thread 3 ] DEBUG Engine               - devShowBBoxProperty: BooleanProperty [value: false]
14:20:59.198 [FXGL Background Thread 3 ] DEBUG Engine               - devShowPositionProperty: BooleanProperty [value: false]
14:20:59.199 [FXGL Background Thread 3 ] DEBUG Engine               - enabledMenuItems: []
14:20:59.200 [FXGL Background Thread 3 ] DEBUG Engine               - engineServices: [class com.almasb.fxgl.app.services.FXGLAssetLoaderService, class com.almasb.fxgl.app.FXGLApplication$GameApplicationService, class com.almasb.fxgl.app.services.FXGLDialogService, class com.almasb.fxgl.app.services.IOTaskExecutorService, class com.almasb.fxgl.event.EventBusService, class com.almasb.fxgl.io.FileSystemService, class com.almasb.fxgl.localization.LocalizationService, class com.almasb.fxgl.app.services.SystemBundleService, class com.almasb.fxgl.profile.SaveLoadService, class com.almasb.fxgl.ui.FXGLUIFactoryServiceProvider, class com.almasb.fxgl.ui.FXGLDialogFactoryServiceProvider, class com.almasb.fxgl.audio.AudioPlayer, class com.almasb.fxgl.notification.impl.NotificationServiceProvider, class com.almasb.fxgl.achievement.AchievementService, class com.almasb.fxgl.cutscene.CutsceneService, class com.almasb.fxgl.minigames.MiniGameService, class com.almasb.fxgl.net.NetService, class com.almasb.fxgl.app.services.UpdaterService, class com.almasb.fxgl.dev.DevService]
14:20:59.201 [FXGL Background Thread 3 ] DEBUG Engine               - fontGame: Abel-Regular.ttf
14:20:59.203 [FXGL Background Thread 3 ] DEBUG Engine               - fontMono: lucida_console.ttf
14:20:59.205 [FXGL Background Thread 3 ] DEBUG Engine               - fontText: Courier-Prime.ttf
14:20:59.207 [FXGL Background Thread 3 ] DEBUG Engine               - fontUI: VarelaRound-Regular.ttf
14:20:59.209 [FXGL Background Thread 3 ] DEBUG Engine               - fullScreen: BooleanProperty [value: false]
14:20:59.215 [FXGL Background Thread 3 ] DEBUG Engine               - gameDifficulty: MEDIUM
14:20:59.217 [FXGL Background Thread 3 ] DEBUG Engine               - gameDifficultyProperty: ObjectProperty [value: MEDIUM]
14:20:59.218 [FXGL Background Thread 3 ] DEBUG Engine               - globalMusicVolume: 0.5
14:20:59.219 [FXGL Background Thread 3 ] DEBUG Engine               - globalMusicVolumeProperty: DoubleProperty [value: 0.5]
14:20:59.220 [FXGL Background Thread 3 ] DEBUG Engine               - globalSoundVolume: 0.5
14:20:59.221 [FXGL Background Thread 3 ] DEBUG Engine               - globalSoundVolumeProperty: DoubleProperty [value: 0.5]
14:20:59.222 [FXGL Background Thread 3 ] DEBUG Engine               - height: 1400
14:20:59.224 [FXGL Background Thread 3 ] DEBUG Engine               - isAndroid: false
14:20:59.225 [FXGL Background Thread 3 ] DEBUG Engine               - isBrowser: false
14:20:59.226 [FXGL Background Thread 3 ] DEBUG Engine               - isClickFeedbackEnabled: false
14:20:59.227 [FXGL Background Thread 3 ] DEBUG Engine               - isCloseConfirmation: false
14:20:59.230 [FXGL Background Thread 3 ] DEBUG Engine               - isDesktop: true
14:20:59.233 [FXGL Background Thread 3 ] DEBUG Engine               - isDeveloperMenuEnabled: false
14:20:59.234 [FXGL Background Thread 3 ] DEBUG Engine               - isEntityPreloadEnabled: true
14:20:59.235 [FXGL Background Thread 3 ] DEBUG Engine               - isExperimental3D: false
14:20:59.236 [FXGL Background Thread 3 ] DEBUG Engine               - isExperimentalNative: false
14:20:59.237 [FXGL Background Thread 3 ] DEBUG Engine               - isExperimentalTiledLargeMap: false
14:20:59.238 [FXGL Background Thread 3 ] DEBUG Engine               - isFileSystemWriteAllowed: true
14:20:59.240 [FXGL Background Thread 3 ] DEBUG Engine               - isFullScreenAllowed: false
14:20:59.241 [FXGL Background Thread 3 ] DEBUG Engine               - isFullScreenFromStart: false
14:20:59.242 [FXGL Background Thread 3 ] DEBUG Engine               - isGameMenuEnabled: true
14:20:59.243 [FXGL Background Thread 3 ] DEBUG Engine               - isIOS: false
14:20:59.246 [FXGL Background Thread 3 ] DEBUG Engine               - isIntroEnabled: false
14:20:59.250 [FXGL Background Thread 3 ] DEBUG Engine               - isLinux: false
14:20:59.251 [FXGL Background Thread 3 ] DEBUG Engine               - isMac: true
14:20:59.252 [FXGL Background Thread 3 ] DEBUG Engine               - isMainMenuEnabled: false
14:20:59.253 [FXGL Background Thread 3 ] DEBUG Engine               - isManualResizeEnabled: false
14:20:59.254 [FXGL Background Thread 3 ] DEBUG Engine               - isMobile: false
14:20:59.257 [FXGL Background Thread 3 ] DEBUG Engine               - isPreserveResizeRatio: false
14:20:59.258 [FXGL Background Thread 3 ] DEBUG Engine               - isProfilingEnabled: false
14:20:59.259 [FXGL Background Thread 3 ] DEBUG Engine               - isScaleAffectedOnResize: true
14:20:59.260 [FXGL Background Thread 3 ] DEBUG Engine               - isSingleStep: false
14:20:59.263 [FXGL Background Thread 3 ] DEBUG Engine               - isUserProfileEnabled: false
14:20:59.267 [FXGL Background Thread 3 ] DEBUG Engine               - isWindows: false
14:20:59.270 [FXGL Background Thread 3 ] DEBUG Engine               - language: ObjectProperty [value: ENGLISH]
14:20:59.272 [FXGL Background Thread 3 ] DEBUG Engine               - menuKey: ESCAPE
14:20:59.273 [FXGL Background Thread 3 ] DEBUG Engine               - notificationViewClass: class com.almasb.fxgl.notification.view.XboxNotificationView
14:20:59.274 [FXGL Background Thread 3 ] DEBUG Engine               - pixelsPerMeter: 50.0
14:20:59.275 [FXGL Background Thread 3 ] DEBUG Engine               - platform: MAC
14:20:59.276 [FXGL Background Thread 3 ] DEBUG Engine               - prefHeightProperty: ReadOnlyDoubleProperty [value: 1400.0]
14:20:59.277 [FXGL Background Thread 3 ] DEBUG Engine               - prefWidthProperty: ReadOnlyDoubleProperty [value: 2100.0]
14:20:59.280 [FXGL Background Thread 3 ] DEBUG Engine               - profileDir: profiles/
14:20:59.282 [FXGL Background Thread 3 ] DEBUG Engine               - profileName: StringProperty [value: DEFAULT]
14:20:59.285 [FXGL Background Thread 3 ] DEBUG Engine               - randomSeed: -1
14:20:59.286 [FXGL Background Thread 3 ] DEBUG Engine               - runtimeInfo: RuntimeInfo(platform=MAC, version=11.14, build=01.03.2021 16.59)
14:20:59.288 [FXGL Background Thread 3 ] DEBUG Engine               - saveFileExt: sav
14:20:59.289 [FXGL Background Thread 3 ] DEBUG Engine               - scaledHeightProp$fxgl: DoubleProperty [bound, value: 864.0]
14:20:59.290 [FXGL Background Thread 3 ] DEBUG Engine               - scaledWidthProp$fxgl: DoubleProperty [bound, value: 1271.0]
14:20:59.291 [FXGL Background Thread 3 ] DEBUG Engine               - sceneFactory: com.almasb.fxgl.app.scene.SceneFactory@3cf2eac4
14:20:59.292 [FXGL Background Thread 3 ] DEBUG Engine               - secondsIn24h: 60
14:20:59.293 [FXGL Background Thread 3 ] DEBUG Engine               - soundMenuBack: menu/back.wav
14:20:59.294 [FXGL Background Thread 3 ] DEBUG Engine               - soundMenuPress: menu/press.wav
14:20:59.296 [FXGL Background Thread 3 ] DEBUG Engine               - soundMenuSelect: menu/select.wav
14:20:59.297 [FXGL Background Thread 3 ] DEBUG Engine               - soundNotification: core/notification.wav
14:20:59.298 [FXGL Background Thread 3 ] DEBUG Engine               - stageStyle: DECORATED
14:20:59.300 [FXGL Background Thread 3 ] DEBUG Engine               - supportedLanguages: [ENGLISH, FRENCH, GERMAN, HUNGARIAN, RUSSIAN]
14:20:59.301 [FXGL Background Thread 3 ] DEBUG Engine               - ticksPerSecond: -1
14:20:59.302 [FXGL Background Thread 3 ] DEBUG Engine               - title: TestApp
14:20:59.303 [FXGL Background Thread 3 ] DEBUG Engine               - urlGithub: https://github.com/AlmasB/FXGL
14:20:59.305 [FXGL Background Thread 3 ] DEBUG Engine               - urlLeaderboard: http://fxgl-top.herokuapp.com/
14:20:59.307 [FXGL Background Thread 3 ] DEBUG Engine               - urlPOM: https://raw.githubusercontent.com/AlmasB/FXGL/release/README.md
14:20:59.308 [FXGL Background Thread 3 ] DEBUG Engine               - userAppClass: class Game
14:20:59.309 [FXGL Background Thread 3 ] DEBUG Engine               - version: 5.0
14:20:59.310 [FXGL Background Thread 3 ] DEBUG Engine               - versionCheckDays: 7
14:20:59.312 [FXGL Background Thread 3 ] DEBUG Engine               - width: 2100
14:20:59.313 [FXGL Background Thread 3 ] DEBUG Engine               - Logging services
14:20:59.314 [FXGL Background Thread 3 ] DEBUG Engine               - class com.almasb.fxgl.app.services.FXGLAssetLoaderService
14:20:59.315 [FXGL Background Thread 3 ] DEBUG Engine               - class com.almasb.fxgl.app.FXGLApplication$GameApplicationService
14:20:59.316 [FXGL Background Thread 3 ] DEBUG Engine               - class com.almasb.fxgl.app.services.FXGLDialogService
14:20:59.317 [FXGL Background Thread 3 ] DEBUG Engine               - class com.almasb.fxgl.app.services.IOTaskExecutorService
14:20:59.318 [FXGL Background Thread 3 ] DEBUG Engine               - class com.almasb.fxgl.event.EventBusService
14:20:59.319 [FXGL Background Thread 3 ] DEBUG Engine               - class com.almasb.fxgl.io.FileSystemService
14:20:59.320 [FXGL Background Thread 3 ] DEBUG Engine               - class com.almasb.fxgl.localization.LocalizationService
14:20:59.321 [FXGL Background Thread 3 ] DEBUG Engine               - class com.almasb.fxgl.app.services.SystemBundleService
14:20:59.322 [FXGL Background Thread 3 ] DEBUG Engine               - class com.almasb.fxgl.profile.SaveLoadService
14:20:59.325 [FXGL Background Thread 3 ] DEBUG Engine               - class com.almasb.fxgl.ui.FXGLUIFactoryServiceProvider
14:20:59.326 [FXGL Background Thread 3 ] DEBUG Engine               - class com.almasb.fxgl.ui.FXGLDialogFactoryServiceProvider
14:20:59.327 [FXGL Background Thread 3 ] DEBUG Engine               - class com.almasb.fxgl.audio.AudioPlayer
14:20:59.329 [FXGL Background Thread 3 ] DEBUG Engine               - class com.almasb.fxgl.notification.impl.NotificationServiceProvider
14:20:59.331 [FXGL Background Thread 3 ] DEBUG Engine               - class com.almasb.fxgl.achievement.AchievementService
14:20:59.332 [FXGL Background Thread 3 ] DEBUG Engine               - class com.almasb.fxgl.cutscene.CutsceneService
14:20:59.333 [FXGL Background Thread 3 ] DEBUG Engine               - class com.almasb.fxgl.minigames.MiniGameService
14:20:59.334 [FXGL Background Thread 3 ] DEBUG Engine               - class com.almasb.fxgl.net.NetService
14:20:59.335 [FXGL Background Thread 3 ] DEBUG Engine               - class com.almasb.fxgl.app.services.UpdaterService
14:20:59.336 [FXGL Background Thread 3 ] DEBUG Engine               - class com.almasb.fxgl.dev.DevService
14:20:59.909 [JavaFX Application Thread] DEBUG FXGLApplication      - Exiting FXGL
14:20:59.911 [JavaFX Application Thread] DEBUG Async                - Shutting down background threads
14:20:59.912 [JavaFX Application Thread] DEBUG PrimaryStageWindow   - Closing main window
14:20:59.925 [JavaFX Application Thread] DEBUG Logger               - Closing Logger
