14:35:10.891 [main                     ] DEBUG Logger               - Configured Logger
14:35:10.917 [main                     ] DEBUG GameApplication      - Logging settings
Title: TestApp
Version: 5.0
Width: 2100
Height: 1400
Fullscreen: false
Intro: false
Profiling: false
Single step:false
App Mode: DEVELOPER
Menu Key: ESCAPE
Stage Style: DECORATED
Scene Factory: class com.almasb.fxgl.app.scene.SceneFactory

14:35:11.312 [JavaFX Application Thread] DEBUG FXGLApplication      - Initializing FXGL
14:35:11.315 [JavaFX Application Thread] INFO  Engine               - FXGL-11.14 (01.03.2021 16.59) on MAC (J:15.0.2 FX:15)
14:35:11.316 [JavaFX Application Thread] DEBUG Engine               - JRE Vendor Name: Oracle Corporation
14:35:11.316 [JavaFX Application Thread] DEBUG Engine               - Running on OS: Mac OS X version 10.16
14:35:11.316 [JavaFX Application Thread] DEBUG Engine               - Architecture: x86_64
14:35:11.316 [JavaFX Application Thread] INFO  Engine               - Source code and latest versions at: https://github.com/AlmasB/FXGL
14:35:11.317 [JavaFX Application Thread] INFO  Engine               -              Join the FXGL chat at: https://gitter.im/AlmasB/FXGL
14:35:11.442 [JavaFX Application Thread] DEBUG PrimaryStageWindow   - Creating a JavaFX scene
14:35:11.442 [JavaFX Application Thread] DEBUG PrimaryStageWindow   - Target size > screen size
14:35:11.498 [JavaFX Application Thread] DEBUG PrimaryStageWindow   - Target settings size: 2100.0 x 1400.0
14:35:11.499 [JavaFX Application Thread] DEBUG PrimaryStageWindow   - Scaled scene size:    1391.0 x 944.0
14:35:11.500 [JavaFX Application Thread] DEBUG PrimaryStageWindow   - Scaled ratio: (0.6623809523809524, 0.6742857142857143)
14:35:11.501 [JavaFX Application Thread] DEBUG PrimaryStageWindow   - Set initial scene to FXGLStartupScene
14:35:11.508 [JavaFX Application Thread] DEBUG PrimaryStageWindow   - Opening main window
14:35:11.677 [JavaFX Application Thread] DEBUG PrimaryStageWindow   - Window border size: (0.0, 28.0)
14:35:11.678 [JavaFX Application Thread] DEBUG PrimaryStageWindow   - Scaled size: 1391.0 x 944.0
14:35:11.678 [JavaFX Application Thread] DEBUG PrimaryStageWindow   - Scaled ratio: (0.6623809523809524, 0.6742857142857143)
14:35:11.678 [JavaFX Application Thread] DEBUG PrimaryStageWindow   - Scene size: 1391.0 x 944.0
14:35:11.678 [JavaFX Application Thread] DEBUG PrimaryStageWindow   - Stage size: 1391.0 x 972.0
14:35:11.688 [FXGL Background Thread 1 ] DEBUG Engine               - Initializing environment variables
14:35:11.748 [FXGL Background Thread 1 ] DEBUG FXGLAssetLoaderServi - User app class for loading assets: class Game
14:35:11.750 [FXGL Background Thread 1 ] DEBUG GameApplicationServi - Applying CSS: fxgl_dark.css
14:35:11.752 [FXGL Background Thread 1 ] DEBUG FXGLAssetLoaderServi - Loading from file system: jar:file:/Users/matthew/.m2/repository/com/github/almasb/fxgl/11.14/fxgl-11.14.jar!/fxglassets/ui/css/fxgl_dark.css
14:35:11.842 [FXGL Background Thread 1 ] DEBUG GameApplicationServi - Initializing application scenes
14:35:11.993 [FXGL Background Thread 1 ] DEBUG GameWorld            - Game world initialized
14:35:12.034 [FXGL Background Thread 1 ] DEBUG PhysicsWorld         - Physics world initialized: appHeight=1400, physics.ppm=50,0
14:35:12.035 [FXGL Background Thread 1 ] DEBUG PhysicsWorld         - Using strategy: BRUTE_FORCE
14:35:12.043 [FXGL Background Thread 1 ] DEBUG GameScene            - Game scene initialized: 2100x1400
14:35:12.080 [FXGL Background Thread 1 ] DEBUG FXGLAssetLoaderServi - Loading from file system: jar:file:/Users/matthew/.m2/repository/com/github/almasb/fxgl/11.14/fxgl-11.14.jar!/fxglassets/textures/particles/trace_horizontal.png
14:35:12.133 [FXGL Background Thread 1 ] DEBUG FXGL.DefaultMenu     - createMenuBodyGameMenu()
14:35:12.150 [FXGL Background Thread 1 ] DEBUG FXGL.DefaultMenu     - createOptionsMenu()
14:35:12.161 [FXGL Background Thread 1 ] DEBUG FXGLAssetLoaderServi - Loading from file system: jar:file:/Users/matthew/.m2/repository/com/github/almasb/fxgl/11.14/fxgl-11.14.jar!/fxglassets/textures/particles/smoke.png
14:35:12.274 [FXGL Background Thread 1 ] DEBUG GameApplicationServi - Application scenes initialized
14:35:12.287 [FXGL Background Thread 1 ] DEBUG SystemBundleService  - Loading FXGL system data
14:35:12.294 [FXGL Background Thread 1 ] DEBUG FileSystemAccess     - Reading from: /Users/matthew/IdeaProjects/ipose_game/system/fxgl.bundle
14:35:12.303 [FXGL Background Thread 1 ] DEBUG SystemBundleService  - Bundle FXGL: {}
14:35:12.304 [FXGL Background Thread 1 ] DEBUG UpdaterService       - Checking for updates
14:35:12.310 [FXGL Background Thread 4 ] DEBUG FXGLApplication      - Loading fonts
14:35:12.311 [FXGL Background Thread 1 ] DEBUG FXGLApplication      - Loading default localization
14:35:12.315 [FXGL Background Thread 4 ] DEBUG FXGLAssetLoaderServi - Loading from file system: jar:file:/Users/matthew/.m2/repository/com/github/almasb/fxgl/11.14/fxgl-11.14.jar!/fxglassets/ui/fonts/VarelaRound-Regular.ttf
14:35:12.316 [FXGL Background Thread 1 ] DEBUG FXGLAssetLoaderServi - Loading from file system: jar:file:/Users/matthew/.m2/repository/com/github/almasb/fxgl/11.14/fxgl-11.14.jar!/fxglassets/languages/english.lang
14:35:12.345 [FXGL Background Thread 1 ] INFO  FXGLApplication      - FXGL initialization took: 0,651 sec
14:35:12.352 [FXGL Background Thread 4 ] DEBUG FXGLAssetLoaderServi - Loading from file system: jar:file:/Users/matthew/.m2/repository/com/github/almasb/fxgl/11.14/fxgl-11.14.jar!/fxglassets/ui/fonts/Abel-Regular.ttf
14:35:12.357 [FXGL Background Thread 4 ] DEBUG FXGLAssetLoaderServi - Loading from file system: jar:file:/Users/matthew/.m2/repository/com/github/almasb/fxgl/11.14/fxgl-11.14.jar!/fxglassets/ui/fonts/lucida_console.ttf
14:35:12.358 [JavaFX Application Thread] DEBUG Input                - Registered new binding: Move up - W
14:35:12.363 [JavaFX Application Thread] DEBUG FXGLAssetLoaderServi - Loading from file system: jar:file:/Users/matthew/.m2/repository/com/github/almasb/fxgl/11.14/fxgl-11.14.jar!/fxglassets/textures/fxgl_icon.png
14:35:12.371 [FXGL Background Thread 4 ] DEBUG FXGLAssetLoaderServi - Loading from file system: jar:file:/Users/matthew/.m2/repository/com/github/almasb/fxgl/11.14/fxgl-11.14.jar!/fxglassets/ui/fonts/Courier-Prime.ttf
14:35:12.419 [JavaFX Application Thread] DEBUG FXGLAssetLoaderServi - Loading from file system: jar:file:/Users/matthew/.m2/repository/com/github/almasb/fxgl/11.14/fxgl-11.14.jar!/fxglassets/ui/cursors/fxgl_default.png
14:35:12.430 [JavaFX Application Thread] DEBUG Input                - Registered new binding: Screenshot - P
14:35:12.442 [JavaFX Application Thread] DEBUG Input                - Registered new binding: System info dump - CTRL+9
14:35:12.448 [JavaFX Application Thread] DEBUG Input                - Registered new binding: Restart - CTRL+R
14:35:12.454 [JavaFX Application Thread] DEBUG Input                - Registered new binding: Toggle Debug Camera - CTRL+C
14:35:12.462 [JavaFX Application Thread] DEBUG LoopRunner           - Starting loop
14:35:12.465 [JavaFX Application Thread] DEBUG LoopRunner           - Initializing JavaFX AnimationTimerLoop
14:35:12.471 [JavaFX Application Thread] DEBUG GameApplicationServi - Starting new game
14:35:12.475 [JavaFX Application Thread] DEBUG Input                - Clearing active input actions
14:35:12.522 [JavaFX Application Thread] DEBUG GameApplicationServi - Removing overlay from FXGLStartupScene and adding to FXGLLoadingScene
14:35:12.527 [JavaFX Application Thread] DEBUG PrimaryStageWindow   - FXGLStartupScene -> FXGLLoadingScene
14:35:12.530 [JavaFX Application Thread] DEBUG GameApplicationServi - Clearing previous game
14:35:12.534 [JavaFX Application Thread] DEBUG GameScene            - Clearing game scene
14:35:12.538 [JavaFX Application Thread] DEBUG GameWorld            - Clearing game world
14:35:12.541 [JavaFX Application Thread] DEBUG PhysicsWorld         - Clearing physics world
14:35:12.546 [FXGL Background Thread 4 ] DEBUG FXGLApplication      - Initializing game
14:35:12.585 [JavaFX Application Thread] DEBUG FXGLApplication      - Registering font factories with UI factory
14:35:12.615 [FXGL Background Thread 4 ] WARN  TMXLevelLoader       - TiledMap generated from 1.8.4. Supported version: 1.2.3. Some features may not be parsed fully.
14:35:12.646 [FXGL Background Thread 4 ] WARN  TMXLevelLoader       - Parse error Error: javax.xml.stream.XMLStreamException: ParseError at [row,col]:[8,46]
Message: elementGetText() function expects text only elment but START_ELEMENT was encountered.
14:35:12.730 [JavaFX Application Thread] DEBUG LoopRunner           - Stopping loop
14:35:12.739 [JavaFX Application Thread] FATAL FXGLApplication      - Uncaught Exception:
java.lang.RuntimeException: Initialization failed
	at com.almasb.fxgl.app.FXGLApplication$InitAppTask.failed(FXGLApplication.kt:376)
	at javafx.concurrent.Task.setState(Task.java:710)
	at javafx.concurrent.Task$TaskCallable.lambda$call$2(Task.java:1455)
	at com.sun.javafx.application.PlatformImpl.lambda$runLater$10(PlatformImpl.java:428)
	at java.base/java.security.AccessController.doPrivileged(AccessController.java:391)
	at com.sun.javafx.application.PlatformImpl.lambda$runLater$11(PlatformImpl.java:427)
	at com.sun.glass.ui.InvokeLaterDispatcher$Future.run(InvokeLaterDispatcher.java:96)
Caused by: com.almasb.fxgl.entity.level.LevelLoadingException: ParseError at [row,col]:[8,46]
Message: elementGetText() function expects text only elment but START_ELEMENT was encountered.
	at com.almasb.fxgl.entity.level.tiled.TMXLevelLoader.load(TMXLevelLoader.kt:71)
	at com.almasb.fxgl.app.services.FXGLAssetLoaderService.loadLevel(FXGLAssetLoaderService.kt:442)
	at com.almasb.fxgl.dsl.FXGL$Companion.setLevelFromMap(FXGL.kt:532)
	at com.almasb.fxgl.dsl.FXGL.setLevelFromMap(FXGL.kt)
	at Game.initGame(Game.java:41)
	at com.almasb.fxgl.app.FXGLApplication$InitAppTask.initGame(FXGLApplication.kt:372)
	at com.almasb.fxgl.app.FXGLApplication$InitAppTask.call(FXGLApplication.kt:352)
	at com.almasb.fxgl.app.FXGLApplication$InitAppTask.call(FXGLApplication.kt:344)
	at javafx.concurrent.Task$TaskCallable.call(Task.java:1425)
	at java.base/java.util.concurrent.FutureTask.run(FutureTask.java:264)
	at java.base/java.util.concurrent.Executors$RunnableAdapter.call(Executors.java:515)
	at java.base/java.util.concurrent.FutureTask.run(FutureTask.java:264)
	at java.base/java.util.concurrent.ThreadPoolExecutor.runWorker(ThreadPoolExecutor.java:1130)
	at java.base/java.util.concurrent.ThreadPoolExecutor$Worker.run(ThreadPoolExecutor.java:630)
	at java.base/java.lang.Thread.run(Thread.java:832)
Caused by: javax.xml.stream.XMLStreamException: ParseError at [row,col]:[8,46]
Message: elementGetText() function expects text only elment but START_ELEMENT was encountered.
	at java.xml/com.sun.org.apache.xerces.internal.impl.XMLStreamReaderImpl.getElementText(XMLStreamReaderImpl.java:918)
	at java.xml/com.sun.xml.internal.stream.XMLEventReaderImpl.getElementText(XMLEventReaderImpl.java:187)
	at com.almasb.fxgl.entity.level.tiled.TMXLevelLoader.parse(TMXLevelLoader.kt:205)
	at com.almasb.fxgl.entity.level.tiled.TMXLevelLoader.load(TMXLevelLoader.kt:45)
	... 14 more

14:35:12.744 [JavaFX Application Thread] FATAL FXGLApplication      - Application will now exit
14:35:12.771 [JavaFX Application Thread] DEBUG PrimaryStageWindow   - Push state: ErrorSubScene
14:35:12.775 [JavaFX Application Thread] DEBUG Input                - Clearing active input actions
14:35:12.785 [JavaFX Application Thread] DEBUG GameApplicationServi - Removing overlay from FXGLLoadingScene and adding to ErrorSubScene
14:35:12.790 [JavaFX Application Thread] DEBUG PrimaryStageWindow   - FXGLLoadingScene -> ErrorSubScene
14:35:13.080 [FXGL Background Thread 2 ] INFO  UpdaterService       - Your current version:  11.14
14:35:13.088 [FXGL Background Thread 2 ] INFO  UpdaterService       - Latest stable version: 17.1
14:35:15.314 [FXGL Background Thread 3 ] DEBUG Engine               - Logging environment variables
14:35:15.325 [FXGL Background Thread 3 ] DEBUG Engine               - achievements: []
14:35:15.327 [FXGL Background Thread 3 ] DEBUG Engine               - actualHeight: 944.0
14:35:15.329 [FXGL Background Thread 3 ] DEBUG Engine               - actualHeightProperty: ReadOnlyDoubleProperty [value: 944.0]
14:35:15.330 [FXGL Background Thread 3 ] DEBUG Engine               - actualWidth: 1391.0
14:35:15.331 [FXGL Background Thread 3 ] DEBUG Engine               - actualWidthProperty: ReadOnlyDoubleProperty [value: 1391.0]
14:35:15.335 [FXGL Background Thread 3 ] DEBUG Engine               - appIcon: fxgl_icon.png
14:35:15.338 [FXGL Background Thread 3 ] DEBUG Engine               - applicationMode: DEVELOPER
14:35:15.342 [FXGL Background Thread 3 ] DEBUG Engine               - cSSList: [fxgl_dark.css]
14:35:15.344 [FXGL Background Thread 3 ] DEBUG Engine               - collisionDetectionStrategy: BRUTE_FORCE
14:35:15.347 [FXGL Background Thread 3 ] DEBUG Engine               - configClass: Optional.empty
14:35:15.348 [FXGL Background Thread 3 ] DEBUG Engine               - credits: []
14:35:15.357 [FXGL Background Thread 3 ] DEBUG Engine               - devBBoxColorProperty: ObjectProperty [value: 0xff0000ff]
14:35:15.359 [FXGL Background Thread 3 ] DEBUG Engine               - devEnableDebugCameraProperty: BooleanProperty [value: false]
14:35:15.361 [FXGL Background Thread 3 ] DEBUG Engine               - devSensorColorProperty: ObjectProperty [value: 0xffff00ff]
14:35:15.362 [FXGL Background Thread 3 ] DEBUG Engine               - devShowBBoxProperty: BooleanProperty [value: false]
14:35:15.363 [FXGL Background Thread 3 ] DEBUG Engine               - devShowPositionProperty: BooleanProperty [value: false]
14:35:15.364 [FXGL Background Thread 3 ] DEBUG Engine               - enabledMenuItems: []
14:35:15.365 [FXGL Background Thread 3 ] DEBUG Engine               - engineServices: [class com.almasb.fxgl.app.services.FXGLAssetLoaderService, class com.almasb.fxgl.app.FXGLApplication$GameApplicationService, class com.almasb.fxgl.app.services.FXGLDialogService, class com.almasb.fxgl.app.services.IOTaskExecutorService, class com.almasb.fxgl.event.EventBusService, class com.almasb.fxgl.io.FileSystemService, class com.almasb.fxgl.localization.LocalizationService, class com.almasb.fxgl.app.services.SystemBundleService, class com.almasb.fxgl.profile.SaveLoadService, class com.almasb.fxgl.ui.FXGLUIFactoryServiceProvider, class com.almasb.fxgl.ui.FXGLDialogFactoryServiceProvider, class com.almasb.fxgl.audio.AudioPlayer, class com.almasb.fxgl.notification.impl.NotificationServiceProvider, class com.almasb.fxgl.achievement.AchievementService, class com.almasb.fxgl.cutscene.CutsceneService, class com.almasb.fxgl.minigames.MiniGameService, class com.almasb.fxgl.net.NetService, class com.almasb.fxgl.app.services.UpdaterService, class com.almasb.fxgl.dev.DevService]
14:35:15.366 [FXGL Background Thread 3 ] DEBUG Engine               - fontGame: Abel-Regular.ttf
14:35:15.369 [FXGL Background Thread 3 ] DEBUG Engine               - fontMono: lucida_console.ttf
14:35:15.372 [FXGL Background Thread 3 ] DEBUG Engine               - fontText: Courier-Prime.ttf
14:35:15.375 [FXGL Background Thread 3 ] DEBUG Engine               - fontUI: VarelaRound-Regular.ttf
14:35:15.379 [FXGL Background Thread 3 ] DEBUG Engine               - fullScreen: BooleanProperty [value: false]
14:35:15.380 [FXGL Background Thread 3 ] DEBUG Engine               - gameDifficulty: MEDIUM
14:35:15.382 [FXGL Background Thread 3 ] DEBUG Engine               - gameDifficultyProperty: ObjectProperty [value: MEDIUM]
14:35:15.387 [FXGL Background Thread 3 ] DEBUG Engine               - globalMusicVolume: 0.5
14:35:15.390 [FXGL Background Thread 3 ] DEBUG Engine               - globalMusicVolumeProperty: DoubleProperty [value: 0.5]
14:35:15.392 [FXGL Background Thread 3 ] DEBUG Engine               - globalSoundVolume: 0.5
14:35:15.393 [FXGL Background Thread 3 ] DEBUG Engine               - globalSoundVolumeProperty: DoubleProperty [value: 0.5]
14:35:15.393 [FXGL Background Thread 3 ] DEBUG Engine               - height: 1400
14:35:15.394 [FXGL Background Thread 3 ] DEBUG Engine               - isAndroid: false
14:35:15.395 [FXGL Background Thread 3 ] DEBUG Engine               - isBrowser: false
14:35:15.396 [FXGL Background Thread 3 ] DEBUG Engine               - isClickFeedbackEnabled: false
14:35:15.397 [FXGL Background Thread 3 ] DEBUG Engine               - isCloseConfirmation: false
14:35:15.398 [FXGL Background Thread 3 ] DEBUG Engine               - isDesktop: true
14:35:15.399 [FXGL Background Thread 3 ] DEBUG Engine               - isDeveloperMenuEnabled: false
14:35:15.400 [FXGL Background Thread 3 ] DEBUG Engine               - isEntityPreloadEnabled: true
14:35:15.404 [FXGL Background Thread 3 ] DEBUG Engine               - isExperimental3D: false
14:35:15.408 [FXGL Background Thread 3 ] DEBUG Engine               - isExperimentalNative: false
14:35:15.410 [FXGL Background Thread 3 ] DEBUG Engine               - isExperimentalTiledLargeMap: false
14:35:15.411 [FXGL Background Thread 3 ] DEBUG Engine               - isFileSystemWriteAllowed: true
14:35:15.412 [FXGL Background Thread 3 ] DEBUG Engine               - isFullScreenAllowed: false
14:35:15.413 [FXGL Background Thread 3 ] DEBUG Engine               - isFullScreenFromStart: false
14:35:15.414 [FXGL Background Thread 3 ] DEBUG Engine               - isGameMenuEnabled: true
14:35:15.415 [FXGL Background Thread 3 ] DEBUG Engine               - isIOS: false
14:35:15.416 [FXGL Background Thread 3 ] DEBUG Engine               - isIntroEnabled: false
14:35:15.419 [FXGL Background Thread 3 ] DEBUG Engine               - isLinux: false
14:35:15.421 [FXGL Background Thread 3 ] DEBUG Engine               - isMac: true
14:35:15.422 [FXGL Background Thread 3 ] DEBUG Engine               - isMainMenuEnabled: false
14:35:15.423 [FXGL Background Thread 3 ] DEBUG Engine               - isManualResizeEnabled: false
14:35:15.424 [FXGL Background Thread 3 ] DEBUG Engine               - isMobile: false
14:35:15.424 [FXGL Background Thread 3 ] DEBUG Engine               - isPreserveResizeRatio: false
14:35:15.427 [FXGL Background Thread 3 ] DEBUG Engine               - isProfilingEnabled: false
14:35:15.428 [FXGL Background Thread 3 ] DEBUG Engine               - isScaleAffectedOnResize: true
14:35:15.429 [FXGL Background Thread 3 ] DEBUG Engine               - isSingleStep: false
14:35:15.430 [FXGL Background Thread 3 ] DEBUG Engine               - isUserProfileEnabled: false
14:35:15.430 [FXGL Background Thread 3 ] DEBUG Engine               - isWindows: false
14:35:15.431 [FXGL Background Thread 3 ] DEBUG Engine               - language: ObjectProperty [value: ENGLISH]
14:35:15.432 [FXGL Background Thread 3 ] DEBUG Engine               - menuKey: ESCAPE
14:35:15.433 [FXGL Background Thread 3 ] DEBUG Engine               - notificationViewClass: class com.almasb.fxgl.notification.view.XboxNotificationView
14:35:15.435 [FXGL Background Thread 3 ] DEBUG Engine               - pixelsPerMeter: 50.0
14:35:15.436 [FXGL Background Thread 3 ] DEBUG Engine               - platform: MAC
14:35:15.438 [FXGL Background Thread 3 ] DEBUG Engine               - prefHeightProperty: ReadOnlyDoubleProperty [value: 1400.0]
14:35:15.439 [FXGL Background Thread 3 ] DEBUG Engine               - prefWidthProperty: ReadOnlyDoubleProperty [value: 2100.0]
14:35:15.440 [FXGL Background Thread 3 ] DEBUG Engine               - profileDir: profiles/
14:35:15.441 [FXGL Background Thread 3 ] DEBUG Engine               - profileName: StringProperty [value: DEFAULT]
14:35:15.441 [FXGL Background Thread 3 ] DEBUG Engine               - randomSeed: -1
14:35:15.442 [FXGL Background Thread 3 ] DEBUG Engine               - runtimeInfo: RuntimeInfo(platform=MAC, version=11.14, build=01.03.2021 16.59)
14:35:15.444 [FXGL Background Thread 3 ] DEBUG Engine               - saveFileExt: sav
14:35:15.445 [FXGL Background Thread 3 ] DEBUG Engine               - scaledHeightProp$fxgl: DoubleProperty [bound, value: 944.0]
14:35:15.446 [FXGL Background Thread 3 ] DEBUG Engine               - scaledWidthProp$fxgl: DoubleProperty [bound, value: 1391.0]
14:35:15.447 [FXGL Background Thread 3 ] DEBUG Engine               - sceneFactory: com.almasb.fxgl.app.scene.SceneFactory@3b55948d
14:35:15.447 [FXGL Background Thread 3 ] DEBUG Engine               - secondsIn24h: 60
14:35:15.448 [FXGL Background Thread 3 ] DEBUG Engine               - soundMenuBack: menu/back.wav
14:35:15.449 [FXGL Background Thread 3 ] DEBUG Engine               - soundMenuPress: menu/press.wav
14:35:15.450 [FXGL Background Thread 3 ] DEBUG Engine               - soundMenuSelect: menu/select.wav
14:35:15.451 [FXGL Background Thread 3 ] DEBUG Engine               - soundNotification: core/notification.wav
14:35:15.453 [FXGL Background Thread 3 ] DEBUG Engine               - stageStyle: DECORATED
14:35:15.454 [FXGL Background Thread 3 ] DEBUG Engine               - supportedLanguages: [ENGLISH, FRENCH, GERMAN, HUNGARIAN, RUSSIAN]
14:35:15.454 [FXGL Background Thread 3 ] DEBUG Engine               - ticksPerSecond: -1
14:35:15.455 [FXGL Background Thread 3 ] DEBUG Engine               - title: TestApp
14:35:15.456 [FXGL Background Thread 3 ] DEBUG Engine               - urlGithub: https://github.com/AlmasB/FXGL
14:35:15.457 [FXGL Background Thread 3 ] DEBUG Engine               - urlLeaderboard: http://fxgl-top.herokuapp.com/
14:35:15.458 [FXGL Background Thread 3 ] DEBUG Engine               - urlPOM: https://raw.githubusercontent.com/AlmasB/FXGL/release/README.md
14:35:15.460 [FXGL Background Thread 3 ] DEBUG Engine               - userAppClass: class Game
14:35:15.460 [FXGL Background Thread 3 ] DEBUG Engine               - version: 5.0
14:35:15.461 [FXGL Background Thread 3 ] DEBUG Engine               - versionCheckDays: 7
14:35:15.462 [FXGL Background Thread 3 ] DEBUG Engine               - width: 2100
14:35:15.464 [FXGL Background Thread 3 ] DEBUG Engine               - Logging services
14:35:15.465 [FXGL Background Thread 3 ] DEBUG Engine               - class com.almasb.fxgl.app.services.FXGLAssetLoaderService
14:35:15.466 [FXGL Background Thread 3 ] DEBUG Engine               - class com.almasb.fxgl.app.FXGLApplication$GameApplicationService
14:35:15.468 [FXGL Background Thread 3 ] DEBUG Engine               - class com.almasb.fxgl.app.services.FXGLDialogService
14:35:15.469 [FXGL Background Thread 3 ] DEBUG Engine               - class com.almasb.fxgl.app.services.IOTaskExecutorService
14:35:15.470 [FXGL Background Thread 3 ] DEBUG Engine               - class com.almasb.fxgl.event.EventBusService
14:35:15.471 [FXGL Background Thread 3 ] DEBUG Engine               - class com.almasb.fxgl.io.FileSystemService
14:35:15.473 [FXGL Background Thread 3 ] DEBUG Engine               - class com.almasb.fxgl.localization.LocalizationService
14:35:15.474 [FXGL Background Thread 3 ] DEBUG Engine               - class com.almasb.fxgl.app.services.SystemBundleService
14:35:15.475 [FXGL Background Thread 3 ] DEBUG Engine               - class com.almasb.fxgl.profile.SaveLoadService
14:35:15.476 [FXGL Background Thread 3 ] DEBUG Engine               - class com.almasb.fxgl.ui.FXGLUIFactoryServiceProvider
14:35:15.477 [FXGL Background Thread 3 ] DEBUG Engine               - class com.almasb.fxgl.ui.FXGLDialogFactoryServiceProvider
14:35:15.482 [FXGL Background Thread 3 ] DEBUG Engine               - class com.almasb.fxgl.audio.AudioPlayer
14:35:15.483 [FXGL Background Thread 3 ] DEBUG Engine               - class com.almasb.fxgl.notification.impl.NotificationServiceProvider
14:35:15.485 [FXGL Background Thread 3 ] DEBUG Engine               - class com.almasb.fxgl.achievement.AchievementService
14:35:15.486 [FXGL Background Thread 3 ] DEBUG Engine               - class com.almasb.fxgl.cutscene.CutsceneService
14:35:15.487 [FXGL Background Thread 3 ] DEBUG Engine               - class com.almasb.fxgl.minigames.MiniGameService
14:35:15.488 [FXGL Background Thread 3 ] DEBUG Engine               - class com.almasb.fxgl.net.NetService
14:35:15.489 [FXGL Background Thread 3 ] DEBUG Engine               - class com.almasb.fxgl.app.services.UpdaterService
14:35:15.490 [FXGL Background Thread 3 ] DEBUG Engine               - class com.almasb.fxgl.dev.DevService
14:35:29.561 [JavaFX Application Thread] DEBUG FXGLApplication      - Exiting FXGL
14:35:29.568 [JavaFX Application Thread] DEBUG Async                - Shutting down background threads
14:35:29.570 [JavaFX Application Thread] DEBUG PrimaryStageWindow   - Closing main window
14:35:29.585 [JavaFX Application Thread] DEBUG Logger               - Closing Logger
