13:32:14.667 [main                     ] DEBUG Logger               - Configured Logger
13:32:14.685 [main                     ] DEBUG GameApplication      - Logging settings
Title: Infinity Rails
Version: 1.0
Width: 1280
Height: 720
Fullscreen: false
Intro: false
Profiling: false
Single step:false
App Mode: DEVELOPER
Menu Key: ESCAPE
Stage Style: DECORATED
Scene Factory: class Game$1

13:32:15.017 [JavaFX Application Thread] DEBUG FXGLApplication      - Initializing FXGL
13:32:15.019 [JavaFX Application Thread] INFO  Engine               - FXGL-11.14 (01.03.2021 16.59) on WINDOWS (J:15.0.2 FX:15)
13:32:15.019 [JavaFX Application Thread] DEBUG Engine               - JRE Vendor Name: Amazon.com Inc.
13:32:15.019 [JavaFX Application Thread] DEBUG Engine               - Running on OS: Windows 10 version 10.0
13:32:15.020 [JavaFX Application Thread] DEBUG Engine               - Architecture: amd64
13:32:15.020 [JavaFX Application Thread] INFO  Engine               - Source code and latest versions at: https://github.com/AlmasB/FXGL
13:32:15.020 [JavaFX Application Thread] INFO  Engine               -              Join the FXGL chat at: https://gitter.im/AlmasB/FXGL
13:32:15.123 [JavaFX Application Thread] DEBUG PrimaryStageWindow   - Creating a JavaFX scene
13:32:15.177 [JavaFX Application Thread] DEBUG PrimaryStageWindow   - Target settings size: 1280.0 x 720.0
13:32:15.177 [JavaFX Application Thread] DEBUG PrimaryStageWindow   - Scaled scene size:    1280.0 x 720.0
13:32:15.177 [JavaFX Application Thread] DEBUG PrimaryStageWindow   - Scaled ratio: (1.0, 1.0)
13:32:15.177 [JavaFX Application Thread] DEBUG PrimaryStageWindow   - Set initial scene to FXGLStartupScene
13:32:15.184 [JavaFX Application Thread] DEBUG PrimaryStageWindow   - Opening main window
13:32:15.281 [JavaFX Application Thread] DEBUG PrimaryStageWindow   - Window border size: (14.4000244140625, 37.5999755859375)
13:32:15.282 [JavaFX Application Thread] DEBUG PrimaryStageWindow   - Scaled size: 1280.0 x 720.0
13:32:15.282 [JavaFX Application Thread] DEBUG PrimaryStageWindow   - Scaled ratio: (1.0, 1.0)
13:32:15.283 [JavaFX Application Thread] DEBUG PrimaryStageWindow   - Scene size: 1280.0 x 720.0
13:32:15.283 [JavaFX Application Thread] DEBUG PrimaryStageWindow   - Stage size: 1294.4000244140625 x 757.5999755859375
13:32:15.293 [FXGL Background Thread 1 ] DEBUG Engine               - Initializing environment variables
13:32:15.342 [FXGL Background Thread 1 ] DEBUG FXGLAssetLoaderServi - User app class for loading assets: class Game
13:32:15.342 [FXGL Background Thread 1 ] DEBUG GameApplicationServi - Applying CSS: fxgl_dark.css
13:32:15.344 [FXGL Background Thread 1 ] DEBUG FXGLAssetLoaderServi - Loading from file system: jar:file:/C:/Users/Anisha%20Basropansingh/.m2/repository/com/github/almasb/fxgl/11.14/fxgl-11.14.jar!/fxglassets/ui/css/fxgl_dark.css
13:32:15.418 [FXGL Background Thread 1 ] DEBUG GameApplicationServi - Initializing application scenes
13:32:15.475 [FXGL Background Thread 1 ] DEBUG GameWorld            - Game world initialized
13:32:15.546 [FXGL Background Thread 1 ] DEBUG PhysicsWorld         - Physics world initialized: appHeight=720, physics.ppm=50,0
13:32:15.546 [FXGL Background Thread 1 ] DEBUG PhysicsWorld         - Using strategy: BRUTE_FORCE
13:32:15.551 [FXGL Background Thread 1 ] DEBUG GameScene            - Game scene initialized: 1280x720
13:32:15.611 [FXGL Background Thread 1 ] DEBUG FXGLAssetLoaderServi - Loading from file system: jar:file:/C:/Users/Anisha%20Basropansingh/.m2/repository/com/github/almasb/fxgl/11.14/fxgl-11.14.jar!/fxglassets/textures/particles/trace_horizontal.png
13:32:15.670 [FXGL Background Thread 1 ] DEBUG FXGL.DefaultMenu     - createMenuBodyGameMenu()
13:32:15.686 [FXGL Background Thread 1 ] DEBUG FXGL.DefaultMenu     - createOptionsMenu()
13:32:15.691 [FXGL Background Thread 1 ] DEBUG FXGLAssetLoaderServi - Loading from file system: jar:file:/C:/Users/Anisha%20Basropansingh/.m2/repository/com/github/almasb/fxgl/11.14/fxgl-11.14.jar!/fxglassets/textures/particles/smoke.png
13:32:15.744 [FXGL Background Thread 1 ] DEBUG GameApplicationServi - Application scenes initialized
13:32:15.756 [FXGL Background Thread 1 ] DEBUG SystemBundleService  - Loading FXGL system data
13:32:15.761 [FXGL Background Thread 1 ] DEBUG FileSystemAccess     - Reading from: C:\Users\Anisha Basropansingh\IdeaProjects\GameIpose\system\fxgl.bundle
13:32:15.767 [FXGL Background Thread 1 ] DEBUG SystemBundleService  - Bundle FXGL: {}
13:32:15.767 [FXGL Background Thread 1 ] DEBUG UpdaterService       - Checking for updates
13:32:15.771 [FXGL Background Thread 4 ] DEBUG FXGLApplication      - Loading fonts
13:32:15.771 [FXGL Background Thread 1 ] DEBUG FXGLApplication      - Loading default localization
13:32:15.771 [FXGL Background Thread 4 ] DEBUG FXGLAssetLoaderServi - Loading from file system: jar:file:/C:/Users/Anisha%20Basropansingh/.m2/repository/com/github/almasb/fxgl/11.14/fxgl-11.14.jar!/fxglassets/ui/fonts/VarelaRound-Regular.ttf
13:32:15.772 [FXGL Background Thread 1 ] DEBUG FXGLAssetLoaderServi - Loading from file system: jar:file:/C:/Users/Anisha%20Basropansingh/.m2/repository/com/github/almasb/fxgl/11.14/fxgl-11.14.jar!/fxglassets/languages/english.lang
13:32:15.787 [FXGL Background Thread 1 ] INFO  FXGLApplication      - FXGL initialization took: 0,495 sec
13:32:15.789 [JavaFX Application Thread] DEBUG FXGLAssetLoaderServi - Loading from file system: jar:file:/C:/Users/Anisha%20Basropansingh/.m2/repository/com/github/almasb/fxgl/11.14/fxgl-11.14.jar!/fxglassets/textures/fxgl_icon.png
13:32:15.816 [JavaFX Application Thread] DEBUG FXGLAssetLoaderServi - Loading from file system: jar:file:/C:/Users/Anisha%20Basropansingh/.m2/repository/com/github/almasb/fxgl/11.14/fxgl-11.14.jar!/fxglassets/ui/cursors/fxgl_default.png
13:32:15.829 [JavaFX Application Thread] DEBUG Input                - Registered new binding: Screenshot - P
13:32:15.830 [JavaFX Application Thread] DEBUG Input                - Registered new binding: System info dump - CTRL+9
13:32:15.831 [JavaFX Application Thread] DEBUG Input                - Registered new binding: Restart - CTRL+R
13:32:15.832 [JavaFX Application Thread] DEBUG Input                - Registered new binding: Toggle Debug Camera - CTRL+C
13:32:15.834 [JavaFX Application Thread] DEBUG LoopRunner           - Starting loop
13:32:15.834 [JavaFX Application Thread] DEBUG LoopRunner           - Initializing JavaFX AnimationTimerLoop
13:32:15.837 [JavaFX Application Thread] DEBUG Input                - Clearing active input actions
13:32:15.846 [JavaFX Application Thread] DEBUG GameApplicationServi - Removing overlay from FXGLStartupScene and adding to FXGLMainMenuDummyScene
13:32:15.847 [JavaFX Application Thread] DEBUG PrimaryStageWindow   - FXGLStartupScene -> FXGLMainMenuDummyScene
13:32:15.847 [JavaFX Application Thread] DEBUG PrimaryStageWindow   - Push state: GameMainMenu
13:32:15.847 [JavaFX Application Thread] DEBUG Input                - Clearing active input actions
13:32:15.848 [JavaFX Application Thread] DEBUG GameApplicationServi - Removing overlay from FXGLMainMenuDummyScene and adding to GameMainMenu
13:32:15.848 [JavaFX Application Thread] DEBUG PrimaryStageWindow   - FXGLMainMenuDummyScene -> GameMainMenu
13:32:15.853 [FXGL Background Thread 4 ] DEBUG FXGLAssetLoaderServi - Loading from file system: jar:file:/C:/Users/Anisha%20Basropansingh/.m2/repository/com/github/almasb/fxgl/11.14/fxgl-11.14.jar!/fxglassets/ui/fonts/Abel-Regular.ttf
13:32:15.863 [FXGL Background Thread 4 ] DEBUG FXGLAssetLoaderServi - Loading from file system: jar:file:/C:/Users/Anisha%20Basropansingh/.m2/repository/com/github/almasb/fxgl/11.14/fxgl-11.14.jar!/fxglassets/ui/fonts/lucida_console.ttf
13:32:15.878 [FXGL Background Thread 4 ] DEBUG FXGLAssetLoaderServi - Loading from file system: jar:file:/C:/Users/Anisha%20Basropansingh/.m2/repository/com/github/almasb/fxgl/11.14/fxgl-11.14.jar!/fxglassets/ui/fonts/Courier-Prime.ttf
13:32:15.890 [JavaFX Application Thread] DEBUG FXGLApplication      - Registering font factories with UI factory
13:32:16.259 [FXGL Background Thread 2 ] INFO  UpdaterService       - Your current version:  11.14
13:32:16.260 [FXGL Background Thread 2 ] INFO  UpdaterService       - Latest stable version: 17.1
13:32:18.770 [FXGL Background Thread 3 ] DEBUG Engine               - Logging environment variables
13:32:18.772 [FXGL Background Thread 3 ] DEBUG Engine               - achievements: []
13:32:18.773 [FXGL Background Thread 3 ] DEBUG Engine               - actualHeight: 720.0
13:32:18.773 [FXGL Background Thread 3 ] DEBUG Engine               - actualHeightProperty: ReadOnlyDoubleProperty [value: 720.0]
13:32:18.774 [FXGL Background Thread 3 ] DEBUG Engine               - actualWidth: 1280.0
13:32:18.775 [FXGL Background Thread 3 ] DEBUG Engine               - actualWidthProperty: ReadOnlyDoubleProperty [value: 1280.0]
13:32:18.776 [FXGL Background Thread 3 ] DEBUG Engine               - appIcon: fxgl_icon.png
13:32:18.776 [FXGL Background Thread 3 ] DEBUG Engine               - applicationMode: DEVELOPER
13:32:18.777 [FXGL Background Thread 3 ] DEBUG Engine               - cSSList: [fxgl_dark.css]
13:32:18.777 [FXGL Background Thread 3 ] DEBUG Engine               - collisionDetectionStrategy: BRUTE_FORCE
13:32:18.778 [FXGL Background Thread 3 ] DEBUG Engine               - configClass: Optional.empty
13:32:18.778 [FXGL Background Thread 3 ] DEBUG Engine               - credits: []
13:32:18.780 [FXGL Background Thread 3 ] DEBUG Engine               - devBBoxColorProperty: ObjectProperty [value: 0xff0000ff]
13:32:18.781 [FXGL Background Thread 3 ] DEBUG Engine               - devEnableDebugCameraProperty: BooleanProperty [value: false]
13:32:18.782 [FXGL Background Thread 3 ] DEBUG Engine               - devSensorColorProperty: ObjectProperty [value: 0xffff00ff]
13:32:18.783 [FXGL Background Thread 3 ] DEBUG Engine               - devShowBBoxProperty: BooleanProperty [value: false]
13:32:18.784 [FXGL Background Thread 3 ] DEBUG Engine               - devShowPositionProperty: BooleanProperty [value: false]
13:32:18.785 [FXGL Background Thread 3 ] DEBUG Engine               - enabledMenuItems: []
13:32:18.785 [FXGL Background Thread 3 ] DEBUG Engine               - engineServices: [class com.almasb.fxgl.app.services.FXGLAssetLoaderService, class com.almasb.fxgl.app.FXGLApplication$GameApplicationService, class com.almasb.fxgl.app.services.FXGLDialogService, class com.almasb.fxgl.app.services.IOTaskExecutorService, class com.almasb.fxgl.event.EventBusService, class com.almasb.fxgl.io.FileSystemService, class com.almasb.fxgl.localization.LocalizationService, class com.almasb.fxgl.app.services.SystemBundleService, class com.almasb.fxgl.profile.SaveLoadService, class com.almasb.fxgl.ui.FXGLUIFactoryServiceProvider, class com.almasb.fxgl.ui.FXGLDialogFactoryServiceProvider, class com.almasb.fxgl.audio.AudioPlayer, class com.almasb.fxgl.notification.impl.NotificationServiceProvider, class com.almasb.fxgl.achievement.AchievementService, class com.almasb.fxgl.cutscene.CutsceneService, class com.almasb.fxgl.minigames.MiniGameService, class com.almasb.fxgl.net.NetService, class com.almasb.fxgl.app.services.UpdaterService, class com.almasb.fxgl.dev.DevService]
13:32:18.786 [FXGL Background Thread 3 ] DEBUG Engine               - fontGame: Abel-Regular.ttf
13:32:18.787 [FXGL Background Thread 3 ] DEBUG Engine               - fontMono: lucida_console.ttf
13:32:18.787 [FXGL Background Thread 3 ] DEBUG Engine               - fontText: Courier-Prime.ttf
13:32:18.788 [FXGL Background Thread 3 ] DEBUG Engine               - fontUI: VarelaRound-Regular.ttf
13:32:18.788 [FXGL Background Thread 3 ] DEBUG Engine               - fullScreen: BooleanProperty [value: false]
13:32:18.789 [FXGL Background Thread 3 ] DEBUG Engine               - gameDifficulty: MEDIUM
13:32:18.790 [FXGL Background Thread 3 ] DEBUG Engine               - gameDifficultyProperty: ObjectProperty [value: MEDIUM]
13:32:18.790 [FXGL Background Thread 3 ] DEBUG Engine               - globalMusicVolume: 0.5
13:32:18.791 [FXGL Background Thread 3 ] DEBUG Engine               - globalMusicVolumeProperty: DoubleProperty [value: 0.5]
13:32:18.792 [FXGL Background Thread 3 ] DEBUG Engine               - globalSoundVolume: 0.5
13:32:18.792 [FXGL Background Thread 3 ] DEBUG Engine               - globalSoundVolumeProperty: DoubleProperty [value: 0.5]
13:32:18.794 [FXGL Background Thread 3 ] DEBUG Engine               - height: 720
13:32:18.794 [FXGL Background Thread 3 ] DEBUG Engine               - isAndroid: false
13:32:18.795 [FXGL Background Thread 3 ] DEBUG Engine               - isBrowser: false
13:32:18.795 [FXGL Background Thread 3 ] DEBUG Engine               - isClickFeedbackEnabled: false
13:32:18.796 [FXGL Background Thread 3 ] DEBUG Engine               - isCloseConfirmation: false
13:32:18.797 [FXGL Background Thread 3 ] DEBUG Engine               - isDesktop: true
13:32:18.798 [FXGL Background Thread 3 ] DEBUG Engine               - isDeveloperMenuEnabled: false
13:32:18.798 [FXGL Background Thread 3 ] DEBUG Engine               - isEntityPreloadEnabled: true
13:32:18.799 [FXGL Background Thread 3 ] DEBUG Engine               - isExperimental3D: false
13:32:18.800 [FXGL Background Thread 3 ] DEBUG Engine               - isExperimentalNative: false
13:32:18.800 [FXGL Background Thread 3 ] DEBUG Engine               - isExperimentalTiledLargeMap: false
13:32:18.801 [FXGL Background Thread 3 ] DEBUG Engine               - isFileSystemWriteAllowed: true
13:32:18.802 [FXGL Background Thread 3 ] DEBUG Engine               - isFullScreenAllowed: false
13:32:18.802 [FXGL Background Thread 3 ] DEBUG Engine               - isFullScreenFromStart: false
13:32:18.803 [FXGL Background Thread 3 ] DEBUG Engine               - isGameMenuEnabled: true
13:32:18.803 [FXGL Background Thread 3 ] DEBUG Engine               - isIOS: false
13:32:18.805 [FXGL Background Thread 3 ] DEBUG Engine               - isIntroEnabled: false
13:32:18.805 [FXGL Background Thread 3 ] DEBUG Engine               - isLinux: false
13:32:18.806 [FXGL Background Thread 3 ] DEBUG Engine               - isMac: false
13:32:18.807 [FXGL Background Thread 3 ] DEBUG Engine               - isMainMenuEnabled: true
13:32:18.807 [FXGL Background Thread 3 ] DEBUG Engine               - isManualResizeEnabled: false
13:32:18.808 [FXGL Background Thread 3 ] DEBUG Engine               - isMobile: false
13:32:18.808 [FXGL Background Thread 3 ] DEBUG Engine               - isPreserveResizeRatio: false
13:32:18.809 [FXGL Background Thread 3 ] DEBUG Engine               - isProfilingEnabled: false
13:32:18.809 [FXGL Background Thread 3 ] DEBUG Engine               - isScaleAffectedOnResize: true
13:32:18.810 [FXGL Background Thread 3 ] DEBUG Engine               - isSingleStep: false
13:32:18.810 [FXGL Background Thread 3 ] DEBUG Engine               - isUserProfileEnabled: false
13:32:18.811 [FXGL Background Thread 3 ] DEBUG Engine               - isWindows: true
13:32:18.811 [FXGL Background Thread 3 ] DEBUG Engine               - language: ObjectProperty [value: ENGLISH]
13:32:18.811 [FXGL Background Thread 3 ] DEBUG Engine               - menuKey: ESCAPE
13:32:18.812 [FXGL Background Thread 3 ] DEBUG Engine               - notificationViewClass: class com.almasb.fxgl.notification.view.XboxNotificationView
13:32:18.813 [FXGL Background Thread 3 ] DEBUG Engine               - pixelsPerMeter: 50.0
13:32:18.813 [FXGL Background Thread 3 ] DEBUG Engine               - platform: WINDOWS
13:32:18.814 [FXGL Background Thread 3 ] DEBUG Engine               - prefHeightProperty: ReadOnlyDoubleProperty [value: 720.0]
13:32:18.814 [FXGL Background Thread 3 ] DEBUG Engine               - prefWidthProperty: ReadOnlyDoubleProperty [value: 1280.0]
13:32:18.814 [FXGL Background Thread 3 ] DEBUG Engine               - profileDir: profiles/
13:32:18.815 [FXGL Background Thread 3 ] DEBUG Engine               - profileName: StringProperty [value: DEFAULT]
13:32:18.815 [FXGL Background Thread 3 ] DEBUG Engine               - randomSeed: -1
13:32:18.815 [FXGL Background Thread 3 ] DEBUG Engine               - runtimeInfo: RuntimeInfo(platform=WINDOWS, version=11.14, build=01.03.2021 16.59)
13:32:18.816 [FXGL Background Thread 3 ] DEBUG Engine               - saveFileExt: sav
13:32:18.816 [FXGL Background Thread 3 ] DEBUG Engine               - scaledHeightProp$fxgl: DoubleProperty [bound, value: 720.0]
13:32:18.816 [FXGL Background Thread 3 ] DEBUG Engine               - scaledWidthProp$fxgl: DoubleProperty [bound, value: 1280.0]
13:32:18.817 [FXGL Background Thread 3 ] DEBUG Engine               - sceneFactory: Game$1@3d9bd0d3
13:32:18.817 [FXGL Background Thread 3 ] DEBUG Engine               - secondsIn24h: 60
13:32:18.817 [FXGL Background Thread 3 ] DEBUG Engine               - soundMenuBack: menu/back.wav
13:32:18.818 [FXGL Background Thread 3 ] DEBUG Engine               - soundMenuPress: menu/press.wav
13:32:18.818 [FXGL Background Thread 3 ] DEBUG Engine               - soundMenuSelect: menu/select.wav
13:32:18.819 [FXGL Background Thread 3 ] DEBUG Engine               - soundNotification: core/notification.wav
13:32:18.819 [FXGL Background Thread 3 ] DEBUG Engine               - stageStyle: DECORATED
13:32:18.820 [FXGL Background Thread 3 ] DEBUG Engine               - supportedLanguages: [ENGLISH, FRENCH, GERMAN, HUNGARIAN, RUSSIAN]
13:32:18.820 [FXGL Background Thread 3 ] DEBUG Engine               - ticksPerSecond: -1
13:32:18.821 [FXGL Background Thread 3 ] DEBUG Engine               - title: Infinity Rails
13:32:18.821 [FXGL Background Thread 3 ] DEBUG Engine               - urlGithub: https://github.com/AlmasB/FXGL
13:32:18.822 [FXGL Background Thread 3 ] DEBUG Engine               - urlLeaderboard: http://fxgl-top.herokuapp.com/
13:32:18.822 [FXGL Background Thread 3 ] DEBUG Engine               - urlPOM: https://raw.githubusercontent.com/AlmasB/FXGL/release/README.md
13:32:18.822 [FXGL Background Thread 3 ] DEBUG Engine               - userAppClass: class Game
13:32:18.822 [FXGL Background Thread 3 ] DEBUG Engine               - version: 1.0
13:32:18.823 [FXGL Background Thread 3 ] DEBUG Engine               - versionCheckDays: 7
13:32:18.823 [FXGL Background Thread 3 ] DEBUG Engine               - width: 1280
13:32:18.823 [FXGL Background Thread 3 ] DEBUG Engine               - Logging services
13:32:18.824 [FXGL Background Thread 3 ] DEBUG Engine               - class com.almasb.fxgl.app.services.FXGLAssetLoaderService
13:32:18.824 [FXGL Background Thread 3 ] DEBUG Engine               - class com.almasb.fxgl.app.FXGLApplication$GameApplicationService
13:32:18.825 [FXGL Background Thread 3 ] DEBUG Engine               - class com.almasb.fxgl.app.services.FXGLDialogService
13:32:18.825 [FXGL Background Thread 3 ] DEBUG Engine               - class com.almasb.fxgl.app.services.IOTaskExecutorService
13:32:18.825 [FXGL Background Thread 3 ] DEBUG Engine               - class com.almasb.fxgl.event.EventBusService
13:32:18.825 [FXGL Background Thread 3 ] DEBUG Engine               - class com.almasb.fxgl.io.FileSystemService
13:32:18.826 [FXGL Background Thread 3 ] DEBUG Engine               - class com.almasb.fxgl.localization.LocalizationService
13:32:18.826 [FXGL Background Thread 3 ] DEBUG Engine               - class com.almasb.fxgl.app.services.SystemBundleService
13:32:18.826 [FXGL Background Thread 3 ] DEBUG Engine               - class com.almasb.fxgl.profile.SaveLoadService
13:32:18.827 [FXGL Background Thread 3 ] DEBUG Engine               - class com.almasb.fxgl.ui.FXGLUIFactoryServiceProvider
13:32:18.827 [FXGL Background Thread 3 ] DEBUG Engine               - class com.almasb.fxgl.ui.FXGLDialogFactoryServiceProvider
13:32:18.827 [FXGL Background Thread 3 ] DEBUG Engine               - class com.almasb.fxgl.audio.AudioPlayer
13:32:18.828 [FXGL Background Thread 3 ] DEBUG Engine               - class com.almasb.fxgl.notification.impl.NotificationServiceProvider
13:32:18.828 [FXGL Background Thread 3 ] DEBUG Engine               - class com.almasb.fxgl.achievement.AchievementService
13:32:18.828 [FXGL Background Thread 3 ] DEBUG Engine               - class com.almasb.fxgl.cutscene.CutsceneService
13:32:18.829 [FXGL Background Thread 3 ] DEBUG Engine               - class com.almasb.fxgl.minigames.MiniGameService
13:32:18.829 [FXGL Background Thread 3 ] DEBUG Engine               - class com.almasb.fxgl.net.NetService
13:32:18.829 [FXGL Background Thread 3 ] DEBUG Engine               - class com.almasb.fxgl.app.services.UpdaterService
13:32:18.830 [FXGL Background Thread 3 ] DEBUG Engine               - class com.almasb.fxgl.dev.DevService
13:32:25.521 [JavaFX Application Thread] DEBUG FXGLApplication      - Exiting FXGL
13:32:25.522 [JavaFX Application Thread] DEBUG LoopRunner           - Stopping loop
13:32:25.523 [JavaFX Application Thread] DEBUG SystemBundleService  - Saving FXGL system data
13:32:25.530 [JavaFX Application Thread] DEBUG FileSystemAccess     - Writing to: C:\Users\Anisha Basropansingh\IdeaProjects\GameIpose\system\fxgl.bundle
13:32:25.536 [JavaFX Application Thread] DEBUG Async                - Shutting down background threads
13:32:25.537 [JavaFX Application Thread] DEBUG PrimaryStageWindow   - Closing main window
13:32:25.600 [JavaFX Application Thread] DEBUG Logger               - Closing Logger
