14:10:00.470 [main                     ] DEBUG Logger               - Configured Logger
14:10:00.496 [main                     ] DEBUG GameApplication      - Logging settings
Title: TestApp
Version: 5.0
Width: 2100
Height: 1400
Fullscreen: false
Intro: false
Profiling: false
Single step:false
App Mode: DEVELOPER
Menu Key: ESCAPE
Stage Style: DECORATED
Scene Factory: class com.almasb.fxgl.app.scene.SceneFactory

14:10:00.875 [JavaFX Application Thread] DEBUG FXGLApplication      - Initializing FXGL
14:10:00.878 [JavaFX Application Thread] INFO  Engine               - FXGL-11.14 (01.03.2021 16.59) on MAC (J:15.0.2 FX:15)
14:10:00.879 [JavaFX Application Thread] DEBUG Engine               - JRE Vendor Name: Oracle Corporation
14:10:00.879 [JavaFX Application Thread] DEBUG Engine               - Running on OS: Mac OS X version 10.16
14:10:00.879 [JavaFX Application Thread] DEBUG Engine               - Architecture: x86_64
14:10:00.879 [JavaFX Application Thread] INFO  Engine               - Source code and latest versions at: https://github.com/AlmasB/FXGL
14:10:00.880 [JavaFX Application Thread] INFO  Engine               -              Join the FXGL chat at: https://gitter.im/AlmasB/FXGL
14:10:00.999 [JavaFX Application Thread] DEBUG PrimaryStageWindow   - Creating a JavaFX scene
14:10:01.000 [JavaFX Application Thread] DEBUG PrimaryStageWindow   - Target size > screen size
14:10:01.053 [JavaFX Application Thread] DEBUG PrimaryStageWindow   - Target settings size: 2100.0 x 1400.0
14:10:01.054 [JavaFX Application Thread] DEBUG PrimaryStageWindow   - Scaled scene size:    1271.0 x 864.0
14:10:01.055 [JavaFX Application Thread] DEBUG PrimaryStageWindow   - Scaled ratio: (0.6052380952380952, 0.6171428571428571)
14:10:01.056 [JavaFX Application Thread] DEBUG PrimaryStageWindow   - Set initial scene to FXGLStartupScene
14:10:01.062 [JavaFX Application Thread] DEBUG PrimaryStageWindow   - Opening main window
14:10:01.219 [JavaFX Application Thread] DEBUG PrimaryStageWindow   - Window border size: (0.0, 28.0)
14:10:01.219 [JavaFX Application Thread] DEBUG PrimaryStageWindow   - Scaled size: 1271.0 x 864.0
14:10:01.219 [JavaFX Application Thread] DEBUG PrimaryStageWindow   - Scaled ratio: (0.6052380952380952, 0.6171428571428571)
14:10:01.220 [JavaFX Application Thread] DEBUG PrimaryStageWindow   - Scene size: 1271.0 x 864.0
14:10:01.220 [JavaFX Application Thread] DEBUG PrimaryStageWindow   - Stage size: 1271.0 x 892.0
14:10:01.228 [FXGL Background Thread 1 ] DEBUG Engine               - Initializing environment variables
14:10:01.308 [FXGL Background Thread 1 ] DEBUG FXGLAssetLoaderServi - User app class for loading assets: class Game
14:10:01.310 [FXGL Background Thread 1 ] DEBUG GameApplicationServi - Applying CSS: fxgl_dark.css
14:10:01.312 [FXGL Background Thread 1 ] DEBUG FXGLAssetLoaderServi - Loading from file system: jar:file:/Users/matthew/.m2/repository/com/github/almasb/fxgl/11.14/fxgl-11.14.jar!/fxglassets/ui/css/fxgl_dark.css
14:10:01.409 [FXGL Background Thread 1 ] DEBUG GameApplicationServi - Initializing application scenes
14:10:01.549 [FXGL Background Thread 1 ] DEBUG GameWorld            - Game world initialized
14:10:01.582 [FXGL Background Thread 1 ] DEBUG PhysicsWorld         - Physics world initialized: appHeight=1400, physics.ppm=50,0
14:10:01.587 [FXGL Background Thread 1 ] DEBUG PhysicsWorld         - Using strategy: BRUTE_FORCE
14:10:01.594 [FXGL Background Thread 1 ] DEBUG GameScene            - Game scene initialized: 2100x1400
14:10:01.627 [FXGL Background Thread 1 ] DEBUG FXGLAssetLoaderServi - Loading from file system: jar:file:/Users/matthew/.m2/repository/com/github/almasb/fxgl/11.14/fxgl-11.14.jar!/fxglassets/textures/particles/trace_horizontal.png
14:10:01.673 [FXGL Background Thread 1 ] DEBUG FXGL.DefaultMenu     - createMenuBodyGameMenu()
14:10:01.688 [FXGL Background Thread 1 ] DEBUG FXGL.DefaultMenu     - createOptionsMenu()
14:10:01.697 [FXGL Background Thread 1 ] DEBUG FXGLAssetLoaderServi - Loading from file system: jar:file:/Users/matthew/.m2/repository/com/github/almasb/fxgl/11.14/fxgl-11.14.jar!/fxglassets/textures/particles/smoke.png
14:10:01.790 [FXGL Background Thread 1 ] DEBUG GameApplicationServi - Application scenes initialized
14:10:01.803 [FXGL Background Thread 1 ] DEBUG SystemBundleService  - Loading FXGL system data
14:10:01.810 [FXGL Background Thread 1 ] DEBUG FileSystemAccess     - Reading from: /Users/matthew/IdeaProjects/ipose_game/system/fxgl.bundle
14:10:01.819 [FXGL Background Thread 1 ] DEBUG SystemBundleService  - Bundle FXGL: {}
14:10:01.821 [FXGL Background Thread 1 ] DEBUG UpdaterService       - Checking for updates
14:10:01.828 [FXGL Background Thread 1 ] DEBUG FXGLApplication      - Loading default localization
14:10:01.828 [FXGL Background Thread 4 ] DEBUG FXGLApplication      - Loading fonts
14:10:01.839 [FXGL Background Thread 1 ] DEBUG FXGLAssetLoaderServi - Loading from file system: jar:file:/Users/matthew/.m2/repository/com/github/almasb/fxgl/11.14/fxgl-11.14.jar!/fxglassets/languages/english.lang
14:10:01.839 [FXGL Background Thread 4 ] DEBUG FXGLAssetLoaderServi - Loading from file system: jar:file:/Users/matthew/.m2/repository/com/github/almasb/fxgl/11.14/fxgl-11.14.jar!/fxglassets/ui/fonts/VarelaRound-Regular.ttf
14:10:01.876 [FXGL Background Thread 1 ] INFO  FXGLApplication      - FXGL initialization took: 0,642 sec
14:10:01.877 [FXGL Background Thread 4 ] DEBUG FXGLAssetLoaderServi - Loading from file system: jar:file:/Users/matthew/.m2/repository/com/github/almasb/fxgl/11.14/fxgl-11.14.jar!/fxglassets/ui/fonts/Abel-Regular.ttf
14:10:01.885 [FXGL Background Thread 4 ] DEBUG FXGLAssetLoaderServi - Loading from file system: jar:file:/Users/matthew/.m2/repository/com/github/almasb/fxgl/11.14/fxgl-11.14.jar!/fxglassets/ui/fonts/lucida_console.ttf
14:10:01.893 [JavaFX Application Thread] DEBUG Input                - Registered new binding: Move up - W
14:10:01.896 [JavaFX Application Thread] DEBUG FXGLAssetLoaderServi - Loading from file system: jar:file:/Users/matthew/.m2/repository/com/github/almasb/fxgl/11.14/fxgl-11.14.jar!/fxglassets/textures/fxgl_icon.png
14:10:01.897 [FXGL Background Thread 4 ] DEBUG FXGLAssetLoaderServi - Loading from file system: jar:file:/Users/matthew/.m2/repository/com/github/almasb/fxgl/11.14/fxgl-11.14.jar!/fxglassets/ui/fonts/Courier-Prime.ttf
14:10:01.944 [JavaFX Application Thread] DEBUG FXGLAssetLoaderServi - Loading from file system: jar:file:/Users/matthew/.m2/repository/com/github/almasb/fxgl/11.14/fxgl-11.14.jar!/fxglassets/ui/cursors/fxgl_default.png
14:10:01.953 [JavaFX Application Thread] DEBUG Input                - Registered new binding: Screenshot - P
14:10:01.965 [JavaFX Application Thread] DEBUG Input                - Registered new binding: System info dump - CTRL+9
14:10:01.971 [JavaFX Application Thread] DEBUG Input                - Registered new binding: Restart - CTRL+R
14:10:01.976 [JavaFX Application Thread] DEBUG Input                - Registered new binding: Toggle Debug Camera - CTRL+C
14:10:01.984 [JavaFX Application Thread] DEBUG LoopRunner           - Starting loop
14:10:01.986 [JavaFX Application Thread] DEBUG LoopRunner           - Initializing JavaFX AnimationTimerLoop
14:10:01.989 [JavaFX Application Thread] DEBUG GameApplicationServi - Starting new game
14:10:01.994 [JavaFX Application Thread] DEBUG Input                - Clearing active input actions
14:10:02.040 [JavaFX Application Thread] DEBUG GameApplicationServi - Removing overlay from FXGLStartupScene and adding to FXGLLoadingScene
14:10:02.044 [JavaFX Application Thread] DEBUG PrimaryStageWindow   - FXGLStartupScene -> FXGLLoadingScene
14:10:02.048 [JavaFX Application Thread] DEBUG GameApplicationServi - Clearing previous game
14:10:02.051 [JavaFX Application Thread] DEBUG GameScene            - Clearing game scene
14:10:02.056 [JavaFX Application Thread] DEBUG GameWorld            - Clearing game world
14:10:02.060 [JavaFX Application Thread] DEBUG PhysicsWorld         - Clearing physics world
14:10:02.066 [FXGL Background Thread 4 ] DEBUG FXGLApplication      - Initializing game
14:10:02.100 [JavaFX Application Thread] DEBUG FXGLApplication      - Registering font factories with UI factory
14:10:02.128 [FXGL Background Thread 4 ] WARN  TMXLevelLoader       - TiledMap generated from 1.8.4. Supported version: 1.2.3. Some features may not be parsed fully.
14:10:02.162 [FXGL Background Thread 4 ] DEBUG TMXLevelLoader       - Parsed raw map: TiledMap(width=105, height=28, tilewidth=70, tileheight=70, orientation=orthogonal, layers=[Layer(width=105, height=28, name=Tile Layer 1, type=tilelayer, visible=false, x=0, y=0, data=[0, 0, 0, 0, 0, 0, 0, 0, 0, 0, 0, 0, 0, 0, 0, 0, 0, 0, 0, 0, 0, 0, 0, 0, 0, 0, 0, 0, 0, 0, 0, 0, 0, 0, 0, 0, 0, 0, 0, 0, 0, 0, 0, 0, 0, 0, 0, 0, 0, 0, 0, 0, 0, 0, 0, 0, 0, 0, 0, 0, 0, 0, 0, 180, 180, 180, 180, 180, 180, 180, 180, 180, 180, 180, 180, 180, 180, 0, 0, 0, 0, 0, 0, 0, 0, 0, 0, 0, 0, 0, 0, 0, 0, 0, 0, 0, 0, 0, 0, 0, 0, 0, 0, 0, 0, 0, 0, 0, 0, 0, 0, 0, 0, 0, 0, 0, 0, 0, 0, 0, 0, 0, 0, 0, 0, 0, 0, 0, 0, 0, 0, 0, 0, 0, 0, 0, 0, 0, 0, 0, 0, 0, 0, 0, 0, 0, 0, 0, 0, 0, 0, 0, 0, 0, 0, 0, 0, 0, 0, 0, 0, 0, 0, 0, 0, 0, 0, 0, 0, 0, 0, 0, 0, 0, 0, 0, 0, 0, 0, 0, 0, 0, 0, 0, 0, 0, 0, 0, 0, 0, 180, 180, 180, 180, 180, 180, 180, 0, 0, 0, 0, 0, 0, 0, 0, 0, 0, 0, 0, 0, 0, 0, 0, 0, 0, 0, 0, 0, 0, 0, 0, 0, 0, 0, 0, 0, 0, 0, 0, 0, 0, 0, 0, 180, 180, 180, 180, 180, 180, 180, 0, 0, 0, 0, 0, 0, 0, 0, 0, 0, 0, 0, 0, 0, 0, 0, 0, 0, 0, 0, 0, 0, 0, 0, 0, 0, 0, 0, 0, 0, 0, 0, 0, 0, 0, 0, 0, 0, 0, 0, 0, 0, 0, 0, 0, 0, 0, 0, 0, 0, 0, 0, 0, 0, 0, 0, 0, 0, 0, 0, 0, 0, 0, 0, 0, 0, 0, 0, 0, 0, 0, 0, 0, 0, 0, 0, 0, 0, 0, 0, 0, 0, 0, 0, 0, 0, 0, 0, 0, 0, 0, 0, 0, 0, 0, 0, 0, 0, 0, 0, 0, 0, 0, 0, 0, 0, 0, 0, 0, 0, 0, 0, 0, 0, 0, 0, 0, 0, 0, 0, 0, 0, 0, 0, 0, 0, 0, 0, 0, 0, 0, 0, 0, 0, 0, 0, 0, 0, 0, 0, 0, 0, 0, 0, 0, 0, 0, 0, 0, 0, 0, 0, 0, 0, 0, 0, 0, 0, 0, 0, 0, 0, 0, 0, 0, 0, 0, 0, 0, 0, 0, 0, 0, 0, 0, 0, 0, 0, 0, 0, 0, 0, 0, 0, 0, 0, 0, 0, 0, 0, 0, 0, 0, 0, 0, 0, 0, 0, 0, 0, 0, 0, 0, 0, 0, 0, 0, 0, 0, 0, 0, 0, 0, 0, 0, 0, 0, 0, 0, 0, 0, 0, 0, 0, 0, 0, 0, 0, 0, 0, 0, 0, 0, 0, 0, 0, 180, 180, 180, 180, 180, 180, 0, 0, 0, 0, 0, 0, 0, 0, 0, 0, 0, 0, 0, 0, 0, 0, 0, 0, 0, 0, 0, 0, 0, 0, 0, 0, 0, 0, 0, 0, 0, 0, 0, 0, 0, 0, 0, 0, 0, 0, 0, 0, 0, 0, 0, 0, 0, 0, 0, 0, 0, 0, 0, 0, 0, 0, 0, 0, 180, 180, 180, 180, 180, 180, 180, 0, 0, 0, 0, 0, 0, 0, 0, 0, 0, 0, 0, 0, 0, 0, 0, 0, 0, 0, 0, 0, 0, 0, 0, 0, 0, 0, 0, 0, 0, 0, 0, 0, 0, 0, 0, 0, 0, 0, 0, 0, 0, 0, 0, 0, 0, 0, 0, 0, 0, 0, 0, 0, 0, 0, 180, 180, 180, 180, 180, 180, 180, 0, 0, 0, 0, 0, 0, 0, 0, 0, 0, 0, 0, 0, 0, 0, 0, 0, 0, 0, 0, 0, 0, 0, 0, 0, 0, 0, 0, 0, 0, 0, 0, 0, 0, 0, 0, 0, 0, 0, 0, 0, 0, 0, 0, 0, 0, 0, 0, 0, 0, 0, 0, 0, 180, 180, 180, 180, 180, 180, 180, 0, 0, 0, 0, 0, 0, 0, 0, 0, 0, 0, 0, 0, 0, 0, 0, 0, 0, 0, 0, 0, 0, 0, 0, 0, 0, 0, 0, 0, 0, 0, 0, 0, 0, 0, 0, 0, 0, 0, 0, 0, 0, 0, 0, 0, 0, 0, 0, 0, 0, 0, 0, 0, 0, 0, 0, 0, 0, 0, 0, 0, 0, 0, 0, 0, 0, 0, 0, 0, 0, 0, 0, 0, 0, 0, 0, 0, 0, 0, 0, 0, 0, 0, 0, 0, 0, 0, 0, 0, 0, 0, 0, 0, 0, 0, 0, 0, 0, 0, 0, 0, 0, 0, 0, 0, 0, 0, 0, 0, 0, 0, 0, 0, 0, 0, 180, 180, 180, 180, 180, 180, 0, 0, 0, 0, 0, 0, 0, 0, 0, 0, 0, 0, 0, 0, 0, 0, 0, 0, 0, 0, 0, 0, 0, 0, 0, 0, 0, 0, 0, 0, 0, 0, 0, 0, 0, 0, 0, 0, 0, 0, 0, 0, 0, 0, 0, 0, 0, 0, 0, 0, 36, 36, 36, 36, 36, 36, 36, 36, 36, 36, 36, 36, 0, 0, 0, 0, 0, 0, 0, 0, 0, 0, 0, 0, 0, 0, 0, 0, 0, 0, 0, 0, 0, 0, 0, 0, 0, 0, 0, 0, 0, 0, 0, 0, 0, 0, 0, 0, 0, 0, 0, 0, 0, 0, 0, 0, 0, 0, 0, 0, 0, 0, 0, 180, 180, 180, 180, 180, 180, 0, 0, 0, 0, 0, 0, 0, 0, 0, 0, 0, 0, 0, 0, 0, 0, 0, 0, 0, 0, 0, 0, 0, 0, 0, 0, 0, 0, 0, 0, 0, 0, 0, 0, 0, 0, 0, 0, 0, 0, 0, 0, 0, 0, 0, 0, 0, 0, 0, 0, 0, 0, 0, 0, 0, 0, 0, 0, 0, 180, 180, 180, 180, 180, 180, 180, 0, 0, 0, 0, 0, 0, 0, 0, 0, 0, 0, 0, 0, 0, 0, 0, 0, 0, 0, 0, 0, 0, 0, 0, 0, 0, 0, 0, 0, 0, 0, 0, 0, 0, 0, 0, 0, 0, 0, 0, 0, 0, 0, 0, 0, 0, 0, 0, 0, 0, 0, 0, 0, 0, 0, 0, 0, 0, 0, 0, 0, 0, 0, 0, 0, 0, 0, 0, 0, 0, 0, 0, 0, 0, 0, 0, 0, 0, 0, 0, 0, 0, 0, 0, 0, 0, 0, 0, 0, 0, 0, 0, 0, 0, 0, 0, 0, 0, 0, 0, 0, 0, 0, 0, 0, 0, 0, 0, 0, 0, 0, 0, 0, 0, 0, 180, 180, 180, 180, 180, 180, 180, 0, 0, 0, 0, 0, 0, 0, 0, 0, 0, 0, 0, 0, 0, 0, 0, 0, 0, 0, 0, 0, 0, 0, 0, 0, 0, 0, 0, 0, 0, 0, 0, 0, 0, 0, 0, 0, 0, 180, 180, 180, 180, 180, 180, 180, 0, 0, 0, 0, 0, 0, 180, 180, 180, 180, 180, 180, 180, 0, 0, 0, 0, 0, 0, 0, 0, 0, 0, 0, 0, 0, 0, 0, 0, 0, 0, 0, 0, 0, 0, 0, 0, 0, 0, 0, 0, 0, 0, 0, 0, 0, 0, 0, 0, 0, 0, 0, 0, 0, 0, 0, 0, 0, 0, 0, 0, 0, 0, 0, 0, 0, 0, 0, 0, 0, 0, 0, 0, 0, 0, 0, 0, 0, 0, 0, 0, 0, 0, 0, 0, 0, 0, 0, 0, 0, 0, 0, 0, 0, 0, 0, 0, 0, 0, 0, 0, 0, 0, 0, 0, 0, 0, 0, 0, 0, 0, 0, 0, 0, 0, 0, 0, 0, 0, 0, 0, 0, 0, 0, 0, 0, 0, 0, 0, 0, 0, 0, 0, 0, 0, 0, 0, 0, 0, 0, 0, 0, 0, 0, 0, 0, 0, 0, 0, 0, 0, 0, 0, 0, 0, 0, 0, 0, 0, 0, 0, 0, 0, 0, 0, 0, 0, 0, 0, 0, 0, 0, 0, 0, 0, 0, 0, 0, 0, 0, 0, 0, 0, 0, 0, 0, 0, 0, 0, 0, 0, 0, 0, 0, 0, 0, 0, 0, 0, 0, 0, 0, 0, 0, 0, 0, 0, 0, 0, 0, 0, 0, 0, 0, 0, 0, 0, 0, 0, 0, 0, 0, 0, 0, 0, 0, 0, 0, 0, 0, 0, 0, 0, 0, 0, 0, 0, 0, 0, 0, 0, 0, 0, 0, 0, 0, 0, 0, 0, 0, 0, 0, 0, 0, 0, 0, 0, 0, 0, 0, 0, 0, 0, 0, 0, 0, 0, 0, 0, 0, 0, 0, 0, 0, 0, 0, 0, 0, 0, 0, 0, 0, 0, 0, 0, 0, 0, 0, 0, 0, 0, 0, 0, 0, 0, 0, 0, 0, 0, 0, 0, 0, 0, 0, 0, 0, 0, 0, 0, 0, 0, 0, 0, 0, 0, 0, 0, 0, 0, 0, 0, 0, 0, 0, 0, 0, 0, 0, 0, 0, 0, 0, 0, 0, 0, 0, 0, 0, 0, 0, 0, 0, 0, 0, 0, 0, 0, 0, 0, 0, 0, 0, 0, 0, 0, 0, 0, 0, 0, 0, 0, 0, 0, 0, 0, 0, 0, 0, 0, 0, 0, 0, 0, 0, 0, 0, 0, 0, 0, 0, 0, 0, 0, 0, 0, 0, 0, 0, 0, 0, 0, 0, 0, 0, 0, 0, 0, 0, 0, 0, 0, 0, 0, 0, 0, 0, 0, 0, 0, 0, 0, 0, 0, 0, 0, 0, 0, 0, 0, 0, 0, 0, 0, 0, 0, 0, 0, 0, 0, 0, 0, 0, 0, 0, 0, 0, 0, 0, 0, 0, 0, 0, 0, 0, 0, 0, 0, 0, 0, 0, 0, 0, 0, 0, 0, 0, 0, 0, 0, 0, 0, 0, 0, 0, 0, 0, 0, 0, 0, 0, 0, 0, 0, 0, 0, 0, 0, 0, 0, 0, 0, 0, 0, 0, 0, 0, 0, 0, 0, 0, 0, 0, 0, 0, 0, 0, 0, 0, 0, 0, 0, 0, 0, 0, 0, 0, 0, 0, 0, 0, 0, 0, 0, 0, 0, 0, 0, 0, 0, 0, 0, 0, 0, 0, 0, 0, 0, 0, 0, 0, 0, 0, 0, 0, 0, 0, 0, 0, 0, 0, 0, 0, 0, 0, 0, 0, 0, 0, 0, 0, 0, 0, 0, 0, 0, 0, 0, 0, 0, 0, 0, 0, 0, 0, 0, 0, 0, 0, 0, 0, 0, 0, 0, 0, 0, 0, 0, 0, 0, 0, 0, 0, 0, 0, 0, 0, 0, 0, 0, 0, 0, 0, 0, 0, 0, 0, 0, 0, 0, 0, 0, 0, 0, 0, 0, 0, 0, 0, 0, 0, 0, 0, 0, 0, 0, 0, 0, 0, 0, 0, 0, 0, 0, 0, 0, 0, 0, 0, 0, 0, 0, 0, 0, 0, 0, 0, 0, 0, 0, 0, 0, 0, 0, 0, 0, 0, 0, 0, 0, 0, 0, 0, 0, 0, 0, 0, 0, 0, 0, 0, 0, 0, 0, 0, 0, 0, 0, 0, 0, 0, 0, 0, 0, 0, 0, 0, 0, 0, 0, 0, 0, 0, 0, 0, 0, 0, 0, 0, 0, 0, 0, 0, 0, 0, 0, 0, 0, 0, 0, 0, 0, 0, 0, 0, 0, 0, 0, 0, 0, 0, 0, 0, 0, 0, 0, 0, 0, 0, 0, 0, 0, 0, 0, 0, 0, 0, 0, 0, 0, 0, 0, 0, 0, 0, 0, 0, 0, 0, 0, 0, 0, 0, 0, 0, 0, 0, 0, 0, 0, 0, 0, 0, 0, 0, 0, 0, 0, 0, 0, 0, 0, 0, 0, 0, 0, 0, 0, 0, 0, 0, 0, 0, 0, 0, 0, 0, 0, 0, 0, 0, 0, 0, 0, 0, 0, 0, 0, 0, 0, 0, 0, 0, 0, 0, 0, 0, 0, 0, 0, 0, 0, 0, 0, 0, 0, 0, 0, 0, 0, 0, 0, 0, 0, 0, 0, 0, 0, 0, 0, 0, 0, 0, 0, 0, 0, 0, 0, 0, 0, 0, 0, 0, 0, 0, 0, 0, 0, 0, 0, 0, 0, 0, 0, 0, 0, 0, 0, 0, 0, 0, 0, 0, 0, 0, 0, 0, 0, 0, 0, 0, 0, 0, 0, 0, 0, 0, 0, 0, 0, 0, 0, 0, 0, 0, 0, 0, 0, 0, 0, 0, 0, 0, 0, 0, 0, 0, 0, 0, 0, 0, 0, 0, 0, 0, 0, 0, 0, 0, 0, 0, 0, 0, 0, 0, 0, 0, 0, 0, 0, 0, 0, 0, 0, 0, 0, 0, 0, 0, 0, 0, 0, 0, 0, 0, 0, 0, 0, 0, 0, 0, 0, 0, 0, 0, 0, 0, 0, 0, 0, 0, 0, 0, 0, 0, 0, 0, 0, 0, 0, 0, 0, 0, 0, 0, 0, 0, 0, 0, 0, 0, 0, 0, 0, 0, 0, 0, 0, 0, 0, 0, 0, 0, 0, 0, 0, 0, 0, 0, 0, 0, 0, 0, 0, 0, 0, 0, 0, 0, 0, 0, 0, 0, 0, 0, 0, 0, 0, 0, 0, 0, 0, 0, 0, 0, 0, 0, 0, 0, 0, 0, 0, 0, 0, 0, 0, 0, 0, 0, 0, 0, 0, 0, 0, 0, 0, 0, 0, 0, 0, 0, 0, 0, 0, 0, 0, 0, 0, 0, 0, 0, 0, 0, 0, 0, 0, 0, 0, 0, 0, 0, 0, 0, 0, 0, 0, 0, 0, 0, 0, 0, 0, 0, 0, 0, 0, 0, 0, 0, 0, 0, 0, 0, 0, 0, 0, 0, 0, 0, 0, 0, 0, 0, 0, 0, 0, 0, 0, 0, 0, 0, 0, 0, 0, 0, 0, 0, 0, 0, 0, 0, 0, 0, 0, 0, 0, 0, 0, 0, 0, 0, 0, 0, 0, 0, 0, 0, 0, 0, 0, 0, 0, 0, 0, 0, 0, 0, 0, 0, 0, 0, 0, 0, 0, 0, 0, 0, 0, 0, 0, 0, 0, 0, 0, 0, 0, 0, 0, 0, 0, 0, 0, 0, 0, 0, 0, 0, 0, 0, 0, 0, 0, 0, 0, 0, 0, 0, 0, 0, 0, 0, 0, 0, 0, 0, 0, 0, 0, 0, 0, 0, 0, 0, 0, 0, 0, 0, 0, 0, 0, 0, 0, 0, 0, 0, 0, 0, 0, 0, 0, 0, 0, 0, 0, 0, 0, 0, 0, 0, 0, 0, 0, 0, 0, 0, 0, 0, 0, 0, 0, 0, 0, 0, 0, 0, 0, 0, 0, 0, 0, 0, 0, 0, 0, 0, 0, 0, 0, 0, 0, 0, 0, 0, 0, 0, 0, 0, 0, 0, 0, 0, 0, 0, 0, 0, 0, 0, 0, 0, 0, 0, 0, 0, 0, 0, 0, 0, 0, 0, 0, 0, 0, 0, 0, 0, 0, 0, 0, 0, 0, 0, 0, 0, 0, 0, 0, 0, 0, 0, 0, 0, 0, 0, 0, 0, 0, 0, 0, 0, 0, 0, 0, 0, 0, 0, 0, 0, 0, 0, 0, 0, 0, 0, 0, 0, 0, 0, 0, 0, 0, 0, 0, 0, 0, 0, 0, 0, 0, 0, 0, 0, 0, 0, 0, 0, 0, 0, 0, 0, 0, 0, 0, 0, 0, 0, 0, 0, 0, 0, 0, 0, 0, 0, 0, 0, 0, 0, 0, 0, 0, 0, 0, 0, 0, 0, 0, 0, 0, 0, 0, 0, 0, 0, 0, 0, 0, 0, 0, 0, 0, 0, 0, 0, 0, 0, 0, 0, 0, 0, 0, 0, 0, 0, 0, 0, 0, 0, 0, 0, 0, 0, 0, 0, 0, 0, 0, 0, 0, 0, 0, 0, 0, 0, 0, 0, 0, 0, 0, 0, 0, 0, 0, 0, 0, 0, 0, 0, 0, 0, 0, 0, 0, 0, 0, 0, 0, 0, 0, 0, 0, 0, 0, 0, 0, 0, 0, 0, 0, 0, 0, 0, 0, 0, 0, 0, 0, 0, 0, 0, 0, 0, 0, 0, 0, 0, 0, 0, 0, 0, 0, 0, 0, 0, 0, 0, 0, 0, 0, 0, 0, 0, 0, 0, 0, 0, 0, 0, 0, 0, 0, 0, 0, 0, 0, 0, 0, 0, 0, 0, 0, 0, 0, 0, 0, 0, 0, 0, 0, 0, 0, 0, 0, 0, 0, 0, 0, 0, 0, 0, 0, 0, 0, 0, 0, 0, 0, 0, 0, 0, 0, 0, 0, 0, 0, 0, 0, 0, 0, 0, 0, 0, 0, 0, 0, 0, 0, 0, 0, 0, 0, 0, 0, 0, 0, 0, 0, 0, 0, 0, 0, 0, 0, 0, 0, 0, 0, 0, 0, 0, 0, 0, 0, 0, 0, 0, 0, 0, 0, 0, 0, 0, 0, 0, 0, 0, 0, 0, 0, 0, 0, 0, 0, 0, 0, 0, 0, 0, 0, 0, 0, 0, 0, 0, 0, 0, 0, 0, 0, 0, 0, 0, 0, 0, 0, 0, 0, 0, 0, 0, 0, 0, 0, 0, 0, 0, 0, 0, 0, 0, 0, 0, 0, 0, 0, 0, 0, 0, 0, 0, 0, 0, 0, 0, 0, 0, 0, 0, 0, 0, 0, 0, 0, 0, 0, 0, 0, 0, 0, 0, 0, 0, 0, 0, 0, 0, 0, 0, 0, 0, 0, 0, 0, 0, 0, 0, 0, 0, 0, 0, 0, 0, 0, 0, 0, 0, 0, 0, 0, 0, 0, 0, 0, 0, 0, 0, 0, 0, 0, 0, 0, 0, 0, 0, 0, 0, 0, 0, 0, 0, 0, 0, 0, 0, 0, 0, 0, 0, 0, 0, 0, 0, 0, 0, 0, 0, 0, 0, 0, 0, 0, 0, 0, 0, 0, 0, 0, 0, 0, 0, 0, 0, 0, 0, 0, 0, 0, 0, 0, 0, 0, 0, 0, 0, 0, 0, 0, 0, 0, 0, 0, 0, 0, 0, 0, 0, 0, 0, 0, 0, 0, 0, 0, 0, 0, 0, 0, 0, 0, 0, 0, 0, 0, 0, 0, 0, 0, 0, 0, 0, 0, 0, 0, 0, 0, 0, 0, 0, 0, 0], objects=[], opacity=0.0, draworder=), Layer(width=0, height=0, name=Object Layer 1, type=objectgroup, visible=false, x=0, y=0, data=[], objects=[com.almasb.fxgl.entity.level.tiled.TiledObject@164270da, com.almasb.fxgl.entity.level.tiled.TiledObject@224937da, com.almasb.fxgl.entity.level.tiled.TiledObject@17ea1ac, com.almasb.fxgl.entity.level.tiled.TiledObject@30b67dc8, com.almasb.fxgl.entity.level.tiled.TiledObject@35771fa4, com.almasb.fxgl.entity.level.tiled.TiledObject@5e6b0937, com.almasb.fxgl.entity.level.tiled.TiledObject@2aeca097, com.almasb.fxgl.entity.level.tiled.TiledObject@2937c03f, com.almasb.fxgl.entity.level.tiled.TiledObject@24306082, com.almasb.fxgl.entity.level.tiled.TiledObject@2294f782, com.almasb.fxgl.entity.level.tiled.TiledObject@6d33135f, com.almasb.fxgl.entity.level.tiled.TiledObject@7a1200fe, com.almasb.fxgl.entity.level.tiled.TiledObject@5d815b4e, com.almasb.fxgl.entity.level.tiled.TiledObject@58ac9f9b, com.almasb.fxgl.entity.level.tiled.TiledObject@2d70d63a], opacity=0.0, draworder=)], tilesets=[Tileset(firstgid=1, image=tiles_spritesheet.png, name=tiles_spreadsheet, tilewidth=70, tileheight=70, imagewidth=914, imageheight=936, margin=0, spacing=2, columns=12, tilecount=156, transparentcolor=, tiles=[]), Tileset(firstgid=157, image=tiles_spritesheet.png, name=tiles, tilewidth=70, tileheight=70, imagewidth=914, imageheight=936, margin=0, spacing=2, columns=12, tilecount=156, transparentcolor=, tiles=[])], backgroundcolor=, renderorder=right-down, nextobjectid=21, version=1, tiledversion=1.8.4, type=map, infinite=false, hexsidelength=0, staggeraxis=, staggerindex=, properties={}, propertytypes={})
14:10:02.173 [FXGL Background Thread 4 ] DEBUG TMXLevelLoader       - Creating tile layer entities
14:10:02.205 [FXGL Background Thread 4 ] DEBUG TilesetLoader        - Loading view for layer Tile Layer 1
14:10:02.262 [FXGL Background Thread 4 ] DEBUG TilesetLoader        - Created buffer with size 7350.0x1960.0
14:10:02.347 [FXGL Background Thread 4 ] DEBUG TilesetLoader        - Writing to buffer: dst=4410,0, w=70,h=70, src=792,72
14:10:02.365 [FXGL Background Thread 4 ] DEBUG TilesetLoader        - Writing to buffer: dst=4480,0, w=70,h=70, src=792,72
14:10:02.369 [FXGL Background Thread 4 ] DEBUG TilesetLoader        - Writing to buffer: dst=4550,0, w=70,h=70, src=792,72
14:10:02.372 [FXGL Background Thread 4 ] DEBUG TilesetLoader        - Writing to buffer: dst=4620,0, w=70,h=70, src=792,72
14:10:02.375 [FXGL Background Thread 4 ] DEBUG TilesetLoader        - Writing to buffer: dst=4690,0, w=70,h=70, src=792,72
14:10:02.381 [FXGL Background Thread 4 ] DEBUG TilesetLoader        - Writing to buffer: dst=4760,0, w=70,h=70, src=792,72
14:10:02.394 [FXGL Background Thread 4 ] DEBUG TilesetLoader        - Writing to buffer: dst=4830,0, w=70,h=70, src=792,72
14:10:02.402 [FXGL Background Thread 4 ] DEBUG TilesetLoader        - Writing to buffer: dst=4900,0, w=70,h=70, src=792,72
14:10:02.408 [FXGL Background Thread 4 ] DEBUG TilesetLoader        - Writing to buffer: dst=4970,0, w=70,h=70, src=792,72
14:10:02.413 [FXGL Background Thread 4 ] DEBUG TilesetLoader        - Writing to buffer: dst=5040,0, w=70,h=70, src=792,72
14:10:02.417 [FXGL Background Thread 4 ] DEBUG TilesetLoader        - Writing to buffer: dst=5110,0, w=70,h=70, src=792,72
14:10:02.420 [FXGL Background Thread 4 ] DEBUG TilesetLoader        - Writing to buffer: dst=5180,0, w=70,h=70, src=792,72
14:10:02.423 [FXGL Background Thread 4 ] DEBUG TilesetLoader        - Writing to buffer: dst=5250,0, w=70,h=70, src=792,72
14:10:02.429 [FXGL Background Thread 4 ] DEBUG TilesetLoader        - Writing to buffer: dst=5320,0, w=70,h=70, src=792,72
14:10:02.439 [FXGL Background Thread 4 ] DEBUG TilesetLoader        - Writing to buffer: dst=5950,70, w=70,h=70, src=792,72
14:10:02.467 [FXGL Background Thread 4 ] DEBUG TilesetLoader        - Writing to buffer: dst=6020,70, w=70,h=70, src=792,72
14:10:02.485 [FXGL Background Thread 4 ] DEBUG TilesetLoader        - Writing to buffer: dst=6090,70, w=70,h=70, src=792,72
14:10:02.498 [FXGL Background Thread 4 ] DEBUG TilesetLoader        - Writing to buffer: dst=6160,70, w=70,h=70, src=792,72
14:10:02.506 [FXGL Background Thread 4 ] DEBUG TilesetLoader        - Writing to buffer: dst=6230,70, w=70,h=70, src=792,72
14:10:02.511 [FXGL Background Thread 4 ] DEBUG TilesetLoader        - Writing to buffer: dst=6300,70, w=70,h=70, src=792,72
14:10:02.516 [FXGL Background Thread 4 ] DEBUG TilesetLoader        - Writing to buffer: dst=6370,70, w=70,h=70, src=792,72
14:10:02.521 [FXGL Background Thread 4 ] DEBUG TilesetLoader        - Writing to buffer: dst=1610,140, w=70,h=70, src=792,72
14:10:02.526 [FXGL Background Thread 4 ] DEBUG TilesetLoader        - Writing to buffer: dst=1680,140, w=70,h=70, src=792,72
14:10:02.531 [FXGL Background Thread 4 ] DEBUG TilesetLoader        - Writing to buffer: dst=1750,140, w=70,h=70, src=792,72
14:10:02.536 [FXGL Background Thread 4 ] DEBUG TilesetLoader        - Writing to buffer: dst=1820,140, w=70,h=70, src=792,72
14:10:02.542 [FXGL Background Thread 4 ] DEBUG TilesetLoader        - Writing to buffer: dst=1890,140, w=70,h=70, src=792,72
14:10:02.547 [FXGL Background Thread 4 ] DEBUG TilesetLoader        - Writing to buffer: dst=1960,140, w=70,h=70, src=792,72
14:10:02.552 [FXGL Background Thread 4 ] DEBUG TilesetLoader        - Writing to buffer: dst=2030,140, w=70,h=70, src=792,72
14:10:02.557 [FXGL Background Thread 4 ] DEBUG TilesetLoader        - Writing to buffer: dst=3920,280, w=70,h=70, src=792,72
14:10:02.562 [FXGL Background Thread 4 ] DEBUG TilesetLoader        - Writing to buffer: dst=3990,280, w=70,h=70, src=792,72
14:10:02.565 [FXGL Background Thread 4 ] DEBUG TilesetLoader        - Writing to buffer: dst=4060,280, w=70,h=70, src=792,72
14:10:02.570 [FXGL Background Thread 4 ] DEBUG TilesetLoader        - Writing to buffer: dst=4130,280, w=70,h=70, src=792,72
14:10:02.580 [FXGL Background Thread 4 ] DEBUG TilesetLoader        - Writing to buffer: dst=4200,280, w=70,h=70, src=792,72
14:10:02.588 [FXGL Background Thread 4 ] DEBUG TilesetLoader        - Writing to buffer: dst=4270,280, w=70,h=70, src=792,72
14:10:02.592 [FXGL Background Thread 4 ] DEBUG TilesetLoader        - Writing to buffer: dst=1050,350, w=70,h=70, src=792,72
14:10:02.595 [FXGL Background Thread 4 ] DEBUG TilesetLoader        - Writing to buffer: dst=1120,350, w=70,h=70, src=792,72
14:10:02.599 [FXGL Background Thread 4 ] DEBUG TilesetLoader        - Writing to buffer: dst=1190,350, w=70,h=70, src=792,72
14:10:02.603 [FXGL Background Thread 4 ] DEBUG TilesetLoader        - Writing to buffer: dst=1260,350, w=70,h=70, src=792,72
14:10:02.607 [FXGL Background Thread 4 ] DEBUG TilesetLoader        - Writing to buffer: dst=1330,350, w=70,h=70, src=792,72
14:10:02.609 [FXGL Background Thread 4 ] DEBUG TilesetLoader        - Writing to buffer: dst=1400,350, w=70,h=70, src=792,72
14:10:02.614 [FXGL Background Thread 4 ] DEBUG TilesetLoader        - Writing to buffer: dst=1470,350, w=70,h=70, src=792,72
14:10:02.619 [FXGL Background Thread 4 ] DEBUG TilesetLoader        - Writing to buffer: dst=5390,350, w=70,h=70, src=792,72
14:10:02.626 [FXGL Background Thread 4 ] DEBUG TilesetLoader        - Writing to buffer: dst=5460,350, w=70,h=70, src=792,72
14:10:02.629 [FXGL Background Thread 4 ] DEBUG TilesetLoader        - Writing to buffer: dst=5530,350, w=70,h=70, src=792,72
14:10:02.630 [FXGL Background Thread 4 ] DEBUG TilesetLoader        - Writing to buffer: dst=5600,350, w=70,h=70, src=792,72
14:10:02.632 [FXGL Background Thread 4 ] DEBUG TilesetLoader        - Writing to buffer: dst=5670,350, w=70,h=70, src=792,72
14:10:02.638 [FXGL Background Thread 4 ] DEBUG TilesetLoader        - Writing to buffer: dst=5740,350, w=70,h=70, src=792,72
14:10:02.645 [FXGL Background Thread 4 ] DEBUG TilesetLoader        - Writing to buffer: dst=5810,350, w=70,h=70, src=792,72
14:10:02.649 [FXGL Background Thread 4 ] DEBUG TilesetLoader        - Writing to buffer: dst=2240,420, w=70,h=70, src=792,72
14:10:02.656 [FXGL Background Thread 4 ] DEBUG TilesetLoader        - Writing to buffer: dst=2310,420, w=70,h=70, src=792,72
14:10:02.659 [FXGL Background Thread 4 ] DEBUG TilesetLoader        - Writing to buffer: dst=2380,420, w=70,h=70, src=792,72
14:10:02.661 [FXGL Background Thread 4 ] DEBUG TilesetLoader        - Writing to buffer: dst=2450,420, w=70,h=70, src=792,72
14:10:02.663 [FXGL Background Thread 4 ] DEBUG TilesetLoader        - Writing to buffer: dst=2520,420, w=70,h=70, src=792,72
14:10:02.665 [FXGL Background Thread 4 ] DEBUG TilesetLoader        - Writing to buffer: dst=2590,420, w=70,h=70, src=792,72
14:10:02.673 [FXGL Background Thread 4 ] DEBUG TilesetLoader        - Writing to buffer: dst=2660,420, w=70,h=70, src=792,72
14:10:02.680 [FXGL Background Thread 4 ] DEBUG TilesetLoader        - Writing to buffer: dst=3430,490, w=70,h=70, src=792,72
14:10:02.685 [FXGL Background Thread 4 ] DEBUG TilesetLoader        - Writing to buffer: dst=3500,490, w=70,h=70, src=792,72
14:10:02.688 [FXGL Background Thread 4 ] DEBUG TilesetLoader        - Writing to buffer: dst=3570,490, w=70,h=70, src=792,72
14:10:02.691 [FXGL Background Thread 4 ] DEBUG TilesetLoader        - Writing to buffer: dst=3640,490, w=70,h=70, src=792,72
14:10:02.697 [FXGL Background Thread 4 ] DEBUG TilesetLoader        - Writing to buffer: dst=3710,490, w=70,h=70, src=792,72
14:10:02.702 [FXGL Background Thread 4 ] DEBUG TilesetLoader        - Writing to buffer: dst=3780,490, w=70,h=70, src=792,72
14:10:02.707 [FXGL Background Thread 4 ] DEBUG TilesetLoader        - Writing to buffer: dst=0,560, w=70,h=70, src=792,144
14:10:02.711 [FXGL Background Thread 4 ] DEBUG TilesetLoader        - Writing to buffer: dst=70,560, w=70,h=70, src=792,144
14:10:02.714 [FXGL Background Thread 4 ] DEBUG TilesetLoader        - Writing to buffer: dst=140,560, w=70,h=70, src=792,144
14:10:02.718 [FXGL Background Thread 4 ] DEBUG TilesetLoader        - Writing to buffer: dst=210,560, w=70,h=70, src=792,144
14:10:02.724 [FXGL Background Thread 4 ] DEBUG TilesetLoader        - Writing to buffer: dst=280,560, w=70,h=70, src=792,144
14:10:02.729 [FXGL Background Thread 4 ] DEBUG TilesetLoader        - Writing to buffer: dst=350,560, w=70,h=70, src=792,144
14:10:02.732 [FXGL Background Thread 4 ] DEBUG TilesetLoader        - Writing to buffer: dst=420,560, w=70,h=70, src=792,144
14:10:02.741 [FXGL Background Thread 4 ] DEBUG TilesetLoader        - Writing to buffer: dst=490,560, w=70,h=70, src=792,144
14:10:02.745 [FXGL Background Thread 4 ] DEBUG TilesetLoader        - Writing to buffer: dst=560,560, w=70,h=70, src=792,144
14:10:02.750 [FXGL Background Thread 4 ] DEBUG TilesetLoader        - Writing to buffer: dst=630,560, w=70,h=70, src=792,144
14:10:02.755 [FXGL Background Thread 4 ] DEBUG TilesetLoader        - Writing to buffer: dst=700,560, w=70,h=70, src=792,144
14:10:02.759 [FXGL Background Thread 4 ] DEBUG TilesetLoader        - Writing to buffer: dst=770,560, w=70,h=70, src=792,144
14:10:02.764 [FXGL Background Thread 4 ] DEBUG TilesetLoader        - Writing to buffer: dst=4410,560, w=70,h=70, src=792,72
14:10:02.767 [FXGL Background Thread 4 ] DEBUG TilesetLoader        - Writing to buffer: dst=4480,560, w=70,h=70, src=792,72
14:10:02.772 [FXGL Background Thread 4 ] DEBUG TilesetLoader        - Writing to buffer: dst=4550,560, w=70,h=70, src=792,72
14:10:02.779 [FXGL Background Thread 4 ] DEBUG TilesetLoader        - Writing to buffer: dst=4620,560, w=70,h=70, src=792,72
14:10:02.782 [FXGL Background Thread 4 ] DEBUG TilesetLoader        - Writing to buffer: dst=4690,560, w=70,h=70, src=792,72
14:10:02.787 [FXGL Background Thread 4 ] DEBUG TilesetLoader        - Writing to buffer: dst=4760,560, w=70,h=70, src=792,72
14:10:02.790 [FXGL Background Thread 4 ] DEBUG TilesetLoader        - Writing to buffer: dst=1610,630, w=70,h=70, src=792,72
14:10:02.793 [FXGL Background Thread 4 ] DEBUG TilesetLoader        - Writing to buffer: dst=1680,630, w=70,h=70, src=792,72
14:10:02.796 [FXGL Background Thread 4 ] DEBUG TilesetLoader        - Writing to buffer: dst=1750,630, w=70,h=70, src=792,72
14:10:02.799 [FXGL Background Thread 4 ] DEBUG TilesetLoader        - Writing to buffer: dst=1820,630, w=70,h=70, src=792,72
14:10:02.804 [FXGL Background Thread 4 ] DEBUG TilesetLoader        - Writing to buffer: dst=1890,630, w=70,h=70, src=792,72
14:10:02.809 [FXGL Background Thread 4 ] DEBUG TilesetLoader        - Writing to buffer: dst=1960,630, w=70,h=70, src=792,72
14:10:02.813 [FXGL Background Thread 4 ] DEBUG TilesetLoader        - Writing to buffer: dst=2030,630, w=70,h=70, src=792,72
14:10:02.818 [FXGL Background Thread 4 ] DEBUG TilesetLoader        - Writing to buffer: dst=2800,700, w=70,h=70, src=792,72
14:10:02.821 [FXGL Background Thread 4 ] DEBUG TilesetLoader        - Writing to buffer: dst=2870,700, w=70,h=70, src=792,72
14:10:02.825 [FXGL Background Thread 4 ] DEBUG TilesetLoader        - Writing to buffer: dst=2940,700, w=70,h=70, src=792,72
14:10:02.828 [FXGL Background Thread 4 ] DEBUG TilesetLoader        - Writing to buffer: dst=3010,700, w=70,h=70, src=792,72
14:10:02.831 [FXGL Background Thread 4 ] DEBUG TilesetLoader        - Writing to buffer: dst=3080,700, w=70,h=70, src=792,72
14:10:02.834 [FXGL Background Thread 4 ] DEBUG TilesetLoader        - Writing to buffer: dst=3150,700, w=70,h=70, src=792,72
14:10:02.841 [FXGL Background Thread 4 ] DEBUG TilesetLoader        - Writing to buffer: dst=3220,700, w=70,h=70, src=792,72
14:10:02.846 [FXGL Background Thread 4 ] DEBUG TilesetLoader        - Writing to buffer: dst=5950,700, w=70,h=70, src=792,72
14:10:02.854 [FXGL Background Thread 4 ] DEBUG TilesetLoader        - Writing to buffer: dst=6020,700, w=70,h=70, src=792,72
14:10:02.857 [FXGL Background Thread 4 ] DEBUG TilesetLoader        - Writing to buffer: dst=6090,700, w=70,h=70, src=792,72
14:10:02.861 [FXGL Background Thread 4 ] DEBUG TilesetLoader        - Writing to buffer: dst=6160,700, w=70,h=70, src=792,72
14:10:02.868 [FXGL Background Thread 4 ] DEBUG TilesetLoader        - Writing to buffer: dst=6230,700, w=70,h=70, src=792,72
14:10:02.872 [FXGL Background Thread 4 ] DEBUG TilesetLoader        - Writing to buffer: dst=6300,700, w=70,h=70, src=792,72
14:10:02.874 [FXGL Background Thread 4 ] DEBUG TilesetLoader        - Writing to buffer: dst=6370,700, w=70,h=70, src=792,72
14:10:02.879 [FXGL Background Thread 4 ] DEBUG TilesetLoader        - Writing to buffer: dst=6860,700, w=70,h=70, src=792,72
14:10:02.884 [FXGL Background Thread 4 ] DEBUG TilesetLoader        - Writing to buffer: dst=6930,700, w=70,h=70, src=792,72
14:10:02.888 [FXGL Background Thread 4 ] DEBUG TilesetLoader        - Writing to buffer: dst=7000,700, w=70,h=70, src=792,72
14:10:02.890 [FXGL Background Thread 4 ] DEBUG TilesetLoader        - Writing to buffer: dst=7070,700, w=70,h=70, src=792,72
14:10:02.893 [FXGL Background Thread 4 ] DEBUG TilesetLoader        - Writing to buffer: dst=7140,700, w=70,h=70, src=792,72
14:10:02.895 [FXGL Background Thread 4 ] DEBUG TilesetLoader        - Writing to buffer: dst=7210,700, w=70,h=70, src=792,72
14:10:02.897 [FXGL Background Thread 4 ] DEBUG TilesetLoader        - Writing to buffer: dst=7280,700, w=70,h=70, src=792,72
14:10:02.906 [FXGL Background Thread 4 ] DEBUG TMXLevelLoader       - Creating object layer entities
14:10:02.920 [FXGL Background Thread 2 ] INFO  UpdaterService       - Your current version:  11.14
14:10:02.929 [FXGL Background Thread 2 ] INFO  UpdaterService       - Latest stable version: 17.1
14:10:02.973 [FXGL Background Thread 4 ] DEBUG GameWorld            - Clearing removable entities
14:10:02.976 [FXGL Background Thread 4 ] DEBUG GameWorld            - Setting level: com.almasb.fxgl.entity.level.Level@284a773f
14:10:02.990 [FXGL Background Thread 4 ] INFO  FXGLApplication      - Game initialization took: 0,923 sec
14:10:02.994 [JavaFX Application Thread] DEBUG Input                - Clearing active input actions
14:10:03.042 [JavaFX Application Thread] DEBUG GameApplicationServi - Removing overlay from FXGLLoadingScene and adding to GameScene
14:10:03.044 [JavaFX Application Thread] DEBUG PrimaryStageWindow   - FXGLLoadingScene -> GameScene
14:10:04.830 [FXGL Background Thread 3 ] DEBUG Engine               - Logging environment variables
14:10:04.833 [FXGL Background Thread 3 ] DEBUG Engine               - achievements: []
14:10:04.835 [FXGL Background Thread 3 ] DEBUG Engine               - actualHeight: 864.0
14:10:04.838 [FXGL Background Thread 3 ] DEBUG Engine               - actualHeightProperty: ReadOnlyDoubleProperty [value: 864.0]
14:10:04.840 [FXGL Background Thread 3 ] DEBUG Engine               - actualWidth: 1271.0
14:10:04.841 [FXGL Background Thread 3 ] DEBUG Engine               - actualWidthProperty: ReadOnlyDoubleProperty [value: 1271.0]
14:10:04.842 [FXGL Background Thread 3 ] DEBUG Engine               - appIcon: fxgl_icon.png
14:10:04.844 [FXGL Background Thread 3 ] DEBUG Engine               - applicationMode: DEVELOPER
14:10:04.846 [FXGL Background Thread 3 ] DEBUG Engine               - cSSList: [fxgl_dark.css]
14:10:04.847 [FXGL Background Thread 3 ] DEBUG Engine               - collisionDetectionStrategy: BRUTE_FORCE
14:10:04.848 [FXGL Background Thread 3 ] DEBUG Engine               - configClass: Optional.empty
14:10:04.849 [FXGL Background Thread 3 ] DEBUG Engine               - credits: []
14:10:04.855 [FXGL Background Thread 3 ] DEBUG Engine               - devBBoxColorProperty: ObjectProperty [value: 0xff0000ff]
14:10:04.856 [FXGL Background Thread 3 ] DEBUG Engine               - devEnableDebugCameraProperty: BooleanProperty [value: false]
14:10:04.858 [FXGL Background Thread 3 ] DEBUG Engine               - devSensorColorProperty: ObjectProperty [value: 0xffff00ff]
14:10:04.860 [FXGL Background Thread 3 ] DEBUG Engine               - devShowBBoxProperty: BooleanProperty [value: false]
14:10:04.861 [FXGL Background Thread 3 ] DEBUG Engine               - devShowPositionProperty: BooleanProperty [value: false]
14:10:04.862 [FXGL Background Thread 3 ] DEBUG Engine               - enabledMenuItems: []
14:10:04.866 [FXGL Background Thread 3 ] DEBUG Engine               - engineServices: [class com.almasb.fxgl.app.services.FXGLAssetLoaderService, class com.almasb.fxgl.app.FXGLApplication$GameApplicationService, class com.almasb.fxgl.app.services.FXGLDialogService, class com.almasb.fxgl.app.services.IOTaskExecutorService, class com.almasb.fxgl.event.EventBusService, class com.almasb.fxgl.io.FileSystemService, class com.almasb.fxgl.localization.LocalizationService, class com.almasb.fxgl.app.services.SystemBundleService, class com.almasb.fxgl.profile.SaveLoadService, class com.almasb.fxgl.ui.FXGLUIFactoryServiceProvider, class com.almasb.fxgl.ui.FXGLDialogFactoryServiceProvider, class com.almasb.fxgl.audio.AudioPlayer, class com.almasb.fxgl.notification.impl.NotificationServiceProvider, class com.almasb.fxgl.achievement.AchievementService, class com.almasb.fxgl.cutscene.CutsceneService, class com.almasb.fxgl.minigames.MiniGameService, class com.almasb.fxgl.net.NetService, class com.almasb.fxgl.app.services.UpdaterService, class com.almasb.fxgl.dev.DevService]
14:10:04.867 [FXGL Background Thread 3 ] DEBUG Engine               - fontGame: Abel-Regular.ttf
14:10:04.872 [FXGL Background Thread 3 ] DEBUG Engine               - fontMono: lucida_console.ttf
14:10:04.874 [FXGL Background Thread 3 ] DEBUG Engine               - fontText: Courier-Prime.ttf
14:10:04.876 [FXGL Background Thread 3 ] DEBUG Engine               - fontUI: VarelaRound-Regular.ttf
14:10:04.877 [FXGL Background Thread 3 ] DEBUG Engine               - fullScreen: BooleanProperty [value: false]
14:10:04.878 [FXGL Background Thread 3 ] DEBUG Engine               - gameDifficulty: MEDIUM
14:10:04.879 [FXGL Background Thread 3 ] DEBUG Engine               - gameDifficultyProperty: ObjectProperty [value: MEDIUM]
14:10:04.880 [FXGL Background Thread 3 ] DEBUG Engine               - globalMusicVolume: 0.5
14:10:04.882 [FXGL Background Thread 3 ] DEBUG Engine               - globalMusicVolumeProperty: DoubleProperty [value: 0.5]
14:10:04.884 [FXGL Background Thread 3 ] DEBUG Engine               - globalSoundVolume: 0.5
14:10:04.885 [FXGL Background Thread 3 ] DEBUG Engine               - globalSoundVolumeProperty: DoubleProperty [value: 0.5]
14:10:04.887 [FXGL Background Thread 3 ] DEBUG Engine               - height: 1400
14:10:04.890 [FXGL Background Thread 3 ] DEBUG Engine               - isAndroid: false
14:10:04.893 [FXGL Background Thread 3 ] DEBUG Engine               - isBrowser: false
14:10:04.894 [FXGL Background Thread 3 ] DEBUG Engine               - isClickFeedbackEnabled: false
14:10:04.895 [FXGL Background Thread 3 ] DEBUG Engine               - isCloseConfirmation: false
14:10:04.896 [FXGL Background Thread 3 ] DEBUG Engine               - isDesktop: true
14:10:04.897 [FXGL Background Thread 3 ] DEBUG Engine               - isDeveloperMenuEnabled: false
14:10:04.898 [FXGL Background Thread 3 ] DEBUG Engine               - isEntityPreloadEnabled: true
14:10:04.899 [FXGL Background Thread 3 ] DEBUG Engine               - isExperimental3D: false
14:10:04.900 [FXGL Background Thread 3 ] DEBUG Engine               - isExperimentalNative: false
14:10:04.901 [FXGL Background Thread 3 ] DEBUG Engine               - isExperimentalTiledLargeMap: false
14:10:04.906 [FXGL Background Thread 3 ] DEBUG Engine               - isFileSystemWriteAllowed: true
14:10:04.908 [FXGL Background Thread 3 ] DEBUG Engine               - isFullScreenAllowed: false
14:10:04.910 [FXGL Background Thread 3 ] DEBUG Engine               - isFullScreenFromStart: false
14:10:04.911 [FXGL Background Thread 3 ] DEBUG Engine               - isGameMenuEnabled: true
14:10:04.912 [FXGL Background Thread 3 ] DEBUG Engine               - isIOS: false
14:10:04.913 [FXGL Background Thread 3 ] DEBUG Engine               - isIntroEnabled: false
14:10:04.914 [FXGL Background Thread 3 ] DEBUG Engine               - isLinux: false
14:10:04.915 [FXGL Background Thread 3 ] DEBUG Engine               - isMac: true
14:10:04.916 [FXGL Background Thread 3 ] DEBUG Engine               - isMainMenuEnabled: false
14:10:04.917 [FXGL Background Thread 3 ] DEBUG Engine               - isManualResizeEnabled: false
14:10:04.919 [FXGL Background Thread 3 ] DEBUG Engine               - isMobile: false
14:10:04.922 [FXGL Background Thread 3 ] DEBUG Engine               - isPreserveResizeRatio: false
14:10:04.924 [FXGL Background Thread 3 ] DEBUG Engine               - isProfilingEnabled: false
14:10:04.926 [FXGL Background Thread 3 ] DEBUG Engine               - isScaleAffectedOnResize: true
14:10:04.927 [FXGL Background Thread 3 ] DEBUG Engine               - isSingleStep: false
14:10:04.928 [FXGL Background Thread 3 ] DEBUG Engine               - isUserProfileEnabled: false
14:10:04.929 [FXGL Background Thread 3 ] DEBUG Engine               - isWindows: false
14:10:04.932 [FXGL Background Thread 3 ] DEBUG Engine               - language: ObjectProperty [value: ENGLISH]
14:10:04.933 [FXGL Background Thread 3 ] DEBUG Engine               - menuKey: ESCAPE
14:10:04.934 [FXGL Background Thread 3 ] DEBUG Engine               - notificationViewClass: class com.almasb.fxgl.notification.view.XboxNotificationView
14:10:04.935 [FXGL Background Thread 3 ] DEBUG Engine               - pixelsPerMeter: 50.0
14:10:04.938 [FXGL Background Thread 3 ] DEBUG Engine               - platform: MAC
14:10:04.939 [FXGL Background Thread 3 ] DEBUG Engine               - prefHeightProperty: ReadOnlyDoubleProperty [value: 1400.0]
14:10:04.940 [FXGL Background Thread 3 ] DEBUG Engine               - prefWidthProperty: ReadOnlyDoubleProperty [value: 2100.0]
14:10:04.942 [FXGL Background Thread 3 ] DEBUG Engine               - profileDir: profiles/
14:10:04.943 [FXGL Background Thread 3 ] DEBUG Engine               - profileName: StringProperty [value: DEFAULT]
14:10:04.945 [FXGL Background Thread 3 ] DEBUG Engine               - randomSeed: -1
14:10:04.946 [FXGL Background Thread 3 ] DEBUG Engine               - runtimeInfo: RuntimeInfo(platform=MAC, version=11.14, build=01.03.2021 16.59)
14:10:04.948 [FXGL Background Thread 3 ] DEBUG Engine               - saveFileExt: sav
14:10:04.949 [FXGL Background Thread 3 ] DEBUG Engine               - scaledHeightProp$fxgl: DoubleProperty [bound, value: 864.0]
14:10:04.951 [FXGL Background Thread 3 ] DEBUG Engine               - scaledWidthProp$fxgl: DoubleProperty [bound, value: 1271.0]
14:10:04.952 [FXGL Background Thread 3 ] DEBUG Engine               - sceneFactory: com.almasb.fxgl.app.scene.SceneFactory@1b24e543
14:10:04.954 [FXGL Background Thread 3 ] DEBUG Engine               - secondsIn24h: 60
14:10:04.956 [FXGL Background Thread 3 ] DEBUG Engine               - soundMenuBack: menu/back.wav
14:10:04.958 [FXGL Background Thread 3 ] DEBUG Engine               - soundMenuPress: menu/press.wav
14:10:04.959 [FXGL Background Thread 3 ] DEBUG Engine               - soundMenuSelect: menu/select.wav
14:10:04.960 [FXGL Background Thread 3 ] DEBUG Engine               - soundNotification: core/notification.wav
14:10:04.961 [FXGL Background Thread 3 ] DEBUG Engine               - stageStyle: DECORATED
14:10:04.962 [FXGL Background Thread 3 ] DEBUG Engine               - supportedLanguages: [ENGLISH, FRENCH, GERMAN, HUNGARIAN, RUSSIAN]
14:10:04.963 [FXGL Background Thread 3 ] DEBUG Engine               - ticksPerSecond: -1
14:10:04.965 [FXGL Background Thread 3 ] DEBUG Engine               - title: TestApp
14:10:04.966 [FXGL Background Thread 3 ] DEBUG Engine               - urlGithub: https://github.com/AlmasB/FXGL
14:10:04.967 [FXGL Background Thread 3 ] DEBUG Engine               - urlLeaderboard: http://fxgl-top.herokuapp.com/
14:10:04.968 [FXGL Background Thread 3 ] DEBUG Engine               - urlPOM: https://raw.githubusercontent.com/AlmasB/FXGL/release/README.md
14:10:04.972 [FXGL Background Thread 3 ] DEBUG Engine               - userAppClass: class Game
14:10:04.973 [FXGL Background Thread 3 ] DEBUG Engine               - version: 5.0
14:10:04.974 [FXGL Background Thread 3 ] DEBUG Engine               - versionCheckDays: 7
14:10:04.975 [FXGL Background Thread 3 ] DEBUG Engine               - width: 2100
14:10:04.977 [FXGL Background Thread 3 ] DEBUG Engine               - Logging services
14:10:04.979 [FXGL Background Thread 3 ] DEBUG Engine               - class com.almasb.fxgl.app.services.FXGLAssetLoaderService
14:10:04.980 [FXGL Background Thread 3 ] DEBUG Engine               - class com.almasb.fxgl.app.FXGLApplication$GameApplicationService
14:10:04.981 [FXGL Background Thread 3 ] DEBUG Engine               - class com.almasb.fxgl.app.services.FXGLDialogService
14:10:04.982 [FXGL Background Thread 3 ] DEBUG Engine               - class com.almasb.fxgl.app.services.IOTaskExecutorService
14:10:04.983 [FXGL Background Thread 3 ] DEBUG Engine               - class com.almasb.fxgl.event.EventBusService
14:10:04.984 [FXGL Background Thread 3 ] DEBUG Engine               - class com.almasb.fxgl.io.FileSystemService
14:10:04.985 [FXGL Background Thread 3 ] DEBUG Engine               - class com.almasb.fxgl.localization.LocalizationService
14:10:04.988 [FXGL Background Thread 3 ] DEBUG Engine               - class com.almasb.fxgl.app.services.SystemBundleService
14:10:04.988 [FXGL Background Thread 3 ] DEBUG Engine               - class com.almasb.fxgl.profile.SaveLoadService
14:10:04.989 [FXGL Background Thread 3 ] DEBUG Engine               - class com.almasb.fxgl.ui.FXGLUIFactoryServiceProvider
14:10:04.990 [FXGL Background Thread 3 ] DEBUG Engine               - class com.almasb.fxgl.ui.FXGLDialogFactoryServiceProvider
14:10:04.991 [FXGL Background Thread 3 ] DEBUG Engine               - class com.almasb.fxgl.audio.AudioPlayer
14:10:04.992 [FXGL Background Thread 3 ] DEBUG Engine               - class com.almasb.fxgl.notification.impl.NotificationServiceProvider
14:10:04.993 [FXGL Background Thread 3 ] DEBUG Engine               - class com.almasb.fxgl.achievement.AchievementService
14:10:04.994 [FXGL Background Thread 3 ] DEBUG Engine               - class com.almasb.fxgl.cutscene.CutsceneService
14:10:04.997 [FXGL Background Thread 3 ] DEBUG Engine               - class com.almasb.fxgl.minigames.MiniGameService
14:10:04.998 [FXGL Background Thread 3 ] DEBUG Engine               - class com.almasb.fxgl.net.NetService
14:10:04.999 [FXGL Background Thread 3 ] DEBUG Engine               - class com.almasb.fxgl.app.services.UpdaterService
14:10:05.000 [FXGL Background Thread 3 ] DEBUG Engine               - class com.almasb.fxgl.dev.DevService
14:10:44.609 [JavaFX Application Thread] DEBUG FXGLApplication      - Exiting FXGL
14:10:44.618 [JavaFX Application Thread] DEBUG LoopRunner           - Stopping loop
14:10:44.619 [JavaFX Application Thread] DEBUG SystemBundleService  - Saving FXGL system data
14:10:44.628 [JavaFX Application Thread] DEBUG FileSystemAccess     - Writing to: /Users/matthew/IdeaProjects/ipose_game/system/fxgl.bundle
14:10:44.634 [JavaFX Application Thread] DEBUG Async                - Shutting down background threads
14:10:44.639 [JavaFX Application Thread] DEBUG PrimaryStageWindow   - Closing main window
14:10:44.656 [JavaFX Application Thread] DEBUG Logger               - Closing Logger
