14:19:08.253 [main                     ] DEBUG Logger               - Configured Logger
14:19:08.280 [main                     ] DEBUG GameApplication      - Logging settings
Title: TestApp
Version: 5.0
Width: 2100
Height: 1400
Fullscreen: false
Intro: false
Profiling: false
Single step:false
App Mode: DEVELOPER
Menu Key: ESCAPE
Stage Style: DECORATED
Scene Factory: class com.almasb.fxgl.app.scene.SceneFactory

14:19:08.650 [JavaFX Application Thread] DEBUG FXGLApplication      - Initializing FXGL
14:19:08.655 [JavaFX Application Thread] INFO  Engine               - FXGL-11.14 (01.03.2021 16.59) on MAC (J:15.0.2 FX:15)
14:19:08.655 [JavaFX Application Thread] DEBUG Engine               - JRE Vendor Name: Oracle Corporation
14:19:08.656 [JavaFX Application Thread] DEBUG Engine               - Running on OS: Mac OS X version 10.16
14:19:08.656 [JavaFX Application Thread] DEBUG Engine               - Architecture: x86_64
14:19:08.656 [JavaFX Application Thread] INFO  Engine               - Source code and latest versions at: https://github.com/AlmasB/FXGL
14:19:08.656 [JavaFX Application Thread] INFO  Engine               -              Join the FXGL chat at: https://gitter.im/AlmasB/FXGL
14:19:08.778 [JavaFX Application Thread] DEBUG PrimaryStageWindow   - Creating a JavaFX scene
14:19:08.779 [JavaFX Application Thread] DEBUG PrimaryStageWindow   - Target size > screen size
14:19:08.834 [JavaFX Application Thread] DEBUG PrimaryStageWindow   - Target settings size: 2100.0 x 1400.0
14:19:08.834 [JavaFX Application Thread] DEBUG PrimaryStageWindow   - Scaled scene size:    1271.0 x 864.0
14:19:08.835 [JavaFX Application Thread] DEBUG PrimaryStageWindow   - Scaled ratio: (0.6052380952380952, 0.6171428571428571)
14:19:08.836 [JavaFX Application Thread] DEBUG PrimaryStageWindow   - Set initial scene to FXGLStartupScene
14:19:08.843 [JavaFX Application Thread] DEBUG PrimaryStageWindow   - Opening main window
14:19:09.005 [JavaFX Application Thread] DEBUG PrimaryStageWindow   - Window border size: (0.0, 28.0)
14:19:09.006 [JavaFX Application Thread] DEBUG PrimaryStageWindow   - Scaled size: 1271.0 x 864.0
14:19:09.006 [JavaFX Application Thread] DEBUG PrimaryStageWindow   - Scaled ratio: (0.6052380952380952, 0.6171428571428571)
14:19:09.006 [JavaFX Application Thread] DEBUG PrimaryStageWindow   - Scene size: 1271.0 x 864.0
14:19:09.007 [JavaFX Application Thread] DEBUG PrimaryStageWindow   - Stage size: 1271.0 x 892.0
14:19:09.015 [FXGL Background Thread 1 ] DEBUG Engine               - Initializing environment variables
14:19:09.087 [FXGL Background Thread 1 ] DEBUG FXGLAssetLoaderServi - User app class for loading assets: class Game
14:19:09.088 [FXGL Background Thread 1 ] DEBUG GameApplicationServi - Applying CSS: fxgl_dark.css
14:19:09.090 [FXGL Background Thread 1 ] DEBUG FXGLAssetLoaderServi - Loading from file system: jar:file:/Users/matthew/.m2/repository/com/github/almasb/fxgl/11.14/fxgl-11.14.jar!/fxglassets/ui/css/fxgl_dark.css
14:19:09.189 [FXGL Background Thread 1 ] DEBUG GameApplicationServi - Initializing application scenes
14:19:09.325 [FXGL Background Thread 1 ] DEBUG GameWorld            - Game world initialized
14:19:09.362 [FXGL Background Thread 1 ] DEBUG PhysicsWorld         - Physics world initialized: appHeight=1400, physics.ppm=50,0
14:19:09.364 [FXGL Background Thread 1 ] DEBUG PhysicsWorld         - Using strategy: BRUTE_FORCE
14:19:09.371 [FXGL Background Thread 1 ] DEBUG GameScene            - Game scene initialized: 2100x1400
14:19:09.428 [FXGL Background Thread 1 ] DEBUG FXGLAssetLoaderServi - Loading from file system: jar:file:/Users/matthew/.m2/repository/com/github/almasb/fxgl/11.14/fxgl-11.14.jar!/fxglassets/textures/particles/trace_horizontal.png
14:19:09.474 [FXGL Background Thread 1 ] DEBUG FXGL.DefaultMenu     - createMenuBodyGameMenu()
14:19:09.489 [FXGL Background Thread 1 ] DEBUG FXGL.DefaultMenu     - createOptionsMenu()
14:19:09.498 [FXGL Background Thread 1 ] DEBUG FXGLAssetLoaderServi - Loading from file system: jar:file:/Users/matthew/.m2/repository/com/github/almasb/fxgl/11.14/fxgl-11.14.jar!/fxglassets/textures/particles/smoke.png
14:19:09.589 [FXGL Background Thread 1 ] DEBUG GameApplicationServi - Application scenes initialized
14:19:09.600 [FXGL Background Thread 1 ] DEBUG SystemBundleService  - Loading FXGL system data
14:19:09.606 [FXGL Background Thread 1 ] DEBUG FileSystemAccess     - Reading from: /Users/matthew/IdeaProjects/ipose_game/system/fxgl.bundle
14:19:09.616 [FXGL Background Thread 1 ] DEBUG SystemBundleService  - Bundle FXGL: {}
14:19:09.618 [FXGL Background Thread 1 ] DEBUG UpdaterService       - Checking for updates
14:19:09.624 [FXGL Background Thread 4 ] DEBUG FXGLApplication      - Loading fonts
14:19:09.625 [FXGL Background Thread 1 ] DEBUG FXGLApplication      - Loading default localization
14:19:09.631 [FXGL Background Thread 1 ] DEBUG FXGLAssetLoaderServi - Loading from file system: jar:file:/Users/matthew/.m2/repository/com/github/almasb/fxgl/11.14/fxgl-11.14.jar!/fxglassets/languages/english.lang
14:19:09.630 [FXGL Background Thread 4 ] DEBUG FXGLAssetLoaderServi - Loading from file system: jar:file:/Users/matthew/.m2/repository/com/github/almasb/fxgl/11.14/fxgl-11.14.jar!/fxglassets/ui/fonts/VarelaRound-Regular.ttf
14:19:09.660 [FXGL Background Thread 4 ] DEBUG FXGLAssetLoaderServi - Loading from file system: jar:file:/Users/matthew/.m2/repository/com/github/almasb/fxgl/11.14/fxgl-11.14.jar!/fxglassets/ui/fonts/Abel-Regular.ttf
14:19:09.668 [FXGL Background Thread 1 ] INFO  FXGLApplication      - FXGL initialization took: 0,651 sec
14:19:09.673 [FXGL Background Thread 4 ] DEBUG FXGLAssetLoaderServi - Loading from file system: jar:file:/Users/matthew/.m2/repository/com/github/almasb/fxgl/11.14/fxgl-11.14.jar!/fxglassets/ui/fonts/lucida_console.ttf
14:19:09.679 [JavaFX Application Thread] DEBUG Input                - Registered new binding: Move up - W
14:19:09.686 [JavaFX Application Thread] DEBUG LoopRunner           - Stopping loop
14:19:09.685 [FXGL Background Thread 4 ] DEBUG FXGLAssetLoaderServi - Loading from file system: jar:file:/Users/matthew/.m2/repository/com/github/almasb/fxgl/11.14/fxgl-11.14.jar!/fxglassets/ui/fonts/Courier-Prime.ttf
14:19:09.689 [JavaFX Application Thread] DEBUG LoopRunner           - Initializing JavaFX AnimationTimerLoop
14:19:09.694 [JavaFX Application Thread] FATAL FXGLApplication      - Uncaught Exception:
java.util.NoSuchElementException: No entity found satisfying the predicate
	at com.almasb.fxgl.entity.GameWorld.getSingleton(GameWorld.kt:418)
	at com.almasb.fxgl.entity.GameWorld.getSingleton(GameWorld.kt:414)
	at Game.getPlayer(Game.java:14)
	at Game.initInput(Game.java:29)
	at com.almasb.fxgl.app.FXGLApplication$GameApplicationService.onMainLoopStarting(FXGLApplication.kt:547)
	at com.almasb.fxgl.app.Engine.startLoop(Engine.kt:149)
	at com.almasb.fxgl.app.FXGLApplication$start$task$2.accept(FXGLApplication.kt:178)
	at com.almasb.fxgl.app.FXGLApplication$start$task$2.accept(FXGLApplication.kt:69)
	at com.almasb.fxgl.core.concurrent.IOTask.succeed(IOTask.java:123)
	at com.almasb.fxgl.core.concurrent.IOTask$1.succeeded(IOTask.java:112)
	at javafx.concurrent.Task.setState(Task.java:726)
	at javafx.concurrent.Task$TaskCallable.lambda$call$1(Task.java:1436)
	at com.sun.javafx.application.PlatformImpl.lambda$runLater$10(PlatformImpl.java:428)
	at java.base/java.security.AccessController.doPrivileged(AccessController.java:391)
	at com.sun.javafx.application.PlatformImpl.lambda$runLater$11(PlatformImpl.java:427)
	at com.sun.glass.ui.InvokeLaterDispatcher$Future.run(InvokeLaterDispatcher.java:96)

14:19:09.697 [JavaFX Application Thread] FATAL FXGLApplication      - Application will now exit
14:19:09.719 [JavaFX Application Thread] DEBUG PrimaryStageWindow   - Push state: ErrorSubScene
14:19:09.723 [JavaFX Application Thread] DEBUG Input                - Clearing active input actions
14:19:09.735 [JavaFX Application Thread] DEBUG GameApplicationServi - Removing overlay from FXGLStartupScene and adding to ErrorSubScene
14:19:09.739 [JavaFX Application Thread] DEBUG PrimaryStageWindow   - FXGLStartupScene -> ErrorSubScene
14:19:09.741 [JavaFX Application Thread] DEBUG FXGLApplication      - Registering font factories with UI factory
14:19:10.362 [FXGL Background Thread 2 ] INFO  UpdaterService       - Your current version:  11.14
14:19:10.371 [FXGL Background Thread 2 ] INFO  UpdaterService       - Latest stable version: 17.1
14:19:12.630 [FXGL Background Thread 3 ] DEBUG Engine               - Logging environment variables
14:19:12.635 [FXGL Background Thread 3 ] DEBUG Engine               - achievements: []
14:19:12.639 [FXGL Background Thread 3 ] DEBUG Engine               - actualHeight: 864.0
14:19:12.641 [FXGL Background Thread 3 ] DEBUG Engine               - actualHeightProperty: ReadOnlyDoubleProperty [value: 864.0]
14:19:12.643 [FXGL Background Thread 3 ] DEBUG Engine               - actualWidth: 1271.0
14:19:12.647 [FXGL Background Thread 3 ] DEBUG Engine               - actualWidthProperty: ReadOnlyDoubleProperty [value: 1271.0]
14:19:12.649 [FXGL Background Thread 3 ] DEBUG Engine               - appIcon: fxgl_icon.png
14:19:12.651 [FXGL Background Thread 3 ] DEBUG Engine               - applicationMode: DEVELOPER
14:19:12.653 [FXGL Background Thread 3 ] DEBUG Engine               - cSSList: [fxgl_dark.css]
14:19:12.655 [FXGL Background Thread 3 ] DEBUG Engine               - collisionDetectionStrategy: BRUTE_FORCE
14:19:12.658 [FXGL Background Thread 3 ] DEBUG Engine               - configClass: Optional.empty
14:19:12.662 [FXGL Background Thread 3 ] DEBUG Engine               - credits: []
14:19:12.666 [FXGL Background Thread 3 ] DEBUG Engine               - devBBoxColorProperty: ObjectProperty [value: 0xff0000ff]
14:19:12.668 [FXGL Background Thread 3 ] DEBUG Engine               - devEnableDebugCameraProperty: BooleanProperty [value: false]
14:19:12.672 [FXGL Background Thread 3 ] DEBUG Engine               - devSensorColorProperty: ObjectProperty [value: 0xffff00ff]
14:19:12.674 [FXGL Background Thread 3 ] DEBUG Engine               - devShowBBoxProperty: BooleanProperty [value: false]
14:19:12.675 [FXGL Background Thread 3 ] DEBUG Engine               - devShowPositionProperty: BooleanProperty [value: false]
14:19:12.680 [FXGL Background Thread 3 ] DEBUG Engine               - enabledMenuItems: []
14:19:12.683 [FXGL Background Thread 3 ] DEBUG Engine               - engineServices: [class com.almasb.fxgl.app.services.FXGLAssetLoaderService, class com.almasb.fxgl.app.FXGLApplication$GameApplicationService, class com.almasb.fxgl.app.services.FXGLDialogService, class com.almasb.fxgl.app.services.IOTaskExecutorService, class com.almasb.fxgl.event.EventBusService, class com.almasb.fxgl.io.FileSystemService, class com.almasb.fxgl.localization.LocalizationService, class com.almasb.fxgl.app.services.SystemBundleService, class com.almasb.fxgl.profile.SaveLoadService, class com.almasb.fxgl.ui.FXGLUIFactoryServiceProvider, class com.almasb.fxgl.ui.FXGLDialogFactoryServiceProvider, class com.almasb.fxgl.audio.AudioPlayer, class com.almasb.fxgl.notification.impl.NotificationServiceProvider, class com.almasb.fxgl.achievement.AchievementService, class com.almasb.fxgl.cutscene.CutsceneService, class com.almasb.fxgl.minigames.MiniGameService, class com.almasb.fxgl.net.NetService, class com.almasb.fxgl.app.services.UpdaterService, class com.almasb.fxgl.dev.DevService]
14:19:12.684 [FXGL Background Thread 3 ] DEBUG Engine               - fontGame: Abel-Regular.ttf
14:19:12.686 [FXGL Background Thread 3 ] DEBUG Engine               - fontMono: lucida_console.ttf
14:19:12.687 [FXGL Background Thread 3 ] DEBUG Engine               - fontText: Courier-Prime.ttf
14:19:12.689 [FXGL Background Thread 3 ] DEBUG Engine               - fontUI: VarelaRound-Regular.ttf
14:19:12.690 [FXGL Background Thread 3 ] DEBUG Engine               - fullScreen: BooleanProperty [value: false]
14:19:12.691 [FXGL Background Thread 3 ] DEBUG Engine               - gameDifficulty: MEDIUM
14:19:12.693 [FXGL Background Thread 3 ] DEBUG Engine               - gameDifficultyProperty: ObjectProperty [value: MEDIUM]
14:19:12.694 [FXGL Background Thread 3 ] DEBUG Engine               - globalMusicVolume: 0.5
14:19:12.695 [FXGL Background Thread 3 ] DEBUG Engine               - globalMusicVolumeProperty: DoubleProperty [value: 0.5]
14:19:12.696 [FXGL Background Thread 3 ] DEBUG Engine               - globalSoundVolume: 0.5
14:19:12.699 [FXGL Background Thread 3 ] DEBUG Engine               - globalSoundVolumeProperty: DoubleProperty [value: 0.5]
14:19:12.701 [FXGL Background Thread 3 ] DEBUG Engine               - height: 1400
14:19:12.702 [FXGL Background Thread 3 ] DEBUG Engine               - isAndroid: false
14:19:12.703 [FXGL Background Thread 3 ] DEBUG Engine               - isBrowser: false
14:19:12.704 [FXGL Background Thread 3 ] DEBUG Engine               - isClickFeedbackEnabled: false
14:19:12.705 [FXGL Background Thread 3 ] DEBUG Engine               - isCloseConfirmation: false
14:19:12.706 [FXGL Background Thread 3 ] DEBUG Engine               - isDesktop: true
14:19:12.707 [FXGL Background Thread 3 ] DEBUG Engine               - isDeveloperMenuEnabled: false
14:19:12.708 [FXGL Background Thread 3 ] DEBUG Engine               - isEntityPreloadEnabled: true
14:19:12.710 [FXGL Background Thread 3 ] DEBUG Engine               - isExperimental3D: false
14:19:12.711 [FXGL Background Thread 3 ] DEBUG Engine               - isExperimentalNative: false
14:19:12.712 [FXGL Background Thread 3 ] DEBUG Engine               - isExperimentalTiledLargeMap: false
14:19:12.713 [FXGL Background Thread 3 ] DEBUG Engine               - isFileSystemWriteAllowed: true
14:19:12.714 [FXGL Background Thread 3 ] DEBUG Engine               - isFullScreenAllowed: false
14:19:12.716 [FXGL Background Thread 3 ] DEBUG Engine               - isFullScreenFromStart: false
14:19:12.717 [FXGL Background Thread 3 ] DEBUG Engine               - isGameMenuEnabled: true
14:19:12.729 [FXGL Background Thread 3 ] DEBUG Engine               - isIOS: false
14:19:12.730 [FXGL Background Thread 3 ] DEBUG Engine               - isIntroEnabled: false
14:19:12.731 [FXGL Background Thread 3 ] DEBUG Engine               - isLinux: false
14:19:12.733 [FXGL Background Thread 3 ] DEBUG Engine               - isMac: true
14:19:12.734 [FXGL Background Thread 3 ] DEBUG Engine               - isMainMenuEnabled: false
14:19:12.735 [FXGL Background Thread 3 ] DEBUG Engine               - isManualResizeEnabled: false
14:19:12.736 [FXGL Background Thread 3 ] DEBUG Engine               - isMobile: false
14:19:12.738 [FXGL Background Thread 3 ] DEBUG Engine               - isPreserveResizeRatio: false
14:19:12.739 [FXGL Background Thread 3 ] DEBUG Engine               - isProfilingEnabled: false
14:19:12.740 [FXGL Background Thread 3 ] DEBUG Engine               - isScaleAffectedOnResize: true
14:19:12.741 [FXGL Background Thread 3 ] DEBUG Engine               - isSingleStep: false
14:19:12.742 [FXGL Background Thread 3 ] DEBUG Engine               - isUserProfileEnabled: false
14:19:12.743 [FXGL Background Thread 3 ] DEBUG Engine               - isWindows: false
14:19:12.744 [FXGL Background Thread 3 ] DEBUG Engine               - language: ObjectProperty [value: ENGLISH]
14:19:12.746 [FXGL Background Thread 3 ] DEBUG Engine               - menuKey: ESCAPE
14:19:12.748 [FXGL Background Thread 3 ] DEBUG Engine               - notificationViewClass: class com.almasb.fxgl.notification.view.XboxNotificationView
14:19:12.750 [FXGL Background Thread 3 ] DEBUG Engine               - pixelsPerMeter: 50.0
14:19:12.751 [FXGL Background Thread 3 ] DEBUG Engine               - platform: MAC
14:19:12.752 [FXGL Background Thread 3 ] DEBUG Engine               - prefHeightProperty: ReadOnlyDoubleProperty [value: 1400.0]
14:19:12.753 [FXGL Background Thread 3 ] DEBUG Engine               - prefWidthProperty: ReadOnlyDoubleProperty [value: 2100.0]
14:19:12.756 [FXGL Background Thread 3 ] DEBUG Engine               - profileDir: profiles/
14:19:12.757 [FXGL Background Thread 3 ] DEBUG Engine               - profileName: StringProperty [value: DEFAULT]
14:19:12.758 [FXGL Background Thread 3 ] DEBUG Engine               - randomSeed: -1
14:19:12.759 [FXGL Background Thread 3 ] DEBUG Engine               - runtimeInfo: RuntimeInfo(platform=MAC, version=11.14, build=01.03.2021 16.59)
14:19:12.760 [FXGL Background Thread 3 ] DEBUG Engine               - saveFileExt: sav
14:19:12.761 [FXGL Background Thread 3 ] DEBUG Engine               - scaledHeightProp$fxgl: DoubleProperty [bound, value: 864.0]
14:19:12.762 [FXGL Background Thread 3 ] DEBUG Engine               - scaledWidthProp$fxgl: DoubleProperty [bound, value: 1271.0]
14:19:12.763 [FXGL Background Thread 3 ] DEBUG Engine               - sceneFactory: com.almasb.fxgl.app.scene.SceneFactory@3cf2eac4
14:19:12.764 [FXGL Background Thread 3 ] DEBUG Engine               - secondsIn24h: 60
14:19:12.766 [FXGL Background Thread 3 ] DEBUG Engine               - soundMenuBack: menu/back.wav
14:19:12.767 [FXGL Background Thread 3 ] DEBUG Engine               - soundMenuPress: menu/press.wav
14:19:12.769 [FXGL Background Thread 3 ] DEBUG Engine               - soundMenuSelect: menu/select.wav
14:19:12.770 [FXGL Background Thread 3 ] DEBUG Engine               - soundNotification: core/notification.wav
14:19:12.771 [FXGL Background Thread 3 ] DEBUG Engine               - stageStyle: DECORATED
14:19:12.772 [FXGL Background Thread 3 ] DEBUG Engine               - supportedLanguages: [ENGLISH, FRENCH, GERMAN, HUNGARIAN, RUSSIAN]
14:19:12.773 [FXGL Background Thread 3 ] DEBUG Engine               - ticksPerSecond: -1
14:19:12.775 [FXGL Background Thread 3 ] DEBUG Engine               - title: TestApp
14:19:12.776 [FXGL Background Thread 3 ] DEBUG Engine               - urlGithub: https://github.com/AlmasB/FXGL
14:19:12.777 [FXGL Background Thread 3 ] DEBUG Engine               - urlLeaderboard: http://fxgl-top.herokuapp.com/
14:19:12.778 [FXGL Background Thread 3 ] DEBUG Engine               - urlPOM: https://raw.githubusercontent.com/AlmasB/FXGL/release/README.md
14:19:12.779 [FXGL Background Thread 3 ] DEBUG Engine               - userAppClass: class Game
14:19:12.781 [FXGL Background Thread 3 ] DEBUG Engine               - version: 5.0
14:19:12.782 [FXGL Background Thread 3 ] DEBUG Engine               - versionCheckDays: 7
14:19:12.783 [FXGL Background Thread 3 ] DEBUG Engine               - width: 2100
14:19:12.784 [FXGL Background Thread 3 ] DEBUG Engine               - Logging services
14:19:12.785 [FXGL Background Thread 3 ] DEBUG Engine               - class com.almasb.fxgl.app.services.FXGLAssetLoaderService
14:19:12.786 [FXGL Background Thread 3 ] DEBUG Engine               - class com.almasb.fxgl.app.FXGLApplication$GameApplicationService
14:19:12.788 [FXGL Background Thread 3 ] DEBUG Engine               - class com.almasb.fxgl.app.services.FXGLDialogService
14:19:12.789 [FXGL Background Thread 3 ] DEBUG Engine               - class com.almasb.fxgl.app.services.IOTaskExecutorService
14:19:12.790 [FXGL Background Thread 3 ] DEBUG Engine               - class com.almasb.fxgl.event.EventBusService
14:19:12.791 [FXGL Background Thread 3 ] DEBUG Engine               - class com.almasb.fxgl.io.FileSystemService
14:19:12.792 [FXGL Background Thread 3 ] DEBUG Engine               - class com.almasb.fxgl.localization.LocalizationService
14:19:12.793 [FXGL Background Thread 3 ] DEBUG Engine               - class com.almasb.fxgl.app.services.SystemBundleService
14:19:12.794 [FXGL Background Thread 3 ] DEBUG Engine               - class com.almasb.fxgl.profile.SaveLoadService
14:19:12.795 [FXGL Background Thread 3 ] DEBUG Engine               - class com.almasb.fxgl.ui.FXGLUIFactoryServiceProvider
14:19:12.796 [FXGL Background Thread 3 ] DEBUG Engine               - class com.almasb.fxgl.ui.FXGLDialogFactoryServiceProvider
14:19:12.797 [FXGL Background Thread 3 ] DEBUG Engine               - class com.almasb.fxgl.audio.AudioPlayer
14:19:12.798 [FXGL Background Thread 3 ] DEBUG Engine               - class com.almasb.fxgl.notification.impl.NotificationServiceProvider
14:19:12.799 [FXGL Background Thread 3 ] DEBUG Engine               - class com.almasb.fxgl.achievement.AchievementService
14:19:12.800 [FXGL Background Thread 3 ] DEBUG Engine               - class com.almasb.fxgl.cutscene.CutsceneService
14:19:12.801 [FXGL Background Thread 3 ] DEBUG Engine               - class com.almasb.fxgl.minigames.MiniGameService
14:19:12.802 [FXGL Background Thread 3 ] DEBUG Engine               - class com.almasb.fxgl.net.NetService
14:19:12.806 [FXGL Background Thread 3 ] DEBUG Engine               - class com.almasb.fxgl.app.services.UpdaterService
14:19:12.808 [FXGL Background Thread 3 ] DEBUG Engine               - class com.almasb.fxgl.dev.DevService
14:19:13.382 [JavaFX Application Thread] DEBUG FXGLApplication      - Exiting FXGL
14:19:13.384 [JavaFX Application Thread] DEBUG Async                - Shutting down background threads
14:19:13.386 [JavaFX Application Thread] DEBUG PrimaryStageWindow   - Closing main window
14:19:13.403 [JavaFX Application Thread] DEBUG Logger               - Closing Logger
