14:18:56.769 [main                     ] DEBUG Logger               - Configured Logger
14:18:56.789 [main                     ] DEBUG GameApplication      - Logging settings
Title: Infinity Rails
Version: 1.0
Width: 1280
Height: 720
Fullscreen: false
Intro: false
Profiling: false
Single step:false
App Mode: DEVELOPER
Menu Key: ESCAPE
Stage Style: DECORATED
Scene Factory: class Game$1

14:18:57.152 [JavaFX Application Thread] DEBUG FXGLApplication      - Initializing FXGL
14:18:57.155 [JavaFX Application Thread] INFO  Engine               - FXGL-11.14 (01.03.2021 16.59) on WINDOWS (J:15.0.2 FX:15)
14:18:57.155 [JavaFX Application Thread] DEBUG Engine               - JRE Vendor Name: Amazon.com Inc.
14:18:57.155 [JavaFX Application Thread] DEBUG Engine               - Running on OS: Windows 10 version 10.0
14:18:57.156 [JavaFX Application Thread] DEBUG Engine               - Architecture: amd64
14:18:57.156 [JavaFX Application Thread] INFO  Engine               - Source code and latest versions at: https://github.com/AlmasB/FXGL
14:18:57.156 [JavaFX Application Thread] INFO  Engine               -              Join the FXGL chat at: https://gitter.im/AlmasB/FXGL
14:18:57.253 [JavaFX Application Thread] DEBUG PrimaryStageWindow   - Creating a JavaFX scene
14:18:57.303 [JavaFX Application Thread] DEBUG PrimaryStageWindow   - Target settings size: 1280.0 x 720.0
14:18:57.304 [JavaFX Application Thread] DEBUG PrimaryStageWindow   - Scaled scene size:    1280.0 x 720.0
14:18:57.304 [JavaFX Application Thread] DEBUG PrimaryStageWindow   - Scaled ratio: (1.0, 1.0)
14:18:57.305 [JavaFX Application Thread] DEBUG PrimaryStageWindow   - Set initial scene to FXGLStartupScene
14:18:57.313 [JavaFX Application Thread] DEBUG PrimaryStageWindow   - Opening main window
14:18:57.406 [JavaFX Application Thread] DEBUG PrimaryStageWindow   - Window border size: (14.4000244140625, 37.5999755859375)
14:18:57.406 [JavaFX Application Thread] DEBUG PrimaryStageWindow   - Scaled size: 1280.0 x 720.0
14:18:57.406 [JavaFX Application Thread] DEBUG PrimaryStageWindow   - Scaled ratio: (1.0, 1.0)
14:18:57.406 [JavaFX Application Thread] DEBUG PrimaryStageWindow   - Scene size: 1280.0 x 720.0
14:18:57.407 [JavaFX Application Thread] DEBUG PrimaryStageWindow   - Stage size: 1294.4000244140625 x 757.5999755859375
14:18:57.416 [FXGL Background Thread 1 ] DEBUG Engine               - Initializing environment variables
14:18:57.460 [FXGL Background Thread 1 ] DEBUG FXGLAssetLoaderServi - User app class for loading assets: class Game
14:18:57.460 [FXGL Background Thread 1 ] DEBUG GameApplicationServi - Applying CSS: fxgl_dark.css
14:18:57.461 [FXGL Background Thread 1 ] DEBUG FXGLAssetLoaderServi - Loading from file system: jar:file:/C:/Users/Anisha%20Basropansingh/.m2/repository/com/github/almasb/fxgl/11.14/fxgl-11.14.jar!/fxglassets/ui/css/fxgl_dark.css
14:18:57.525 [FXGL Background Thread 1 ] DEBUG GameApplicationServi - Initializing application scenes
14:18:57.569 [FXGL Background Thread 1 ] DEBUG GameWorld            - Game world initialized
14:18:57.645 [FXGL Background Thread 1 ] DEBUG PhysicsWorld         - Physics world initialized: appHeight=720, physics.ppm=50,0
14:18:57.645 [FXGL Background Thread 1 ] DEBUG PhysicsWorld         - Using strategy: BRUTE_FORCE
14:18:57.649 [FXGL Background Thread 1 ] DEBUG GameScene            - Game scene initialized: 1280x720
14:18:57.701 [FXGL Background Thread 1 ] DEBUG FXGLAssetLoaderServi - Loading from file system: jar:file:/C:/Users/Anisha%20Basropansingh/.m2/repository/com/github/almasb/fxgl/11.14/fxgl-11.14.jar!/fxglassets/textures/particles/trace_horizontal.png
14:18:57.759 [FXGL Background Thread 1 ] DEBUG FXGL.DefaultMenu     - createMenuBodyGameMenu()
14:18:57.771 [FXGL Background Thread 1 ] DEBUG FXGL.DefaultMenu     - createOptionsMenu()
14:18:57.776 [FXGL Background Thread 1 ] DEBUG FXGLAssetLoaderServi - Loading from file system: jar:file:/C:/Users/Anisha%20Basropansingh/.m2/repository/com/github/almasb/fxgl/11.14/fxgl-11.14.jar!/fxglassets/textures/particles/smoke.png
14:18:57.847 [FXGL Background Thread 1 ] DEBUG GameApplicationServi - Application scenes initialized
14:18:57.856 [FXGL Background Thread 1 ] DEBUG SystemBundleService  - Loading FXGL system data
14:18:57.860 [FXGL Background Thread 1 ] DEBUG FileSystemAccess     - Reading from: C:\Users\Anisha Basropansingh\IdeaProjects\GameIpose\system\fxgl.bundle
14:18:57.865 [FXGL Background Thread 1 ] DEBUG SystemBundleService  - Bundle FXGL: {}
14:18:57.866 [FXGL Background Thread 1 ] DEBUG UpdaterService       - Checking for updates
14:18:57.869 [FXGL Background Thread 4 ] DEBUG FXGLApplication      - Loading fonts
14:18:57.870 [FXGL Background Thread 1 ] DEBUG FXGLApplication      - Loading default localization
14:18:57.870 [FXGL Background Thread 4 ] DEBUG FXGLAssetLoaderServi - Loading from file system: jar:file:/C:/Users/Anisha%20Basropansingh/.m2/repository/com/github/almasb/fxgl/11.14/fxgl-11.14.jar!/fxglassets/ui/fonts/VarelaRound-Regular.ttf
14:18:57.870 [FXGL Background Thread 1 ] DEBUG FXGLAssetLoaderServi - Loading from file system: jar:file:/C:/Users/Anisha%20Basropansingh/.m2/repository/com/github/almasb/fxgl/11.14/fxgl-11.14.jar!/fxglassets/languages/english.lang
14:18:57.886 [FXGL Background Thread 1 ] INFO  FXGLApplication      - FXGL initialization took: 0,470 sec
14:18:57.887 [JavaFX Application Thread] DEBUG FXGLAssetLoaderServi - Loading from file system: jar:file:/C:/Users/Anisha%20Basropansingh/.m2/repository/com/github/almasb/fxgl/11.14/fxgl-11.14.jar!/fxglassets/textures/fxgl_icon.png
14:18:57.914 [JavaFX Application Thread] DEBUG FXGLAssetLoaderServi - Loading from file system: jar:file:/C:/Users/Anisha%20Basropansingh/.m2/repository/com/github/almasb/fxgl/11.14/fxgl-11.14.jar!/fxglassets/ui/cursors/fxgl_default.png
14:18:57.928 [JavaFX Application Thread] DEBUG Input                - Registered new binding: Screenshot - P
14:18:57.929 [JavaFX Application Thread] DEBUG Input                - Registered new binding: System info dump - CTRL+9
14:18:57.929 [JavaFX Application Thread] DEBUG Input                - Registered new binding: Restart - CTRL+R
14:18:57.930 [JavaFX Application Thread] DEBUG Input                - Registered new binding: Toggle Debug Camera - CTRL+C
14:18:57.932 [JavaFX Application Thread] DEBUG LoopRunner           - Starting loop
14:18:57.932 [JavaFX Application Thread] DEBUG LoopRunner           - Initializing JavaFX AnimationTimerLoop
14:18:57.935 [JavaFX Application Thread] DEBUG Input                - Clearing active input actions
14:18:57.944 [JavaFX Application Thread] DEBUG GameApplicationServi - Removing overlay from FXGLStartupScene and adding to FXGLMainMenuDummyScene
14:18:57.945 [JavaFX Application Thread] DEBUG PrimaryStageWindow   - FXGLStartupScene -> FXGLMainMenuDummyScene
14:18:57.945 [JavaFX Application Thread] DEBUG PrimaryStageWindow   - Push state: GameMainMenu
14:18:57.945 [JavaFX Application Thread] DEBUG Input                - Clearing active input actions
14:18:57.950 [JavaFX Application Thread] DEBUG GameApplicationServi - Removing overlay from FXGLMainMenuDummyScene and adding to GameMainMenu
14:18:57.950 [FXGL Background Thread 4 ] DEBUG FXGLAssetLoaderServi - Loading from file system: jar:file:/C:/Users/Anisha%20Basropansingh/.m2/repository/com/github/almasb/fxgl/11.14/fxgl-11.14.jar!/fxglassets/ui/fonts/Abel-Regular.ttf
14:18:57.951 [JavaFX Application Thread] DEBUG PrimaryStageWindow   - FXGLMainMenuDummyScene -> GameMainMenu
14:18:57.963 [FXGL Background Thread 4 ] DEBUG FXGLAssetLoaderServi - Loading from file system: jar:file:/C:/Users/Anisha%20Basropansingh/.m2/repository/com/github/almasb/fxgl/11.14/fxgl-11.14.jar!/fxglassets/ui/fonts/lucida_console.ttf
14:18:57.980 [FXGL Background Thread 4 ] DEBUG FXGLAssetLoaderServi - Loading from file system: jar:file:/C:/Users/Anisha%20Basropansingh/.m2/repository/com/github/almasb/fxgl/11.14/fxgl-11.14.jar!/fxglassets/ui/fonts/Courier-Prime.ttf
14:18:58.005 [JavaFX Application Thread] DEBUG FXGLApplication      - Registering font factories with UI factory
14:18:58.250 [FXGL Background Thread 2 ] INFO  UpdaterService       - Your current version:  11.14
14:18:58.250 [FXGL Background Thread 2 ] INFO  UpdaterService       - Latest stable version: 17.1
14:18:58.901 [JavaFX Application Thread] DEBUG Menu                 - fireNewGame()
14:18:58.901 [JavaFX Application Thread] DEBUG GameApplicationServi - Starting new game
14:18:58.901 [JavaFX Application Thread] DEBUG PrimaryStageWindow   - Pop state: GameMainMenu
14:18:58.902 [JavaFX Application Thread] DEBUG Input                - Clearing active input actions
14:18:58.902 [JavaFX Application Thread] DEBUG GameApplicationServi - Removing overlay from GameMainMenu and adding to FXGLMainMenuDummyScene
14:18:58.903 [JavaFX Application Thread] DEBUG PrimaryStageWindow   - FXGLMainMenuDummyScene <- GameMainMenu
14:18:58.903 [JavaFX Application Thread] DEBUG Input                - Clearing active input actions
14:18:58.909 [JavaFX Application Thread] DEBUG GameApplicationServi - Removing overlay from FXGLMainMenuDummyScene and adding to FXGLLoadingScene
14:18:58.909 [JavaFX Application Thread] DEBUG PrimaryStageWindow   - FXGLMainMenuDummyScene -> FXGLLoadingScene
14:18:58.910 [JavaFX Application Thread] DEBUG GameApplicationServi - Clearing previous game
14:18:58.910 [JavaFX Application Thread] DEBUG GameScene            - Clearing game scene
14:18:58.910 [JavaFX Application Thread] DEBUG GameWorld            - Clearing game world
14:18:58.910 [JavaFX Application Thread] DEBUG PhysicsWorld         - Clearing physics world
14:18:58.911 [FXGL Background Thread 2 ] DEBUG FXGLApplication      - Initializing game
14:18:58.921 [FXGL Background Thread 2 ] INFO  FXGLApplication      - Game initialization took: 0,010 sec
14:18:58.928 [JavaFX Application Thread] DEBUG Input                - Clearing active input actions
14:18:58.937 [JavaFX Application Thread] DEBUG GameApplicationServi - Removing overlay from FXGLLoadingScene and adding to GameScene
14:18:58.937 [JavaFX Application Thread] DEBUG PrimaryStageWindow   - FXGLLoadingScene -> GameScene
14:19:00.868 [FXGL Background Thread 3 ] DEBUG Engine               - Logging environment variables
14:19:00.869 [FXGL Background Thread 3 ] DEBUG Engine               - achievements: []
14:19:00.869 [FXGL Background Thread 3 ] DEBUG Engine               - actualHeight: 720.0
14:19:00.869 [FXGL Background Thread 3 ] DEBUG Engine               - actualHeightProperty: ReadOnlyDoubleProperty [value: 720.0]
14:19:00.869 [FXGL Background Thread 3 ] DEBUG Engine               - actualWidth: 1280.0
14:19:00.870 [FXGL Background Thread 3 ] DEBUG Engine               - actualWidthProperty: ReadOnlyDoubleProperty [value: 1280.0]
14:19:00.870 [FXGL Background Thread 3 ] DEBUG Engine               - appIcon: fxgl_icon.png
14:19:00.870 [FXGL Background Thread 3 ] DEBUG Engine               - applicationMode: DEVELOPER
14:19:00.870 [FXGL Background Thread 3 ] DEBUG Engine               - cSSList: [fxgl_dark.css]
14:19:00.871 [FXGL Background Thread 3 ] DEBUG Engine               - collisionDetectionStrategy: BRUTE_FORCE
14:19:00.871 [FXGL Background Thread 3 ] DEBUG Engine               - configClass: Optional.empty
14:19:00.871 [FXGL Background Thread 3 ] DEBUG Engine               - credits: []
14:19:00.872 [FXGL Background Thread 3 ] DEBUG Engine               - devBBoxColorProperty: ObjectProperty [value: 0xff0000ff]
14:19:00.872 [FXGL Background Thread 3 ] DEBUG Engine               - devEnableDebugCameraProperty: BooleanProperty [value: false]
14:19:00.873 [FXGL Background Thread 3 ] DEBUG Engine               - devSensorColorProperty: ObjectProperty [value: 0xffff00ff]
14:19:00.873 [FXGL Background Thread 3 ] DEBUG Engine               - devShowBBoxProperty: BooleanProperty [value: false]
14:19:00.874 [FXGL Background Thread 3 ] DEBUG Engine               - devShowPositionProperty: BooleanProperty [value: false]
14:19:00.874 [FXGL Background Thread 3 ] DEBUG Engine               - enabledMenuItems: []
14:19:00.875 [FXGL Background Thread 3 ] DEBUG Engine               - engineServices: [class com.almasb.fxgl.app.services.FXGLAssetLoaderService, class com.almasb.fxgl.app.FXGLApplication$GameApplicationService, class com.almasb.fxgl.app.services.FXGLDialogService, class com.almasb.fxgl.app.services.IOTaskExecutorService, class com.almasb.fxgl.event.EventBusService, class com.almasb.fxgl.io.FileSystemService, class com.almasb.fxgl.localization.LocalizationService, class com.almasb.fxgl.app.services.SystemBundleService, class com.almasb.fxgl.profile.SaveLoadService, class com.almasb.fxgl.ui.FXGLUIFactoryServiceProvider, class com.almasb.fxgl.ui.FXGLDialogFactoryServiceProvider, class com.almasb.fxgl.audio.AudioPlayer, class com.almasb.fxgl.notification.impl.NotificationServiceProvider, class com.almasb.fxgl.achievement.AchievementService, class com.almasb.fxgl.cutscene.CutsceneService, class com.almasb.fxgl.minigames.MiniGameService, class com.almasb.fxgl.net.NetService, class com.almasb.fxgl.app.services.UpdaterService, class com.almasb.fxgl.dev.DevService]
14:19:00.875 [FXGL Background Thread 3 ] DEBUG Engine               - fontGame: Abel-Regular.ttf
14:19:00.875 [FXGL Background Thread 3 ] DEBUG Engine               - fontMono: lucida_console.ttf
14:19:00.876 [FXGL Background Thread 3 ] DEBUG Engine               - fontText: Courier-Prime.ttf
14:19:00.876 [FXGL Background Thread 3 ] DEBUG Engine               - fontUI: VarelaRound-Regular.ttf
14:19:00.877 [FXGL Background Thread 3 ] DEBUG Engine               - fullScreen: BooleanProperty [value: false]
14:19:00.877 [FXGL Background Thread 3 ] DEBUG Engine               - gameDifficulty: MEDIUM
14:19:00.877 [FXGL Background Thread 3 ] DEBUG Engine               - gameDifficultyProperty: ObjectProperty [value: MEDIUM]
14:19:00.878 [FXGL Background Thread 3 ] DEBUG Engine               - globalMusicVolume: 0.5
14:19:00.879 [FXGL Background Thread 3 ] DEBUG Engine               - globalMusicVolumeProperty: DoubleProperty [value: 0.5]
14:19:00.879 [FXGL Background Thread 3 ] DEBUG Engine               - globalSoundVolume: 0.5
14:19:00.879 [FXGL Background Thread 3 ] DEBUG Engine               - globalSoundVolumeProperty: DoubleProperty [value: 0.5]
14:19:00.879 [FXGL Background Thread 3 ] DEBUG Engine               - height: 720
14:19:00.880 [FXGL Background Thread 3 ] DEBUG Engine               - isAndroid: false
14:19:00.880 [FXGL Background Thread 3 ] DEBUG Engine               - isBrowser: false
14:19:00.880 [FXGL Background Thread 3 ] DEBUG Engine               - isClickFeedbackEnabled: false
14:19:00.881 [FXGL Background Thread 3 ] DEBUG Engine               - isCloseConfirmation: false
14:19:00.881 [FXGL Background Thread 3 ] DEBUG Engine               - isDesktop: true
14:19:00.881 [FXGL Background Thread 3 ] DEBUG Engine               - isDeveloperMenuEnabled: false
14:19:00.881 [FXGL Background Thread 3 ] DEBUG Engine               - isEntityPreloadEnabled: true
14:19:00.882 [FXGL Background Thread 3 ] DEBUG Engine               - isExperimental3D: false
14:19:00.882 [FXGL Background Thread 3 ] DEBUG Engine               - isExperimentalNative: false
14:19:00.882 [FXGL Background Thread 3 ] DEBUG Engine               - isExperimentalTiledLargeMap: false
14:19:00.882 [FXGL Background Thread 3 ] DEBUG Engine               - isFileSystemWriteAllowed: true
14:19:00.883 [FXGL Background Thread 3 ] DEBUG Engine               - isFullScreenAllowed: false
14:19:00.883 [FXGL Background Thread 3 ] DEBUG Engine               - isFullScreenFromStart: false
14:19:00.883 [FXGL Background Thread 3 ] DEBUG Engine               - isGameMenuEnabled: true
14:19:00.883 [FXGL Background Thread 3 ] DEBUG Engine               - isIOS: false
14:19:00.884 [FXGL Background Thread 3 ] DEBUG Engine               - isIntroEnabled: false
14:19:00.884 [FXGL Background Thread 3 ] DEBUG Engine               - isLinux: false
14:19:00.884 [FXGL Background Thread 3 ] DEBUG Engine               - isMac: false
14:19:00.884 [FXGL Background Thread 3 ] DEBUG Engine               - isMainMenuEnabled: true
14:19:00.884 [FXGL Background Thread 3 ] DEBUG Engine               - isManualResizeEnabled: false
14:19:00.885 [FXGL Background Thread 3 ] DEBUG Engine               - isMobile: false
14:19:00.885 [FXGL Background Thread 3 ] DEBUG Engine               - isPreserveResizeRatio: false
14:19:00.885 [FXGL Background Thread 3 ] DEBUG Engine               - isProfilingEnabled: false
14:19:00.885 [FXGL Background Thread 3 ] DEBUG Engine               - isScaleAffectedOnResize: true
14:19:00.885 [FXGL Background Thread 3 ] DEBUG Engine               - isSingleStep: false
14:19:00.886 [FXGL Background Thread 3 ] DEBUG Engine               - isUserProfileEnabled: false
14:19:00.886 [FXGL Background Thread 3 ] DEBUG Engine               - isWindows: true
14:19:00.886 [FXGL Background Thread 3 ] DEBUG Engine               - language: ObjectProperty [value: ENGLISH]
14:19:00.887 [FXGL Background Thread 3 ] DEBUG Engine               - menuKey: ESCAPE
14:19:00.887 [FXGL Background Thread 3 ] DEBUG Engine               - notificationViewClass: class com.almasb.fxgl.notification.view.XboxNotificationView
14:19:00.887 [FXGL Background Thread 3 ] DEBUG Engine               - pixelsPerMeter: 50.0
14:19:00.887 [FXGL Background Thread 3 ] DEBUG Engine               - platform: WINDOWS
14:19:00.888 [FXGL Background Thread 3 ] DEBUG Engine               - prefHeightProperty: ReadOnlyDoubleProperty [value: 720.0]
14:19:00.888 [FXGL Background Thread 3 ] DEBUG Engine               - prefWidthProperty: ReadOnlyDoubleProperty [value: 1280.0]
14:19:00.888 [FXGL Background Thread 3 ] DEBUG Engine               - profileDir: profiles/
14:19:00.889 [FXGL Background Thread 3 ] DEBUG Engine               - profileName: StringProperty [value: DEFAULT]
14:19:00.889 [FXGL Background Thread 3 ] DEBUG Engine               - randomSeed: -1
14:19:00.889 [FXGL Background Thread 3 ] DEBUG Engine               - runtimeInfo: RuntimeInfo(platform=WINDOWS, version=11.14, build=01.03.2021 16.59)
14:19:00.889 [FXGL Background Thread 3 ] DEBUG Engine               - saveFileExt: sav
14:19:00.890 [FXGL Background Thread 3 ] DEBUG Engine               - scaledHeightProp$fxgl: DoubleProperty [bound, value: 720.0]
14:19:00.890 [FXGL Background Thread 3 ] DEBUG Engine               - scaledWidthProp$fxgl: DoubleProperty [bound, value: 1280.0]
14:19:00.890 [FXGL Background Thread 3 ] DEBUG Engine               - sceneFactory: Game$1@95b0de0
14:19:00.890 [FXGL Background Thread 3 ] DEBUG Engine               - secondsIn24h: 60
14:19:00.891 [FXGL Background Thread 3 ] DEBUG Engine               - soundMenuBack: menu/back.wav
14:19:00.891 [FXGL Background Thread 3 ] DEBUG Engine               - soundMenuPress: menu/press.wav
14:19:00.891 [FXGL Background Thread 3 ] DEBUG Engine               - soundMenuSelect: menu/select.wav
14:19:00.891 [FXGL Background Thread 3 ] DEBUG Engine               - soundNotification: core/notification.wav
14:19:00.891 [FXGL Background Thread 3 ] DEBUG Engine               - stageStyle: DECORATED
14:19:00.891 [FXGL Background Thread 3 ] DEBUG Engine               - supportedLanguages: [ENGLISH, FRENCH, GERMAN, HUNGARIAN, RUSSIAN]
14:19:00.892 [FXGL Background Thread 3 ] DEBUG Engine               - ticksPerSecond: -1
14:19:00.892 [FXGL Background Thread 3 ] DEBUG Engine               - title: Infinity Rails
14:19:00.892 [FXGL Background Thread 3 ] DEBUG Engine               - urlGithub: https://github.com/AlmasB/FXGL
14:19:00.892 [FXGL Background Thread 3 ] DEBUG Engine               - urlLeaderboard: http://fxgl-top.herokuapp.com/
14:19:00.892 [FXGL Background Thread 3 ] DEBUG Engine               - urlPOM: https://raw.githubusercontent.com/AlmasB/FXGL/release/README.md
14:19:00.892 [FXGL Background Thread 3 ] DEBUG Engine               - userAppClass: class Game
14:19:00.892 [FXGL Background Thread 3 ] DEBUG Engine               - version: 1.0
14:19:00.893 [FXGL Background Thread 3 ] DEBUG Engine               - versionCheckDays: 7
14:19:00.893 [FXGL Background Thread 3 ] DEBUG Engine               - width: 1280
14:19:00.893 [FXGL Background Thread 3 ] DEBUG Engine               - Logging services
14:19:00.894 [FXGL Background Thread 3 ] DEBUG Engine               - class com.almasb.fxgl.app.services.FXGLAssetLoaderService
14:19:00.894 [FXGL Background Thread 3 ] DEBUG Engine               - class com.almasb.fxgl.app.FXGLApplication$GameApplicationService
14:19:00.894 [FXGL Background Thread 3 ] DEBUG Engine               - class com.almasb.fxgl.app.services.FXGLDialogService
14:19:00.894 [FXGL Background Thread 3 ] DEBUG Engine               - class com.almasb.fxgl.app.services.IOTaskExecutorService
14:19:00.894 [FXGL Background Thread 3 ] DEBUG Engine               - class com.almasb.fxgl.event.EventBusService
14:19:00.895 [FXGL Background Thread 3 ] DEBUG Engine               - class com.almasb.fxgl.io.FileSystemService
14:19:00.895 [FXGL Background Thread 3 ] DEBUG Engine               - class com.almasb.fxgl.localization.LocalizationService
14:19:00.895 [FXGL Background Thread 3 ] DEBUG Engine               - class com.almasb.fxgl.app.services.SystemBundleService
14:19:00.895 [FXGL Background Thread 3 ] DEBUG Engine               - class com.almasb.fxgl.profile.SaveLoadService
14:19:00.895 [FXGL Background Thread 3 ] DEBUG Engine               - class com.almasb.fxgl.ui.FXGLUIFactoryServiceProvider
14:19:00.896 [FXGL Background Thread 3 ] DEBUG Engine               - class com.almasb.fxgl.ui.FXGLDialogFactoryServiceProvider
14:19:00.896 [FXGL Background Thread 3 ] DEBUG Engine               - class com.almasb.fxgl.audio.AudioPlayer
14:19:00.896 [FXGL Background Thread 3 ] DEBUG Engine               - class com.almasb.fxgl.notification.impl.NotificationServiceProvider
14:19:00.896 [FXGL Background Thread 3 ] DEBUG Engine               - class com.almasb.fxgl.achievement.AchievementService
14:19:00.897 [FXGL Background Thread 3 ] DEBUG Engine               - class com.almasb.fxgl.cutscene.CutsceneService
14:19:00.897 [FXGL Background Thread 3 ] DEBUG Engine               - class com.almasb.fxgl.minigames.MiniGameService
14:19:00.897 [FXGL Background Thread 3 ] DEBUG Engine               - class com.almasb.fxgl.net.NetService
14:19:00.897 [FXGL Background Thread 3 ] DEBUG Engine               - class com.almasb.fxgl.app.services.UpdaterService
14:19:00.897 [FXGL Background Thread 3 ] DEBUG Engine               - class com.almasb.fxgl.dev.DevService
14:19:03.417 [JavaFX Application Thread] DEBUG FXGLApplication      - Exiting FXGL
14:19:03.418 [JavaFX Application Thread] DEBUG LoopRunner           - Stopping loop
14:19:03.419 [JavaFX Application Thread] DEBUG SystemBundleService  - Saving FXGL system data
14:19:03.427 [JavaFX Application Thread] DEBUG FileSystemAccess     - Writing to: C:\Users\Anisha Basropansingh\IdeaProjects\GameIpose\system\fxgl.bundle
14:19:03.431 [JavaFX Application Thread] DEBUG Async                - Shutting down background threads
14:19:03.432 [JavaFX Application Thread] DEBUG PrimaryStageWindow   - Closing main window
14:19:03.461 [JavaFX Application Thread] DEBUG Logger               - Closing Logger
